<?xml version="1.0" encoding="UTF-8"?>
<!-- Generated by org.testng.reporters.JUnitXMLReporter -->
<testsuite ignored="0" hostname="Z3P5PUGDEV0062" failures="0" tests="317" name="Results" time="760.009" errors="0" timestamp="2023-03-14T12:51:50 IST">
  <testcase classname="driver.Driver" name="executeTestcase" time="757.71"/>
  <testcase classname="driver.Driver" name="executeTestcase" time="0.003"/>
  <testcase classname="driver.Driver" name="executeTestcase" time="0.002"/>
  <testcase classname="driver.Driver" name="executeTestcase" time="0.002"/>
  <testcase classname="driver.Driver" name="executeTestcase" time="0.002"/>
  <testcase classname="driver.Driver" name="executeTestcase" time="0.001"/>
  <testcase classname="driver.Driver" name="executeTestcase" time="0.001"/>
  <testcase classname="driver.Driver" name="executeTestcase" time="0.001"/>
  <testcase classname="driver.Driver" name="executeTestcase" time="0.001"/>
  <testcase classname="driver.Driver" name="executeTestcase" time="0.001"/>
  <testcase classname="driver.Driver" name="executeTestcase" time="0.001"/>
  <testcase classname="driver.Driver" name="executeTestcase" time="0.001"/>
  <testcase classname="driver.Driver" name="executeTestcase" time="0.001"/>
  <testcase classname="driver.Driver" name="executeTestcase" time="0.001"/>
  <testcase classname="driver.Driver" name="executeTestcase" time="0.002"/>
  <testcase classname="driver.Driver" name="executeTestcase" time="0.001"/>
  <testcase classname="driver.Driver" name="executeTestcase" time="0.001"/>
  <testcase classname="driver.Driver" name="executeTestcase" time="0.002"/>
  <testcase classname="driver.Driver" name="executeTestcase" time="0.002"/>
  <testcase classname="driver.Driver" name="executeTestcase" time="0.001"/>
  <testcase classname="driver.Driver" name="executeTestcase" time="0.001"/>
  <testcase classname="driver.Driver" name="executeTestcase" time="0.0"/>
  <testcase classname="driver.Driver" name="executeTestcase" time="0.001"/>
  <testcase classname="driver.Driver" name="executeTestcase" time="0.001"/>
  <testcase classname="driver.Driver" name="executeTestcase" time="0.001"/>
  <testcase classname="driver.Driver" name="executeTestcase" time="0.001"/>
  <testcase classname="driver.Driver" name="executeTestcase" time="0.001"/>
  <testcase classname="driver.Driver" name="executeTestcase" time="0.001"/>
  <testcase classname="driver.Driver" name="executeTestcase" time="0.001"/>
  <testcase classname="driver.Driver" name="executeTestcase" time="0.001"/>
  <testcase classname="driver.Driver" name="executeTestcase" time="0.001"/>
  <testcase classname="driver.Driver" name="executeTestcase" time="0.001"/>
  <testcase classname="driver.Driver" name="executeTestcase" time="0.001"/>
  <testcase classname="driver.Driver" name="executeTestcase" time="0.001"/>
  <testcase classname="driver.Driver" name="executeTestcase" time="0.001"/>
  <testcase classname="driver.Driver" name="executeTestcase" time="0.001"/>
  <testcase classname="driver.Driver" name="executeTestcase" time="0.001"/>
  <testcase classname="driver.Driver" name="executeTestcase" time="0.0"/>
  <testcase classname="driver.Driver" name="executeTestcase" time="0.001"/>
  <testcase classname="driver.Driver" name="executeTestcase" time="0.0"/>
  <testcase classname="driver.Driver" name="executeTestcase" time="0.001"/>
  <testcase classname="driver.Driver" name="executeTestcase" time="0.001"/>
  <testcase classname="driver.Driver" name="executeTestcase" time="0.001"/>
  <testcase classname="driver.Driver" name="executeTestcase" time="0.001"/>
  <testcase classname="driver.Driver" name="executeTestcase" time="0.001"/>
  <testcase classname="driver.Driver" name="executeTestcase" time="0.001"/>
  <testcase classname="driver.Driver" name="executeTestcase" time="0.001"/>
  <testcase classname="driver.Driver" name="executeTestcase" time="0.001"/>
  <testcase classname="driver.Driver" name="executeTestcase" time="0.001"/>
  <testcase classname="driver.Driver" name="executeTestcase" time="0.001"/>
  <testcase classname="driver.Driver" name="executeTestcase" time="0.001"/>
  <testcase classname="driver.Driver" name="executeTestcase" time="0.001"/>
  <testcase classname="driver.Driver" name="executeTestcase" time="0.0"/>
  <testcase classname="driver.Driver" name="executeTestcase" time="0.001"/>
  <testcase classname="driver.Driver" name="executeTestcase" time="0.001"/>
  <testcase classname="driver.Driver" name="executeTestcase" time="0.001"/>
  <testcase classname="driver.Driver" name="executeTestcase" time="0.001"/>
  <testcase classname="driver.Driver" name="executeTestcase" time="0.001"/>
  <testcase classname="driver.Driver" name="executeTestcase" time="0.001"/>
  <testcase classname="driver.Driver" name="executeTestcase" time="0.001"/>
  <testcase classname="driver.Driver" name="executeTestcase" time="0.001"/>
  <testcase classname="driver.Driver" name="executeTestcase" time="0.001"/>
  <testcase classname="driver.Driver" name="executeTestcase" time="0.001"/>
  <testcase classname="driver.Driver" name="executeTestcase" time="0.001"/>
  <testcase classname="driver.Driver" name="executeTestcase" time="0.0"/>
  <testcase classname="driver.Driver" name="executeTestcase" time="0.001"/>
  <testcase classname="driver.Driver" name="executeTestcase" time="0.001"/>
  <testcase classname="driver.Driver" name="executeTestcase" time="0.001"/>
  <testcase classname="driver.Driver" name="executeTestcase" time="0.0"/>
  <testcase classname="driver.Driver" name="executeTestcase" time="0.001"/>
  <testcase classname="driver.Driver" name="executeTestcase" time="0.001"/>
  <testcase classname="driver.Driver" name="executeTestcase" time="0.001"/>
  <testcase classname="driver.Driver" name="executeTestcase" time="0.001"/>
  <testcase classname="driver.Driver" name="executeTestcase" time="0.0"/>
  <testcase classname="driver.Driver" name="executeTestcase" time="0.001"/>
  <testcase classname="driver.Driver" name="executeTestcase" time="0.001"/>
  <testcase classname="driver.Driver" name="executeTestcase" time="0.001"/>
  <testcase classname="driver.Driver" name="executeTestcase" time="0.001"/>
  <testcase classname="driver.Driver" name="executeTestcase" time="0.001"/>
  <testcase classname="driver.Driver" name="executeTestcase" time="0.001"/>
  <testcase classname="driver.Driver" name="executeTestcase" time="0.001"/>
  <testcase classname="driver.Driver" name="executeTestcase" time="0.001"/>
  <testcase classname="driver.Driver" name="executeTestcase" time="0.002"/>
  <testcase classname="driver.Driver" name="executeTestcase" time="0.001"/>
  <testcase classname="driver.Driver" name="executeTestcase" time="0.001"/>
  <testcase classname="driver.Driver" name="executeTestcase" time="0.001"/>
  <testcase classname="driver.Driver" name="executeTestcase" time="0.001"/>
  <testcase classname="driver.Driver" name="executeTestcase" time="0.001"/>
  <testcase classname="driver.Driver" name="executeTestcase" time="0.001"/>
  <testcase classname="driver.Driver" name="executeTestcase" time="0.001"/>
  <testcase classname="driver.Driver" name="executeTestcase" time="0.001"/>
  <testcase classname="driver.Driver" name="executeTestcase" time="0.001"/>
  <testcase classname="driver.Driver" name="executeTestcase" time="0.001"/>
  <testcase classname="driver.Driver" name="executeTestcase" time="0.001"/>
  <testcase classname="driver.Driver" name="executeTestcase" time="0.001"/>
  <testcase classname="driver.Driver" name="executeTestcase" time="0.001"/>
  <testcase classname="driver.Driver" name="executeTestcase" time="0.001"/>
  <testcase classname="driver.Driver" name="executeTestcase" time="0.001"/>
  <testcase classname="driver.Driver" name="executeTestcase" time="0.001"/>
  <testcase classname="driver.Driver" name="executeTestcase" time="0.001"/>
  <testcase classname="driver.Driver" name="executeTestcase" time="0.001"/>
  <testcase classname="driver.Driver" name="executeTestcase" time="0.001"/>
  <testcase classname="driver.Driver" name="executeTestcase" time="0.0"/>
  <testcase classname="driver.Driver" name="executeTestcase" time="0.001"/>
  <testcase classname="driver.Driver" name="executeTestcase" time="0.001"/>
  <testcase classname="driver.Driver" name="executeTestcase" time="0.001"/>
  <testcase classname="driver.Driver" name="executeTestcase" time="0.0"/>
  <testcase classname="driver.Driver" name="executeTestcase" time="0.0"/>
  <testcase classname="driver.Driver" name="executeTestcase" time="0.001"/>
  <testcase classname="driver.Driver" name="executeTestcase" time="0.001"/>
  <testcase classname="driver.Driver" name="executeTestcase" time="0.0"/>
  <testcase classname="driver.Driver" name="executeTestcase" time="0.001"/>
  <testcase classname="driver.Driver" name="executeTestcase" time="0.001"/>
  <testcase classname="driver.Driver" name="executeTestcase" time="0.0"/>
  <testcase classname="driver.Driver" name="executeTestcase" time="0.0"/>
  <testcase classname="driver.Driver" name="executeTestcase" time="0.001"/>
  <testcase classname="driver.Driver" name="executeTestcase" time="0.001"/>
  <testcase classname="driver.Driver" name="executeTestcase" time="0.0"/>
  <testcase classname="driver.Driver" name="executeTestcase" time="0.001"/>
  <testcase classname="driver.Driver" name="executeTestcase" time="0.001"/>
  <testcase classname="driver.Driver" name="executeTestcase" time="0.0"/>
  <testcase classname="driver.Driver" name="executeTestcase" time="0.001"/>
  <testcase classname="driver.Driver" name="executeTestcase" time="0.001"/>
  <testcase classname="driver.Driver" name="executeTestcase" time="0.001"/>
  <testcase classname="driver.Driver" name="executeTestcase" time="0.001"/>
  <testcase classname="driver.Driver" name="executeTestcase" time="0.001"/>
  <testcase classname="driver.Driver" name="executeTestcase" time="0.001"/>
  <testcase classname="driver.Driver" name="executeTestcase" time="0.001"/>
  <testcase classname="driver.Driver" name="executeTestcase" time="0.0"/>
  <testcase classname="driver.Driver" name="executeTestcase" time="0.001"/>
  <testcase classname="driver.Driver" name="executeTestcase" time="0.001"/>
  <testcase classname="driver.Driver" name="executeTestcase" time="0.0"/>
  <testcase classname="driver.Driver" name="executeTestcase" time="0.001"/>
  <testcase classname="driver.Driver" name="executeTestcase" time="0.001"/>
  <testcase classname="driver.Driver" name="executeTestcase" time="0.0"/>
  <testcase classname="driver.Driver" name="executeTestcase" time="0.0"/>
  <testcase classname="driver.Driver" name="executeTestcase" time="0.001"/>
  <testcase classname="driver.Driver" name="executeTestcase" time="0.001"/>
  <testcase classname="driver.Driver" name="executeTestcase" time="0.001"/>
  <testcase classname="driver.Driver" name="executeTestcase" time="0.0"/>
  <testcase classname="driver.Driver" name="executeTestcase" time="0.001"/>
  <testcase classname="driver.Driver" name="executeTestcase" time="0.001"/>
  <testcase classname="driver.Driver" name="executeTestcase" time="0.001"/>
  <testcase classname="driver.Driver" name="executeTestcase" time="0.001"/>
  <testcase classname="driver.Driver" name="executeTestcase" time="0.0"/>
  <testcase classname="driver.Driver" name="executeTestcase" time="0.001"/>
  <testcase classname="driver.Driver" name="executeTestcase" time="0.0"/>
  <testcase classname="driver.Driver" name="executeTestcase" time="0.001"/>
  <testcase classname="driver.Driver" name="executeTestcase" time="0.001"/>
  <testcase classname="driver.Driver" name="executeTestcase" time="0.0"/>
  <testcase classname="driver.Driver" name="executeTestcase" time="0.0"/>
  <testcase classname="driver.Driver" name="executeTestcase" time="0.005"/>
  <testcase classname="driver.Driver" name="executeTestcase" time="0.002"/>
  <testcase classname="driver.Driver" name="executeTestcase" time="0.001"/>
  <testcase classname="driver.Driver" name="executeTestcase" time="0.001"/>
  <testcase classname="driver.Driver" name="executeTestcase" time="0.0"/>
  <testcase classname="driver.Driver" name="executeTestcase" time="0.0"/>
  <testcase classname="driver.Driver" name="executeTestcase" time="0.001"/>
  <testcase classname="driver.Driver" name="executeTestcase" time="0.001"/>
  <testcase classname="driver.Driver" name="executeTestcase" time="0.0"/>
  <testcase classname="driver.Driver" name="executeTestcase" time="0.001"/>
  <testcase classname="driver.Driver" name="executeTestcase" time="0.0"/>
  <testcase classname="driver.Driver" name="executeTestcase" time="0.0"/>
  <testcase classname="driver.Driver" name="executeTestcase" time="0.001"/>
  <testcase classname="driver.Driver" name="executeTestcase" time="0.001"/>
  <testcase classname="driver.Driver" name="executeTestcase" time="0.001"/>
  <testcase classname="driver.Driver" name="executeTestcase" time="0.0"/>
  <testcase classname="driver.Driver" name="executeTestcase" time="0.0"/>
  <testcase classname="driver.Driver" name="executeTestcase" time="0.0"/>
  <testcase classname="driver.Driver" name="executeTestcase" time="0.0"/>
  <testcase classname="driver.Driver" name="executeTestcase" time="0.001"/>
  <testcase classname="driver.Driver" name="executeTestcase" time="0.001"/>
  <testcase classname="driver.Driver" name="executeTestcase" time="0.001"/>
  <testcase classname="driver.Driver" name="executeTestcase" time="0.001"/>
  <testcase classname="driver.Driver" name="executeTestcase" time="0.0"/>
  <testcase classname="driver.Driver" name="executeTestcase" time="0.001"/>
  <testcase classname="driver.Driver" name="executeTestcase" time="0.001"/>
  <testcase classname="driver.Driver" name="executeTestcase" time="0.001"/>
  <testcase classname="driver.Driver" name="executeTestcase" time="0.0"/>
  <testcase classname="driver.Driver" name="executeTestcase" time="0.001"/>
  <testcase classname="driver.Driver" name="executeTestcase" time="0.001"/>
  <testcase classname="driver.Driver" name="executeTestcase" time="0.001"/>
  <testcase classname="driver.Driver" name="executeTestcase" time="0.001"/>
  <testcase classname="driver.Driver" name="executeTestcase" time="0.001"/>
  <testcase classname="driver.Driver" name="executeTestcase" time="0.0"/>
  <testcase classname="driver.Driver" name="executeTestcase" time="0.001"/>
  <testcase classname="driver.Driver" name="executeTestcase" time="0.001"/>
  <testcase classname="driver.Driver" name="executeTestcase" time="0.0"/>
  <testcase classname="driver.Driver" name="executeTestcase" time="0.001"/>
  <testcase classname="driver.Driver" name="executeTestcase" time="0.001"/>
  <testcase classname="driver.Driver" name="executeTestcase" time="0.001"/>
  <testcase classname="driver.Driver" name="executeTestcase" time="0.001"/>
  <testcase classname="driver.Driver" name="executeTestcase" time="0.001"/>
  <testcase classname="driver.Driver" name="executeTestcase" time="0.001"/>
  <testcase classname="driver.Driver" name="executeTestcase" time="0.001"/>
  <testcase classname="driver.Driver" name="executeTestcase" time="0.001"/>
  <testcase classname="driver.Driver" name="executeTestcase" time="0.001"/>
  <testcase classname="driver.Driver" name="executeTestcase" time="0.0"/>
  <testcase classname="driver.Driver" name="executeTestcase" time="0.001"/>
  <testcase classname="driver.Driver" name="executeTestcase" time="0.001"/>
  <testcase classname="driver.Driver" name="executeTestcase" time="0.001"/>
  <testcase classname="driver.Driver" name="executeTestcase" time="0.001"/>
  <testcase classname="driver.Driver" name="executeTestcase" time="0.001"/>
  <testcase classname="driver.Driver" name="executeTestcase" time="0.001"/>
  <testcase classname="driver.Driver" name="executeTestcase" time="0.001"/>
  <testcase classname="driver.Driver" name="executeTestcase" time="0.001"/>
  <testcase classname="driver.Driver" name="executeTestcase" time="0.001"/>
  <testcase classname="driver.Driver" name="executeTestcase" time="0.001"/>
  <testcase classname="driver.Driver" name="executeTestcase" time="0.001"/>
  <testcase classname="driver.Driver" name="executeTestcase" time="0.001"/>
  <testcase classname="driver.Driver" name="executeTestcase" time="0.001"/>
  <testcase classname="driver.Driver" name="executeTestcase" time="0.001"/>
  <testcase classname="driver.Driver" name="executeTestcase" time="0.001"/>
  <testcase classname="driver.Driver" name="executeTestcase" time="0.001"/>
  <testcase classname="driver.Driver" name="executeTestcase" time="0.001"/>
  <testcase classname="driver.Driver" name="executeTestcase" time="0.022"/>
  <testcase classname="driver.Driver" name="executeTestcase" time="0.002"/>
  <testcase classname="driver.Driver" name="executeTestcase" time="0.001"/>
  <testcase classname="driver.Driver" name="executeTestcase" time="0.001"/>
  <testcase classname="driver.Driver" name="executeTestcase" time="0.001"/>
  <testcase classname="driver.Driver" name="executeTestcase" time="0.001"/>
  <testcase classname="driver.Driver" name="executeTestcase" time="0.001"/>
  <testcase classname="driver.Driver" name="executeTestcase" time="0.004"/>
  <testcase classname="driver.Driver" name="executeTestcase" time="0.001"/>
  <testcase classname="driver.Driver" name="executeTestcase" time="0.001"/>
  <testcase classname="driver.Driver" name="executeTestcase" time="0.0"/>
  <testcase classname="driver.Driver" name="executeTestcase" time="0.001"/>
  <testcase classname="driver.Driver" name="executeTestcase" time="0.001"/>
  <testcase classname="driver.Driver" name="executeTestcase" time="0.001"/>
  <testcase classname="driver.Driver" name="executeTestcase" time="0.001"/>
  <testcase classname="driver.Driver" name="executeTestcase" time="0.002"/>
  <testcase classname="driver.Driver" name="executeTestcase" time="0.002"/>
  <testcase classname="driver.Driver" name="executeTestcase" time="0.002"/>
  <testcase classname="driver.Driver" name="executeTestcase" time="0.001"/>
  <testcase classname="driver.Driver" name="executeTestcase" time="0.002"/>
  <testcase classname="driver.Driver" name="executeTestcase" time="0.001"/>
  <testcase classname="driver.Driver" name="executeTestcase" time="0.001"/>
  <testcase classname="driver.Driver" name="executeTestcase" time="0.002"/>
  <testcase classname="driver.Driver" name="executeTestcase" time="0.001"/>
  <testcase classname="driver.Driver" name="executeTestcase" time="0.002"/>
  <testcase classname="driver.Driver" name="executeTestcase" time="0.001"/>
  <testcase classname="driver.Driver" name="executeTestcase" time="0.002"/>
  <testcase classname="driver.Driver" name="executeTestcase" time="0.001"/>
  <testcase classname="driver.Driver" name="executeTestcase" time="0.001"/>
  <testcase classname="driver.Driver" name="executeTestcase" time="0.0"/>
  <testcase classname="driver.Driver" name="executeTestcase" time="0.001"/>
  <testcase classname="driver.Driver" name="executeTestcase" time="0.001"/>
  <testcase classname="driver.Driver" name="executeTestcase" time="0.001"/>
  <testcase classname="driver.Driver" name="executeTestcase" time="0.001"/>
  <testcase classname="driver.Driver" name="executeTestcase" time="0.001"/>
  <testcase classname="driver.Driver" name="executeTestcase" time="0.003"/>
  <testcase classname="driver.Driver" name="executeTestcase" time="0.001"/>
  <testcase classname="driver.Driver" name="executeTestcase" time="0.001"/>
  <testcase classname="driver.Driver" name="executeTestcase" time="0.001"/>
  <testcase classname="driver.Driver" name="executeTestcase" time="0.004"/>
  <testcase classname="driver.Driver" name="executeTestcase" time="0.002"/>
  <testcase classname="driver.Driver" name="executeTestcase" time="0.001"/>
  <testcase classname="driver.Driver" name="executeTestcase" time="0.001"/>
  <testcase classname="driver.Driver" name="executeTestcase" time="0.001"/>
  <testcase classname="driver.Driver" name="executeTestcase" time="0.001"/>
  <testcase classname="driver.Driver" name="executeTestcase" time="0.001"/>
  <testcase classname="driver.Driver" name="executeTestcase" time="0.001"/>
  <testcase classname="driver.Driver" name="executeTestcase" time="0.001"/>
  <testcase classname="driver.Driver" name="executeTestcase" time="0.001"/>
  <testcase classname="driver.Driver" name="executeTestcase" time="0.0"/>
  <testcase classname="driver.Driver" name="executeTestcase" time="0.001"/>
  <testcase classname="driver.Driver" name="executeTestcase" time="0.001"/>
  <testcase classname="driver.Driver" name="executeTestcase" time="0.001"/>
  <testcase classname="driver.Driver" name="executeTestcase" time="0.001"/>
  <testcase classname="driver.Driver" name="executeTestcase" time="0.0"/>
  <testcase classname="driver.Driver" name="executeTestcase" time="0.001"/>
  <testcase classname="driver.Driver" name="executeTestcase" time="0.001"/>
  <testcase classname="driver.Driver" name="executeTestcase" time="0.001"/>
  <testcase classname="driver.Driver" name="executeTestcase" time="0.0"/>
  <testcase classname="driver.Driver" name="executeTestcase" time="0.001"/>
  <testcase classname="driver.Driver" name="executeTestcase" time="0.001"/>
  <testcase classname="driver.Driver" name="executeTestcase" time="0.001"/>
  <testcase classname="driver.Driver" name="executeTestcase" time="0.0"/>
  <testcase classname="driver.Driver" name="executeTestcase" time="0.001"/>
  <testcase classname="driver.Driver" name="executeTestcase" time="0.001"/>
  <testcase classname="driver.Driver" name="executeTestcase" time="0.001"/>
  <testcase classname="driver.Driver" name="executeTestcase" time="0.0"/>
  <testcase classname="driver.Driver" name="executeTestcase" time="0.0"/>
  <testcase classname="driver.Driver" name="executeTestcase" time="0.0"/>
  <testcase classname="driver.Driver" name="executeTestcase" time="0.001"/>
  <testcase classname="driver.Driver" name="executeTestcase" time="0.001"/>
  <testcase classname="driver.Driver" name="executeTestcase" time="0.001"/>
  <testcase classname="driver.Driver" name="executeTestcase" time="0.001"/>
  <testcase classname="driver.Driver" name="executeTestcase" time="0.002"/>
  <testcase classname="driver.Driver" name="executeTestcase" time="0.001"/>
  <testcase classname="driver.Driver" name="executeTestcase" time="0.001"/>
  <testcase classname="driver.Driver" name="executeTestcase" time="0.001"/>
  <testcase classname="driver.Driver" name="executeTestcase" time="0.001"/>
  <testcase classname="driver.Driver" name="executeTestcase" time="0.001"/>
  <testcase classname="driver.Driver" name="executeTestcase" time="0.0"/>
  <testcase classname="driver.Driver" name="executeTestcase" time="0.001"/>
  <testcase classname="driver.Driver" name="executeTestcase" time="0.001"/>
  <testcase classname="driver.Driver" name="executeTestcase" time="0.0"/>
  <testcase classname="driver.Driver" name="executeTestcase" time="0.001"/>
  <testcase classname="driver.Driver" name="executeTestcase" time="0.0"/>
  <testcase classname="driver.Driver" name="executeTestcase" time="0.0"/>
  <testcase classname="driver.Driver" name="executeTestcase" time="0.001"/>
  <testcase classname="driver.Driver" name="executeTestcase" time="0.001"/>
  <testcase classname="driver.Driver" name="executeTestcase" time="0.003"/>
  <testcase classname="driver.Driver" name="executeTestcase" time="0.001"/>
  <testcase classname="driver.Driver" name="executeTestcase" time="0.002"/>
  <testcase classname="driver.Driver" name="executeTestcase" time="0.001"/>
  <testcase classname="driver.Driver" name="executeTestcase" time="0.0"/>
  <testcase classname="driver.Driver" name="executeTestcase" time="0.001"/>
  <testcase classname="driver.Driver" name="executeTestcase" time="0.0"/>
  <testcase classname="driver.Driver" name="executeTestcase" time="0.001"/>
  <testcase classname="driver.Driver" name="executeTestcase" time="0.001"/>
  <testcase classname="driver.Driver" name="executeTestcase" time="0.0"/>
  <testcase classname="driver.Driver" name="executeTestcase" time="0.001"/>
  <testcase classname="driver.Driver" name="executeTestcase" time="0.001"/>
  <testcase classname="driver.Driver" name="executeTestcase" time="0.001"/>
  <testcase classname="driver.Driver" name="executeTestcase" time="0.001"/>
</testsuite> <!-- Results -->
