<?xml version="1.0" encoding="UTF-8"?>
<!-- Generated by org.testng.reporters.JUnitXMLReporter -->
<testsuite ignored="0" hostname="Z3P5PUGDEV0062" failures="5" tests="317" name="Results" time="1319.53" errors="0" timestamp="2023-02-07T22:24:07 IST">
  <testcase classname="driver.Driver" name="executeTestcase" time="0.019"/>
  <testcase classname="driver.Driver" name="executeTestcase" time="0.003"/>
  <testcase classname="driver.Driver" name="executeTestcase" time="0.002"/>
  <testcase classname="driver.Driver" name="executeTestcase" time="0.002"/>
  <testcase classname="driver.Driver" name="executeTestcase" time="0.002"/>
  <testcase classname="driver.Driver" name="executeTestcase" time="0.001"/>
  <testcase classname="driver.Driver" name="executeTestcase" time="0.002"/>
  <testcase classname="driver.Driver" name="executeTestcase" time="0.002"/>
  <testcase classname="driver.Driver" name="executeTestcase" time="0.001"/>
  <testcase classname="driver.Driver" name="executeTestcase" time="0.002"/>
  <testcase classname="driver.Driver" name="executeTestcase" time="0.002"/>
  <testcase classname="driver.Driver" name="executeTestcase" time="0.001"/>
  <testcase classname="driver.Driver" name="executeTestcase" time="0.001"/>
  <testcase classname="driver.Driver" name="executeTestcase" time="0.002"/>
  <testcase classname="driver.Driver" name="executeTestcase" time="0.002"/>
  <testcase classname="driver.Driver" name="executeTestcase" time="0.002"/>
  <testcase classname="driver.Driver" name="executeTestcase" time="0.002"/>
  <testcase classname="driver.Driver" name="executeTestcase" time="0.001"/>
  <testcase classname="driver.Driver" name="executeTestcase" time="0.002"/>
  <testcase classname="driver.Driver" name="executeTestcase" time="0.002"/>
  <testcase classname="driver.Driver" name="executeTestcase" time="0.002"/>
  <testcase classname="driver.Driver" name="executeTestcase" time="0.002"/>
  <testcase classname="driver.Driver" name="executeTestcase" time="0.001"/>
  <testcase classname="driver.Driver" name="executeTestcase" time="0.002"/>
  <testcase classname="driver.Driver" name="executeTestcase" time="0.001"/>
  <testcase classname="driver.Driver" name="executeTestcase" time="0.002"/>
  <testcase classname="driver.Driver" name="executeTestcase" time="0.002"/>
  <testcase classname="driver.Driver" name="executeTestcase" time="0.002"/>
  <testcase classname="driver.Driver" name="executeTestcase" time="0.002"/>
  <testcase classname="driver.Driver" name="executeTestcase" time="0.002"/>
  <testcase classname="driver.Driver" name="executeTestcase" time="0.001"/>
  <testcase classname="driver.Driver" name="executeTestcase" time="0.001"/>
  <testcase classname="driver.Driver" name="executeTestcase" time="0.002"/>
  <testcase classname="driver.Driver" name="executeTestcase" time="0.002"/>
  <testcase classname="driver.Driver" name="executeTestcase" time="0.001"/>
  <testcase classname="driver.Driver" name="executeTestcase" time="0.002"/>
  <testcase classname="driver.Driver" name="executeTestcase" time="0.002"/>
  <testcase classname="driver.Driver" name="executeTestcase" time="0.001"/>
  <testcase classname="driver.Driver" name="executeTestcase" time="0.002"/>
  <testcase classname="driver.Driver" name="executeTestcase" time="0.001"/>
  <testcase classname="driver.Driver" name="executeTestcase" time="0.001"/>
  <testcase classname="driver.Driver" name="executeTestcase" time="0.001"/>
  <testcase classname="driver.Driver" name="executeTestcase" time="0.001"/>
  <testcase classname="driver.Driver" name="executeTestcase" time="0.001"/>
  <testcase classname="driver.Driver" name="executeTestcase" time="0.001"/>
  <testcase classname="driver.Driver" name="executeTestcase" time="0.001"/>
  <testcase classname="driver.Driver" name="executeTestcase" time="0.001"/>
  <testcase classname="driver.Driver" name="executeTestcase" time="0.002"/>
  <testcase classname="driver.Driver" name="executeTestcase" time="0.001"/>
  <testcase classname="driver.Driver" name="executeTestcase" time="0.003"/>
  <testcase classname="driver.Driver" name="executeTestcase" time="0.002"/>
  <testcase classname="driver.Driver" name="executeTestcase" time="0.001"/>
  <testcase classname="driver.Driver" name="executeTestcase" time="0.001"/>
  <testcase classname="driver.Driver" name="executeTestcase" time="0.002"/>
  <testcase classname="driver.Driver" name="executeTestcase" time="0.001"/>
  <testcase classname="driver.Driver" name="executeTestcase" time="0.002"/>
  <testcase classname="driver.Driver" name="executeTestcase" time="0.002"/>
  <testcase classname="driver.Driver" name="executeTestcase" time="0.001"/>
  <testcase classname="driver.Driver" name="executeTestcase" time="0.001"/>
  <testcase classname="driver.Driver" name="executeTestcase" time="0.001"/>
  <testcase classname="driver.Driver" name="executeTestcase" time="0.001"/>
  <testcase classname="driver.Driver" name="executeTestcase" time="0.0"/>
  <testcase classname="driver.Driver" name="executeTestcase" time="0.001"/>
  <testcase classname="driver.Driver" name="executeTestcase" time="0.001"/>
  <testcase classname="driver.Driver" name="executeTestcase" time="0.001"/>
  <testcase classname="driver.Driver" name="executeTestcase" time="0.002"/>
  <testcase classname="driver.Driver" name="executeTestcase" time="0.001"/>
  <testcase classname="driver.Driver" name="executeTestcase" time="0.002"/>
  <testcase classname="driver.Driver" name="executeTestcase" time="0.001"/>
  <testcase classname="driver.Driver" name="executeTestcase" time="0.001"/>
  <testcase classname="driver.Driver" name="executeTestcase" time="0.002"/>
  <testcase classname="driver.Driver" name="executeTestcase" time="0.002"/>
  <testcase classname="driver.Driver" name="executeTestcase" time="0.001"/>
  <testcase classname="driver.Driver" name="executeTestcase" time="0.001"/>
  <testcase classname="driver.Driver" name="executeTestcase" time="0.001"/>
  <testcase classname="driver.Driver" name="executeTestcase" time="0.001"/>
  <testcase classname="driver.Driver" name="executeTestcase" time="0.001"/>
  <testcase classname="driver.Driver" name="executeTestcase" time="0.002"/>
  <testcase classname="driver.Driver" name="executeTestcase" time="0.001"/>
  <testcase classname="driver.Driver" name="executeTestcase" time="0.001"/>
  <testcase classname="driver.Driver" name="executeTestcase" time="0.001"/>
  <testcase classname="driver.Driver" name="executeTestcase" time="0.001"/>
  <testcase classname="driver.Driver" name="executeTestcase" time="0.001"/>
  <testcase classname="driver.Driver" name="executeTestcase" time="0.001"/>
  <testcase classname="driver.Driver" name="executeTestcase" time="0.002"/>
  <testcase classname="driver.Driver" name="executeTestcase" time="0.001"/>
  <testcase classname="driver.Driver" name="executeTestcase" time="0.002"/>
  <testcase classname="driver.Driver" name="executeTestcase" time="0.002"/>
  <testcase classname="driver.Driver" name="executeTestcase" time="0.001"/>
  <testcase classname="driver.Driver" name="executeTestcase" time="0.002"/>
  <testcase classname="driver.Driver" name="executeTestcase" time="0.001"/>
  <testcase classname="driver.Driver" name="executeTestcase" time="0.001"/>
  <testcase classname="driver.Driver" name="executeTestcase" time="0.001"/>
  <testcase classname="driver.Driver" name="executeTestcase" time="0.001"/>
  <testcase classname="driver.Driver" name="executeTestcase" time="0.001"/>
  <testcase classname="driver.Driver" name="executeTestcase" time="0.001"/>
  <testcase classname="driver.Driver" name="executeTestcase" time="0.002"/>
  <testcase classname="driver.Driver" name="executeTestcase" time="0.001"/>
  <testcase classname="driver.Driver" name="executeTestcase" time="0.001"/>
  <testcase classname="driver.Driver" name="executeTestcase" time="0.001"/>
  <testcase classname="driver.Driver" name="executeTestcase" time="0.001"/>
  <testcase classname="driver.Driver" name="executeTestcase" time="0.001"/>
  <testcase classname="driver.Driver" name="executeTestcase" time="0.001"/>
  <testcase classname="driver.Driver" name="executeTestcase" time="0.0"/>
  <testcase classname="driver.Driver" name="executeTestcase" time="0.001"/>
  <testcase classname="driver.Driver" name="executeTestcase" time="0.001"/>
  <testcase classname="driver.Driver" name="executeTestcase" time="0.002"/>
  <testcase classname="driver.Driver" name="executeTestcase" time="0.002"/>
  <testcase classname="driver.Driver" name="executeTestcase" time="0.001"/>
  <testcase classname="driver.Driver" name="executeTestcase" time="0.002"/>
  <testcase classname="driver.Driver" name="executeTestcase" time="0.001"/>
  <testcase classname="driver.Driver" name="executeTestcase" time="0.0"/>
  <testcase classname="driver.Driver" name="executeTestcase" time="0.001"/>
  <testcase classname="driver.Driver" name="executeTestcase" time="0.001"/>
  <testcase classname="driver.Driver" name="executeTestcase" time="0.001"/>
  <testcase classname="driver.Driver" name="executeTestcase" time="0.001"/>
  <testcase classname="driver.Driver" name="executeTestcase" time="0.001"/>
  <testcase classname="driver.Driver" name="executeTestcase" time="0.001"/>
  <testcase classname="driver.Driver" name="executeTestcase" time="0.001"/>
  <testcase classname="driver.Driver" name="executeTestcase" time="0.001"/>
  <testcase classname="driver.Driver" name="executeTestcase" time="0.001"/>
  <testcase classname="driver.Driver" name="executeTestcase" time="0.0"/>
  <testcase classname="driver.Driver" name="executeTestcase" time="0.001"/>
  <testcase classname="driver.Driver" name="executeTestcase" time="0.001"/>
  <testcase classname="driver.Driver" name="executeTestcase" time="0.0"/>
  <testcase classname="driver.Driver" name="executeTestcase" time="0.001"/>
  <testcase classname="driver.Driver" name="executeTestcase" time="0.001"/>
  <testcase classname="driver.Driver" name="executeTestcase" time="0.002"/>
  <testcase classname="driver.Driver" name="executeTestcase" time="0.001"/>
  <testcase classname="driver.Driver" name="executeTestcase" time="0.001"/>
  <testcase classname="driver.Driver" name="executeTestcase" time="0.001"/>
  <testcase classname="driver.Driver" name="executeTestcase" time="0.001"/>
  <testcase classname="driver.Driver" name="executeTestcase" time="0.001"/>
  <testcase classname="driver.Driver" name="executeTestcase" time="0.001"/>
  <testcase classname="driver.Driver" name="executeTestcase" time="0.001"/>
  <testcase classname="driver.Driver" name="executeTestcase" time="0.001"/>
  <testcase classname="driver.Driver" name="executeTestcase" time="0.0"/>
  <testcase classname="driver.Driver" name="executeTestcase" time="0.001"/>
  <testcase classname="driver.Driver" name="executeTestcase" time="0.001"/>
  <testcase classname="driver.Driver" name="executeTestcase" time="0.001"/>
  <testcase classname="driver.Driver" name="executeTestcase" time="0.0"/>
  <testcase classname="driver.Driver" name="executeTestcase" time="0.001"/>
  <testcase classname="driver.Driver" name="executeTestcase" time="0.0"/>
  <testcase classname="driver.Driver" name="executeTestcase" time="0.001"/>
  <testcase classname="driver.Driver" name="executeTestcase" time="0.001"/>
  <testcase classname="driver.Driver" name="executeTestcase" time="0.0"/>
  <testcase classname="driver.Driver" name="executeTestcase" time="221.365">
    <failure type="java.lang.reflect.InvocationTargetException">
      <![CDATA[java.lang.reflect.InvocationTargetException
at driver.Driver.executeTestcase(Driver.java:145)
at java.base/java.util.ArrayList.forEach(ArrayList.java:1511)
Caused by: org.openqa.selenium.NoSuchElementException: no such element: Unable to locate element: {"method":"xpath","selector":"//*[@id='subtitle']"}
  (Session info: chrome=109.0.5414.120)
For documentation on this error, please visit: https://www.seleniumhq.org/exceptions/no_such_element.html
Build info: version: '4.0.0-alpha-1', revision: 'd1d3728cae', time: '2019-04-24T13:42:21'
System info: host: 'Z3P5PUGDEV0062', ip: '10.99.60.229', os.name: 'Windows 11', os.arch: 'amd64', os.version: '10.0', java.version: '19.0.1'
Driver info: org.openqa.selenium.chrome.ChromeDriver
Capabilities {acceptInsecureCerts: false, browserName: chrome, browserVersion: 109.0.5414.120, chrome: {chromedriverVersion: 109.0.5414.74 (e7c5703604da..., userDataDir: E:\fahmed2\AppData\Local\Te...}, goog:chromeOptions: {debuggerAddress: localhost:50090}, javascriptEnabled: true, networkConnectionEnabled: false, pageLoadStrategy: normal, platform: WINDOWS, platformName: WINDOWS, proxy: Proxy(), setWindowRect: true, strictFileInteractability: false, timeouts: {implicit: 0, pageLoad: 300000, script: 30000}, unhandledPromptBehavior: dismiss and notify, webauthn:extension:credBlob: true, webauthn:extension:largeBlob: true, webauthn:virtualAuthenticators: true}
Session ID: c6f95ae756e3498feb9be7092b7eedb7
*** Element info: {Using=xpath, value=//*[@id='subtitle']}
at org.openqa.selenium.remote.codec.w3c.W3CHttpResponseCodec.createException(W3CHttpResponseCodec.java:190)
at org.openqa.selenium.remote.codec.w3c.W3CHttpResponseCodec.decode(W3CHttpResponseCodec.java:124)
at org.openqa.selenium.remote.codec.w3c.W3CHttpResponseCodec.decode(W3CHttpResponseCodec.java:51)
at org.openqa.selenium.remote.HttpCommandExecutor.execute(HttpCommandExecutor.java:161)
at org.openqa.selenium.remote.service.DriverCommandExecutor.execute(DriverCommandExecutor.java:83)
at org.openqa.selenium.remote.RemoteWebDriver.execute(RemoteWebDriver.java:577)
at org.openqa.selenium.remote.RemoteWebDriver.findElement(RemoteWebDriver.java:328)
at org.openqa.selenium.remote.RemoteWebDriver.findElementByXPath(RemoteWebDriver.java:446)
at org.openqa.selenium.By$ByXPath.findElement(By.java:353)
at org.openqa.selenium.remote.RemoteWebDriver.findElement(RemoteWebDriver.java:320)
at org.openqa.selenium.support.events.EventFiringWebDriver.lambda$new$1(EventFiringWebDriver.java:106)
at jdk.proxy2/jdk.proxy2.$Proxy11.findElement(Unknown Source)
at org.openqa.selenium.support.events.EventFiringWebDriver.findElement(EventFiringWebDriver.java:195)
at pages.SupplierFormPage.verifyEndReasonCanNotBeBlankError(SupplierFormPage.java:942)
at testcases.Supplier.TestCase_9192.publishExistingSupplierAsSupplier(TestCase_9192.java:43)
... 28 more
... Removed 33 stack frames]]>
    </failure>
  </testcase> <!-- executeTestcase -->
  <testcase classname="driver.Driver" name="executeTestcase" time="231.734">
    <failure type="java.lang.reflect.InvocationTargetException">
      <![CDATA[java.lang.reflect.InvocationTargetException
at driver.Driver.executeTestcase(Driver.java:145)
at java.base/java.util.ArrayList.forEach(ArrayList.java:1511)
Caused by: org.openqa.selenium.NoSuchElementException: no such element: Unable to locate element: {"method":"xpath","selector":"//*[@id='subtitle']"}
  (Session info: chrome=109.0.5414.120)
For documentation on this error, please visit: https://www.seleniumhq.org/exceptions/no_such_element.html
Build info: version: '4.0.0-alpha-1', revision: 'd1d3728cae', time: '2019-04-24T13:42:21'
System info: host: 'Z3P5PUGDEV0062', ip: '10.99.60.229', os.name: 'Windows 11', os.arch: 'amd64', os.version: '10.0', java.version: '19.0.1'
Driver info: org.openqa.selenium.chrome.ChromeDriver
Capabilities {acceptInsecureCerts: false, browserName: chrome, browserVersion: 109.0.5414.120, chrome: {chromedriverVersion: 109.0.5414.74 (e7c5703604da..., userDataDir: E:\fahmed2\AppData\Local\Te...}, goog:chromeOptions: {debuggerAddress: localhost:50292}, javascriptEnabled: true, networkConnectionEnabled: false, pageLoadStrategy: normal, platform: WINDOWS, platformName: WINDOWS, proxy: Proxy(), setWindowRect: true, strictFileInteractability: false, timeouts: {implicit: 0, pageLoad: 300000, script: 30000}, unhandledPromptBehavior: dismiss and notify, webauthn:extension:credBlob: true, webauthn:extension:largeBlob: true, webauthn:virtualAuthenticators: true}
Session ID: dbc8a7eea23d77384d875499238cca2b
*** Element info: {Using=xpath, value=//*[@id='subtitle']}
at org.openqa.selenium.remote.codec.w3c.W3CHttpResponseCodec.createException(W3CHttpResponseCodec.java:190)
at org.openqa.selenium.remote.codec.w3c.W3CHttpResponseCodec.decode(W3CHttpResponseCodec.java:124)
at org.openqa.selenium.remote.codec.w3c.W3CHttpResponseCodec.decode(W3CHttpResponseCodec.java:51)
at org.openqa.selenium.remote.HttpCommandExecutor.execute(HttpCommandExecutor.java:161)
at org.openqa.selenium.remote.service.DriverCommandExecutor.execute(DriverCommandExecutor.java:83)
at org.openqa.selenium.remote.RemoteWebDriver.execute(RemoteWebDriver.java:577)
at org.openqa.selenium.remote.RemoteWebDriver.findElement(RemoteWebDriver.java:328)
at org.openqa.selenium.remote.RemoteWebDriver.findElementByXPath(RemoteWebDriver.java:446)
at org.openqa.selenium.By$ByXPath.findElement(By.java:353)
at org.openqa.selenium.remote.RemoteWebDriver.findElement(RemoteWebDriver.java:320)
at org.openqa.selenium.support.events.EventFiringWebDriver.lambda$new$1(EventFiringWebDriver.java:106)
at jdk.proxy2/jdk.proxy2.$Proxy11.findElement(Unknown Source)
at org.openqa.selenium.support.events.EventFiringWebDriver.findElement(EventFiringWebDriver.java:195)
at pages.SupplierFormPage.verifyEndReasonCanNotBeBlankError(SupplierFormPage.java:942)
at testcases.Supplier.TestCase_8951.publishExistingSupplierAsSupplier(TestCase_8951.java:43)
... 28 more
... Removed 33 stack frames]]>
    </failure>
  </testcase> <!-- executeTestcase -->
  <testcase classname="driver.Driver" name="executeTestcase" time="206.282">
    <failure type="java.lang.reflect.InvocationTargetException">
      <![CDATA[java.lang.reflect.InvocationTargetException
at driver.Driver.executeTestcase(Driver.java:145)
at java.base/java.util.ArrayList.forEach(ArrayList.java:1511)
Caused by: org.openqa.selenium.NoSuchElementException: no such element: Unable to locate element: {"method":"xpath","selector":"//*[@data-id='ix_enddate.fieldControl-date-time-input']"}
  (Session info: chrome=109.0.5414.120)
For documentation on this error, please visit: https://www.seleniumhq.org/exceptions/no_such_element.html
Build info: version: '4.0.0-alpha-1', revision: 'd1d3728cae', time: '2019-04-24T13:42:21'
System info: host: 'Z3P5PUGDEV0062', ip: '10.99.60.229', os.name: 'Windows 11', os.arch: 'amd64', os.version: '10.0', java.version: '19.0.1'
Driver info: org.openqa.selenium.chrome.ChromeDriver
Capabilities {acceptInsecureCerts: false, browserName: chrome, browserVersion: 109.0.5414.120, chrome: {chromedriverVersion: 109.0.5414.74 (e7c5703604da..., userDataDir: E:\fahmed2\AppData\Local\Te...}, goog:chromeOptions: {debuggerAddress: localhost:50416}, javascriptEnabled: true, networkConnectionEnabled: false, pageLoadStrategy: normal, platform: WINDOWS, platformName: WINDOWS, proxy: Proxy(), setWindowRect: true, strictFileInteractability: false, timeouts: {implicit: 0, pageLoad: 300000, script: 30000}, unhandledPromptBehavior: dismiss and notify, webauthn:extension:credBlob: true, webauthn:extension:largeBlob: true, webauthn:virtualAuthenticators: true}
Session ID: f9893c024653e7309f7c1fb61374b359
*** Element info: {Using=xpath, value=//*[@data-id='ix_enddate.fieldControl-date-time-input']}
at org.openqa.selenium.remote.codec.w3c.W3CHttpResponseCodec.createException(W3CHttpResponseCodec.java:190)
at org.openqa.selenium.remote.codec.w3c.W3CHttpResponseCodec.decode(W3CHttpResponseCodec.java:124)
at org.openqa.selenium.remote.codec.w3c.W3CHttpResponseCodec.decode(W3CHttpResponseCodec.java:51)
at org.openqa.selenium.remote.HttpCommandExecutor.execute(HttpCommandExecutor.java:161)
at org.openqa.selenium.remote.service.DriverCommandExecutor.execute(DriverCommandExecutor.java:83)
at org.openqa.selenium.remote.RemoteWebDriver.execute(RemoteWebDriver.java:577)
at org.openqa.selenium.remote.RemoteWebDriver.findElement(RemoteWebDriver.java:328)
at org.openqa.selenium.remote.RemoteWebDriver.findElementByXPath(RemoteWebDriver.java:446)
at org.openqa.selenium.By$ByXPath.findElement(By.java:353)
at org.openqa.selenium.remote.RemoteWebDriver.findElement(RemoteWebDriver.java:320)
at org.openqa.selenium.support.events.EventFiringWebDriver.lambda$new$1(EventFiringWebDriver.java:106)
at jdk.proxy2/jdk.proxy2.$Proxy11.findElement(Unknown Source)
at org.openqa.selenium.support.events.EventFiringWebDriver.findElement(EventFiringWebDriver.java:195)
at pages.SupplierFormPage.typeMembershipEndDate(SupplierFormPage.java:1125)
at testcases.Supplier.TestCase_8953.publishExistingSupplierAsSupplier(TestCase_8953.java:40)
... 28 more
... Removed 33 stack frames]]>
    </failure>
  </testcase> <!-- executeTestcase -->
  <testcase classname="driver.Driver" name="executeTestcase" time="0.002"/>
  <testcase classname="driver.Driver" name="executeTestcase" time="0.001"/>
  <testcase classname="driver.Driver" name="executeTestcase" time="0.0"/>
  <testcase classname="driver.Driver" name="executeTestcase" time="446.882">
    <failure type="java.lang.reflect.InvocationTargetException">
      <![CDATA[java.lang.reflect.InvocationTargetException
at driver.Driver.executeTestcase(Driver.java:145)
at java.base/java.util.ArrayList.forEach(ArrayList.java:1511)
Caused by: org.openqa.selenium.NoSuchElementException: no such element: Unable to locate element: {"method":"xpath","selector":"(//*[text()='Membership'])[2]"}
  (Session info: chrome=109.0.5414.120)
For documentation on this error, please visit: https://www.seleniumhq.org/exceptions/no_such_element.html
Build info: version: '4.0.0-alpha-1', revision: 'd1d3728cae', time: '2019-04-24T13:42:21'
System info: host: 'Z3P5PUGDEV0062', ip: '10.99.60.229', os.name: 'Windows 11', os.arch: 'amd64', os.version: '10.0', java.version: '19.0.1'
Driver info: org.openqa.selenium.chrome.ChromeDriver
Capabilities {acceptInsecureCerts: false, browserName: chrome, browserVersion: 109.0.5414.120, chrome: {chromedriverVersion: 109.0.5414.74 (e7c5703604da..., userDataDir: E:\fahmed2\AppData\Local\Te...}, goog:chromeOptions: {debuggerAddress: localhost:50505}, javascriptEnabled: true, networkConnectionEnabled: false, pageLoadStrategy: normal, platform: WINDOWS, platformName: WINDOWS, proxy: Proxy(), setWindowRect: true, strictFileInteractability: false, timeouts: {implicit: 0, pageLoad: 300000, script: 30000}, unhandledPromptBehavior: dismiss and notify, webauthn:extension:credBlob: true, webauthn:extension:largeBlob: true, webauthn:virtualAuthenticators: true}
Session ID: 82ce441205dac507d2952b1a84947a99
*** Element info: {Using=xpath, value=(//*[text()='Membership'])[2]}
at org.openqa.selenium.remote.codec.w3c.W3CHttpResponseCodec.createException(W3CHttpResponseCodec.java:190)
at org.openqa.selenium.remote.codec.w3c.W3CHttpResponseCodec.decode(W3CHttpResponseCodec.java:124)
at org.openqa.selenium.remote.codec.w3c.W3CHttpResponseCodec.decode(W3CHttpResponseCodec.java:51)
at org.openqa.selenium.remote.HttpCommandExecutor.execute(HttpCommandExecutor.java:161)
at org.openqa.selenium.remote.service.DriverCommandExecutor.execute(DriverCommandExecutor.java:83)
at org.openqa.selenium.remote.RemoteWebDriver.execute(RemoteWebDriver.java:577)
at org.openqa.selenium.remote.RemoteWebDriver.findElement(RemoteWebDriver.java:328)
at org.openqa.selenium.remote.RemoteWebDriver.findElementByXPath(RemoteWebDriver.java:446)
at org.openqa.selenium.By$ByXPath.findElement(By.java:353)
at org.openqa.selenium.remote.RemoteWebDriver.findElement(RemoteWebDriver.java:320)
at org.openqa.selenium.support.events.EventFiringWebDriver.lambda$new$1(EventFiringWebDriver.java:106)
at jdk.proxy2/jdk.proxy2.$Proxy11.findElement(Unknown Source)
at org.openqa.selenium.support.events.EventFiringWebDriver.findElement(EventFiringWebDriver.java:195)
at pages.SupplierFormPage.selectMembership(SupplierFormPage.java:872)
at testcases.Supplier.TestCase_9191.createSupplierWithSupplierLogin(TestCase_9191.java:77)
... 28 more
... Removed 33 stack frames]]>
    </failure>
  </testcase> <!-- executeTestcase -->
  <testcase classname="driver.Driver" name="executeTestcase" time="0.001"/>
  <testcase classname="driver.Driver" name="executeTestcase" time="205.974">
    <failure type="java.lang.reflect.InvocationTargetException">
      <![CDATA[java.lang.reflect.InvocationTargetException
at driver.Driver.executeTestcase(Driver.java:145)
at java.base/java.util.ArrayList.forEach(ArrayList.java:1511)
Caused by: org.openqa.selenium.NoSuchElementException: no such element: Unable to locate element: {"method":"xpath","selector":"//label[text()='New Contact']"}
  (Session info: chrome=109.0.5414.120)
For documentation on this error, please visit: https://www.seleniumhq.org/exceptions/no_such_element.html
Build info: version: '4.0.0-alpha-1', revision: 'd1d3728cae', time: '2019-04-24T13:42:21'
System info: host: 'Z3P5PUGDEV0062', ip: '10.99.60.229', os.name: 'Windows 11', os.arch: 'amd64', os.version: '10.0', java.version: '19.0.1'
Driver info: org.openqa.selenium.chrome.ChromeDriver
Capabilities {acceptInsecureCerts: false, browserName: chrome, browserVersion: 109.0.5414.120, chrome: {chromedriverVersion: 109.0.5414.74 (e7c5703604da..., userDataDir: E:\fahmed2\AppData\Local\Te...}, goog:chromeOptions: {debuggerAddress: localhost:52845}, javascriptEnabled: true, networkConnectionEnabled: false, pageLoadStrategy: normal, platform: WINDOWS, platformName: WINDOWS, proxy: Proxy(), setWindowRect: true, strictFileInteractability: false, timeouts: {implicit: 0, pageLoad: 300000, script: 30000}, unhandledPromptBehavior: dismiss and notify, webauthn:extension:credBlob: true, webauthn:extension:largeBlob: true, webauthn:virtualAuthenticators: true}
Session ID: faea47fadfd6a779d46f70e7d1390d11
*** Element info: {Using=xpath, value=//label[text()='New Contact']}
at org.openqa.selenium.remote.codec.w3c.W3CHttpResponseCodec.createException(W3CHttpResponseCodec.java:190)
at org.openqa.selenium.remote.codec.w3c.W3CHttpResponseCodec.decode(W3CHttpResponseCodec.java:124)
at org.openqa.selenium.remote.codec.w3c.W3CHttpResponseCodec.decode(W3CHttpResponseCodec.java:51)
at org.openqa.selenium.remote.HttpCommandExecutor.execute(HttpCommandExecutor.java:161)
at org.openqa.selenium.remote.service.DriverCommandExecutor.execute(DriverCommandExecutor.java:83)
at org.openqa.selenium.remote.RemoteWebDriver.execute(RemoteWebDriver.java:577)
at org.openqa.selenium.remote.RemoteWebDriver.findElement(RemoteWebDriver.java:328)
at org.openqa.selenium.remote.RemoteWebDriver.findElementByXPath(RemoteWebDriver.java:446)
at org.openqa.selenium.By$ByXPath.findElement(By.java:353)
at org.openqa.selenium.remote.RemoteWebDriver.findElement(RemoteWebDriver.java:320)
at org.openqa.selenium.support.events.EventFiringWebDriver.lambda$new$1(EventFiringWebDriver.java:106)
at jdk.proxy2/jdk.proxy2.$Proxy11.findElement(Unknown Source)
at org.openqa.selenium.support.events.EventFiringWebDriver.findElement(EventFiringWebDriver.java:195)
at pages.SupplierFormPage.addNewSupplierPrimaryContact(SupplierFormPage.java:379)
at testcases.Supplier.TestCase_8955.updatePrimaryContactOnSupplier(TestCase_8955.java:36)
... 28 more
... Removed 33 stack frames]]>
    </failure>
  </testcase> <!-- executeTestcase -->
  <testcase classname="driver.Driver" name="executeTestcase" time="0.008"/>
  <testcase classname="driver.Driver" name="executeTestcase" time="0.0"/>
  <testcase classname="driver.Driver" name="executeTestcase" time="0.0"/>
  <testcase classname="driver.Driver" name="executeTestcase" time="0.0"/>
  <testcase classname="driver.Driver" name="executeTestcase" time="0.0"/>
  <testcase classname="driver.Driver" name="executeTestcase" time="0.0"/>
  <testcase classname="driver.Driver" name="executeTestcase" time="0.0"/>
  <testcase classname="driver.Driver" name="executeTestcase" time="0.0"/>
  <testcase classname="driver.Driver" name="executeTestcase" time="0.0"/>
  <testcase classname="driver.Driver" name="executeTestcase" time="0.0"/>
  <testcase classname="driver.Driver" name="executeTestcase" time="0.0"/>
  <testcase classname="driver.Driver" name="executeTestcase" time="0.0"/>
  <testcase classname="driver.Driver" name="executeTestcase" time="0.0"/>
  <testcase classname="driver.Driver" name="executeTestcase" time="0.0"/>
  <testcase classname="driver.Driver" name="executeTestcase" time="0.0"/>
  <testcase classname="driver.Driver" name="executeTestcase" time="0.0"/>
  <testcase classname="driver.Driver" name="executeTestcase" time="0.0"/>
  <testcase classname="driver.Driver" name="executeTestcase" time="0.0"/>
  <testcase classname="driver.Driver" name="executeTestcase" time="0.0"/>
  <testcase classname="driver.Driver" name="executeTestcase" time="0.0"/>
  <testcase classname="driver.Driver" name="executeTestcase" time="0.0"/>
  <testcase classname="driver.Driver" name="executeTestcase" time="0.0"/>
  <testcase classname="driver.Driver" name="executeTestcase" time="0.0"/>
  <testcase classname="driver.Driver" name="executeTestcase" time="0.0"/>
  <testcase classname="driver.Driver" name="executeTestcase" time="0.0"/>
  <testcase classname="driver.Driver" name="executeTestcase" time="0.0"/>
  <testcase classname="driver.Driver" name="executeTestcase" time="0.0"/>
  <testcase classname="driver.Driver" name="executeTestcase" time="0.0"/>
  <testcase classname="driver.Driver" name="executeTestcase" time="0.0"/>
  <testcase classname="driver.Driver" name="executeTestcase" time="0.0"/>
  <testcase classname="driver.Driver" name="executeTestcase" time="0.0"/>
  <testcase classname="driver.Driver" name="executeTestcase" time="0.0"/>
  <testcase classname="driver.Driver" name="executeTestcase" time="0.0"/>
  <testcase classname="driver.Driver" name="executeTestcase" time="0.0"/>
  <testcase classname="driver.Driver" name="executeTestcase" time="0.0"/>
  <testcase classname="driver.Driver" name="executeTestcase" time="0.004"/>
  <testcase classname="driver.Driver" name="executeTestcase" time="0.0"/>
  <testcase classname="driver.Driver" name="executeTestcase" time="0.0"/>
  <testcase classname="driver.Driver" name="executeTestcase" time="0.0"/>
  <testcase classname="driver.Driver" name="executeTestcase" time="0.0"/>
  <testcase classname="driver.Driver" name="executeTestcase" time="0.0"/>
  <testcase classname="driver.Driver" name="executeTestcase" time="0.0"/>
  <testcase classname="driver.Driver" name="executeTestcase" time="0.0"/>
  <testcase classname="driver.Driver" name="executeTestcase" time="0.0"/>
  <testcase classname="driver.Driver" name="executeTestcase" time="0.0"/>
  <testcase classname="driver.Driver" name="executeTestcase" time="0.0"/>
  <testcase classname="driver.Driver" name="executeTestcase" time="0.0"/>
  <testcase classname="driver.Driver" name="executeTestcase" time="0.0"/>
  <testcase classname="driver.Driver" name="executeTestcase" time="0.0"/>
  <testcase classname="driver.Driver" name="executeTestcase" time="0.0"/>
  <testcase classname="driver.Driver" name="executeTestcase" time="0.0"/>
  <testcase classname="driver.Driver" name="executeTestcase" time="0.0"/>
  <testcase classname="driver.Driver" name="executeTestcase" time="0.0"/>
  <testcase classname="driver.Driver" name="executeTestcase" time="0.0"/>
  <testcase classname="driver.Driver" name="executeTestcase" time="0.0"/>
  <testcase classname="driver.Driver" name="executeTestcase" time="0.0"/>
  <testcase classname="driver.Driver" name="executeTestcase" time="0.0"/>
  <testcase classname="driver.Driver" name="executeTestcase" time="0.0"/>
  <testcase classname="driver.Driver" name="executeTestcase" time="0.0"/>
  <testcase classname="driver.Driver" name="executeTestcase" time="0.0"/>
  <testcase classname="driver.Driver" name="executeTestcase" time="0.0"/>
  <testcase classname="driver.Driver" name="executeTestcase" time="0.0"/>
  <testcase classname="driver.Driver" name="executeTestcase" time="0.0"/>
  <testcase classname="driver.Driver" name="executeTestcase" time="0.0"/>
  <testcase classname="driver.Driver" name="executeTestcase" time="0.0"/>
  <testcase classname="driver.Driver" name="executeTestcase" time="0.015"/>
  <testcase classname="driver.Driver" name="executeTestcase" time="0.0"/>
  <testcase classname="driver.Driver" name="executeTestcase" time="0.0"/>
  <testcase classname="driver.Driver" name="executeTestcase" time="0.0"/>
  <testcase classname="driver.Driver" name="executeTestcase" time="0.0"/>
  <testcase classname="driver.Driver" name="executeTestcase" time="0.016"/>
  <testcase classname="driver.Driver" name="executeTestcase" time="0.0"/>
  <testcase classname="driver.Driver" name="executeTestcase" time="0.0"/>
  <testcase classname="driver.Driver" name="executeTestcase" time="0.0"/>
  <testcase classname="driver.Driver" name="executeTestcase" time="0.0"/>
  <testcase classname="driver.Driver" name="executeTestcase" time="0.0"/>
  <testcase classname="driver.Driver" name="executeTestcase" time="0.0"/>
  <testcase classname="driver.Driver" name="executeTestcase" time="0.0"/>
  <testcase classname="driver.Driver" name="executeTestcase" time="0.0"/>
  <testcase classname="driver.Driver" name="executeTestcase" time="0.0"/>
  <testcase classname="driver.Driver" name="executeTestcase" time="0.0"/>
  <testcase classname="driver.Driver" name="executeTestcase" time="0.0"/>
  <testcase classname="driver.Driver" name="executeTestcase" time="0.0"/>
  <testcase classname="driver.Driver" name="executeTestcase" time="0.0"/>
  <testcase classname="driver.Driver" name="executeTestcase" time="0.0"/>
  <testcase classname="driver.Driver" name="executeTestcase" time="0.0"/>
  <testcase classname="driver.Driver" name="executeTestcase" time="0.0"/>
  <testcase classname="driver.Driver" name="executeTestcase" time="0.0"/>
  <testcase classname="driver.Driver" name="executeTestcase" time="0.0"/>
  <testcase classname="driver.Driver" name="executeTestcase" time="0.0"/>
  <testcase classname="driver.Driver" name="executeTestcase" time="0.0"/>
  <testcase classname="driver.Driver" name="executeTestcase" time="0.0"/>
  <testcase classname="driver.Driver" name="executeTestcase" time="0.0"/>
  <testcase classname="driver.Driver" name="executeTestcase" time="0.0"/>
  <testcase classname="driver.Driver" name="executeTestcase" time="0.0"/>
  <testcase classname="driver.Driver" name="executeTestcase" time="0.0"/>
  <testcase classname="driver.Driver" name="executeTestcase" time="0.011"/>
  <testcase classname="driver.Driver" name="executeTestcase" time="0.0"/>
  <testcase classname="driver.Driver" name="executeTestcase" time="0.0"/>
  <testcase classname="driver.Driver" name="executeTestcase" time="0.0"/>
  <testcase classname="driver.Driver" name="executeTestcase" time="0.0"/>
  <testcase classname="driver.Driver" name="executeTestcase" time="0.0"/>
  <testcase classname="driver.Driver" name="executeTestcase" time="0.0"/>
  <testcase classname="driver.Driver" name="executeTestcase" time="0.0"/>
  <testcase classname="driver.Driver" name="executeTestcase" time="0.0"/>
  <testcase classname="driver.Driver" name="executeTestcase" time="0.0"/>
  <testcase classname="driver.Driver" name="executeTestcase" time="0.0"/>
  <testcase classname="driver.Driver" name="executeTestcase" time="0.0"/>
  <testcase classname="driver.Driver" name="executeTestcase" time="0.0"/>
  <testcase classname="driver.Driver" name="executeTestcase" time="0.0"/>
  <testcase classname="driver.Driver" name="executeTestcase" time="0.0"/>
  <testcase classname="driver.Driver" name="executeTestcase" time="0.0"/>
  <testcase classname="driver.Driver" name="executeTestcase" time="0.0"/>
  <testcase classname="driver.Driver" name="executeTestcase" time="0.0"/>
  <testcase classname="driver.Driver" name="executeTestcase" time="0.0"/>
  <testcase classname="driver.Driver" name="executeTestcase" time="0.0"/>
  <testcase classname="driver.Driver" name="executeTestcase" time="0.0"/>
  <testcase classname="driver.Driver" name="executeTestcase" time="0.0"/>
  <testcase classname="driver.Driver" name="executeTestcase" time="0.016"/>
  <testcase classname="driver.Driver" name="executeTestcase" time="0.0"/>
  <testcase classname="driver.Driver" name="executeTestcase" time="0.0"/>
  <testcase classname="driver.Driver" name="executeTestcase" time="0.0"/>
  <testcase classname="driver.Driver" name="executeTestcase" time="0.0"/>
  <testcase classname="driver.Driver" name="executeTestcase" time="0.0"/>
  <testcase classname="driver.Driver" name="executeTestcase" time="0.0"/>
  <testcase classname="driver.Driver" name="executeTestcase" time="0.0"/>
  <testcase classname="driver.Driver" name="executeTestcase" time="0.0"/>
  <testcase classname="driver.Driver" name="executeTestcase" time="0.0"/>
  <testcase classname="driver.Driver" name="executeTestcase" time="0.0"/>
  <testcase classname="driver.Driver" name="executeTestcase" time="0.0"/>
  <testcase classname="driver.Driver" name="executeTestcase" time="0.0"/>
  <testcase classname="driver.Driver" name="executeTestcase" time="0.0"/>
  <testcase classname="driver.Driver" name="executeTestcase" time="0.0"/>
  <testcase classname="driver.Driver" name="executeTestcase" time="0.0"/>
  <testcase classname="driver.Driver" name="executeTestcase" time="0.0"/>
  <testcase classname="driver.Driver" name="executeTestcase" time="0.0"/>
  <testcase classname="driver.Driver" name="executeTestcase" time="0.0"/>
  <testcase classname="driver.Driver" name="executeTestcase" time="0.0"/>
  <testcase classname="driver.Driver" name="executeTestcase" time="0.0"/>
  <testcase classname="driver.Driver" name="executeTestcase" time="0.0"/>
  <testcase classname="driver.Driver" name="executeTestcase" time="0.0"/>
  <testcase classname="driver.Driver" name="executeTestcase" time="0.0"/>
  <testcase classname="driver.Driver" name="executeTestcase" time="0.0"/>
  <testcase classname="driver.Driver" name="executeTestcase" time="0.0"/>
  <testcase classname="driver.Driver" name="executeTestcase" time="0.0"/>
  <testcase classname="driver.Driver" name="executeTestcase" time="0.0"/>
  <testcase classname="driver.Driver" name="executeTestcase" time="0.0"/>
  <testcase classname="driver.Driver" name="executeTestcase" time="0.0"/>
  <testcase classname="driver.Driver" name="executeTestcase" time="0.0"/>
  <testcase classname="driver.Driver" name="executeTestcase" time="0.0"/>
  <testcase classname="driver.Driver" name="executeTestcase" time="0.0"/>
  <testcase classname="driver.Driver" name="executeTestcase" time="0.0"/>
  <testcase classname="driver.Driver" name="executeTestcase" time="0.0"/>
  <testcase classname="driver.Driver" name="executeTestcase" time="0.015"/>
  <testcase classname="driver.Driver" name="executeTestcase" time="0.0"/>
  <testcase classname="driver.Driver" name="executeTestcase" time="0.0"/>
  <testcase classname="driver.Driver" name="executeTestcase" time="0.0"/>
  <testcase classname="driver.Driver" name="executeTestcase" time="0.0"/>
  <testcase classname="driver.Driver" name="executeTestcase" time="0.0"/>
  <testcase classname="driver.Driver" name="executeTestcase" time="0.0"/>
  <testcase classname="driver.Driver" name="executeTestcase" time="0.0"/>
  <testcase classname="driver.Driver" name="executeTestcase" time="0.0"/>
</testsuite> <!-- Results -->
