<!DOCTYPE html PUBLIC "-//W3C//DTD XHTML 1.1//EN" "https://www.w3.org/TR/xhtml11/DTD/xhtml11.dtd">
<html xmlns="https://www.w3.org/1999/xhtml">
<head>
<meta http-equiv="content-type" content="text/html; charset=UTF-8"/>
<title>TestNG Report</title>
<style type="text/css">table {margin-bottom:10px;border-collapse:collapse;empty-cells:show}th,td {border:1px solid #009;padding:.25em .5em}th {vertical-align:bottom}td {vertical-align:top}table a {font-weight:bold}.stripe td {background-color: #E6EBF9}.num {text-align:right}.passedodd td {background-color: #3F3}.passedeven td {background-color: #0A0}.skippedodd td {background-color: #DDD}.skippedeven td {background-color: #CCC}.failedodd td,.attn {background-color: #F33}.failedeven td,.stripe .attn {background-color: #D00}.stacktrace {white-space:pre;font-family:monospace}.totop {font-size:85%;text-align:center;border-bottom:2px solid #000}.invisible {display:none}</style>
</head>
<body>
<table>
<tr><th>Test</th><th># Passed</th><th># Skipped</th><th># Retried</th><th># Failed</th><th>Time (ms)</th><th>Included Groups</th><th>Excluded Groups</th></tr>
<tr><th colspan="8">Suite</th></tr>
<tr><td><a href="#t0">Results</a></td><td class="num">1</td><td class="num attn">56</td><td class="num">0</td><td class="num attn">2</td><td class="num">315,504</td><td></td><td></td></tr>
</table>
<table id='summary'><thead><tr><th>Class</th><th>Method</th><th>Start</th><th>Time (ms)</th></tr></thead><tbody><tr><th colspan="4">Suite</th></tr></tbody><tbody id="t0"><tr><th colspan="4">Results &#8212; failed</th></tr><tr class="failedeven"><td rowspan="2">driver.Driver</td><td><a href="#m0">executeTestcase</a></td><td rowspan="2">1633345889785</td><td rowspan="2">2</td></tr><tr class="failedeven"><td><a href="#m1">executeTestcase</a></td></tr><tr><th colspan="4">Results &#8212; skipped</th></tr><tr class="skippedeven"><td rowspan="56">driver.Driver</td><td><a href="#m2">executeTestcase</a></td><td rowspan="56">1633345888576</td><td rowspan="56">3</td></tr><tr class="skippedeven"><td><a href="#m3">executeTestcase</a></td></tr><tr class="skippedeven"><td><a href="#m4">executeTestcase</a></td></tr><tr class="skippedeven"><td><a href="#m5">executeTestcase</a></td></tr><tr class="skippedeven"><td><a href="#m6">executeTestcase</a></td></tr><tr class="skippedeven"><td><a href="#m7">executeTestcase</a></td></tr><tr class="skippedeven"><td><a href="#m8">executeTestcase</a></td></tr><tr class="skippedeven"><td><a href="#m9">executeTestcase</a></td></tr><tr class="skippedeven"><td><a href="#m10">executeTestcase</a></td></tr><tr class="skippedeven"><td><a href="#m11">executeTestcase</a></td></tr><tr class="skippedeven"><td><a href="#m12">executeTestcase</a></td></tr><tr class="skippedeven"><td><a href="#m13">executeTestcase</a></td></tr><tr class="skippedeven"><td><a href="#m14">executeTestcase</a></td></tr><tr class="skippedeven"><td><a href="#m15">executeTestcase</a></td></tr><tr class="skippedeven"><td><a href="#m16">executeTestcase</a></td></tr><tr class="skippedeven"><td><a href="#m17">executeTestcase</a></td></tr><tr class="skippedeven"><td><a href="#m18">executeTestcase</a></td></tr><tr class="skippedeven"><td><a href="#m19">executeTestcase</a></td></tr><tr class="skippedeven"><td><a href="#m20">executeTestcase</a></td></tr><tr class="skippedeven"><td><a href="#m21">executeTestcase</a></td></tr><tr class="skippedeven"><td><a href="#m22">executeTestcase</a></td></tr><tr class="skippedeven"><td><a href="#m23">executeTestcase</a></td></tr><tr class="skippedeven"><td><a href="#m24">executeTestcase</a></td></tr><tr class="skippedeven"><td><a href="#m25">executeTestcase</a></td></tr><tr class="skippedeven"><td><a href="#m26">executeTestcase</a></td></tr><tr class="skippedeven"><td><a href="#m27">executeTestcase</a></td></tr><tr class="skippedeven"><td><a href="#m28">executeTestcase</a></td></tr><tr class="skippedeven"><td><a href="#m29">executeTestcase</a></td></tr><tr class="skippedeven"><td><a href="#m30">executeTestcase</a></td></tr><tr class="skippedeven"><td><a href="#m31">executeTestcase</a></td></tr><tr class="skippedeven"><td><a href="#m32">executeTestcase</a></td></tr><tr class="skippedeven"><td><a href="#m33">executeTestcase</a></td></tr><tr class="skippedeven"><td><a href="#m34">executeTestcase</a></td></tr><tr class="skippedeven"><td><a href="#m35">executeTestcase</a></td></tr><tr class="skippedeven"><td><a href="#m36">executeTestcase</a></td></tr><tr class="skippedeven"><td><a href="#m37">executeTestcase</a></td></tr><tr class="skippedeven"><td><a href="#m38">executeTestcase</a></td></tr><tr class="skippedeven"><td><a href="#m39">executeTestcase</a></td></tr><tr class="skippedeven"><td><a href="#m40">executeTestcase</a></td></tr><tr class="skippedeven"><td><a href="#m41">executeTestcase</a></td></tr><tr class="skippedeven"><td><a href="#m42">executeTestcase</a></td></tr><tr class="skippedeven"><td><a href="#m43">executeTestcase</a></td></tr><tr class="skippedeven"><td><a href="#m44">executeTestcase</a></td></tr><tr class="skippedeven"><td><a href="#m45">executeTestcase</a></td></tr><tr class="skippedeven"><td><a href="#m46">executeTestcase</a></td></tr><tr class="skippedeven"><td><a href="#m47">executeTestcase</a></td></tr><tr class="skippedeven"><td><a href="#m48">executeTestcase</a></td></tr><tr class="skippedeven"><td><a href="#m49">executeTestcase</a></td></tr><tr class="skippedeven"><td><a href="#m50">executeTestcase</a></td></tr><tr class="skippedeven"><td><a href="#m51">executeTestcase</a></td></tr><tr class="skippedeven"><td><a href="#m52">executeTestcase</a></td></tr><tr class="skippedeven"><td><a href="#m53">executeTestcase</a></td></tr><tr class="skippedeven"><td><a href="#m54">executeTestcase</a></td></tr><tr class="skippedeven"><td><a href="#m55">executeTestcase</a></td></tr><tr class="skippedeven"><td><a href="#m56">executeTestcase</a></td></tr><tr class="skippedeven"><td><a href="#m57">executeTestcase</a></td></tr><tr><th colspan="4">Results &#8212; passed</th></tr><tr class="passedeven"><td rowspan="1">driver.Driver</td><td><a href="#m58">executeTestcase</a></td><td rowspan="1">1633345576405</td><td rowspan="1">309598</td></tr></tbody>
</table>
<h2>Results</h2><h3 id="m0">driver.Driver#executeTestcase</h3><table class="result"><tr class="param"><th>Parameter #1</th></tr><tr class="param stripe"><td>org.testng.TestRunner@5c1bd44c</td></tr><tr><th>Exception</th></tr><tr><td><div class="stacktrace">java.lang.ClassNotFoundException: testcases.Member.TestCase_7550
	at java.base/jdk.internal.loader.BuiltinClassLoader.loadClass(BuiltinClassLoader.java:581)
	at java.base/jdk.internal.loader.ClassLoaders$AppClassLoader.loadClass(ClassLoaders.java:178)
	at java.base/java.lang.ClassLoader.loadClass(ClassLoader.java:521)
	at java.base/java.lang.Class.forName0(Native Method)
	at java.base/java.lang.Class.forName(Class.java:315)
	at driver.Driver.executeTestcase(Driver.java:68)
	at java.base/java.util.ArrayList.forEach(ArrayList.java:1541)
... Removed 26 stack frames</div></td></tr></table><p class="totop"><a href="#summary">back to summary</a></p>
<h3 id="m1">driver.Driver#executeTestcase</h3><table class="result"><tr class="param"><th>Parameter #1</th></tr><tr class="param stripe"><td>org.testng.TestRunner@5c1bd44c</td></tr><tr><th>Exception</th></tr><tr><td><div class="stacktrace">java.lang.ClassNotFoundException: testcases.Member.TestCase_7543
	at java.base/jdk.internal.loader.BuiltinClassLoader.loadClass(BuiltinClassLoader.java:581)
	at java.base/jdk.internal.loader.ClassLoaders$AppClassLoader.loadClass(ClassLoaders.java:178)
	at java.base/java.lang.ClassLoader.loadClass(ClassLoader.java:521)
	at java.base/java.lang.Class.forName0(Native Method)
	at java.base/java.lang.Class.forName(Class.java:315)
	at driver.Driver.executeTestcase(Driver.java:68)
	at java.base/java.util.ArrayList.forEach(ArrayList.java:1541)
... Removed 26 stack frames</div></td></tr></table><p class="totop"><a href="#summary">back to summary</a></p>
<h3 id="m2">driver.Driver#executeTestcase</h3><table class="result"><tr class="param"><th>Parameter #1</th></tr><tr class="param stripe"><td>org.testng.TestRunner@5c1bd44c</td></tr><tr><th>Exception</th></tr><tr><td><div class="stacktrace">org.testng.SkipException: Skipping execution for  :TFS ID_ 7608:Create a new contact and add job function and communication/publication
	at driver.Driver.executeTestcase(Driver.java:83)
	at java.base/java.util.ArrayList.forEach(ArrayList.java:1541)
... Removed 26 stack frames</div></td></tr></table><p class="totop"><a href="#summary">back to summary</a></p>
<h3 id="m3">driver.Driver#executeTestcase</h3><table class="result"><tr class="param"><th>Parameter #1</th></tr><tr class="param stripe"><td>org.testng.TestRunner@5c1bd44c</td></tr><tr><th>Exception</th></tr><tr><td><div class="stacktrace">org.testng.SkipException: Skipping execution for  :TFS ID_ 5136:Restrict when user enters blank job function in Contact account associations
	at driver.Driver.executeTestcase(Driver.java:83)
	at java.base/java.util.ArrayList.forEach(ArrayList.java:1541)
... Removed 26 stack frames</div></td></tr></table><p class="totop"><a href="#summary">back to summary</a></p>
<h3 id="m4">driver.Driver#executeTestcase</h3><table class="result"><tr class="param"><th>Parameter #1</th></tr><tr class="param stripe"><td>org.testng.TestRunner@5c1bd44c</td></tr><tr><th>Exception</th></tr><tr><td><div class="stacktrace">org.testng.SkipException: Skipping execution for  :TFS ID_ 5911: Add a primary contact to a supplier
	at driver.Driver.executeTestcase(Driver.java:83)
	at java.base/java.util.ArrayList.forEach(ArrayList.java:1541)
... Removed 26 stack frames</div></td></tr></table><p class="totop"><a href="#summary">back to summary</a></p>
<h3 id="m5">driver.Driver#executeTestcase</h3><table class="result"><tr class="param"><th>Parameter #1</th></tr><tr class="param stripe"><td>org.testng.TestRunner@5c1bd44c</td></tr><tr><th>Exception</th></tr><tr><td><div class="stacktrace">org.testng.SkipException: Skipping execution for  :TFS ID_ 7473:Change Account status to inactive for a Membership Provider with type &quot;SOAR&quot;
	at driver.Driver.executeTestcase(Driver.java:83)
	at java.base/java.util.ArrayList.forEach(ArrayList.java:1541)
... Removed 26 stack frames</div></td></tr></table><p class="totop"><a href="#summary">back to summary</a></p>
<h3 id="m6">driver.Driver#executeTestcase</h3><table class="result"><tr class="param"><th>Parameter #1</th></tr><tr class="param stripe"><td>org.testng.TestRunner@5c1bd44c</td></tr><tr><th>Exception</th></tr><tr><td><div class="stacktrace">org.testng.SkipException: Skipping execution for  :TFS ID_ 7545:Verify Premier Start Date is not calculated before adding any memberships to the account
	at driver.Driver.executeTestcase(Driver.java:83)
	at java.base/java.util.ArrayList.forEach(ArrayList.java:1541)
... Removed 26 stack frames</div></td></tr></table><p class="totop"><a href="#summary">back to summary</a></p>
<h3 id="m7">driver.Driver#executeTestcase</h3><table class="result"><tr class="param"><th>Parameter #1</th></tr><tr class="param stripe"><td>org.testng.TestRunner@5c1bd44c</td></tr><tr><th>Exception</th></tr><tr><td><div class="stacktrace">org.testng.SkipException: Skipping execution for  :TFS ID_ 6576:Verify Duplicate detection rule applies when Communication or Publication entered twice by the user
	at driver.Driver.executeTestcase(Driver.java:83)
	at java.base/java.util.ArrayList.forEach(ArrayList.java:1541)
... Removed 26 stack frames</div></td></tr></table><p class="totop"><a href="#summary">back to summary</a></p>
<h3 id="m8">driver.Driver#executeTestcase</h3><table class="result"><tr class="param"><th>Parameter #1</th></tr><tr class="param stripe"><td>org.testng.TestRunner@5c1bd44c</td></tr><tr><th>Exception</th></tr><tr><td><div class="stacktrace">org.testng.SkipException: Skipping execution for  :TFS ID_ 4547:Verify if primary account of a contact has been changed then other associated Contact account association should not get end dated/terminated
	at driver.Driver.executeTestcase(Driver.java:83)
	at java.base/java.util.ArrayList.forEach(ArrayList.java:1541)
... Removed 26 stack frames</div></td></tr></table><p class="totop"><a href="#summary">back to summary</a></p>
<h3 id="m9">driver.Driver#executeTestcase</h3><table class="result"><tr class="param"><th>Parameter #1</th></tr><tr class="param stripe"><td>org.testng.TestRunner@5c1bd44c</td></tr><tr><th>Exception</th></tr><tr><td><div class="stacktrace">org.testng.SkipException: Skipping execution for  :TFS ID_ 7671:Verify Premier Start date is updated in member form when Premier Membership is created in Prospect.
	at driver.Driver.executeTestcase(Driver.java:83)
	at java.base/java.util.ArrayList.forEach(ArrayList.java:1541)
... Removed 26 stack frames</div></td></tr></table><p class="totop"><a href="#summary">back to summary</a></p>
<h3 id="m10">driver.Driver#executeTestcase</h3><table class="result"><tr class="param"><th>Parameter #1</th></tr><tr class="param stripe"><td>org.testng.TestRunner@5c1bd44c</td></tr><tr><th>Exception</th></tr><tr><td><div class="stacktrace">org.testng.SkipException: Skipping execution for  :TFS ID_7146:Create new Shipto account - New Member form and Save it as prospect first
	at driver.Driver.executeTestcase(Driver.java:83)
	at java.base/java.util.ArrayList.forEach(ArrayList.java:1541)
... Removed 27 stack frames</div></td></tr></table><p class="totop"><a href="#summary">back to summary</a></p>
<h3 id="m11">driver.Driver#executeTestcase</h3><table class="result"><tr class="param"><th>Parameter #1</th></tr><tr class="param stripe"><td>org.testng.TestRunner@5c1bd44c</td></tr><tr><th>Exception</th></tr><tr><td><div class="stacktrace">org.testng.SkipException: Skipping execution for  :TFS ID_ 7420:Create New Membership Provider with type &quot;Program&quot;
	at driver.Driver.executeTestcase(Driver.java:83)
	at java.base/java.util.ArrayList.forEach(ArrayList.java:1541)
... Removed 26 stack frames</div></td></tr></table><p class="totop"><a href="#summary">back to summary</a></p>
<h3 id="m12">driver.Driver#executeTestcase</h3><table class="result"><tr class="param"><th>Parameter #1</th></tr><tr class="param stripe"><td>org.testng.TestRunner@5c1bd44c</td></tr><tr><th>Exception</th></tr><tr><td><div class="stacktrace">org.testng.SkipException: Skipping execution for  :TFS ID_7142: Create new member - New Member entry form and Save it as member first
	at driver.Driver.executeTestcase(Driver.java:83)
	at java.base/java.util.ArrayList.forEach(ArrayList.java:1541)
... Removed 27 stack frames</div></td></tr></table><p class="totop"><a href="#summary">back to summary</a></p>
<h3 id="m13">driver.Driver#executeTestcase</h3><table class="result"><tr class="param"><th>Parameter #1</th></tr><tr class="param stripe"><td>org.testng.TestRunner@5c1bd44c</td></tr><tr><th>Exception</th></tr><tr><td><div class="stacktrace">org.testng.SkipException: Skipping execution for  :TFS ID_ 7474:Change Account status to Terminated for a Membership Provider with type &quot;Aggregation Affiliation&quot;
	at driver.Driver.executeTestcase(Driver.java:83)
	at java.base/java.util.ArrayList.forEach(ArrayList.java:1541)
... Removed 26 stack frames</div></td></tr></table><p class="totop"><a href="#summary">back to summary</a></p>
<h3 id="m14">driver.Driver#executeTestcase</h3><table class="result"><tr class="param"><th>Parameter #1</th></tr><tr class="param stripe"><td>org.testng.TestRunner@5c1bd44c</td></tr><tr><th>Exception</th></tr><tr><td><div class="stacktrace">org.testng.SkipException: Skipping execution for  :TFS ID_ 7423:Create New Membership Provider with type &quot;SOAR&quot;
	at driver.Driver.executeTestcase(Driver.java:83)
	at java.base/java.util.ArrayList.forEach(ArrayList.java:1541)
... Removed 26 stack frames</div></td></tr></table><p class="totop"><a href="#summary">back to summary</a></p>
<h3 id="m15">driver.Driver#executeTestcase</h3><table class="result"><tr class="param"><th>Parameter #1</th></tr><tr class="param stripe"><td>org.testng.TestRunner@5c1bd44c</td></tr><tr><th>Exception</th></tr><tr><td><div class="stacktrace">org.testng.SkipException: Skipping execution for  :TFS ID_ 4548: Verify if duplicate contact account association cannot be created for any contact
	at driver.Driver.executeTestcase(Driver.java:83)
	at java.base/java.util.ArrayList.forEach(ArrayList.java:1541)
... Removed 26 stack frames</div></td></tr></table><p class="totop"><a href="#summary">back to summary</a></p>
<h3 id="m16">driver.Driver#executeTestcase</h3><table class="result"><tr class="param"><th>Parameter #1</th></tr><tr class="param stripe"><td>org.testng.TestRunner@5c1bd44c</td></tr><tr><th>Exception</th></tr><tr><td><div class="stacktrace">org.testng.SkipException: Skipping execution for  :TFS ID_ 7137:Create new member - New Member form and Save it as prospect first
	at driver.Driver.executeTestcase(Driver.java:83)
	at java.base/java.util.ArrayList.forEach(ArrayList.java:1541)
... Removed 27 stack frames</div></td></tr></table><p class="totop"><a href="#summary">back to summary</a></p>
<h3 id="m17">driver.Driver#executeTestcase</h3><table class="result"><tr class="param"><th>Parameter #1</th></tr><tr class="param stripe"><td>org.testng.TestRunner@5c1bd44c</td></tr><tr><th>Exception</th></tr><tr><td><div class="stacktrace">org.testng.SkipException: Skipping execution for  :TFS ID_7141:Create new member - New Member form and Save it as member first
	at driver.Driver.executeTestcase(Driver.java:83)
	at java.base/java.util.ArrayList.forEach(ArrayList.java:1541)
... Removed 27 stack frames</div></td></tr></table><p class="totop"><a href="#summary">back to summary</a></p>
<h3 id="m18">driver.Driver#executeTestcase</h3><table class="result"><tr class="param"><th>Parameter #1</th></tr><tr class="param stripe"><td>org.testng.TestRunner@5c1bd44c</td></tr><tr><th>Exception</th></tr><tr><td><div class="stacktrace">org.testng.SkipException: Skipping execution for  :TFS ID_ 7156:Modify Address in an existing Supplier Account and re-publish as a Supplier Supervisor. Same Entity code should be retained
	at driver.Driver.executeTestcase(Driver.java:83)
	at java.base/java.util.ArrayList.forEach(ArrayList.java:1541)
... Removed 26 stack frames</div></td></tr></table><p class="totop"><a href="#summary">back to summary</a></p>
<h3 id="m19">driver.Driver#executeTestcase</h3><table class="result"><tr class="param"><th>Parameter #1</th></tr><tr class="param stripe"><td>org.testng.TestRunner@5c1bd44c</td></tr><tr><th>Exception</th></tr><tr><td><div class="stacktrace">org.testng.SkipException: Skipping execution for  :TFS ID_ 4550:Verify once the contact is end dated then the related Contact Account Association should get terminated
	at driver.Driver.executeTestcase(Driver.java:83)
	at java.base/java.util.ArrayList.forEach(ArrayList.java:1541)
... Removed 26 stack frames</div></td></tr></table><p class="totop"><a href="#summary">back to summary</a></p>
<h3 id="m20">driver.Driver#executeTestcase</h3><table class="result"><tr class="param"><th>Parameter #1</th></tr><tr class="param stripe"><td>org.testng.TestRunner@5c1bd44c</td></tr><tr><th>Exception</th></tr><tr><td><div class="stacktrace">org.testng.SkipException: Skipping execution for  :TFS ID_7313:Verify Account status is defaulted to Active on a member &amp; member entry form
	at driver.Driver.executeTestcase(Driver.java:83)
	at java.base/java.util.ArrayList.forEach(ArrayList.java:1541)
... Removed 26 stack frames</div></td></tr></table><p class="totop"><a href="#summary">back to summary</a></p>
<h3 id="m21">driver.Driver#executeTestcase</h3><table class="result"><tr class="param"><th>Parameter #1</th></tr><tr class="param stripe"><td>org.testng.TestRunner@5c1bd44c</td></tr><tr><th>Exception</th></tr><tr><td><div class="stacktrace">org.testng.SkipException: Skipping execution for  :TFS ID_ 5757: Supplier account can not be inactive
	at driver.Driver.executeTestcase(Driver.java:83)
	at java.base/java.util.ArrayList.forEach(ArrayList.java:1541)
... Removed 26 stack frames</div></td></tr></table><p class="totop"><a href="#summary">back to summary</a></p>
<h3 id="m22">driver.Driver#executeTestcase</h3><table class="result"><tr class="param"><th>Parameter #1</th></tr><tr class="param stripe"><td>org.testng.TestRunner@5c1bd44c</td></tr><tr><th>Exception</th></tr><tr><td><div class="stacktrace">org.testng.SkipException: Skipping execution for  :TFS ID_ 8218:Verify reactivating a terminated member
	at driver.Driver.executeTestcase(Driver.java:83)
	at java.base/java.util.ArrayList.forEach(ArrayList.java:1541)
... Removed 26 stack frames</div></td></tr></table><p class="totop"><a href="#summary">back to summary</a></p>
<h3 id="m23">driver.Driver#executeTestcase</h3><table class="result"><tr class="param"><th>Parameter #1</th></tr><tr class="param stripe"><td>org.testng.TestRunner@5c1bd44c</td></tr><tr><th>Exception</th></tr><tr><td><div class="stacktrace">org.testng.SkipException: Skipping execution for  :TFS ID_ 7277:Verify member account can not be published without one active Premier membership created
	at driver.Driver.executeTestcase(Driver.java:83)
	at java.base/java.util.ArrayList.forEach(ArrayList.java:1541)
... Removed 26 stack frames</div></td></tr></table><p class="totop"><a href="#summary">back to summary</a></p>
<h3 id="m24">driver.Driver#executeTestcase</h3><table class="result"><tr class="param"><th>Parameter #1</th></tr><tr class="param stripe"><td>org.testng.TestRunner@5c1bd44c</td></tr><tr><th>Exception</th></tr><tr><td><div class="stacktrace">org.testng.SkipException: Skipping execution for  :TFS ID_ 7154 :Create a supplier under a DP and save using Supplier Login
	at driver.Driver.executeTestcase(Driver.java:83)
	at java.base/java.util.ArrayList.forEach(ArrayList.java:1541)
... Removed 26 stack frames</div></td></tr></table><p class="totop"><a href="#summary">back to summary</a></p>
<h3 id="m25">driver.Driver#executeTestcase</h3><table class="result"><tr class="param"><th>Parameter #1</th></tr><tr class="param stripe"><td>org.testng.TestRunner@5c1bd44c</td></tr><tr><th>Exception</th></tr><tr><td><div class="stacktrace">org.testng.SkipException: Skipping execution for  :TFS ID_ 7157:Modify Address in an existing Supplier Account as a Supplier Supervisor and Verify Record Change Status
	at driver.Driver.executeTestcase(Driver.java:83)
	at java.base/java.util.ArrayList.forEach(ArrayList.java:1541)
... Removed 26 stack frames</div></td></tr></table><p class="totop"><a href="#summary">back to summary</a></p>
<h3 id="m26">driver.Driver#executeTestcase</h3><table class="result"><tr class="param"><th>Parameter #1</th></tr><tr class="param stripe"><td>org.testng.TestRunner@5c1bd44c</td></tr><tr><th>Exception</th></tr><tr><td><div class="stacktrace">org.testng.SkipException: Skipping execution for  :TFS ID_ 5921 : Create a supplier top parent
	at driver.Driver.executeTestcase(Driver.java:83)
	at java.base/java.util.ArrayList.forEach(ArrayList.java:1541)
... Removed 26 stack frames</div></td></tr></table><p class="totop"><a href="#summary">back to summary</a></p>
<h3 id="m27">driver.Driver#executeTestcase</h3><table class="result"><tr class="param"><th>Parameter #1</th></tr><tr class="param stripe"><td>org.testng.TestRunner@5c1bd44c</td></tr><tr><th>Exception</th></tr><tr><td><div class="stacktrace">org.testng.SkipException: Skipping execution for  :TFS ID_7531:Verify user can not create membership provider with same name as duplicate
	at driver.Driver.executeTestcase(Driver.java:83)
	at java.base/java.util.ArrayList.forEach(ArrayList.java:1541)
... Removed 26 stack frames</div></td></tr></table><p class="totop"><a href="#summary">back to summary</a></p>
<h3 id="m28">driver.Driver#executeTestcase</h3><table class="result"><tr class="param"><th>Parameter #1</th></tr><tr class="param stripe"><td>org.testng.TestRunner@5c1bd44c</td></tr><tr><th>Exception</th></tr><tr><td><div class="stacktrace">org.testng.SkipException: Skipping execution for  :TFS ID_7148:Create new Shipto account - New Member entry form and Save it as prospect first
	at driver.Driver.executeTestcase(Driver.java:83)
	at java.base/java.util.ArrayList.forEach(ArrayList.java:1541)
... Removed 27 stack frames</div></td></tr></table><p class="totop"><a href="#summary">back to summary</a></p>
<h3 id="m29">driver.Driver#executeTestcase</h3><table class="result"><tr class="param"><th>Parameter #1</th></tr><tr class="param stripe"><td>org.testng.TestRunner@5c1bd44c</td></tr><tr><th>Exception</th></tr><tr><td><div class="stacktrace">org.testng.SkipException: Skipping execution for  :TFS ID_ 5137:Restrict when user enters blank communication record in Contact account associations
	at driver.Driver.executeTestcase(Driver.java:83)
	at java.base/java.util.ArrayList.forEach(ArrayList.java:1541)
... Removed 26 stack frames</div></td></tr></table><p class="totop"><a href="#summary">back to summary</a></p>
<h3 id="m30">driver.Driver#executeTestcase</h3><table class="result"><tr class="param"><th>Parameter #1</th></tr><tr class="param stripe"><td>org.testng.TestRunner@5c1bd44c</td></tr><tr><th>Exception</th></tr><tr><td><div class="stacktrace">org.testng.SkipException: Skipping execution for  :TFS ID_7143:Create new Top Parent member - New Member form and Save it as prospect first
	at driver.Driver.executeTestcase(Driver.java:83)
	at java.base/java.util.ArrayList.forEach(ArrayList.java:1541)
... Removed 27 stack frames</div></td></tr></table><p class="totop"><a href="#summary">back to summary</a></p>
<h3 id="m31">driver.Driver#executeTestcase</h3><table class="result"><tr class="param"><th>Parameter #1</th></tr><tr class="param stripe"><td>org.testng.TestRunner@5c1bd44c</td></tr><tr><th>Exception</th></tr><tr><td><div class="stacktrace">org.testng.SkipException: Skipping execution for  :TFS ID_7144:Create new Top Parent member - New Member form and Save it as Member first
	at driver.Driver.executeTestcase(Driver.java:83)
	at java.base/java.util.ArrayList.forEach(ArrayList.java:1541)
... Removed 27 stack frames</div></td></tr></table><p class="totop"><a href="#summary">back to summary</a></p>
<h3 id="m32">driver.Driver#executeTestcase</h3><table class="result"><tr class="param"><th>Parameter #1</th></tr><tr class="param stripe"><td>org.testng.TestRunner@5c1bd44c</td></tr><tr><th>Exception</th></tr><tr><td><div class="stacktrace">org.testng.SkipException: Skipping execution for  :TFS ID_ 4549:Verify once the Contact&apos;s relationship end date is updated then its job function and communications should get terminated
	at driver.Driver.executeTestcase(Driver.java:83)
	at java.base/java.util.ArrayList.forEach(ArrayList.java:1541)
... Removed 26 stack frames</div></td></tr></table><p class="totop"><a href="#summary">back to summary</a></p>
<h3 id="m33">driver.Driver#executeTestcase</h3><table class="result"><tr class="param"><th>Parameter #1</th></tr><tr class="param stripe"><td>org.testng.TestRunner@5c1bd44c</td></tr><tr><th>Exception</th></tr><tr><td><div class="stacktrace">org.testng.SkipException: Skipping execution for  :TFS ID_ 7161 :Convert a Supplier Ship To Location Type to Main Account using Supplier  Supervisor Login
	at driver.Driver.executeTestcase(Driver.java:83)
	at java.base/java.util.ArrayList.forEach(ArrayList.java:1541)
... Removed 26 stack frames</div></td></tr></table><p class="totop"><a href="#summary">back to summary</a></p>
<h3 id="m34">driver.Driver#executeTestcase</h3><table class="result"><tr class="param"><th>Parameter #1</th></tr><tr class="param stripe"><td>org.testng.TestRunner@5c1bd44c</td></tr><tr><th>Exception</th></tr><tr><td><div class="stacktrace">org.testng.SkipException: Skipping execution for  :TFS ID_7150: Create new Shipto to main account conversion
	at driver.Driver.executeTestcase(Driver.java:83)
	at java.base/java.util.ArrayList.forEach(ArrayList.java:1541)
... Removed 27 stack frames</div></td></tr></table><p class="totop"><a href="#summary">back to summary</a></p>
<h3 id="m35">driver.Driver#executeTestcase</h3><table class="result"><tr class="param"><th>Parameter #1</th></tr><tr class="param stripe"><td>org.testng.TestRunner@5c1bd44c</td></tr><tr><th>Exception</th></tr><tr><td><div class="stacktrace">org.testng.SkipException: Skipping execution for  :TFS ID_ 7153: Create a supplier Top Parent- Save using Supplier Login and but not able to Publish
	at driver.Driver.executeTestcase(Driver.java:83)
	at java.base/java.util.ArrayList.forEach(ArrayList.java:1541)
... Removed 26 stack frames</div></td></tr></table><p class="totop"><a href="#summary">back to summary</a></p>
<h3 id="m36">driver.Driver#executeTestcase</h3><table class="result"><tr class="param"><th>Parameter #1</th></tr><tr class="param stripe"><td>org.testng.TestRunner@5c1bd44c</td></tr><tr><th>Exception</th></tr><tr><td><div class="stacktrace">org.testng.SkipException: Skipping execution for  :TFS ID_ 7421:Create New Membership Provider with type &quot;DSH&quot;
	at driver.Driver.executeTestcase(Driver.java:83)
	at java.base/java.util.ArrayList.forEach(ArrayList.java:1541)
... Removed 26 stack frames</div></td></tr></table><p class="totop"><a href="#summary">back to summary</a></p>
<h3 id="m37">driver.Driver#executeTestcase</h3><table class="result"><tr class="param"><th>Parameter #1</th></tr><tr class="param stripe"><td>org.testng.TestRunner@5c1bd44c</td></tr><tr><th>Exception</th></tr><tr><td><div class="stacktrace">org.testng.SkipException: Skipping execution for  :TFS ID_7139:Create new member - New Member entry form through sub account and save it as prospect first
	at driver.Driver.executeTestcase(Driver.java:83)
	at java.base/java.util.ArrayList.forEach(ArrayList.java:1541)
... Removed 27 stack frames</div></td></tr></table><p class="totop"><a href="#summary">back to summary</a></p>
<h3 id="m38">driver.Driver#executeTestcase</h3><table class="result"><tr class="param"><th>Parameter #1</th></tr><tr class="param stripe"><td>org.testng.TestRunner@5c1bd44c</td></tr><tr><th>Exception</th></tr><tr><td><div class="stacktrace">org.testng.SkipException: Skipping execution for  :TFS ID_ 7485:Verify on &quot;Update&quot; following fields in Limited Member ,&quot;Record status&quot; should get changed to Need Approval.
	at driver.Driver.executeTestcase(Driver.java:83)
	at java.base/java.util.ArrayList.forEach(ArrayList.java:1541)
... Removed 26 stack frames</div></td></tr></table><p class="totop"><a href="#summary">back to summary</a></p>
<h3 id="m39">driver.Driver#executeTestcase</h3><table class="result"><tr class="param"><th>Parameter #1</th></tr><tr class="param stripe"><td>org.testng.TestRunner@5c1bd44c</td></tr><tr><th>Exception</th></tr><tr><td><div class="stacktrace">org.testng.SkipException: Skipping execution for  :TFS ID_7149:Create new Shipto account for conversion scenario - New Member form and Save it as member first
	at driver.Driver.executeTestcase(Driver.java:83)
	at java.base/java.util.ArrayList.forEach(ArrayList.java:1541)
... Removed 27 stack frames</div></td></tr></table><p class="totop"><a href="#summary">back to summary</a></p>
<h3 id="m40">driver.Driver#executeTestcase</h3><table class="result"><tr class="param"><th>Parameter #1</th></tr><tr class="param stripe"><td>org.testng.TestRunner@5c1bd44c</td></tr><tr><th>Exception</th></tr><tr><td><div class="stacktrace">org.testng.SkipException: Skipping execution for  :TFS ID_7193:Verify and Validate &quot;Premier Start Date&quot; Logic based on Multiple GPO Membership records.
	at driver.Driver.executeTestcase(Driver.java:83)
	at java.base/java.util.ArrayList.forEach(ArrayList.java:1541)
... Removed 26 stack frames</div></td></tr></table><p class="totop"><a href="#summary">back to summary</a></p>
<h3 id="m41">driver.Driver#executeTestcase</h3><table class="result"><tr class="param"><th>Parameter #1</th></tr><tr class="param stripe"><td>org.testng.TestRunner@5c1bd44c</td></tr><tr><th>Exception</th></tr><tr><td><div class="stacktrace">org.testng.SkipException: Skipping execution for  :TFS ID_ 7162 :Convert a Supplier Main Account to Ship To Location Type Account using Supplier  Supervisor Login
	at driver.Driver.executeTestcase(Driver.java:83)
	at java.base/java.util.ArrayList.forEach(ArrayList.java:1541)
... Removed 26 stack frames</div></td></tr></table><p class="totop"><a href="#summary">back to summary</a></p>
<h3 id="m42">driver.Driver#executeTestcase</h3><table class="result"><tr class="param"><th>Parameter #1</th></tr><tr class="param stripe"><td>org.testng.TestRunner@5c1bd44c</td></tr><tr><th>Exception</th></tr><tr><td><div class="stacktrace">org.testng.SkipException: Skipping execution for  :TFS ID_7147:Create new Shipto account - New Member form through sub account and save it as prospect first
	at driver.Driver.executeTestcase(Driver.java:83)
	at java.base/java.util.ArrayList.forEach(ArrayList.java:1541)
... Removed 27 stack frames</div></td></tr></table><p class="totop"><a href="#summary">back to summary</a></p>
<h3 id="m43">driver.Driver#executeTestcase</h3><table class="result"><tr class="param"><th>Parameter #1</th></tr><tr class="param stripe"><td>org.testng.TestRunner@5c1bd44c</td></tr><tr><th>Exception</th></tr><tr><td><div class="stacktrace">org.testng.SkipException: Skipping execution for  :TFS ID_ 7158:Modify Address in an existing Supplier Account as a Supplier and Verify Record Change Status
	at driver.Driver.executeTestcase(Driver.java:83)
	at java.base/java.util.ArrayList.forEach(ArrayList.java:1541)
... Removed 26 stack frames</div></td></tr></table><p class="totop"><a href="#summary">back to summary</a></p>
<h3 id="m44">driver.Driver#executeTestcase</h3><table class="result"><tr class="param"><th>Parameter #1</th></tr><tr class="param stripe"><td>org.testng.TestRunner@5c1bd44c</td></tr><tr><th>Exception</th></tr><tr><td><div class="stacktrace">org.testng.SkipException: Skipping execution for  :TFS ID_ 7422:Create New Membership Provider with type &quot;Aggregation Affiliation&quot;
	at driver.Driver.executeTestcase(Driver.java:83)
	at java.base/java.util.ArrayList.forEach(ArrayList.java:1541)
... Removed 26 stack frames</div></td></tr></table><p class="totop"><a href="#summary">back to summary</a></p>
<h3 id="m45">driver.Driver#executeTestcase</h3><table class="result"><tr class="param"><th>Parameter #1</th></tr><tr class="param stripe"><td>org.testng.TestRunner@5c1bd44c</td></tr><tr><th>Exception</th></tr><tr><td><div class="stacktrace">org.testng.SkipException: Skipping execution for  :TFS ID_ 7491:Create New Business Partner account using member supervisor
	at driver.Driver.executeTestcase(Driver.java:83)
	at java.base/java.util.ArrayList.forEach(ArrayList.java:1541)
... Removed 26 stack frames</div></td></tr></table><p class="totop"><a href="#summary">back to summary</a></p>
<h3 id="m46">driver.Driver#executeTestcase</h3><table class="result"><tr class="param"><th>Parameter #1</th></tr><tr class="param stripe"><td>org.testng.TestRunner@5c1bd44c</td></tr><tr><th>Exception</th></tr><tr><td><div class="stacktrace">org.testng.SkipException: Skipping execution for  :TFS ID_ 1111:Create Supplier with all available fields
	at driver.Driver.executeTestcase(Driver.java:83)
	at java.base/java.util.ArrayList.forEach(ArrayList.java:1541)
... Removed 26 stack frames</div></td></tr></table><p class="totop"><a href="#summary">back to summary</a></p>
<h3 id="m47">driver.Driver#executeTestcase</h3><table class="result"><tr class="param"><th>Parameter #1</th></tr><tr class="param stripe"><td>org.testng.TestRunner@5c1bd44c</td></tr><tr><th>Exception</th></tr><tr><td><div class="stacktrace">org.testng.SkipException: Skipping execution for  :TFS ID_ 7159 :Create a supplier under DP -Save and Publish Supplier Supervisor Login
	at driver.Driver.executeTestcase(Driver.java:83)
	at java.base/java.util.ArrayList.forEach(ArrayList.java:1541)
... Removed 26 stack frames</div></td></tr></table><p class="totop"><a href="#summary">back to summary</a></p>
<h3 id="m48">driver.Driver#executeTestcase</h3><table class="result"><tr class="param"><th>Parameter #1</th></tr><tr class="param stripe"><td>org.testng.TestRunner@5c1bd44c</td></tr><tr><th>Exception</th></tr><tr><td><div class="stacktrace">org.testng.SkipException: Skipping execution for  :TFS ID_ 1136: Validate deactivating a contact result in updating the contact end date and inactivating the contact account association records
	at driver.Driver.executeTestcase(Driver.java:83)
	at java.base/java.util.ArrayList.forEach(ArrayList.java:1541)
... Removed 26 stack frames</div></td></tr></table><p class="totop"><a href="#summary">back to summary</a></p>
<h3 id="m49">driver.Driver#executeTestcase</h3><table class="result"><tr class="param"><th>Parameter #1</th></tr><tr class="param stripe"><td>org.testng.TestRunner@5c1bd44c</td></tr><tr><th>Exception</th></tr><tr><td><div class="stacktrace">org.testng.SkipException: Skipping execution for  :TFS ID_7151:Create new Bill to account - New Member form and Save it as prospect first
	at driver.Driver.executeTestcase(Driver.java:83)
	at java.base/java.util.ArrayList.forEach(ArrayList.java:1541)
... Removed 27 stack frames</div></td></tr></table><p class="totop"><a href="#summary">back to summary</a></p>
<h3 id="m50">driver.Driver#executeTestcase</h3><table class="result"><tr class="param"><th>Parameter #1</th></tr><tr class="param stripe"><td>org.testng.TestRunner@5c1bd44c</td></tr><tr><th>Exception</th></tr><tr><td><div class="stacktrace">org.testng.SkipException: Skipping execution for  :TFS ID_7140: Create new member - New Member entry form and Save it as prospect first
	at driver.Driver.executeTestcase(Driver.java:83)
	at java.base/java.util.ArrayList.forEach(ArrayList.java:1541)
... Removed 27 stack frames</div></td></tr></table><p class="totop"><a href="#summary">back to summary</a></p>
<h3 id="m51">driver.Driver#executeTestcase</h3><table class="result"><tr class="param"><th>Parameter #1</th></tr><tr class="param stripe"><td>org.testng.TestRunner@5c1bd44c</td></tr><tr><th>Exception</th></tr><tr><td><div class="stacktrace">org.testng.SkipException: Skipping execution for  :TFS ID_7152: Create new Mail to account - New Member form and Save it as prospect first
	at driver.Driver.executeTestcase(Driver.java:83)
	at java.base/java.util.ArrayList.forEach(ArrayList.java:1541)
... Removed 27 stack frames</div></td></tr></table><p class="totop"><a href="#summary">back to summary</a></p>
<h3 id="m52">driver.Driver#executeTestcase</h3><table class="result"><tr class="param"><th>Parameter #1</th></tr><tr class="param stripe"><td>org.testng.TestRunner@5c1bd44c</td></tr><tr><th>Exception</th></tr><tr><td><div class="stacktrace">org.testng.SkipException: Skipping execution for  :TFS ID_ 7155 :Publish an existing supplier using Supplier  Supervisor Login
	at driver.Driver.executeTestcase(Driver.java:83)
	at java.base/java.util.ArrayList.forEach(ArrayList.java:1541)
... Removed 26 stack frames</div></td></tr></table><p class="totop"><a href="#summary">back to summary</a></p>
<h3 id="m53">driver.Driver#executeTestcase</h3><table class="result"><tr class="param"><th>Parameter #1</th></tr><tr class="param stripe"><td>org.testng.TestRunner@5c1bd44c</td></tr><tr><th>Exception</th></tr><tr><td><div class="stacktrace">org.testng.SkipException: Skipping execution for  :TFS ID_5906: Activate terminated supplier
	at driver.Driver.executeTestcase(Driver.java:83)
	at java.base/java.util.ArrayList.forEach(ArrayList.java:1541)
... Removed 26 stack frames</div></td></tr></table><p class="totop"><a href="#summary">back to summary</a></p>
<h3 id="m54">driver.Driver#executeTestcase</h3><table class="result"><tr class="param"><th>Parameter #1</th></tr><tr class="param stripe"><td>org.testng.TestRunner@5c1bd44c</td></tr><tr><th>Exception</th></tr><tr><td><div class="stacktrace">org.testng.SkipException: Skipping execution for  :TFS ID_7312: Add and update Primary contact to a Member account
	at driver.Driver.executeTestcase(Driver.java:83)
	at java.base/java.util.ArrayList.forEach(ArrayList.java:1541)
... Removed 26 stack frames</div></td></tr></table><p class="totop"><a href="#summary">back to summary</a></p>
<h3 id="m55">driver.Driver#executeTestcase</h3><table class="result"><tr class="param"><th>Parameter #1</th></tr><tr class="param stripe"><td>org.testng.TestRunner@5c1bd44c</td></tr><tr><th>Exception</th></tr><tr><td><div class="stacktrace">org.testng.SkipException: Skipping execution for  :TFS ID_7138:Create new member - New Member form through sub account and save it as prospect first
	at driver.Driver.executeTestcase(Driver.java:83)
	at java.base/java.util.ArrayList.forEach(ArrayList.java:1541)
... Removed 27 stack frames</div></td></tr></table><p class="totop"><a href="#summary">back to summary</a></p>
<h3 id="m56">driver.Driver#executeTestcase</h3><table class="result"><tr class="param"><th>Parameter #1</th></tr><tr class="param stripe"><td>org.testng.TestRunner@5c1bd44c</td></tr><tr><th>Exception</th></tr><tr><td><div class="stacktrace">org.testng.SkipException: Skipping execution for  :TFS ID_ 1111:Create Member with all available fields
	at driver.Driver.executeTestcase(Driver.java:83)
	at java.base/java.util.ArrayList.forEach(ArrayList.java:1541)
... Removed 26 stack frames</div></td></tr></table><p class="totop"><a href="#summary">back to summary</a></p>
<h3 id="m57">driver.Driver#executeTestcase</h3><table class="result"><tr class="param"><th>Parameter #1</th></tr><tr class="param stripe"><td>org.testng.TestRunner@5c1bd44c</td></tr><tr><th>Exception</th></tr><tr><td><div class="stacktrace">org.testng.SkipException: Skipping execution for  :TFS ID_ 7160 :Create a supplier -Ship To Location Type -Save and Publish Supplier Supervisor Login
	at driver.Driver.executeTestcase(Driver.java:83)
	at java.base/java.util.ArrayList.forEach(ArrayList.java:1541)
... Removed 26 stack frames</div></td></tr></table><p class="totop"><a href="#summary">back to summary</a></p>
<h3 id="m58">driver.Driver#executeTestcase</h3><table class="result"><tr class="param"><th>Parameter #1</th></tr><tr class="param stripe"><td>org.testng.TestRunner@5c1bd44c</td></tr></table><p class="totop"><a href="#summary">back to summary</a></p>
</body>
</html>
