<?xml version="1.0" encoding="UTF-8"?>
<testng-results ignored="0" total="59" passed="1" failed="2" skipped="56">
  <reporter-output>
  </reporter-output>
  <suite started-at="2021-10-04T16:36:14 IST" name="Suite" finished-at="2021-10-04T16:41:29 IST" duration-ms="315504">
    <groups>
    </groups>
    <test started-at="2021-10-04T16:36:14 IST" name="Results" finished-at="2021-10-04T16:41:29 IST" duration-ms="315504">
      <class name="driver.Driver">
        <test-method is-config="true" signature="setUp()[pri:0, instance:driver.Driver@62163b39]" started-at="2021-10-04T16:36:14 IST" name="setUp" finished-at="2021-10-04T16:36:14 IST" duration-ms="315" status="PASS">
          <reporter-output>
          </reporter-output>
        </test-method> <!-- setUp -->
        <test-method signature="executeTestcase(org.testng.ITestContext)[pri:0, instance:driver.Driver@62163b39]" started-at="2021-10-04T16:36:14 IST" name="executeTestcase" finished-at="2021-10-04T16:36:14 IST" duration-ms="23" status="SKIP">
          <params>
            <param index="0">
              <value>
                <![CDATA[org.testng.TestRunner@5c1bd44c]]>
              </value>
            </param>
          </params>
          <exception class="org.testng.SkipException">
            <message>
              <![CDATA[Skipping execution for  :TFS ID_ 7137:Create new member - New Member form and Save it as prospect first]]>
            </message>
            <full-stacktrace>
              <![CDATA[org.testng.SkipException: Skipping execution for  :TFS ID_ 7137:Create new member - New Member form and Save it as prospect first
at driver.Driver.executeTestcase(Driver.java:83)
at java.base/jdk.internal.reflect.NativeMethodAccessorImpl.invoke0(Native Method)
at java.base/jdk.internal.reflect.NativeMethodAccessorImpl.invoke(NativeMethodAccessorImpl.java:62)
at java.base/jdk.internal.reflect.DelegatingMethodAccessorImpl.invoke(DelegatingMethodAccessorImpl.java:43)
at java.base/java.lang.reflect.Method.invoke(Method.java:566)
at org.testng.internal.MethodInvocationHelper.invokeMethod(MethodInvocationHelper.java:132)
at org.testng.internal.TestInvoker.invokeMethod(TestInvoker.java:599)
at org.testng.internal.TestInvoker.invokeTestMethod(TestInvoker.java:174)
at org.testng.internal.MethodRunner.runInSequence(MethodRunner.java:46)
at org.testng.internal.TestInvoker$MethodInvocationAgent.invoke(TestInvoker.java:822)
at org.testng.internal.TestInvoker.invokeTestMethods(TestInvoker.java:147)
at org.testng.internal.TestMethodWorker.invokeTestMethods(TestMethodWorker.java:146)
at org.testng.internal.TestMethodWorker.run(TestMethodWorker.java:128)
at java.base/java.util.ArrayList.forEach(ArrayList.java:1541)
at org.testng.TestRunner.privateRun(TestRunner.java:764)
at org.testng.TestRunner.run(TestRunner.java:585)
at org.testng.SuiteRunner.runTest(SuiteRunner.java:384)
at org.testng.SuiteRunner.runSequentially(SuiteRunner.java:378)
at org.testng.SuiteRunner.privateRun(SuiteRunner.java:337)
at org.testng.SuiteRunner.run(SuiteRunner.java:286)
at org.testng.SuiteRunnerWorker.runSuite(SuiteRunnerWorker.java:53)
at org.testng.SuiteRunnerWorker.run(SuiteRunnerWorker.java:96)
at org.testng.TestNG.runSuitesSequentially(TestNG.java:1218)
at org.testng.TestNG.runSuitesLocally(TestNG.java:1140)
at org.testng.TestNG.runSuites(TestNG.java:1069)
at org.testng.TestNG.run(TestNG.java:1037)
at org.testng.remote.AbstractRemoteTestNG.run(AbstractRemoteTestNG.java:115)
at org.testng.remote.RemoteTestNG.initAndRun(RemoteTestNG.java:251)
at org.testng.remote.RemoteTestNG.main(RemoteTestNG.java:77)
]]>
            </full-stacktrace>
          </exception> <!-- org.testng.SkipException -->
          <reporter-output>
          </reporter-output>
        </test-method> <!-- executeTestcase -->
        <test-method is-config="true" signature="Reports(org.testng.ITestResult)[pri:0, instance:driver.Driver@62163b39]" started-at="2021-10-04T16:36:14 IST" name="Reports" finished-at="2021-10-04T16:36:14 IST" duration-ms="373" status="PASS">
          <params>
            <param index="0">
              <value>
                <![CDATA[[TestResult name=executeTestcase status=SKIP method=Driver.executeTestcase(org.testng.ITestContext)[pri:0, instance:driver.Driver@62163b39] output={null}]]]>
              </value>
            </param>
          </params>
          <reporter-output>
          </reporter-output>
        </test-method> <!-- Reports -->
        <test-method signature="executeTestcase(org.testng.ITestContext)[pri:0, instance:driver.Driver@62163b39]" started-at="2021-10-04T16:36:14 IST" name="executeTestcase" finished-at="2021-10-04T16:36:14 IST" duration-ms="8" status="SKIP">
          <params>
            <param index="0">
              <value>
                <![CDATA[org.testng.TestRunner@5c1bd44c]]>
              </value>
            </param>
          </params>
          <exception class="org.testng.SkipException">
            <message>
              <![CDATA[Skipping execution for  :TFS ID_7138:Create new member - New Member form through sub account and save it as prospect first]]>
            </message>
            <full-stacktrace>
              <![CDATA[org.testng.SkipException: Skipping execution for  :TFS ID_7138:Create new member - New Member form through sub account and save it as prospect first
at driver.Driver.executeTestcase(Driver.java:83)
at java.base/jdk.internal.reflect.NativeMethodAccessorImpl.invoke0(Native Method)
at java.base/jdk.internal.reflect.NativeMethodAccessorImpl.invoke(NativeMethodAccessorImpl.java:62)
at java.base/jdk.internal.reflect.DelegatingMethodAccessorImpl.invoke(DelegatingMethodAccessorImpl.java:43)
at java.base/java.lang.reflect.Method.invoke(Method.java:566)
at org.testng.internal.MethodInvocationHelper.invokeMethod(MethodInvocationHelper.java:132)
at org.testng.internal.TestInvoker.invokeMethod(TestInvoker.java:599)
at org.testng.internal.TestInvoker.invokeTestMethod(TestInvoker.java:174)
at org.testng.internal.MethodRunner.runInSequence(MethodRunner.java:46)
at org.testng.internal.TestInvoker$MethodInvocationAgent.invoke(TestInvoker.java:822)
at org.testng.internal.TestInvoker.invokeTestMethods(TestInvoker.java:147)
at org.testng.internal.TestMethodWorker.invokeTestMethods(TestMethodWorker.java:146)
at org.testng.internal.TestMethodWorker.run(TestMethodWorker.java:128)
at java.base/java.util.ArrayList.forEach(ArrayList.java:1541)
at org.testng.TestRunner.privateRun(TestRunner.java:764)
at org.testng.TestRunner.run(TestRunner.java:585)
at org.testng.SuiteRunner.runTest(SuiteRunner.java:384)
at org.testng.SuiteRunner.runSequentially(SuiteRunner.java:378)
at org.testng.SuiteRunner.privateRun(SuiteRunner.java:337)
at org.testng.SuiteRunner.run(SuiteRunner.java:286)
at org.testng.SuiteRunnerWorker.runSuite(SuiteRunnerWorker.java:53)
at org.testng.SuiteRunnerWorker.run(SuiteRunnerWorker.java:96)
at org.testng.TestNG.runSuitesSequentially(TestNG.java:1218)
at org.testng.TestNG.runSuitesLocally(TestNG.java:1140)
at org.testng.TestNG.runSuites(TestNG.java:1069)
at org.testng.TestNG.run(TestNG.java:1037)
at org.testng.remote.AbstractRemoteTestNG.run(AbstractRemoteTestNG.java:115)
at org.testng.remote.RemoteTestNG.initAndRun(RemoteTestNG.java:251)
at org.testng.remote.RemoteTestNG.main(RemoteTestNG.java:77)
]]>
            </full-stacktrace>
          </exception> <!-- org.testng.SkipException -->
          <reporter-output>
          </reporter-output>
        </test-method> <!-- executeTestcase -->
        <test-method is-config="true" signature="Reports(org.testng.ITestResult)[pri:0, instance:driver.Driver@62163b39]" started-at="2021-10-04T16:36:14 IST" name="Reports" finished-at="2021-10-04T16:36:14 IST" duration-ms="143" status="PASS">
          <params>
            <param index="0">
              <value>
                <![CDATA[[TestResult name=executeTestcase status=SKIP method=Driver.executeTestcase(org.testng.ITestContext)[pri:0, instance:driver.Driver@62163b39] output={null}]]]>
              </value>
            </param>
          </params>
          <reporter-output>
          </reporter-output>
        </test-method> <!-- Reports -->
        <test-method signature="executeTestcase(org.testng.ITestContext)[pri:0, instance:driver.Driver@62163b39]" started-at="2021-10-04T16:36:14 IST" name="executeTestcase" finished-at="2021-10-04T16:36:14 IST" duration-ms="11" status="SKIP">
          <params>
            <param index="0">
              <value>
                <![CDATA[org.testng.TestRunner@5c1bd44c]]>
              </value>
            </param>
          </params>
          <exception class="org.testng.SkipException">
            <message>
              <![CDATA[Skipping execution for  :TFS ID_7140: Create new member - New Member entry form and Save it as prospect first]]>
            </message>
            <full-stacktrace>
              <![CDATA[org.testng.SkipException: Skipping execution for  :TFS ID_7140: Create new member - New Member entry form and Save it as prospect first
at driver.Driver.executeTestcase(Driver.java:83)
at java.base/jdk.internal.reflect.NativeMethodAccessorImpl.invoke0(Native Method)
at java.base/jdk.internal.reflect.NativeMethodAccessorImpl.invoke(NativeMethodAccessorImpl.java:62)
at java.base/jdk.internal.reflect.DelegatingMethodAccessorImpl.invoke(DelegatingMethodAccessorImpl.java:43)
at java.base/java.lang.reflect.Method.invoke(Method.java:566)
at org.testng.internal.MethodInvocationHelper.invokeMethod(MethodInvocationHelper.java:132)
at org.testng.internal.TestInvoker.invokeMethod(TestInvoker.java:599)
at org.testng.internal.TestInvoker.invokeTestMethod(TestInvoker.java:174)
at org.testng.internal.MethodRunner.runInSequence(MethodRunner.java:46)
at org.testng.internal.TestInvoker$MethodInvocationAgent.invoke(TestInvoker.java:822)
at org.testng.internal.TestInvoker.invokeTestMethods(TestInvoker.java:147)
at org.testng.internal.TestMethodWorker.invokeTestMethods(TestMethodWorker.java:146)
at org.testng.internal.TestMethodWorker.run(TestMethodWorker.java:128)
at java.base/java.util.ArrayList.forEach(ArrayList.java:1541)
at org.testng.TestRunner.privateRun(TestRunner.java:764)
at org.testng.TestRunner.run(TestRunner.java:585)
at org.testng.SuiteRunner.runTest(SuiteRunner.java:384)
at org.testng.SuiteRunner.runSequentially(SuiteRunner.java:378)
at org.testng.SuiteRunner.privateRun(SuiteRunner.java:337)
at org.testng.SuiteRunner.run(SuiteRunner.java:286)
at org.testng.SuiteRunnerWorker.runSuite(SuiteRunnerWorker.java:53)
at org.testng.SuiteRunnerWorker.run(SuiteRunnerWorker.java:96)
at org.testng.TestNG.runSuitesSequentially(TestNG.java:1218)
at org.testng.TestNG.runSuitesLocally(TestNG.java:1140)
at org.testng.TestNG.runSuites(TestNG.java:1069)
at org.testng.TestNG.run(TestNG.java:1037)
at org.testng.remote.AbstractRemoteTestNG.run(AbstractRemoteTestNG.java:115)
at org.testng.remote.RemoteTestNG.initAndRun(RemoteTestNG.java:251)
at org.testng.remote.RemoteTestNG.main(RemoteTestNG.java:77)
]]>
            </full-stacktrace>
          </exception> <!-- org.testng.SkipException -->
          <reporter-output>
          </reporter-output>
        </test-method> <!-- executeTestcase -->
        <test-method is-config="true" signature="Reports(org.testng.ITestResult)[pri:0, instance:driver.Driver@62163b39]" started-at="2021-10-04T16:36:14 IST" name="Reports" finished-at="2021-10-04T16:36:15 IST" duration-ms="144" status="PASS">
          <params>
            <param index="0">
              <value>
                <![CDATA[[TestResult name=executeTestcase status=SKIP method=Driver.executeTestcase(org.testng.ITestContext)[pri:0, instance:driver.Driver@62163b39] output={null}]]]>
              </value>
            </param>
          </params>
          <reporter-output>
          </reporter-output>
        </test-method> <!-- Reports -->
        <test-method signature="executeTestcase(org.testng.ITestContext)[pri:0, instance:driver.Driver@62163b39]" started-at="2021-10-04T16:36:15 IST" name="executeTestcase" finished-at="2021-10-04T16:36:15 IST" duration-ms="3" status="SKIP">
          <params>
            <param index="0">
              <value>
                <![CDATA[org.testng.TestRunner@5c1bd44c]]>
              </value>
            </param>
          </params>
          <exception class="org.testng.SkipException">
            <message>
              <![CDATA[Skipping execution for  :TFS ID_7139:Create new member - New Member entry form through sub account and save it as prospect first]]>
            </message>
            <full-stacktrace>
              <![CDATA[org.testng.SkipException: Skipping execution for  :TFS ID_7139:Create new member - New Member entry form through sub account and save it as prospect first
at driver.Driver.executeTestcase(Driver.java:83)
at java.base/jdk.internal.reflect.NativeMethodAccessorImpl.invoke0(Native Method)
at java.base/jdk.internal.reflect.NativeMethodAccessorImpl.invoke(NativeMethodAccessorImpl.java:62)
at java.base/jdk.internal.reflect.DelegatingMethodAccessorImpl.invoke(DelegatingMethodAccessorImpl.java:43)
at java.base/java.lang.reflect.Method.invoke(Method.java:566)
at org.testng.internal.MethodInvocationHelper.invokeMethod(MethodInvocationHelper.java:132)
at org.testng.internal.TestInvoker.invokeMethod(TestInvoker.java:599)
at org.testng.internal.TestInvoker.invokeTestMethod(TestInvoker.java:174)
at org.testng.internal.MethodRunner.runInSequence(MethodRunner.java:46)
at org.testng.internal.TestInvoker$MethodInvocationAgent.invoke(TestInvoker.java:822)
at org.testng.internal.TestInvoker.invokeTestMethods(TestInvoker.java:147)
at org.testng.internal.TestMethodWorker.invokeTestMethods(TestMethodWorker.java:146)
at org.testng.internal.TestMethodWorker.run(TestMethodWorker.java:128)
at java.base/java.util.ArrayList.forEach(ArrayList.java:1541)
at org.testng.TestRunner.privateRun(TestRunner.java:764)
at org.testng.TestRunner.run(TestRunner.java:585)
at org.testng.SuiteRunner.runTest(SuiteRunner.java:384)
at org.testng.SuiteRunner.runSequentially(SuiteRunner.java:378)
at org.testng.SuiteRunner.privateRun(SuiteRunner.java:337)
at org.testng.SuiteRunner.run(SuiteRunner.java:286)
at org.testng.SuiteRunnerWorker.runSuite(SuiteRunnerWorker.java:53)
at org.testng.SuiteRunnerWorker.run(SuiteRunnerWorker.java:96)
at org.testng.TestNG.runSuitesSequentially(TestNG.java:1218)
at org.testng.TestNG.runSuitesLocally(TestNG.java:1140)
at org.testng.TestNG.runSuites(TestNG.java:1069)
at org.testng.TestNG.run(TestNG.java:1037)
at org.testng.remote.AbstractRemoteTestNG.run(AbstractRemoteTestNG.java:115)
at org.testng.remote.RemoteTestNG.initAndRun(RemoteTestNG.java:251)
at org.testng.remote.RemoteTestNG.main(RemoteTestNG.java:77)
]]>
            </full-stacktrace>
          </exception> <!-- org.testng.SkipException -->
          <reporter-output>
          </reporter-output>
        </test-method> <!-- executeTestcase -->
        <test-method is-config="true" signature="Reports(org.testng.ITestResult)[pri:0, instance:driver.Driver@62163b39]" started-at="2021-10-04T16:36:15 IST" name="Reports" finished-at="2021-10-04T16:36:15 IST" duration-ms="135" status="PASS">
          <params>
            <param index="0">
              <value>
                <![CDATA[[TestResult name=executeTestcase status=SKIP method=Driver.executeTestcase(org.testng.ITestContext)[pri:0, instance:driver.Driver@62163b39] output={null}]]]>
              </value>
            </param>
          </params>
          <reporter-output>
          </reporter-output>
        </test-method> <!-- Reports -->
        <test-method signature="executeTestcase(org.testng.ITestContext)[pri:0, instance:driver.Driver@62163b39]" started-at="2021-10-04T16:36:15 IST" name="executeTestcase" finished-at="2021-10-04T16:36:15 IST" duration-ms="4" status="SKIP">
          <params>
            <param index="0">
              <value>
                <![CDATA[org.testng.TestRunner@5c1bd44c]]>
              </value>
            </param>
          </params>
          <exception class="org.testng.SkipException">
            <message>
              <![CDATA[Skipping execution for  :TFS ID_7141:Create new member - New Member form and Save it as member first]]>
            </message>
            <full-stacktrace>
              <![CDATA[org.testng.SkipException: Skipping execution for  :TFS ID_7141:Create new member - New Member form and Save it as member first
at driver.Driver.executeTestcase(Driver.java:83)
at java.base/jdk.internal.reflect.NativeMethodAccessorImpl.invoke0(Native Method)
at java.base/jdk.internal.reflect.NativeMethodAccessorImpl.invoke(NativeMethodAccessorImpl.java:62)
at java.base/jdk.internal.reflect.DelegatingMethodAccessorImpl.invoke(DelegatingMethodAccessorImpl.java:43)
at java.base/java.lang.reflect.Method.invoke(Method.java:566)
at org.testng.internal.MethodInvocationHelper.invokeMethod(MethodInvocationHelper.java:132)
at org.testng.internal.TestInvoker.invokeMethod(TestInvoker.java:599)
at org.testng.internal.TestInvoker.invokeTestMethod(TestInvoker.java:174)
at org.testng.internal.MethodRunner.runInSequence(MethodRunner.java:46)
at org.testng.internal.TestInvoker$MethodInvocationAgent.invoke(TestInvoker.java:822)
at org.testng.internal.TestInvoker.invokeTestMethods(TestInvoker.java:147)
at org.testng.internal.TestMethodWorker.invokeTestMethods(TestMethodWorker.java:146)
at org.testng.internal.TestMethodWorker.run(TestMethodWorker.java:128)
at java.base/java.util.ArrayList.forEach(ArrayList.java:1541)
at org.testng.TestRunner.privateRun(TestRunner.java:764)
at org.testng.TestRunner.run(TestRunner.java:585)
at org.testng.SuiteRunner.runTest(SuiteRunner.java:384)
at org.testng.SuiteRunner.runSequentially(SuiteRunner.java:378)
at org.testng.SuiteRunner.privateRun(SuiteRunner.java:337)
at org.testng.SuiteRunner.run(SuiteRunner.java:286)
at org.testng.SuiteRunnerWorker.runSuite(SuiteRunnerWorker.java:53)
at org.testng.SuiteRunnerWorker.run(SuiteRunnerWorker.java:96)
at org.testng.TestNG.runSuitesSequentially(TestNG.java:1218)
at org.testng.TestNG.runSuitesLocally(TestNG.java:1140)
at org.testng.TestNG.runSuites(TestNG.java:1069)
at org.testng.TestNG.run(TestNG.java:1037)
at org.testng.remote.AbstractRemoteTestNG.run(AbstractRemoteTestNG.java:115)
at org.testng.remote.RemoteTestNG.initAndRun(RemoteTestNG.java:251)
at org.testng.remote.RemoteTestNG.main(RemoteTestNG.java:77)
]]>
            </full-stacktrace>
          </exception> <!-- org.testng.SkipException -->
          <reporter-output>
          </reporter-output>
        </test-method> <!-- executeTestcase -->
        <test-method is-config="true" signature="Reports(org.testng.ITestResult)[pri:0, instance:driver.Driver@62163b39]" started-at="2021-10-04T16:36:15 IST" name="Reports" finished-at="2021-10-04T16:36:15 IST" duration-ms="159" status="PASS">
          <params>
            <param index="0">
              <value>
                <![CDATA[[TestResult name=executeTestcase status=SKIP method=Driver.executeTestcase(org.testng.ITestContext)[pri:0, instance:driver.Driver@62163b39] output={null}]]]>
              </value>
            </param>
          </params>
          <reporter-output>
          </reporter-output>
        </test-method> <!-- Reports -->
        <test-method signature="executeTestcase(org.testng.ITestContext)[pri:0, instance:driver.Driver@62163b39]" started-at="2021-10-04T16:36:15 IST" name="executeTestcase" finished-at="2021-10-04T16:36:15 IST" duration-ms="4" status="SKIP">
          <params>
            <param index="0">
              <value>
                <![CDATA[org.testng.TestRunner@5c1bd44c]]>
              </value>
            </param>
          </params>
          <exception class="org.testng.SkipException">
            <message>
              <![CDATA[Skipping execution for  :TFS ID_7142: Create new member - New Member entry form and Save it as member first]]>
            </message>
            <full-stacktrace>
              <![CDATA[org.testng.SkipException: Skipping execution for  :TFS ID_7142: Create new member - New Member entry form and Save it as member first
at driver.Driver.executeTestcase(Driver.java:83)
at java.base/jdk.internal.reflect.NativeMethodAccessorImpl.invoke0(Native Method)
at java.base/jdk.internal.reflect.NativeMethodAccessorImpl.invoke(NativeMethodAccessorImpl.java:62)
at java.base/jdk.internal.reflect.DelegatingMethodAccessorImpl.invoke(DelegatingMethodAccessorImpl.java:43)
at java.base/java.lang.reflect.Method.invoke(Method.java:566)
at org.testng.internal.MethodInvocationHelper.invokeMethod(MethodInvocationHelper.java:132)
at org.testng.internal.TestInvoker.invokeMethod(TestInvoker.java:599)
at org.testng.internal.TestInvoker.invokeTestMethod(TestInvoker.java:174)
at org.testng.internal.MethodRunner.runInSequence(MethodRunner.java:46)
at org.testng.internal.TestInvoker$MethodInvocationAgent.invoke(TestInvoker.java:822)
at org.testng.internal.TestInvoker.invokeTestMethods(TestInvoker.java:147)
at org.testng.internal.TestMethodWorker.invokeTestMethods(TestMethodWorker.java:146)
at org.testng.internal.TestMethodWorker.run(TestMethodWorker.java:128)
at java.base/java.util.ArrayList.forEach(ArrayList.java:1541)
at org.testng.TestRunner.privateRun(TestRunner.java:764)
at org.testng.TestRunner.run(TestRunner.java:585)
at org.testng.SuiteRunner.runTest(SuiteRunner.java:384)
at org.testng.SuiteRunner.runSequentially(SuiteRunner.java:378)
at org.testng.SuiteRunner.privateRun(SuiteRunner.java:337)
at org.testng.SuiteRunner.run(SuiteRunner.java:286)
at org.testng.SuiteRunnerWorker.runSuite(SuiteRunnerWorker.java:53)
at org.testng.SuiteRunnerWorker.run(SuiteRunnerWorker.java:96)
at org.testng.TestNG.runSuitesSequentially(TestNG.java:1218)
at org.testng.TestNG.runSuitesLocally(TestNG.java:1140)
at org.testng.TestNG.runSuites(TestNG.java:1069)
at org.testng.TestNG.run(TestNG.java:1037)
at org.testng.remote.AbstractRemoteTestNG.run(AbstractRemoteTestNG.java:115)
at org.testng.remote.RemoteTestNG.initAndRun(RemoteTestNG.java:251)
at org.testng.remote.RemoteTestNG.main(RemoteTestNG.java:77)
]]>
            </full-stacktrace>
          </exception> <!-- org.testng.SkipException -->
          <reporter-output>
          </reporter-output>
        </test-method> <!-- executeTestcase -->
        <test-method is-config="true" signature="Reports(org.testng.ITestResult)[pri:0, instance:driver.Driver@62163b39]" started-at="2021-10-04T16:36:15 IST" name="Reports" finished-at="2021-10-04T16:36:15 IST" duration-ms="109" status="PASS">
          <params>
            <param index="0">
              <value>
                <![CDATA[[TestResult name=executeTestcase status=SKIP method=Driver.executeTestcase(org.testng.ITestContext)[pri:0, instance:driver.Driver@62163b39] output={null}]]]>
              </value>
            </param>
          </params>
          <reporter-output>
          </reporter-output>
        </test-method> <!-- Reports -->
        <test-method signature="executeTestcase(org.testng.ITestContext)[pri:0, instance:driver.Driver@62163b39]" started-at="2021-10-04T16:36:15 IST" name="executeTestcase" finished-at="2021-10-04T16:36:15 IST" duration-ms="5" status="SKIP">
          <params>
            <param index="0">
              <value>
                <![CDATA[org.testng.TestRunner@5c1bd44c]]>
              </value>
            </param>
          </params>
          <exception class="org.testng.SkipException">
            <message>
              <![CDATA[Skipping execution for  :TFS ID_7143:Create new Top Parent member - New Member form and Save it as prospect first]]>
            </message>
            <full-stacktrace>
              <![CDATA[org.testng.SkipException: Skipping execution for  :TFS ID_7143:Create new Top Parent member - New Member form and Save it as prospect first
at driver.Driver.executeTestcase(Driver.java:83)
at java.base/jdk.internal.reflect.NativeMethodAccessorImpl.invoke0(Native Method)
at java.base/jdk.internal.reflect.NativeMethodAccessorImpl.invoke(NativeMethodAccessorImpl.java:62)
at java.base/jdk.internal.reflect.DelegatingMethodAccessorImpl.invoke(DelegatingMethodAccessorImpl.java:43)
at java.base/java.lang.reflect.Method.invoke(Method.java:566)
at org.testng.internal.MethodInvocationHelper.invokeMethod(MethodInvocationHelper.java:132)
at org.testng.internal.TestInvoker.invokeMethod(TestInvoker.java:599)
at org.testng.internal.TestInvoker.invokeTestMethod(TestInvoker.java:174)
at org.testng.internal.MethodRunner.runInSequence(MethodRunner.java:46)
at org.testng.internal.TestInvoker$MethodInvocationAgent.invoke(TestInvoker.java:822)
at org.testng.internal.TestInvoker.invokeTestMethods(TestInvoker.java:147)
at org.testng.internal.TestMethodWorker.invokeTestMethods(TestMethodWorker.java:146)
at org.testng.internal.TestMethodWorker.run(TestMethodWorker.java:128)
at java.base/java.util.ArrayList.forEach(ArrayList.java:1541)
at org.testng.TestRunner.privateRun(TestRunner.java:764)
at org.testng.TestRunner.run(TestRunner.java:585)
at org.testng.SuiteRunner.runTest(SuiteRunner.java:384)
at org.testng.SuiteRunner.runSequentially(SuiteRunner.java:378)
at org.testng.SuiteRunner.privateRun(SuiteRunner.java:337)
at org.testng.SuiteRunner.run(SuiteRunner.java:286)
at org.testng.SuiteRunnerWorker.runSuite(SuiteRunnerWorker.java:53)
at org.testng.SuiteRunnerWorker.run(SuiteRunnerWorker.java:96)
at org.testng.TestNG.runSuitesSequentially(TestNG.java:1218)
at org.testng.TestNG.runSuitesLocally(TestNG.java:1140)
at org.testng.TestNG.runSuites(TestNG.java:1069)
at org.testng.TestNG.run(TestNG.java:1037)
at org.testng.remote.AbstractRemoteTestNG.run(AbstractRemoteTestNG.java:115)
at org.testng.remote.RemoteTestNG.initAndRun(RemoteTestNG.java:251)
at org.testng.remote.RemoteTestNG.main(RemoteTestNG.java:77)
]]>
            </full-stacktrace>
          </exception> <!-- org.testng.SkipException -->
          <reporter-output>
          </reporter-output>
        </test-method> <!-- executeTestcase -->
        <test-method is-config="true" signature="Reports(org.testng.ITestResult)[pri:0, instance:driver.Driver@62163b39]" started-at="2021-10-04T16:36:15 IST" name="Reports" finished-at="2021-10-04T16:36:15 IST" duration-ms="100" status="PASS">
          <params>
            <param index="0">
              <value>
                <![CDATA[[TestResult name=executeTestcase status=SKIP method=Driver.executeTestcase(org.testng.ITestContext)[pri:0, instance:driver.Driver@62163b39] output={null}]]]>
              </value>
            </param>
          </params>
          <reporter-output>
          </reporter-output>
        </test-method> <!-- Reports -->
        <test-method signature="executeTestcase(org.testng.ITestContext)[pri:0, instance:driver.Driver@62163b39]" started-at="2021-10-04T16:36:15 IST" name="executeTestcase" finished-at="2021-10-04T16:36:15 IST" duration-ms="4" status="SKIP">
          <params>
            <param index="0">
              <value>
                <![CDATA[org.testng.TestRunner@5c1bd44c]]>
              </value>
            </param>
          </params>
          <exception class="org.testng.SkipException">
            <message>
              <![CDATA[Skipping execution for  :TFS ID_7144:Create new Top Parent member - New Member form and Save it as Member first]]>
            </message>
            <full-stacktrace>
              <![CDATA[org.testng.SkipException: Skipping execution for  :TFS ID_7144:Create new Top Parent member - New Member form and Save it as Member first
at driver.Driver.executeTestcase(Driver.java:83)
at java.base/jdk.internal.reflect.NativeMethodAccessorImpl.invoke0(Native Method)
at java.base/jdk.internal.reflect.NativeMethodAccessorImpl.invoke(NativeMethodAccessorImpl.java:62)
at java.base/jdk.internal.reflect.DelegatingMethodAccessorImpl.invoke(DelegatingMethodAccessorImpl.java:43)
at java.base/java.lang.reflect.Method.invoke(Method.java:566)
at org.testng.internal.MethodInvocationHelper.invokeMethod(MethodInvocationHelper.java:132)
at org.testng.internal.TestInvoker.invokeMethod(TestInvoker.java:599)
at org.testng.internal.TestInvoker.invokeTestMethod(TestInvoker.java:174)
at org.testng.internal.MethodRunner.runInSequence(MethodRunner.java:46)
at org.testng.internal.TestInvoker$MethodInvocationAgent.invoke(TestInvoker.java:822)
at org.testng.internal.TestInvoker.invokeTestMethods(TestInvoker.java:147)
at org.testng.internal.TestMethodWorker.invokeTestMethods(TestMethodWorker.java:146)
at org.testng.internal.TestMethodWorker.run(TestMethodWorker.java:128)
at java.base/java.util.ArrayList.forEach(ArrayList.java:1541)
at org.testng.TestRunner.privateRun(TestRunner.java:764)
at org.testng.TestRunner.run(TestRunner.java:585)
at org.testng.SuiteRunner.runTest(SuiteRunner.java:384)
at org.testng.SuiteRunner.runSequentially(SuiteRunner.java:378)
at org.testng.SuiteRunner.privateRun(SuiteRunner.java:337)
at org.testng.SuiteRunner.run(SuiteRunner.java:286)
at org.testng.SuiteRunnerWorker.runSuite(SuiteRunnerWorker.java:53)
at org.testng.SuiteRunnerWorker.run(SuiteRunnerWorker.java:96)
at org.testng.TestNG.runSuitesSequentially(TestNG.java:1218)
at org.testng.TestNG.runSuitesLocally(TestNG.java:1140)
at org.testng.TestNG.runSuites(TestNG.java:1069)
at org.testng.TestNG.run(TestNG.java:1037)
at org.testng.remote.AbstractRemoteTestNG.run(AbstractRemoteTestNG.java:115)
at org.testng.remote.RemoteTestNG.initAndRun(RemoteTestNG.java:251)
at org.testng.remote.RemoteTestNG.main(RemoteTestNG.java:77)
]]>
            </full-stacktrace>
          </exception> <!-- org.testng.SkipException -->
          <reporter-output>
          </reporter-output>
        </test-method> <!-- executeTestcase -->
        <test-method is-config="true" signature="Reports(org.testng.ITestResult)[pri:0, instance:driver.Driver@62163b39]" started-at="2021-10-04T16:36:15 IST" name="Reports" finished-at="2021-10-04T16:36:15 IST" duration-ms="86" status="PASS">
          <params>
            <param index="0">
              <value>
                <![CDATA[[TestResult name=executeTestcase status=SKIP method=Driver.executeTestcase(org.testng.ITestContext)[pri:0, instance:driver.Driver@62163b39] output={null}]]]>
              </value>
            </param>
          </params>
          <reporter-output>
          </reporter-output>
        </test-method> <!-- Reports -->
        <test-method signature="executeTestcase(org.testng.ITestContext)[pri:0, instance:driver.Driver@62163b39]" started-at="2021-10-04T16:36:15 IST" name="executeTestcase" finished-at="2021-10-04T16:36:15 IST" duration-ms="7" status="SKIP">
          <params>
            <param index="0">
              <value>
                <![CDATA[org.testng.TestRunner@5c1bd44c]]>
              </value>
            </param>
          </params>
          <exception class="org.testng.SkipException">
            <message>
              <![CDATA[Skipping execution for  :TFS ID_7146:Create new Shipto account - New Member form and Save it as prospect first]]>
            </message>
            <full-stacktrace>
              <![CDATA[org.testng.SkipException: Skipping execution for  :TFS ID_7146:Create new Shipto account - New Member form and Save it as prospect first
at driver.Driver.executeTestcase(Driver.java:83)
at java.base/jdk.internal.reflect.NativeMethodAccessorImpl.invoke0(Native Method)
at java.base/jdk.internal.reflect.NativeMethodAccessorImpl.invoke(NativeMethodAccessorImpl.java:62)
at java.base/jdk.internal.reflect.DelegatingMethodAccessorImpl.invoke(DelegatingMethodAccessorImpl.java:43)
at java.base/java.lang.reflect.Method.invoke(Method.java:566)
at org.testng.internal.MethodInvocationHelper.invokeMethod(MethodInvocationHelper.java:132)
at org.testng.internal.TestInvoker.invokeMethod(TestInvoker.java:599)
at org.testng.internal.TestInvoker.invokeTestMethod(TestInvoker.java:174)
at org.testng.internal.MethodRunner.runInSequence(MethodRunner.java:46)
at org.testng.internal.TestInvoker$MethodInvocationAgent.invoke(TestInvoker.java:822)
at org.testng.internal.TestInvoker.invokeTestMethods(TestInvoker.java:147)
at org.testng.internal.TestMethodWorker.invokeTestMethods(TestMethodWorker.java:146)
at org.testng.internal.TestMethodWorker.run(TestMethodWorker.java:128)
at java.base/java.util.ArrayList.forEach(ArrayList.java:1541)
at org.testng.TestRunner.privateRun(TestRunner.java:764)
at org.testng.TestRunner.run(TestRunner.java:585)
at org.testng.SuiteRunner.runTest(SuiteRunner.java:384)
at org.testng.SuiteRunner.runSequentially(SuiteRunner.java:378)
at org.testng.SuiteRunner.privateRun(SuiteRunner.java:337)
at org.testng.SuiteRunner.run(SuiteRunner.java:286)
at org.testng.SuiteRunnerWorker.runSuite(SuiteRunnerWorker.java:53)
at org.testng.SuiteRunnerWorker.run(SuiteRunnerWorker.java:96)
at org.testng.TestNG.runSuitesSequentially(TestNG.java:1218)
at org.testng.TestNG.runSuitesLocally(TestNG.java:1140)
at org.testng.TestNG.runSuites(TestNG.java:1069)
at org.testng.TestNG.run(TestNG.java:1037)
at org.testng.remote.AbstractRemoteTestNG.run(AbstractRemoteTestNG.java:115)
at org.testng.remote.RemoteTestNG.initAndRun(RemoteTestNG.java:251)
at org.testng.remote.RemoteTestNG.main(RemoteTestNG.java:77)
]]>
            </full-stacktrace>
          </exception> <!-- org.testng.SkipException -->
          <reporter-output>
          </reporter-output>
        </test-method> <!-- executeTestcase -->
        <test-method is-config="true" signature="Reports(org.testng.ITestResult)[pri:0, instance:driver.Driver@62163b39]" started-at="2021-10-04T16:36:15 IST" name="Reports" finished-at="2021-10-04T16:36:15 IST" duration-ms="90" status="PASS">
          <params>
            <param index="0">
              <value>
                <![CDATA[[TestResult name=executeTestcase status=SKIP method=Driver.executeTestcase(org.testng.ITestContext)[pri:0, instance:driver.Driver@62163b39] output={null}]]]>
              </value>
            </param>
          </params>
          <reporter-output>
          </reporter-output>
        </test-method> <!-- Reports -->
        <test-method signature="executeTestcase(org.testng.ITestContext)[pri:0, instance:driver.Driver@62163b39]" started-at="2021-10-04T16:36:15 IST" name="executeTestcase" finished-at="2021-10-04T16:36:15 IST" duration-ms="3" status="SKIP">
          <params>
            <param index="0">
              <value>
                <![CDATA[org.testng.TestRunner@5c1bd44c]]>
              </value>
            </param>
          </params>
          <exception class="org.testng.SkipException">
            <message>
              <![CDATA[Skipping execution for  :TFS ID_7147:Create new Shipto account - New Member form through sub account and save it as prospect first]]>
            </message>
            <full-stacktrace>
              <![CDATA[org.testng.SkipException: Skipping execution for  :TFS ID_7147:Create new Shipto account - New Member form through sub account and save it as prospect first
at driver.Driver.executeTestcase(Driver.java:83)
at java.base/jdk.internal.reflect.NativeMethodAccessorImpl.invoke0(Native Method)
at java.base/jdk.internal.reflect.NativeMethodAccessorImpl.invoke(NativeMethodAccessorImpl.java:62)
at java.base/jdk.internal.reflect.DelegatingMethodAccessorImpl.invoke(DelegatingMethodAccessorImpl.java:43)
at java.base/java.lang.reflect.Method.invoke(Method.java:566)
at org.testng.internal.MethodInvocationHelper.invokeMethod(MethodInvocationHelper.java:132)
at org.testng.internal.TestInvoker.invokeMethod(TestInvoker.java:599)
at org.testng.internal.TestInvoker.invokeTestMethod(TestInvoker.java:174)
at org.testng.internal.MethodRunner.runInSequence(MethodRunner.java:46)
at org.testng.internal.TestInvoker$MethodInvocationAgent.invoke(TestInvoker.java:822)
at org.testng.internal.TestInvoker.invokeTestMethods(TestInvoker.java:147)
at org.testng.internal.TestMethodWorker.invokeTestMethods(TestMethodWorker.java:146)
at org.testng.internal.TestMethodWorker.run(TestMethodWorker.java:128)
at java.base/java.util.ArrayList.forEach(ArrayList.java:1541)
at org.testng.TestRunner.privateRun(TestRunner.java:764)
at org.testng.TestRunner.run(TestRunner.java:585)
at org.testng.SuiteRunner.runTest(SuiteRunner.java:384)
at org.testng.SuiteRunner.runSequentially(SuiteRunner.java:378)
at org.testng.SuiteRunner.privateRun(SuiteRunner.java:337)
at org.testng.SuiteRunner.run(SuiteRunner.java:286)
at org.testng.SuiteRunnerWorker.runSuite(SuiteRunnerWorker.java:53)
at org.testng.SuiteRunnerWorker.run(SuiteRunnerWorker.java:96)
at org.testng.TestNG.runSuitesSequentially(TestNG.java:1218)
at org.testng.TestNG.runSuitesLocally(TestNG.java:1140)
at org.testng.TestNG.runSuites(TestNG.java:1069)
at org.testng.TestNG.run(TestNG.java:1037)
at org.testng.remote.AbstractRemoteTestNG.run(AbstractRemoteTestNG.java:115)
at org.testng.remote.RemoteTestNG.initAndRun(RemoteTestNG.java:251)
at org.testng.remote.RemoteTestNG.main(RemoteTestNG.java:77)
]]>
            </full-stacktrace>
          </exception> <!-- org.testng.SkipException -->
          <reporter-output>
          </reporter-output>
        </test-method> <!-- executeTestcase -->
        <test-method is-config="true" signature="Reports(org.testng.ITestResult)[pri:0, instance:driver.Driver@62163b39]" started-at="2021-10-04T16:36:15 IST" name="Reports" finished-at="2021-10-04T16:36:15 IST" duration-ms="95" status="PASS">
          <params>
            <param index="0">
              <value>
                <![CDATA[[TestResult name=executeTestcase status=SKIP method=Driver.executeTestcase(org.testng.ITestContext)[pri:0, instance:driver.Driver@62163b39] output={null}]]]>
              </value>
            </param>
          </params>
          <reporter-output>
          </reporter-output>
        </test-method> <!-- Reports -->
        <test-method signature="executeTestcase(org.testng.ITestContext)[pri:0, instance:driver.Driver@62163b39]" started-at="2021-10-04T16:36:15 IST" name="executeTestcase" finished-at="2021-10-04T16:36:15 IST" duration-ms="4" status="SKIP">
          <params>
            <param index="0">
              <value>
                <![CDATA[org.testng.TestRunner@5c1bd44c]]>
              </value>
            </param>
          </params>
          <exception class="org.testng.SkipException">
            <message>
              <![CDATA[Skipping execution for  :TFS ID_7148:Create new Shipto account - New Member entry form and Save it as prospect first]]>
            </message>
            <full-stacktrace>
              <![CDATA[org.testng.SkipException: Skipping execution for  :TFS ID_7148:Create new Shipto account - New Member entry form and Save it as prospect first
at driver.Driver.executeTestcase(Driver.java:83)
at java.base/jdk.internal.reflect.NativeMethodAccessorImpl.invoke0(Native Method)
at java.base/jdk.internal.reflect.NativeMethodAccessorImpl.invoke(NativeMethodAccessorImpl.java:62)
at java.base/jdk.internal.reflect.DelegatingMethodAccessorImpl.invoke(DelegatingMethodAccessorImpl.java:43)
at java.base/java.lang.reflect.Method.invoke(Method.java:566)
at org.testng.internal.MethodInvocationHelper.invokeMethod(MethodInvocationHelper.java:132)
at org.testng.internal.TestInvoker.invokeMethod(TestInvoker.java:599)
at org.testng.internal.TestInvoker.invokeTestMethod(TestInvoker.java:174)
at org.testng.internal.MethodRunner.runInSequence(MethodRunner.java:46)
at org.testng.internal.TestInvoker$MethodInvocationAgent.invoke(TestInvoker.java:822)
at org.testng.internal.TestInvoker.invokeTestMethods(TestInvoker.java:147)
at org.testng.internal.TestMethodWorker.invokeTestMethods(TestMethodWorker.java:146)
at org.testng.internal.TestMethodWorker.run(TestMethodWorker.java:128)
at java.base/java.util.ArrayList.forEach(ArrayList.java:1541)
at org.testng.TestRunner.privateRun(TestRunner.java:764)
at org.testng.TestRunner.run(TestRunner.java:585)
at org.testng.SuiteRunner.runTest(SuiteRunner.java:384)
at org.testng.SuiteRunner.runSequentially(SuiteRunner.java:378)
at org.testng.SuiteRunner.privateRun(SuiteRunner.java:337)
at org.testng.SuiteRunner.run(SuiteRunner.java:286)
at org.testng.SuiteRunnerWorker.runSuite(SuiteRunnerWorker.java:53)
at org.testng.SuiteRunnerWorker.run(SuiteRunnerWorker.java:96)
at org.testng.TestNG.runSuitesSequentially(TestNG.java:1218)
at org.testng.TestNG.runSuitesLocally(TestNG.java:1140)
at org.testng.TestNG.runSuites(TestNG.java:1069)
at org.testng.TestNG.run(TestNG.java:1037)
at org.testng.remote.AbstractRemoteTestNG.run(AbstractRemoteTestNG.java:115)
at org.testng.remote.RemoteTestNG.initAndRun(RemoteTestNG.java:251)
at org.testng.remote.RemoteTestNG.main(RemoteTestNG.java:77)
]]>
            </full-stacktrace>
          </exception> <!-- org.testng.SkipException -->
          <reporter-output>
          </reporter-output>
        </test-method> <!-- executeTestcase -->
        <test-method is-config="true" signature="Reports(org.testng.ITestResult)[pri:0, instance:driver.Driver@62163b39]" started-at="2021-10-04T16:36:15 IST" name="Reports" finished-at="2021-10-04T16:36:16 IST" duration-ms="87" status="PASS">
          <params>
            <param index="0">
              <value>
                <![CDATA[[TestResult name=executeTestcase status=SKIP method=Driver.executeTestcase(org.testng.ITestContext)[pri:0, instance:driver.Driver@62163b39] output={null}]]]>
              </value>
            </param>
          </params>
          <reporter-output>
          </reporter-output>
        </test-method> <!-- Reports -->
        <test-method signature="executeTestcase(org.testng.ITestContext)[pri:0, instance:driver.Driver@62163b39]" started-at="2021-10-04T16:36:16 IST" name="executeTestcase" finished-at="2021-10-04T16:36:16 IST" duration-ms="3" status="SKIP">
          <params>
            <param index="0">
              <value>
                <![CDATA[org.testng.TestRunner@5c1bd44c]]>
              </value>
            </param>
          </params>
          <exception class="org.testng.SkipException">
            <message>
              <![CDATA[Skipping execution for  :TFS ID_7149:Create new Shipto account for conversion scenario - New Member form and Save it as member first]]>
            </message>
            <full-stacktrace>
              <![CDATA[org.testng.SkipException: Skipping execution for  :TFS ID_7149:Create new Shipto account for conversion scenario - New Member form and Save it as member first
at driver.Driver.executeTestcase(Driver.java:83)
at java.base/jdk.internal.reflect.NativeMethodAccessorImpl.invoke0(Native Method)
at java.base/jdk.internal.reflect.NativeMethodAccessorImpl.invoke(NativeMethodAccessorImpl.java:62)
at java.base/jdk.internal.reflect.DelegatingMethodAccessorImpl.invoke(DelegatingMethodAccessorImpl.java:43)
at java.base/java.lang.reflect.Method.invoke(Method.java:566)
at org.testng.internal.MethodInvocationHelper.invokeMethod(MethodInvocationHelper.java:132)
at org.testng.internal.TestInvoker.invokeMethod(TestInvoker.java:599)
at org.testng.internal.TestInvoker.invokeTestMethod(TestInvoker.java:174)
at org.testng.internal.MethodRunner.runInSequence(MethodRunner.java:46)
at org.testng.internal.TestInvoker$MethodInvocationAgent.invoke(TestInvoker.java:822)
at org.testng.internal.TestInvoker.invokeTestMethods(TestInvoker.java:147)
at org.testng.internal.TestMethodWorker.invokeTestMethods(TestMethodWorker.java:146)
at org.testng.internal.TestMethodWorker.run(TestMethodWorker.java:128)
at java.base/java.util.ArrayList.forEach(ArrayList.java:1541)
at org.testng.TestRunner.privateRun(TestRunner.java:764)
at org.testng.TestRunner.run(TestRunner.java:585)
at org.testng.SuiteRunner.runTest(SuiteRunner.java:384)
at org.testng.SuiteRunner.runSequentially(SuiteRunner.java:378)
at org.testng.SuiteRunner.privateRun(SuiteRunner.java:337)
at org.testng.SuiteRunner.run(SuiteRunner.java:286)
at org.testng.SuiteRunnerWorker.runSuite(SuiteRunnerWorker.java:53)
at org.testng.SuiteRunnerWorker.run(SuiteRunnerWorker.java:96)
at org.testng.TestNG.runSuitesSequentially(TestNG.java:1218)
at org.testng.TestNG.runSuitesLocally(TestNG.java:1140)
at org.testng.TestNG.runSuites(TestNG.java:1069)
at org.testng.TestNG.run(TestNG.java:1037)
at org.testng.remote.AbstractRemoteTestNG.run(AbstractRemoteTestNG.java:115)
at org.testng.remote.RemoteTestNG.initAndRun(RemoteTestNG.java:251)
at org.testng.remote.RemoteTestNG.main(RemoteTestNG.java:77)
]]>
            </full-stacktrace>
          </exception> <!-- org.testng.SkipException -->
          <reporter-output>
          </reporter-output>
        </test-method> <!-- executeTestcase -->
        <test-method is-config="true" signature="Reports(org.testng.ITestResult)[pri:0, instance:driver.Driver@62163b39]" started-at="2021-10-04T16:36:16 IST" name="Reports" finished-at="2021-10-04T16:36:16 IST" duration-ms="83" status="PASS">
          <params>
            <param index="0">
              <value>
                <![CDATA[[TestResult name=executeTestcase status=SKIP method=Driver.executeTestcase(org.testng.ITestContext)[pri:0, instance:driver.Driver@62163b39] output={null}]]]>
              </value>
            </param>
          </params>
          <reporter-output>
          </reporter-output>
        </test-method> <!-- Reports -->
        <test-method signature="executeTestcase(org.testng.ITestContext)[pri:0, instance:driver.Driver@62163b39]" started-at="2021-10-04T16:36:16 IST" name="executeTestcase" finished-at="2021-10-04T16:36:16 IST" duration-ms="4" status="SKIP">
          <params>
            <param index="0">
              <value>
                <![CDATA[org.testng.TestRunner@5c1bd44c]]>
              </value>
            </param>
          </params>
          <exception class="org.testng.SkipException">
            <message>
              <![CDATA[Skipping execution for  :TFS ID_7150: Create new Shipto to main account conversion]]>
            </message>
            <full-stacktrace>
              <![CDATA[org.testng.SkipException: Skipping execution for  :TFS ID_7150: Create new Shipto to main account conversion
at driver.Driver.executeTestcase(Driver.java:83)
at java.base/jdk.internal.reflect.NativeMethodAccessorImpl.invoke0(Native Method)
at java.base/jdk.internal.reflect.NativeMethodAccessorImpl.invoke(NativeMethodAccessorImpl.java:62)
at java.base/jdk.internal.reflect.DelegatingMethodAccessorImpl.invoke(DelegatingMethodAccessorImpl.java:43)
at java.base/java.lang.reflect.Method.invoke(Method.java:566)
at org.testng.internal.MethodInvocationHelper.invokeMethod(MethodInvocationHelper.java:132)
at org.testng.internal.TestInvoker.invokeMethod(TestInvoker.java:599)
at org.testng.internal.TestInvoker.invokeTestMethod(TestInvoker.java:174)
at org.testng.internal.MethodRunner.runInSequence(MethodRunner.java:46)
at org.testng.internal.TestInvoker$MethodInvocationAgent.invoke(TestInvoker.java:822)
at org.testng.internal.TestInvoker.invokeTestMethods(TestInvoker.java:147)
at org.testng.internal.TestMethodWorker.invokeTestMethods(TestMethodWorker.java:146)
at org.testng.internal.TestMethodWorker.run(TestMethodWorker.java:128)
at java.base/java.util.ArrayList.forEach(ArrayList.java:1541)
at org.testng.TestRunner.privateRun(TestRunner.java:764)
at org.testng.TestRunner.run(TestRunner.java:585)
at org.testng.SuiteRunner.runTest(SuiteRunner.java:384)
at org.testng.SuiteRunner.runSequentially(SuiteRunner.java:378)
at org.testng.SuiteRunner.privateRun(SuiteRunner.java:337)
at org.testng.SuiteRunner.run(SuiteRunner.java:286)
at org.testng.SuiteRunnerWorker.runSuite(SuiteRunnerWorker.java:53)
at org.testng.SuiteRunnerWorker.run(SuiteRunnerWorker.java:96)
at org.testng.TestNG.runSuitesSequentially(TestNG.java:1218)
at org.testng.TestNG.runSuitesLocally(TestNG.java:1140)
at org.testng.TestNG.runSuites(TestNG.java:1069)
at org.testng.TestNG.run(TestNG.java:1037)
at org.testng.remote.AbstractRemoteTestNG.run(AbstractRemoteTestNG.java:115)
at org.testng.remote.RemoteTestNG.initAndRun(RemoteTestNG.java:251)
at org.testng.remote.RemoteTestNG.main(RemoteTestNG.java:77)
]]>
            </full-stacktrace>
          </exception> <!-- org.testng.SkipException -->
          <reporter-output>
          </reporter-output>
        </test-method> <!-- executeTestcase -->
        <test-method is-config="true" signature="Reports(org.testng.ITestResult)[pri:0, instance:driver.Driver@62163b39]" started-at="2021-10-04T16:36:16 IST" name="Reports" finished-at="2021-10-04T16:36:16 IST" duration-ms="92" status="PASS">
          <params>
            <param index="0">
              <value>
                <![CDATA[[TestResult name=executeTestcase status=SKIP method=Driver.executeTestcase(org.testng.ITestContext)[pri:0, instance:driver.Driver@62163b39] output={null}]]]>
              </value>
            </param>
          </params>
          <reporter-output>
          </reporter-output>
        </test-method> <!-- Reports -->
        <test-method signature="executeTestcase(org.testng.ITestContext)[pri:0, instance:driver.Driver@62163b39]" started-at="2021-10-04T16:36:16 IST" name="executeTestcase" finished-at="2021-10-04T16:36:16 IST" duration-ms="4" status="SKIP">
          <params>
            <param index="0">
              <value>
                <![CDATA[org.testng.TestRunner@5c1bd44c]]>
              </value>
            </param>
          </params>
          <exception class="org.testng.SkipException">
            <message>
              <![CDATA[Skipping execution for  :TFS ID_7151:Create new Bill to account - New Member form and Save it as prospect first]]>
            </message>
            <full-stacktrace>
              <![CDATA[org.testng.SkipException: Skipping execution for  :TFS ID_7151:Create new Bill to account - New Member form and Save it as prospect first
at driver.Driver.executeTestcase(Driver.java:83)
at java.base/jdk.internal.reflect.NativeMethodAccessorImpl.invoke0(Native Method)
at java.base/jdk.internal.reflect.NativeMethodAccessorImpl.invoke(NativeMethodAccessorImpl.java:62)
at java.base/jdk.internal.reflect.DelegatingMethodAccessorImpl.invoke(DelegatingMethodAccessorImpl.java:43)
at java.base/java.lang.reflect.Method.invoke(Method.java:566)
at org.testng.internal.MethodInvocationHelper.invokeMethod(MethodInvocationHelper.java:132)
at org.testng.internal.TestInvoker.invokeMethod(TestInvoker.java:599)
at org.testng.internal.TestInvoker.invokeTestMethod(TestInvoker.java:174)
at org.testng.internal.MethodRunner.runInSequence(MethodRunner.java:46)
at org.testng.internal.TestInvoker$MethodInvocationAgent.invoke(TestInvoker.java:822)
at org.testng.internal.TestInvoker.invokeTestMethods(TestInvoker.java:147)
at org.testng.internal.TestMethodWorker.invokeTestMethods(TestMethodWorker.java:146)
at org.testng.internal.TestMethodWorker.run(TestMethodWorker.java:128)
at java.base/java.util.ArrayList.forEach(ArrayList.java:1541)
at org.testng.TestRunner.privateRun(TestRunner.java:764)
at org.testng.TestRunner.run(TestRunner.java:585)
at org.testng.SuiteRunner.runTest(SuiteRunner.java:384)
at org.testng.SuiteRunner.runSequentially(SuiteRunner.java:378)
at org.testng.SuiteRunner.privateRun(SuiteRunner.java:337)
at org.testng.SuiteRunner.run(SuiteRunner.java:286)
at org.testng.SuiteRunnerWorker.runSuite(SuiteRunnerWorker.java:53)
at org.testng.SuiteRunnerWorker.run(SuiteRunnerWorker.java:96)
at org.testng.TestNG.runSuitesSequentially(TestNG.java:1218)
at org.testng.TestNG.runSuitesLocally(TestNG.java:1140)
at org.testng.TestNG.runSuites(TestNG.java:1069)
at org.testng.TestNG.run(TestNG.java:1037)
at org.testng.remote.AbstractRemoteTestNG.run(AbstractRemoteTestNG.java:115)
at org.testng.remote.RemoteTestNG.initAndRun(RemoteTestNG.java:251)
at org.testng.remote.RemoteTestNG.main(RemoteTestNG.java:77)
]]>
            </full-stacktrace>
          </exception> <!-- org.testng.SkipException -->
          <reporter-output>
          </reporter-output>
        </test-method> <!-- executeTestcase -->
        <test-method is-config="true" signature="Reports(org.testng.ITestResult)[pri:0, instance:driver.Driver@62163b39]" started-at="2021-10-04T16:36:16 IST" name="Reports" finished-at="2021-10-04T16:36:16 IST" duration-ms="94" status="PASS">
          <params>
            <param index="0">
              <value>
                <![CDATA[[TestResult name=executeTestcase status=SKIP method=Driver.executeTestcase(org.testng.ITestContext)[pri:0, instance:driver.Driver@62163b39] output={null}]]]>
              </value>
            </param>
          </params>
          <reporter-output>
          </reporter-output>
        </test-method> <!-- Reports -->
        <test-method signature="executeTestcase(org.testng.ITestContext)[pri:0, instance:driver.Driver@62163b39]" started-at="2021-10-04T16:36:16 IST" name="executeTestcase" finished-at="2021-10-04T16:36:16 IST" duration-ms="3" status="SKIP">
          <params>
            <param index="0">
              <value>
                <![CDATA[org.testng.TestRunner@5c1bd44c]]>
              </value>
            </param>
          </params>
          <exception class="org.testng.SkipException">
            <message>
              <![CDATA[Skipping execution for  :TFS ID_7152: Create new Mail to account - New Member form and Save it as prospect first]]>
            </message>
            <full-stacktrace>
              <![CDATA[org.testng.SkipException: Skipping execution for  :TFS ID_7152: Create new Mail to account - New Member form and Save it as prospect first
at driver.Driver.executeTestcase(Driver.java:83)
at java.base/jdk.internal.reflect.NativeMethodAccessorImpl.invoke0(Native Method)
at java.base/jdk.internal.reflect.NativeMethodAccessorImpl.invoke(NativeMethodAccessorImpl.java:62)
at java.base/jdk.internal.reflect.DelegatingMethodAccessorImpl.invoke(DelegatingMethodAccessorImpl.java:43)
at java.base/java.lang.reflect.Method.invoke(Method.java:566)
at org.testng.internal.MethodInvocationHelper.invokeMethod(MethodInvocationHelper.java:132)
at org.testng.internal.TestInvoker.invokeMethod(TestInvoker.java:599)
at org.testng.internal.TestInvoker.invokeTestMethod(TestInvoker.java:174)
at org.testng.internal.MethodRunner.runInSequence(MethodRunner.java:46)
at org.testng.internal.TestInvoker$MethodInvocationAgent.invoke(TestInvoker.java:822)
at org.testng.internal.TestInvoker.invokeTestMethods(TestInvoker.java:147)
at org.testng.internal.TestMethodWorker.invokeTestMethods(TestMethodWorker.java:146)
at org.testng.internal.TestMethodWorker.run(TestMethodWorker.java:128)
at java.base/java.util.ArrayList.forEach(ArrayList.java:1541)
at org.testng.TestRunner.privateRun(TestRunner.java:764)
at org.testng.TestRunner.run(TestRunner.java:585)
at org.testng.SuiteRunner.runTest(SuiteRunner.java:384)
at org.testng.SuiteRunner.runSequentially(SuiteRunner.java:378)
at org.testng.SuiteRunner.privateRun(SuiteRunner.java:337)
at org.testng.SuiteRunner.run(SuiteRunner.java:286)
at org.testng.SuiteRunnerWorker.runSuite(SuiteRunnerWorker.java:53)
at org.testng.SuiteRunnerWorker.run(SuiteRunnerWorker.java:96)
at org.testng.TestNG.runSuitesSequentially(TestNG.java:1218)
at org.testng.TestNG.runSuitesLocally(TestNG.java:1140)
at org.testng.TestNG.runSuites(TestNG.java:1069)
at org.testng.TestNG.run(TestNG.java:1037)
at org.testng.remote.AbstractRemoteTestNG.run(AbstractRemoteTestNG.java:115)
at org.testng.remote.RemoteTestNG.initAndRun(RemoteTestNG.java:251)
at org.testng.remote.RemoteTestNG.main(RemoteTestNG.java:77)
]]>
            </full-stacktrace>
          </exception> <!-- org.testng.SkipException -->
          <reporter-output>
          </reporter-output>
        </test-method> <!-- executeTestcase -->
        <test-method is-config="true" signature="Reports(org.testng.ITestResult)[pri:0, instance:driver.Driver@62163b39]" started-at="2021-10-04T16:36:16 IST" name="Reports" finished-at="2021-10-04T16:36:16 IST" duration-ms="86" status="PASS">
          <params>
            <param index="0">
              <value>
                <![CDATA[[TestResult name=executeTestcase status=SKIP method=Driver.executeTestcase(org.testng.ITestContext)[pri:0, instance:driver.Driver@62163b39] output={null}]]]>
              </value>
            </param>
          </params>
          <reporter-output>
          </reporter-output>
        </test-method> <!-- Reports -->
        <test-method signature="executeTestcase(org.testng.ITestContext)[pri:0, instance:driver.Driver@62163b39]" started-at="2021-10-04T16:36:16 IST" name="executeTestcase" finished-at="2021-10-04T16:41:26 IST" duration-ms="309598" status="PASS">
          <params>
            <param index="0">
              <value>
                <![CDATA[org.testng.TestRunner@5c1bd44c]]>
              </value>
            </param>
          </params>
          <reporter-output>
          </reporter-output>
        </test-method> <!-- executeTestcase -->
        <test-method is-config="true" signature="Reports(org.testng.ITestResult)[pri:0, instance:driver.Driver@62163b39]" started-at="2021-10-04T16:41:26 IST" name="Reports" finished-at="2021-10-04T16:41:26 IST" duration-ms="95" status="PASS">
          <params>
            <param index="0">
              <value>
                <![CDATA[[TestResult name=executeTestcase status=SUCCESS method=Driver.executeTestcase(org.testng.ITestContext)[pri:0, instance:driver.Driver@62163b39] output={null}]]]>
              </value>
            </param>
          </params>
          <reporter-output>
          </reporter-output>
        </test-method> <!-- Reports -->
        <test-method signature="executeTestcase(org.testng.ITestContext)[pri:0, instance:driver.Driver@62163b39]" started-at="2021-10-04T16:41:26 IST" name="executeTestcase" finished-at="2021-10-04T16:41:26 IST" duration-ms="3" status="SKIP">
          <params>
            <param index="0">
              <value>
                <![CDATA[org.testng.TestRunner@5c1bd44c]]>
              </value>
            </param>
          </params>
          <exception class="org.testng.SkipException">
            <message>
              <![CDATA[Skipping execution for  :TFS ID_7312: Add and update Primary contact to a Member account]]>
            </message>
            <full-stacktrace>
              <![CDATA[org.testng.SkipException: Skipping execution for  :TFS ID_7312: Add and update Primary contact to a Member account
at driver.Driver.executeTestcase(Driver.java:83)
at jdk.internal.reflect.GeneratedMethodAccessor1.invoke(Unknown Source)
at java.base/jdk.internal.reflect.DelegatingMethodAccessorImpl.invoke(DelegatingMethodAccessorImpl.java:43)
at java.base/java.lang.reflect.Method.invoke(Method.java:566)
at org.testng.internal.MethodInvocationHelper.invokeMethod(MethodInvocationHelper.java:132)
at org.testng.internal.TestInvoker.invokeMethod(TestInvoker.java:599)
at org.testng.internal.TestInvoker.invokeTestMethod(TestInvoker.java:174)
at org.testng.internal.MethodRunner.runInSequence(MethodRunner.java:46)
at org.testng.internal.TestInvoker$MethodInvocationAgent.invoke(TestInvoker.java:822)
at org.testng.internal.TestInvoker.invokeTestMethods(TestInvoker.java:147)
at org.testng.internal.TestMethodWorker.invokeTestMethods(TestMethodWorker.java:146)
at org.testng.internal.TestMethodWorker.run(TestMethodWorker.java:128)
at java.base/java.util.ArrayList.forEach(ArrayList.java:1541)
at org.testng.TestRunner.privateRun(TestRunner.java:764)
at org.testng.TestRunner.run(TestRunner.java:585)
at org.testng.SuiteRunner.runTest(SuiteRunner.java:384)
at org.testng.SuiteRunner.runSequentially(SuiteRunner.java:378)
at org.testng.SuiteRunner.privateRun(SuiteRunner.java:337)
at org.testng.SuiteRunner.run(SuiteRunner.java:286)
at org.testng.SuiteRunnerWorker.runSuite(SuiteRunnerWorker.java:53)
at org.testng.SuiteRunnerWorker.run(SuiteRunnerWorker.java:96)
at org.testng.TestNG.runSuitesSequentially(TestNG.java:1218)
at org.testng.TestNG.runSuitesLocally(TestNG.java:1140)
at org.testng.TestNG.runSuites(TestNG.java:1069)
at org.testng.TestNG.run(TestNG.java:1037)
at org.testng.remote.AbstractRemoteTestNG.run(AbstractRemoteTestNG.java:115)
at org.testng.remote.RemoteTestNG.initAndRun(RemoteTestNG.java:251)
at org.testng.remote.RemoteTestNG.main(RemoteTestNG.java:77)
]]>
            </full-stacktrace>
          </exception> <!-- org.testng.SkipException -->
          <reporter-output>
          </reporter-output>
        </test-method> <!-- executeTestcase -->
        <test-method is-config="true" signature="Reports(org.testng.ITestResult)[pri:0, instance:driver.Driver@62163b39]" started-at="2021-10-04T16:41:26 IST" name="Reports" finished-at="2021-10-04T16:41:26 IST" duration-ms="86" status="PASS">
          <params>
            <param index="0">
              <value>
                <![CDATA[[TestResult name=executeTestcase status=SKIP method=Driver.executeTestcase(org.testng.ITestContext)[pri:0, instance:driver.Driver@62163b39] output={null}]]]>
              </value>
            </param>
          </params>
          <reporter-output>
          </reporter-output>
        </test-method> <!-- Reports -->
        <test-method signature="executeTestcase(org.testng.ITestContext)[pri:0, instance:driver.Driver@62163b39]" started-at="2021-10-04T16:41:26 IST" name="executeTestcase" finished-at="2021-10-04T16:41:26 IST" duration-ms="3" status="SKIP">
          <params>
            <param index="0">
              <value>
                <![CDATA[org.testng.TestRunner@5c1bd44c]]>
              </value>
            </param>
          </params>
          <exception class="org.testng.SkipException">
            <message>
              <![CDATA[Skipping execution for  :TFS ID_7313:Verify Account status is defaulted to Active on a member & member entry form]]>
            </message>
            <full-stacktrace>
              <![CDATA[org.testng.SkipException: Skipping execution for  :TFS ID_7313:Verify Account status is defaulted to Active on a member & member entry form
at driver.Driver.executeTestcase(Driver.java:83)
at jdk.internal.reflect.GeneratedMethodAccessor1.invoke(Unknown Source)
at java.base/jdk.internal.reflect.DelegatingMethodAccessorImpl.invoke(DelegatingMethodAccessorImpl.java:43)
at java.base/java.lang.reflect.Method.invoke(Method.java:566)
at org.testng.internal.MethodInvocationHelper.invokeMethod(MethodInvocationHelper.java:132)
at org.testng.internal.TestInvoker.invokeMethod(TestInvoker.java:599)
at org.testng.internal.TestInvoker.invokeTestMethod(TestInvoker.java:174)
at org.testng.internal.MethodRunner.runInSequence(MethodRunner.java:46)
at org.testng.internal.TestInvoker$MethodInvocationAgent.invoke(TestInvoker.java:822)
at org.testng.internal.TestInvoker.invokeTestMethods(TestInvoker.java:147)
at org.testng.internal.TestMethodWorker.invokeTestMethods(TestMethodWorker.java:146)
at org.testng.internal.TestMethodWorker.run(TestMethodWorker.java:128)
at java.base/java.util.ArrayList.forEach(ArrayList.java:1541)
at org.testng.TestRunner.privateRun(TestRunner.java:764)
at org.testng.TestRunner.run(TestRunner.java:585)
at org.testng.SuiteRunner.runTest(SuiteRunner.java:384)
at org.testng.SuiteRunner.runSequentially(SuiteRunner.java:378)
at org.testng.SuiteRunner.privateRun(SuiteRunner.java:337)
at org.testng.SuiteRunner.run(SuiteRunner.java:286)
at org.testng.SuiteRunnerWorker.runSuite(SuiteRunnerWorker.java:53)
at org.testng.SuiteRunnerWorker.run(SuiteRunnerWorker.java:96)
at org.testng.TestNG.runSuitesSequentially(TestNG.java:1218)
at org.testng.TestNG.runSuitesLocally(TestNG.java:1140)
at org.testng.TestNG.runSuites(TestNG.java:1069)
at org.testng.TestNG.run(TestNG.java:1037)
at org.testng.remote.AbstractRemoteTestNG.run(AbstractRemoteTestNG.java:115)
at org.testng.remote.RemoteTestNG.initAndRun(RemoteTestNG.java:251)
at org.testng.remote.RemoteTestNG.main(RemoteTestNG.java:77)
]]>
            </full-stacktrace>
          </exception> <!-- org.testng.SkipException -->
          <reporter-output>
          </reporter-output>
        </test-method> <!-- executeTestcase -->
        <test-method is-config="true" signature="Reports(org.testng.ITestResult)[pri:0, instance:driver.Driver@62163b39]" started-at="2021-10-04T16:41:26 IST" name="Reports" finished-at="2021-10-04T16:41:26 IST" duration-ms="89" status="PASS">
          <params>
            <param index="0">
              <value>
                <![CDATA[[TestResult name=executeTestcase status=SKIP method=Driver.executeTestcase(org.testng.ITestContext)[pri:0, instance:driver.Driver@62163b39] output={null}]]]>
              </value>
            </param>
          </params>
          <reporter-output>
          </reporter-output>
        </test-method> <!-- Reports -->
        <test-method signature="executeTestcase(org.testng.ITestContext)[pri:0, instance:driver.Driver@62163b39]" started-at="2021-10-04T16:41:26 IST" name="executeTestcase" finished-at="2021-10-04T16:41:26 IST" duration-ms="21" status="SKIP">
          <params>
            <param index="0">
              <value>
                <![CDATA[org.testng.TestRunner@5c1bd44c]]>
              </value>
            </param>
          </params>
          <exception class="org.testng.SkipException">
            <message>
              <![CDATA[Skipping execution for  :TFS ID_ 8218:Verify reactivating a terminated member]]>
            </message>
            <full-stacktrace>
              <![CDATA[org.testng.SkipException: Skipping execution for  :TFS ID_ 8218:Verify reactivating a terminated member
at driver.Driver.executeTestcase(Driver.java:83)
at jdk.internal.reflect.GeneratedMethodAccessor1.invoke(Unknown Source)
at java.base/jdk.internal.reflect.DelegatingMethodAccessorImpl.invoke(DelegatingMethodAccessorImpl.java:43)
at java.base/java.lang.reflect.Method.invoke(Method.java:566)
at org.testng.internal.MethodInvocationHelper.invokeMethod(MethodInvocationHelper.java:132)
at org.testng.internal.TestInvoker.invokeMethod(TestInvoker.java:599)
at org.testng.internal.TestInvoker.invokeTestMethod(TestInvoker.java:174)
at org.testng.internal.MethodRunner.runInSequence(MethodRunner.java:46)
at org.testng.internal.TestInvoker$MethodInvocationAgent.invoke(TestInvoker.java:822)
at org.testng.internal.TestInvoker.invokeTestMethods(TestInvoker.java:147)
at org.testng.internal.TestMethodWorker.invokeTestMethods(TestMethodWorker.java:146)
at org.testng.internal.TestMethodWorker.run(TestMethodWorker.java:128)
at java.base/java.util.ArrayList.forEach(ArrayList.java:1541)
at org.testng.TestRunner.privateRun(TestRunner.java:764)
at org.testng.TestRunner.run(TestRunner.java:585)
at org.testng.SuiteRunner.runTest(SuiteRunner.java:384)
at org.testng.SuiteRunner.runSequentially(SuiteRunner.java:378)
at org.testng.SuiteRunner.privateRun(SuiteRunner.java:337)
at org.testng.SuiteRunner.run(SuiteRunner.java:286)
at org.testng.SuiteRunnerWorker.runSuite(SuiteRunnerWorker.java:53)
at org.testng.SuiteRunnerWorker.run(SuiteRunnerWorker.java:96)
at org.testng.TestNG.runSuitesSequentially(TestNG.java:1218)
at org.testng.TestNG.runSuitesLocally(TestNG.java:1140)
at org.testng.TestNG.runSuites(TestNG.java:1069)
at org.testng.TestNG.run(TestNG.java:1037)
at org.testng.remote.AbstractRemoteTestNG.run(AbstractRemoteTestNG.java:115)
at org.testng.remote.RemoteTestNG.initAndRun(RemoteTestNG.java:251)
at org.testng.remote.RemoteTestNG.main(RemoteTestNG.java:77)
]]>
            </full-stacktrace>
          </exception> <!-- org.testng.SkipException -->
          <reporter-output>
          </reporter-output>
        </test-method> <!-- executeTestcase -->
        <test-method is-config="true" signature="Reports(org.testng.ITestResult)[pri:0, instance:driver.Driver@62163b39]" started-at="2021-10-04T16:41:26 IST" name="Reports" finished-at="2021-10-04T16:41:26 IST" duration-ms="82" status="PASS">
          <params>
            <param index="0">
              <value>
                <![CDATA[[TestResult name=executeTestcase status=SKIP method=Driver.executeTestcase(org.testng.ITestContext)[pri:0, instance:driver.Driver@62163b39] output={null}]]]>
              </value>
            </param>
          </params>
          <reporter-output>
          </reporter-output>
        </test-method> <!-- Reports -->
        <test-method signature="executeTestcase(org.testng.ITestContext)[pri:0, instance:driver.Driver@62163b39]" started-at="2021-10-04T16:41:26 IST" name="executeTestcase" finished-at="2021-10-04T16:41:26 IST" duration-ms="26" status="SKIP">
          <params>
            <param index="0">
              <value>
                <![CDATA[org.testng.TestRunner@5c1bd44c]]>
              </value>
            </param>
          </params>
          <exception class="org.testng.SkipException">
            <message>
              <![CDATA[Skipping execution for  :TFS ID_ 1111:Create Member with all available fields]]>
            </message>
            <full-stacktrace>
              <![CDATA[org.testng.SkipException: Skipping execution for  :TFS ID_ 1111:Create Member with all available fields
at driver.Driver.executeTestcase(Driver.java:83)
at jdk.internal.reflect.GeneratedMethodAccessor1.invoke(Unknown Source)
at java.base/jdk.internal.reflect.DelegatingMethodAccessorImpl.invoke(DelegatingMethodAccessorImpl.java:43)
at java.base/java.lang.reflect.Method.invoke(Method.java:566)
at org.testng.internal.MethodInvocationHelper.invokeMethod(MethodInvocationHelper.java:132)
at org.testng.internal.TestInvoker.invokeMethod(TestInvoker.java:599)
at org.testng.internal.TestInvoker.invokeTestMethod(TestInvoker.java:174)
at org.testng.internal.MethodRunner.runInSequence(MethodRunner.java:46)
at org.testng.internal.TestInvoker$MethodInvocationAgent.invoke(TestInvoker.java:822)
at org.testng.internal.TestInvoker.invokeTestMethods(TestInvoker.java:147)
at org.testng.internal.TestMethodWorker.invokeTestMethods(TestMethodWorker.java:146)
at org.testng.internal.TestMethodWorker.run(TestMethodWorker.java:128)
at java.base/java.util.ArrayList.forEach(ArrayList.java:1541)
at org.testng.TestRunner.privateRun(TestRunner.java:764)
at org.testng.TestRunner.run(TestRunner.java:585)
at org.testng.SuiteRunner.runTest(SuiteRunner.java:384)
at org.testng.SuiteRunner.runSequentially(SuiteRunner.java:378)
at org.testng.SuiteRunner.privateRun(SuiteRunner.java:337)
at org.testng.SuiteRunner.run(SuiteRunner.java:286)
at org.testng.SuiteRunnerWorker.runSuite(SuiteRunnerWorker.java:53)
at org.testng.SuiteRunnerWorker.run(SuiteRunnerWorker.java:96)
at org.testng.TestNG.runSuitesSequentially(TestNG.java:1218)
at org.testng.TestNG.runSuitesLocally(TestNG.java:1140)
at org.testng.TestNG.runSuites(TestNG.java:1069)
at org.testng.TestNG.run(TestNG.java:1037)
at org.testng.remote.AbstractRemoteTestNG.run(AbstractRemoteTestNG.java:115)
at org.testng.remote.RemoteTestNG.initAndRun(RemoteTestNG.java:251)
at org.testng.remote.RemoteTestNG.main(RemoteTestNG.java:77)
]]>
            </full-stacktrace>
          </exception> <!-- org.testng.SkipException -->
          <reporter-output>
          </reporter-output>
        </test-method> <!-- executeTestcase -->
        <test-method is-config="true" signature="Reports(org.testng.ITestResult)[pri:0, instance:driver.Driver@62163b39]" started-at="2021-10-04T16:41:26 IST" name="Reports" finished-at="2021-10-04T16:41:26 IST" duration-ms="88" status="PASS">
          <params>
            <param index="0">
              <value>
                <![CDATA[[TestResult name=executeTestcase status=SKIP method=Driver.executeTestcase(org.testng.ITestContext)[pri:0, instance:driver.Driver@62163b39] output={null}]]]>
              </value>
            </param>
          </params>
          <reporter-output>
          </reporter-output>
        </test-method> <!-- Reports -->
        <test-method signature="executeTestcase(org.testng.ITestContext)[pri:0, instance:driver.Driver@62163b39]" started-at="2021-10-04T16:41:26 IST" name="executeTestcase" finished-at="2021-10-04T16:41:26 IST" duration-ms="4" status="SKIP">
          <params>
            <param index="0">
              <value>
                <![CDATA[org.testng.TestRunner@5c1bd44c]]>
              </value>
            </param>
          </params>
          <exception class="org.testng.SkipException">
            <message>
              <![CDATA[Skipping execution for  :TFS ID_ 7420:Create New Membership Provider with type "Program"]]>
            </message>
            <full-stacktrace>
              <![CDATA[org.testng.SkipException: Skipping execution for  :TFS ID_ 7420:Create New Membership Provider with type "Program"
at driver.Driver.executeTestcase(Driver.java:83)
at jdk.internal.reflect.GeneratedMethodAccessor1.invoke(Unknown Source)
at java.base/jdk.internal.reflect.DelegatingMethodAccessorImpl.invoke(DelegatingMethodAccessorImpl.java:43)
at java.base/java.lang.reflect.Method.invoke(Method.java:566)
at org.testng.internal.MethodInvocationHelper.invokeMethod(MethodInvocationHelper.java:132)
at org.testng.internal.TestInvoker.invokeMethod(TestInvoker.java:599)
at org.testng.internal.TestInvoker.invokeTestMethod(TestInvoker.java:174)
at org.testng.internal.MethodRunner.runInSequence(MethodRunner.java:46)
at org.testng.internal.TestInvoker$MethodInvocationAgent.invoke(TestInvoker.java:822)
at org.testng.internal.TestInvoker.invokeTestMethods(TestInvoker.java:147)
at org.testng.internal.TestMethodWorker.invokeTestMethods(TestMethodWorker.java:146)
at org.testng.internal.TestMethodWorker.run(TestMethodWorker.java:128)
at java.base/java.util.ArrayList.forEach(ArrayList.java:1541)
at org.testng.TestRunner.privateRun(TestRunner.java:764)
at org.testng.TestRunner.run(TestRunner.java:585)
at org.testng.SuiteRunner.runTest(SuiteRunner.java:384)
at org.testng.SuiteRunner.runSequentially(SuiteRunner.java:378)
at org.testng.SuiteRunner.privateRun(SuiteRunner.java:337)
at org.testng.SuiteRunner.run(SuiteRunner.java:286)
at org.testng.SuiteRunnerWorker.runSuite(SuiteRunnerWorker.java:53)
at org.testng.SuiteRunnerWorker.run(SuiteRunnerWorker.java:96)
at org.testng.TestNG.runSuitesSequentially(TestNG.java:1218)
at org.testng.TestNG.runSuitesLocally(TestNG.java:1140)
at org.testng.TestNG.runSuites(TestNG.java:1069)
at org.testng.TestNG.run(TestNG.java:1037)
at org.testng.remote.AbstractRemoteTestNG.run(AbstractRemoteTestNG.java:115)
at org.testng.remote.RemoteTestNG.initAndRun(RemoteTestNG.java:251)
at org.testng.remote.RemoteTestNG.main(RemoteTestNG.java:77)
]]>
            </full-stacktrace>
          </exception> <!-- org.testng.SkipException -->
          <reporter-output>
          </reporter-output>
        </test-method> <!-- executeTestcase -->
        <test-method is-config="true" signature="Reports(org.testng.ITestResult)[pri:0, instance:driver.Driver@62163b39]" started-at="2021-10-04T16:41:26 IST" name="Reports" finished-at="2021-10-04T16:41:26 IST" duration-ms="88" status="PASS">
          <params>
            <param index="0">
              <value>
                <![CDATA[[TestResult name=executeTestcase status=SKIP method=Driver.executeTestcase(org.testng.ITestContext)[pri:0, instance:driver.Driver@62163b39] output={null}]]]>
              </value>
            </param>
          </params>
          <reporter-output>
          </reporter-output>
        </test-method> <!-- Reports -->
        <test-method signature="executeTestcase(org.testng.ITestContext)[pri:0, instance:driver.Driver@62163b39]" started-at="2021-10-04T16:41:26 IST" name="executeTestcase" finished-at="2021-10-04T16:41:26 IST" duration-ms="3" status="SKIP">
          <params>
            <param index="0">
              <value>
                <![CDATA[org.testng.TestRunner@5c1bd44c]]>
              </value>
            </param>
          </params>
          <exception class="org.testng.SkipException">
            <message>
              <![CDATA[Skipping execution for  :TFS ID_ 7421:Create New Membership Provider with type "DSH"]]>
            </message>
            <full-stacktrace>
              <![CDATA[org.testng.SkipException: Skipping execution for  :TFS ID_ 7421:Create New Membership Provider with type "DSH"
at driver.Driver.executeTestcase(Driver.java:83)
at jdk.internal.reflect.GeneratedMethodAccessor1.invoke(Unknown Source)
at java.base/jdk.internal.reflect.DelegatingMethodAccessorImpl.invoke(DelegatingMethodAccessorImpl.java:43)
at java.base/java.lang.reflect.Method.invoke(Method.java:566)
at org.testng.internal.MethodInvocationHelper.invokeMethod(MethodInvocationHelper.java:132)
at org.testng.internal.TestInvoker.invokeMethod(TestInvoker.java:599)
at org.testng.internal.TestInvoker.invokeTestMethod(TestInvoker.java:174)
at org.testng.internal.MethodRunner.runInSequence(MethodRunner.java:46)
at org.testng.internal.TestInvoker$MethodInvocationAgent.invoke(TestInvoker.java:822)
at org.testng.internal.TestInvoker.invokeTestMethods(TestInvoker.java:147)
at org.testng.internal.TestMethodWorker.invokeTestMethods(TestMethodWorker.java:146)
at org.testng.internal.TestMethodWorker.run(TestMethodWorker.java:128)
at java.base/java.util.ArrayList.forEach(ArrayList.java:1541)
at org.testng.TestRunner.privateRun(TestRunner.java:764)
at org.testng.TestRunner.run(TestRunner.java:585)
at org.testng.SuiteRunner.runTest(SuiteRunner.java:384)
at org.testng.SuiteRunner.runSequentially(SuiteRunner.java:378)
at org.testng.SuiteRunner.privateRun(SuiteRunner.java:337)
at org.testng.SuiteRunner.run(SuiteRunner.java:286)
at org.testng.SuiteRunnerWorker.runSuite(SuiteRunnerWorker.java:53)
at org.testng.SuiteRunnerWorker.run(SuiteRunnerWorker.java:96)
at org.testng.TestNG.runSuitesSequentially(TestNG.java:1218)
at org.testng.TestNG.runSuitesLocally(TestNG.java:1140)
at org.testng.TestNG.runSuites(TestNG.java:1069)
at org.testng.TestNG.run(TestNG.java:1037)
at org.testng.remote.AbstractRemoteTestNG.run(AbstractRemoteTestNG.java:115)
at org.testng.remote.RemoteTestNG.initAndRun(RemoteTestNG.java:251)
at org.testng.remote.RemoteTestNG.main(RemoteTestNG.java:77)
]]>
            </full-stacktrace>
          </exception> <!-- org.testng.SkipException -->
          <reporter-output>
          </reporter-output>
        </test-method> <!-- executeTestcase -->
        <test-method is-config="true" signature="Reports(org.testng.ITestResult)[pri:0, instance:driver.Driver@62163b39]" started-at="2021-10-04T16:41:26 IST" name="Reports" finished-at="2021-10-04T16:41:26 IST" duration-ms="86" status="PASS">
          <params>
            <param index="0">
              <value>
                <![CDATA[[TestResult name=executeTestcase status=SKIP method=Driver.executeTestcase(org.testng.ITestContext)[pri:0, instance:driver.Driver@62163b39] output={null}]]]>
              </value>
            </param>
          </params>
          <reporter-output>
          </reporter-output>
        </test-method> <!-- Reports -->
        <test-method signature="executeTestcase(org.testng.ITestContext)[pri:0, instance:driver.Driver@62163b39]" started-at="2021-10-04T16:41:26 IST" name="executeTestcase" finished-at="2021-10-04T16:41:26 IST" duration-ms="3" status="SKIP">
          <params>
            <param index="0">
              <value>
                <![CDATA[org.testng.TestRunner@5c1bd44c]]>
              </value>
            </param>
          </params>
          <exception class="org.testng.SkipException">
            <message>
              <![CDATA[Skipping execution for  :TFS ID_ 7422:Create New Membership Provider with type "Aggregation Affiliation"]]>
            </message>
            <full-stacktrace>
              <![CDATA[org.testng.SkipException: Skipping execution for  :TFS ID_ 7422:Create New Membership Provider with type "Aggregation Affiliation"
at driver.Driver.executeTestcase(Driver.java:83)
at jdk.internal.reflect.GeneratedMethodAccessor1.invoke(Unknown Source)
at java.base/jdk.internal.reflect.DelegatingMethodAccessorImpl.invoke(DelegatingMethodAccessorImpl.java:43)
at java.base/java.lang.reflect.Method.invoke(Method.java:566)
at org.testng.internal.MethodInvocationHelper.invokeMethod(MethodInvocationHelper.java:132)
at org.testng.internal.TestInvoker.invokeMethod(TestInvoker.java:599)
[...]
at org.testng.TestNG.run(TestNG.java:1037)
at org.testng.remote.AbstractRemoteTestNG.run(AbstractRemoteTestNG.java:115)
at org.testng.remote.RemoteTestNG.initAndRun(RemoteTestNG.java:251)
at org.testng.remote.RemoteTestNG.main(RemoteTestNG.java:77)
]]>
            </full-stacktrace>
          </exception> <!-- org.testng.SkipException -->
          <reporter-output>
          </reporter-output>
        </test-method> <!-- executeTestcase -->
        <test-method is-config="true" signature="Reports(org.testng.ITestResult)[pri:0, instance:driver.Driver@62163b39]" started-at="2021-10-04T16:41:29 IST" name="Reports" finished-at="2021-10-04T16:41:29 IST" duration-ms="67" status="PASS">
          <params>
            <param index="0">
              <value>
                <![CDATA[[TestResult name=executeTestcase status=SKIP method=Driver.executeTestcase(org.testng.ITestContext)[pri:0, instance:driver.Driver@62163b39] output={null}]]]>
              </value>
            </param>
          </params>
          <reporter-output>
          </reporter-output>
        </test-method> <!-- Reports -->
        <test-method signature="executeTestcase(org.testng.ITestContext)[pri:0, instance:driver.Driver@62163b39]" started-at="2021-10-04T16:41:29 IST" name="executeTestcase" finished-at="2021-10-04T16:41:29 IST" duration-ms="3" status="SKIP">
          <params>
            <param index="0">
              <value>
                <![CDATA[org.testng.TestRunner@5c1bd44c]]>
              </value>
            </param>
          </params>
          <exception class="org.testng.SkipException">
            <message>
              <![CDATA[Skipping execution for  :TFS ID_ 7277:Verify member account can not be published without one active Premier membership created]]>
            </message>
            <full-stacktrace>
              <![CDATA[org.testng.SkipException: Skipping execution for  :TFS ID_ 7277:Verify member account can not be published without one active Premier membership created
at driver.Driver.executeTestcase(Driver.java:83)
at jdk.internal.reflect.GeneratedMethodAccessor1.invoke(Unknown Source)
at java.base/jdk.internal.reflect.DelegatingMethodAccessorImpl.invoke(DelegatingMethodAccessorImpl.java:43)
at java.base/java.lang.reflect.Method.invoke(Method.java:566)
at org.testng.internal.MethodInvocationHelper.invokeMethod(MethodInvocationHelper.java:132)
at org.testng.internal.TestInvoker.invokeMethod(TestInvoker.java:599)
at org.testng.internal.TestInvoker.invokeTestMethod(TestInvoker.java:174)
at org.testng.internal.MethodRunner.runInSequence(MethodRunner.java:46)
at org.testng.internal.TestInvoker$MethodInvocationAgent.invoke(TestInvoker.java:822)
at org.testng.internal.TestInvoker.invokeTestMethods(TestInvoker.java:147)
at org.testng.internal.TestMethodWorker.invokeTestMethods(TestMethodWorker.java:146)
at org.testng.internal.TestMethodWorker.run(TestMethodWorker.java:128)
at java.base/java.util.ArrayList.forEach(ArrayList.java:1541)
at org.testng.TestRunner.privateRun(TestRunner.java:764)
at org.testng.TestRunner.run(TestRunner.java:585)
at org.testng.SuiteRunner.runTest(SuiteRunner.java:384)
at org.testng.SuiteRunner.runSequentially(SuiteRunner.java:378)
at org.testng.SuiteRunner.privateRun(SuiteRunner.java:337)
at org.testng.SuiteRunner.run(SuiteRunner.java:286)
at org.testng.SuiteRunnerWorker.runSuite(SuiteRunnerWorker.java:53)
at org.testng.SuiteRunnerWorker.run(SuiteRunnerWorker.java:96)
at org.testng.TestNG.runSuitesSequentially(TestNG.java:1218)
at org.testng.TestNG.runSuitesLocally(TestNG.java:1140)
at org.testng.TestNG.runSuites(TestNG.java:1069)
at org.testng.TestNG.run(TestNG.java:1037)
at org.testng.remote.AbstractRemoteTestNG.run(AbstractRemoteTestNG.java:115)
at org.testng.remote.RemoteTestNG.initAndRun(RemoteTestNG.java:251)
at org.testng.remote.RemoteTestNG.main(RemoteTestNG.java:77)
]]>
            </full-stacktrace>
          </exception> <!-- org.testng.SkipException -->
          <reporter-output>
          </reporter-output>
        </test-method> <!-- executeTestcase -->
        <test-method is-config="true" signature="Reports(org.testng.ITestResult)[pri:0, instance:driver.Driver@62163b39]" started-at="2021-10-04T16:41:29 IST" name="Reports" finished-at="2021-10-04T16:41:29 IST" duration-ms="67" status="PASS">
          <params>
            <param index="0">
              <value>
                <![CDATA[[TestResult name=executeTestcase status=SKIP method=Driver.executeTestcase(org.testng.ITestContext)[pri:0, instance:driver.Driver@62163b39] output={null}]]]>
              </value>
            </param>
          </params>
          <reporter-output>
          </reporter-output>
        </test-method> <!-- Reports -->
        <test-method signature="executeTestcase(org.testng.ITestContext)[pri:0, instance:driver.Driver@62163b39]" started-at="2021-10-04T16:41:29 IST" name="executeTestcase" finished-at="2021-10-04T16:41:29 IST" duration-ms="9" status="SKIP">
          <params>
            <param index="0">
              <value>
                <![CDATA[org.testng.TestRunner@5c1bd44c]]>
              </value>
            </param>
          </params>
          <exception class="org.testng.SkipException">
            <message>
              <![CDATA[Skipping execution for  :TFS ID_7531:Verify user can not create membership provider with same name as duplicate]]>
            </message>
            <full-stacktrace>
              <![CDATA[org.testng.SkipException: Skipping execution for  :TFS ID_7531:Verify user can not create membership provider with same name as duplicate
at driver.Driver.executeTestcase(Driver.java:83)
at jdk.internal.reflect.GeneratedMethodAccessor1.invoke(Unknown Source)
at java.base/jdk.internal.reflect.DelegatingMethodAccessorImpl.invoke(DelegatingMethodAccessorImpl.java:43)
at java.base/java.lang.reflect.Method.invoke(Method.java:566)
at org.testng.internal.MethodInvocationHelper.invokeMethod(MethodInvocationHelper.java:132)
at org.testng.internal.TestInvoker.invokeMethod(TestInvoker.java:599)
at org.testng.internal.TestInvoker.invokeTestMethod(TestInvoker.java:174)
at org.testng.internal.MethodRunner.runInSequence(MethodRunner.java:46)
at org.testng.internal.TestInvoker$MethodInvocationAgent.invoke(TestInvoker.java:822)
at org.testng.internal.TestInvoker.invokeTestMethods(TestInvoker.java:147)
at org.testng.internal.TestMethodWorker.invokeTestMethods(TestMethodWorker.java:146)
at org.testng.internal.TestMethodWorker.run(TestMethodWorker.java:128)
at java.base/java.util.ArrayList.forEach(ArrayList.java:1541)
at org.testng.TestRunner.privateRun(TestRunner.java:764)
at org.testng.TestRunner.run(TestRunner.java:585)
at org.testng.SuiteRunner.runTest(SuiteRunner.java:384)
at org.testng.SuiteRunner.runSequentially(SuiteRunner.java:378)
at org.testng.SuiteRunner.privateRun(SuiteRunner.java:337)
at org.testng.SuiteRunner.run(SuiteRunner.java:286)
at org.testng.SuiteRunnerWorker.runSuite(SuiteRunnerWorker.java:53)
at org.testng.SuiteRunnerWorker.run(SuiteRunnerWorker.java:96)
at org.testng.TestNG.runSuitesSequentially(TestNG.java:1218)
at org.testng.TestNG.runSuitesLocally(TestNG.java:1140)
at org.testng.TestNG.runSuites(TestNG.java:1069)
at org.testng.TestNG.run(TestNG.java:1037)
at org.testng.remote.AbstractRemoteTestNG.run(AbstractRemoteTestNG.java:115)
at org.testng.remote.RemoteTestNG.initAndRun(RemoteTestNG.java:251)
at org.testng.remote.RemoteTestNG.main(RemoteTestNG.java:77)
]]>
            </full-stacktrace>
          </exception> <!-- org.testng.SkipException -->
          <reporter-output>
          </reporter-output>
        </test-method> <!-- executeTestcase -->
        <test-method is-config="true" signature="Reports(org.testng.ITestResult)[pri:0, instance:driver.Driver@62163b39]" started-at="2021-10-04T16:41:29 IST" name="Reports" finished-at="2021-10-04T16:41:29 IST" duration-ms="75" status="PASS">
          <params>
            <param index="0">
              <value>
                <![CDATA[[TestResult name=executeTestcase status=SKIP method=Driver.executeTestcase(org.testng.ITestContext)[pri:0, instance:driver.Driver@62163b39] output={null}]]]>
              </value>
            </param>
          </params>
          <reporter-output>
          </reporter-output>
        </test-method> <!-- Reports -->
        <test-method signature="executeTestcase(org.testng.ITestContext)[pri:0, instance:driver.Driver@62163b39]" started-at="2021-10-04T16:41:29 IST" name="executeTestcase" finished-at="2021-10-04T16:41:29 IST" duration-ms="3" status="SKIP">
          <params>
            <param index="0">
              <value>
                <![CDATA[org.testng.TestRunner@5c1bd44c]]>
              </value>
            </param>
          </params>
          <exception class="org.testng.SkipException">
            <message>
              <![CDATA[Skipping execution for  :TFS ID_7193:Verify and Validate "Premier Start Date" Logic based on Multiple GPO Membership records.]]>
            </message>
            <full-stacktrace>
              <![CDATA[org.testng.SkipException: Skipping execution for  :TFS ID_7193:Verify and Validate "Premier Start Date" Logic based on Multiple GPO Membership records.
at driver.Driver.executeTestcase(Driver.java:83)
at jdk.internal.reflect.GeneratedMethodAccessor1.invoke(Unknown Source)
at java.base/jdk.internal.reflect.DelegatingMethodAccessorImpl.invoke(DelegatingMethodAccessorImpl.java:43)
at java.base/java.lang.reflect.Method.invoke(Method.java:566)
at org.testng.internal.MethodInvocationHelper.invokeMethod(MethodInvocationHelper.java:132)
at org.testng.internal.TestInvoker.invokeMethod(TestInvoker.java:599)
at org.testng.internal.TestInvoker.invokeTestMethod(TestInvoker.java:174)
at org.testng.internal.MethodRunner.runInSequence(MethodRunner.java:46)
at org.testng.internal.TestInvoker$MethodInvocationAgent.invoke(TestInvoker.java:822)
at org.testng.internal.TestInvoker.invokeTestMethods(TestInvoker.java:147)
at org.testng.internal.TestMethodWorker.invokeTestMethods(TestMethodWorker.java:146)
at org.testng.internal.TestMethodWorker.run(TestMethodWorker.java:128)
at java.base/java.util.ArrayList.forEach(ArrayList.java:1541)
at org.testng.TestRunner.privateRun(TestRunner.java:764)
at org.testng.TestRunner.run(TestRunner.java:585)
at org.testng.SuiteRunner.runTest(SuiteRunner.java:384)
at org.testng.SuiteRunner.runSequentially(SuiteRunner.java:378)
at org.testng.SuiteRunner.privateRun(SuiteRunner.java:337)
at org.testng.SuiteRunner.run(SuiteRunner.java:286)
at org.testng.SuiteRunnerWorker.runSuite(SuiteRunnerWorker.java:53)
at org.testng.SuiteRunnerWorker.run(SuiteRunnerWorker.java:96)
at org.testng.TestNG.runSuitesSequentially(TestNG.java:1218)
at org.testng.TestNG.runSuitesLocally(TestNG.java:1140)
at org.testng.TestNG.runSuites(TestNG.java:1069)
at org.testng.TestNG.run(TestNG.java:1037)
at org.testng.remote.AbstractRemoteTestNG.run(AbstractRemoteTestNG.java:115)
at org.testng.remote.RemoteTestNG.initAndRun(RemoteTestNG.java:251)
at org.testng.remote.RemoteTestNG.main(RemoteTestNG.java:77)
]]>
            </full-stacktrace>
          </exception> <!-- org.testng.SkipException -->
          <reporter-output>
          </reporter-output>
        </test-method> <!-- executeTestcase -->
        <test-method is-config="true" signature="Reports(org.testng.ITestResult)[pri:0, instance:driver.Driver@62163b39]" started-at="2021-10-04T16:41:29 IST" name="Reports" finished-at="2021-10-04T16:41:29 IST" duration-ms="79" status="PASS">
          <params>
            <param index="0">
              <value>
                <![CDATA[[TestResult name=executeTestcase status=SKIP method=Driver.executeTestcase(org.testng.ITestContext)[pri:0, instance:driver.Driver@62163b39] output={null}]]]>
              </value>
            </param>
          </params>
          <reporter-output>
          </reporter-output>
        </test-method> <!-- Reports -->
        <test-method signature="executeTestcase(org.testng.ITestContext)[pri:0, instance:driver.Driver@62163b39]" started-at="2021-10-04T16:41:29 IST" name="executeTestcase" finished-at="2021-10-04T16:41:29 IST" duration-ms="2" status="FAIL">
          <params>
            <param index="0">
              <value>
                <![CDATA[org.testng.TestRunner@5c1bd44c]]>
              </value>
            </param>
          </params>
          <exception class="java.lang.ClassNotFoundException">
            <message>
              <![CDATA[testcases.Member.TestCase_7543]]>
            </message>
            <full-stacktrace>
              <![CDATA[java.lang.ClassNotFoundException: testcases.Member.TestCase_7543
at java.base/jdk.internal.loader.BuiltinClassLoader.loadClass(BuiltinClassLoader.java:581)
at java.base/jdk.internal.loader.ClassLoaders$AppClassLoader.loadClass(ClassLoaders.java:178)
at java.base/java.lang.ClassLoader.loadClass(ClassLoader.java:521)
at java.base/java.lang.Class.forName0(Native Method)
at java.base/java.lang.Class.forName(Class.java:315)
at driver.Driver.executeTestcase(Driver.java:68)
at jdk.internal.reflect.GeneratedMethodAccessor1.invoke(Unknown Source)
at java.base/jdk.internal.reflect.DelegatingMethodAccessorImpl.invoke(DelegatingMethodAccessorImpl.java:43)
at java.base/java.lang.reflect.Method.invoke(Method.java:566)
at org.testng.internal.MethodInvocationHelper.invokeMethod(MethodInvocationHelper.java:132)
at org.testng.internal.TestInvoker.invokeMethod(TestInvoker.java:599)
at org.testng.internal.TestInvoker.invokeTestMethod(TestInvoker.java:174)
at org.testng.internal.MethodRunner.runInSequence(MethodRunner.java:46)
at org.testng.internal.TestInvoker$MethodInvocationAgent.invoke(TestInvoker.java:822)
at org.testng.internal.TestInvoker.invokeTestMethods(TestInvoker.java:147)
at org.testng.internal.TestMethodWorker.invokeTestMethods(TestMethodWorker.java:146)
at org.testng.internal.TestMethodWorker.run(TestMethodWorker.java:128)
at java.base/java.util.ArrayList.forEach(ArrayList.java:1541)
at org.testng.TestRunner.privateRun(TestRunner.java:764)
at org.testng.TestRunner.run(TestRunner.java:585)
at org.testng.SuiteRunner.runTest(SuiteRunner.java:384)
at org.testng.SuiteRunner.runSequentially(SuiteRunner.java:378)
at org.testng.SuiteRunner.privateRun(SuiteRunner.java:337)
at org.testng.SuiteRunner.run(SuiteRunner.java:286)
at org.testng.SuiteRunnerWorker.runSuite(SuiteRunnerWorker.java:53)
at org.testng.SuiteRunnerWorker.run(SuiteRunnerWorker.java:96)
at org.testng.TestNG.runSuitesSequentially(TestNG.java:1218)
at org.testng.TestNG.runSuitesLocally(TestNG.java:1140)
at org.testng.TestNG.runSuites(TestNG.java:1069)
at org.testng.TestNG.run(TestNG.java:1037)
at org.testng.remote.AbstractRemoteTestNG.run(AbstractRemoteTestNG.java:115)
at org.testng.remote.RemoteTestNG.initAndRun(RemoteTestNG.java:251)
at org.testng.remote.RemoteTestNG.main(RemoteTestNG.java:77)
]]>
            </full-stacktrace>
          </exception> <!-- java.lang.ClassNotFoundException -->
          <reporter-output>
          </reporter-output>
        </test-method> <!-- executeTestcase -->
        <test-method is-config="true" signature="Reports(org.testng.ITestResult)[pri:0, instance:driver.Driver@62163b39]" started-at="2021-10-04T16:41:29 IST" name="Reports" finished-at="2021-10-04T16:41:29 IST" duration-ms="77" status="PASS">
          <params>
            <param index="0">
              <value>
                <![CDATA[[TestResult name=executeTestcase status=FAILURE method=Driver.executeTestcase(org.testng.ITestContext)[pri:0, instance:driver.Driver@62163b39] output={null}]]]>
              </value>
            </param>
          </params>
          <reporter-output>
          </reporter-output>
        </test-method> <!-- Reports -->
        <test-method signature="executeTestcase(org.testng.ITestContext)[pri:0, instance:driver.Driver@62163b39]" started-at="2021-10-04T16:41:29 IST" name="executeTestcase" finished-at="2021-10-04T16:41:29 IST" duration-ms="2" status="FAIL">
          <params>
            <param index="0">
              <value>
                <![CDATA[org.testng.TestRunner@5c1bd44c]]>
              </value>
            </param>
          </params>
          <exception class="java.lang.ClassNotFoundException">
            <message>
              <![CDATA[testcases.Member.TestCase_7550]]>
            </message>
            <full-stacktrace>
              <![CDATA[java.lang.ClassNotFoundException: testcases.Member.TestCase_7550
at java.base/jdk.internal.loader.BuiltinClassLoader.loadClass(BuiltinClassLoader.java:581)
at java.base/jdk.internal.loader.ClassLoaders$AppClassLoader.loadClass(ClassLoaders.java:178)
at java.base/java.lang.ClassLoader.loadClass(ClassLoader.java:521)
at java.base/java.lang.Class.forName0(Native Method)
at java.base/java.lang.Class.forName(Class.java:315)
at driver.Driver.executeTestcase(Driver.java:68)
at jdk.internal.reflect.GeneratedMethodAccessor1.invoke(Unknown Source)
at java.base/jdk.internal.reflect.DelegatingMethodAccessorImpl.invoke(DelegatingMethodAccessorImpl.java:43)
at java.base/java.lang.reflect.Method.invoke(Method.java:566)
at org.testng.internal.MethodInvocationHelper.invokeMethod(MethodInvocationHelper.java:132)
at org.testng.internal.TestInvoker.invokeMethod(TestInvoker.java:599)
at org.testng.internal.TestInvoker.invokeTestMethod(TestInvoker.java:174)
at org.testng.internal.MethodRunner.runInSequence(MethodRunner.java:46)
at org.testng.internal.TestInvoker$MethodInvocationAgent.invoke(TestInvoker.java:822)
at org.testng.internal.TestInvoker.invokeTestMethods(TestInvoker.java:147)
at org.testng.internal.TestMethodWorker.invokeTestMethods(TestMethodWorker.java:146)
at org.testng.internal.TestMethodWorker.run(TestMethodWorker.java:128)
at java.base/java.util.ArrayList.forEach(ArrayList.java:1541)
at org.testng.TestRunner.privateRun(TestRunner.java:764)
at org.testng.TestRunner.run(TestRunner.java:585)
at org.testng.SuiteRunner.runTest(SuiteRunner.java:384)
at org.testng.SuiteRunner.runSequentially(SuiteRunner.java:378)
at org.testng.SuiteRunner.privateRun(SuiteRunner.java:337)
at org.testng.SuiteRunner.run(SuiteRunner.java:286)
at org.testng.SuiteRunnerWorker.runSuite(SuiteRunnerWorker.java:53)
at org.testng.SuiteRunnerWorker.run(SuiteRunnerWorker.java:96)
at org.testng.TestNG.runSuitesSequentially(TestNG.java:1218)
at org.testng.TestNG.runSuitesLocally(TestNG.java:1140)
at org.testng.TestNG.runSuites(TestNG.java:1069)
at org.testng.TestNG.run(TestNG.java:1037)
at org.testng.remote.AbstractRemoteTestNG.run(AbstractRemoteTestNG.java:115)
at org.testng.remote.RemoteTestNG.initAndRun(RemoteTestNG.java:251)
at org.testng.remote.RemoteTestNG.main(RemoteTestNG.java:77)
]]>
            </full-stacktrace>
          </exception> <!-- java.lang.ClassNotFoundException -->
          <reporter-output>
          </reporter-output>
        </test-method> <!-- executeTestcase -->
        <test-method is-config="true" signature="Reports(org.testng.ITestResult)[pri:0, instance:driver.Driver@62163b39]" started-at="2021-10-04T16:41:29 IST" name="Reports" finished-at="2021-10-04T16:41:29 IST" duration-ms="90" status="PASS">
          <params>
            <param index="0">
              <value>
                <![CDATA[[TestResult name=executeTestcase status=FAILURE method=Driver.executeTestcase(org.testng.ITestContext)[pri:0, instance:driver.Driver@62163b39] output={null}]]]>
              </value>
            </param>
          </params>
          <reporter-output>
          </reporter-output>
        </test-method> <!-- Reports -->
        <test-method is-config="true" signature="tearDown()[pri:0, instance:driver.Driver@62163b39]" started-at="2021-10-04T16:41:29 IST" name="tearDown" finished-at="2021-10-04T16:41:30 IST" duration-ms="479" status="PASS">
          <reporter-output>
          </reporter-output>
        </test-method> <!-- tearDown -->
      </class> <!-- driver.Driver -->
    </test> <!-- Results -->
  </suite> <!-- Suite -->
</testng-results>
