<?xml version="1.0" encoding="UTF-8"?>
<testng-results ignored="0" total="317" passed="312" failed="5" skipped="0">
  <reporter-output>
  </reporter-output>
  <suite started-at="2023-02-07T22:02:07 IST" name="Suite" finished-at="2023-02-07T22:24:07 IST" duration-ms="1319530">
    <groups>
    </groups>
    <test started-at="2023-02-07T22:02:07 IST" name="Results" finished-at="2023-02-07T22:24:07 IST" duration-ms="1319530">
      <class name="driver.Driver">
        <test-method is-config="true" signature="setUp()[pri:0, instance:driver.Driver@3568f9d2]" started-at="2023-02-07T22:02:06 IST" name="setUp" finished-at="2023-02-07T22:02:07 IST" duration-ms="785" status="PASS">
          <reporter-output>
          </reporter-output>
        </test-method> <!-- setUp -->
        <test-method signature="executeTestcase(org.testng.ITestContext)[pri:0, instance:driver.Driver@3568f9d2]" started-at="2023-02-07T22:02:07 IST" name="executeTestcase" finished-at="2023-02-07T22:02:07 IST" duration-ms="19" status="PASS">
          <params>
            <param index="0">
              <value>
                <![CDATA[org.testng.TestRunner@7894f09b]]>
              </value>
            </param>
          </params>
          <reporter-output>
          </reporter-output>
        </test-method> <!-- executeTestcase -->
        <test-method is-config="true" signature="Reports(org.testng.ITestResult)[pri:0, instance:driver.Driver@3568f9d2]" started-at="2023-02-07T22:02:07 IST" name="Reports" finished-at="2023-02-07T22:02:07 IST" duration-ms="1" status="PASS">
          <params>
            <param index="0">
              <value>
                <![CDATA[[TestResult name=executeTestcase status=SUCCESS method=Driver.executeTestcase(org.testng.ITestContext)[pri:0, instance:driver.Driver@3568f9d2] output={null}]]]>
              </value>
            </param>
          </params>
          <reporter-output>
          </reporter-output>
        </test-method> <!-- Reports -->
        <test-method signature="executeTestcase(org.testng.ITestContext)[pri:0, instance:driver.Driver@3568f9d2]" started-at="2023-02-07T22:02:07 IST" name="executeTestcase" finished-at="2023-02-07T22:02:07 IST" duration-ms="3" status="PASS">
          <params>
            <param index="0">
              <value>
                <![CDATA[org.testng.TestRunner@7894f09b]]>
              </value>
            </param>
          </params>
          <reporter-output>
          </reporter-output>
        </test-method> <!-- executeTestcase -->
        <test-method is-config="true" signature="Reports(org.testng.ITestResult)[pri:0, instance:driver.Driver@3568f9d2]" started-at="2023-02-07T22:02:07 IST" name="Reports" finished-at="2023-02-07T22:02:07 IST" duration-ms="0" status="PASS">
          <params>
            <param index="0">
              <value>
                <![CDATA[[TestResult name=executeTestcase status=SUCCESS method=Driver.executeTestcase(org.testng.ITestContext)[pri:0, instance:driver.Driver@3568f9d2] output={null}]]]>
              </value>
            </param>
          </params>
          <reporter-output>
          </reporter-output>
        </test-method> <!-- Reports -->
        <test-method signature="executeTestcase(org.testng.ITestContext)[pri:0, instance:driver.Driver@3568f9d2]" started-at="2023-02-07T22:02:07 IST" name="executeTestcase" finished-at="2023-02-07T22:02:07 IST" duration-ms="2" status="PASS">
          <params>
            <param index="0">
              <value>
                <![CDATA[org.testng.TestRunner@7894f09b]]>
              </value>
            </param>
          </params>
          <reporter-output>
          </reporter-output>
        </test-method> <!-- executeTestcase -->
        <test-method is-config="true" signature="Reports(org.testng.ITestResult)[pri:0, instance:driver.Driver@3568f9d2]" started-at="2023-02-07T22:02:07 IST" name="Reports" finished-at="2023-02-07T22:02:07 IST" duration-ms="1" status="PASS">
          <params>
            <param index="0">
              <value>
                <![CDATA[[TestResult name=executeTestcase status=SUCCESS method=Driver.executeTestcase(org.testng.ITestContext)[pri:0, instance:driver.Driver@3568f9d2] output={null}]]]>
              </value>
            </param>
          </params>
          <reporter-output>
          </reporter-output>
        </test-method> <!-- Reports -->
        <test-method signature="executeTestcase(org.testng.ITestContext)[pri:0, instance:driver.Driver@3568f9d2]" started-at="2023-02-07T22:02:07 IST" name="executeTestcase" finished-at="2023-02-07T22:02:07 IST" duration-ms="2" status="PASS">
          <params>
            <param index="0">
              <value>
                <![CDATA[org.testng.TestRunner@7894f09b]]>
              </value>
            </param>
          </params>
          <reporter-output>
          </reporter-output>
        </test-method> <!-- executeTestcase -->
        <test-method is-config="true" signature="Reports(org.testng.ITestResult)[pri:0, instance:driver.Driver@3568f9d2]" started-at="2023-02-07T22:02:07 IST" name="Reports" finished-at="2023-02-07T22:02:07 IST" duration-ms="1" status="PASS">
          <params>
            <param index="0">
              <value>
                <![CDATA[[TestResult name=executeTestcase status=SUCCESS method=Driver.executeTestcase(org.testng.ITestContext)[pri:0, instance:driver.Driver@3568f9d2] output={null}]]]>
              </value>
            </param>
          </params>
          <reporter-output>
          </reporter-output>
        </test-method> <!-- Reports -->
        <test-method signature="executeTestcase(org.testng.ITestContext)[pri:0, instance:driver.Driver@3568f9d2]" started-at="2023-02-07T22:02:07 IST" name="executeTestcase" finished-at="2023-02-07T22:02:07 IST" duration-ms="2" status="PASS">
          <params>
            <param index="0">
              <value>
                <![CDATA[org.testng.TestRunner@7894f09b]]>
              </value>
            </param>
          </params>
          <reporter-output>
          </reporter-output>
        </test-method> <!-- executeTestcase -->
        <test-method is-config="true" signature="Reports(org.testng.ITestResult)[pri:0, instance:driver.Driver@3568f9d2]" started-at="2023-02-07T22:02:07 IST" name="Reports" finished-at="2023-02-07T22:02:07 IST" duration-ms="1" status="PASS">
          <params>
            <param index="0">
              <value>
                <![CDATA[[TestResult name=executeTestcase status=SUCCESS method=Driver.executeTestcase(org.testng.ITestContext)[pri:0, instance:driver.Driver@3568f9d2] output={null}]]]>
              </value>
            </param>
          </params>
          <reporter-output>
          </reporter-output>
        </test-method> <!-- Reports -->
        <test-method signature="executeTestcase(org.testng.ITestContext)[pri:0, instance:driver.Driver@3568f9d2]" started-at="2023-02-07T22:02:07 IST" name="executeTestcase" finished-at="2023-02-07T22:02:07 IST" duration-ms="1" status="PASS">
          <params>
            <param index="0">
              <value>
                <![CDATA[org.testng.TestRunner@7894f09b]]>
              </value>
            </param>
          </params>
          <reporter-output>
          </reporter-output>
        </test-method> <!-- executeTestcase -->
        <test-method is-config="true" signature="Reports(org.testng.ITestResult)[pri:0, instance:driver.Driver@3568f9d2]" started-at="2023-02-07T22:02:07 IST" name="Reports" finished-at="2023-02-07T22:02:07 IST" duration-ms="0" status="PASS">
          <params>
            <param index="0">
              <value>
                <![CDATA[[TestResult name=executeTestcase status=SUCCESS method=Driver.executeTestcase(org.testng.ITestContext)[pri:0, instance:driver.Driver@3568f9d2] output={null}]]]>
              </value>
            </param>
          </params>
          <reporter-output>
          </reporter-output>
        </test-method> <!-- Reports -->
        <test-method signature="executeTestcase(org.testng.ITestContext)[pri:0, instance:driver.Driver@3568f9d2]" started-at="2023-02-07T22:02:07 IST" name="executeTestcase" finished-at="2023-02-07T22:02:07 IST" duration-ms="2" status="PASS">
          <params>
            <param index="0">
              <value>
                <![CDATA[org.testng.TestRunner@7894f09b]]>
              </value>
            </param>
          </params>
          <reporter-output>
          </reporter-output>
        </test-method> <!-- executeTestcase -->
        <test-method is-config="true" signature="Reports(org.testng.ITestResult)[pri:0, instance:driver.Driver@3568f9d2]" started-at="2023-02-07T22:02:07 IST" name="Reports" finished-at="2023-02-07T22:02:07 IST" duration-ms="0" status="PASS">
          <params>
            <param index="0">
              <value>
                <![CDATA[[TestResult name=executeTestcase status=SUCCESS method=Driver.executeTestcase(org.testng.ITestContext)[pri:0, instance:driver.Driver@3568f9d2] output={null}]]]>
              </value>
            </param>
          </params>
          <reporter-output>
          </reporter-output>
        </test-method> <!-- Reports -->
        <test-method signature="executeTestcase(org.testng.ITestContext)[pri:0, instance:driver.Driver@3568f9d2]" started-at="2023-02-07T22:02:07 IST" name="executeTestcase" finished-at="2023-02-07T22:02:07 IST" duration-ms="2" status="PASS">
          <params>
            <param index="0">
              <value>
                <![CDATA[org.testng.TestRunner@7894f09b]]>
              </value>
            </param>
          </params>
          <reporter-output>
          </reporter-output>
        </test-method> <!-- executeTestcase -->
        <test-method is-config="true" signature="Reports(org.testng.ITestResult)[pri:0, instance:driver.Driver@3568f9d2]" started-at="2023-02-07T22:02:07 IST" name="Reports" finished-at="2023-02-07T22:02:07 IST" duration-ms="0" status="PASS">
          <params>
            <param index="0">
              <value>
                <![CDATA[[TestResult name=executeTestcase status=SUCCESS method=Driver.executeTestcase(org.testng.ITestContext)[pri:0, instance:driver.Driver@3568f9d2] output={null}]]]>
              </value>
            </param>
          </params>
          <reporter-output>
          </reporter-output>
        </test-method> <!-- Reports -->
        <test-method signature="executeTestcase(org.testng.ITestContext)[pri:0, instance:driver.Driver@3568f9d2]" started-at="2023-02-07T22:02:07 IST" name="executeTestcase" finished-at="2023-02-07T22:02:07 IST" duration-ms="1" status="PASS">
          <params>
            <param index="0">
              <value>
                <![CDATA[org.testng.TestRunner@7894f09b]]>
              </value>
            </param>
          </params>
          <reporter-output>
          </reporter-output>
        </test-method> <!-- executeTestcase -->
        <test-method is-config="true" signature="Reports(org.testng.ITestResult)[pri:0, instance:driver.Driver@3568f9d2]" started-at="2023-02-07T22:02:07 IST" name="Reports" finished-at="2023-02-07T22:02:07 IST" duration-ms="1" status="PASS">
          <params>
            <param index="0">
              <value>
                <![CDATA[[TestResult name=executeTestcase status=SUCCESS method=Driver.executeTestcase(org.testng.ITestContext)[pri:0, instance:driver.Driver@3568f9d2] output={null}]]]>
              </value>
            </param>
          </params>
          <reporter-output>
          </reporter-output>
        </test-method> <!-- Reports -->
        <test-method signature="executeTestcase(org.testng.ITestContext)[pri:0, instance:driver.Driver@3568f9d2]" started-at="2023-02-07T22:02:07 IST" name="executeTestcase" finished-at="2023-02-07T22:02:07 IST" duration-ms="2" status="PASS">
          <params>
            <param index="0">
              <value>
                <![CDATA[org.testng.TestRunner@7894f09b]]>
              </value>
            </param>
          </params>
          <reporter-output>
          </reporter-output>
        </test-method> <!-- executeTestcase -->
        <test-method signature="executeTestcase(org.testng.ITestContext)[pri:0, instance:driver.Driver@3568f9d2]" started-at="2023-02-07T22:02:07 IST" name="executeTestcase" finished-at="2023-02-07T22:02:07 IST" duration-ms="2" status="PASS">
          <params>
            <param index="0">
              <value>
                <![CDATA[org.testng.TestRunner@7894f09b]]>
              </value>
            </param>
          </params>
          <reporter-output>
          </reporter-output>
        </test-method> <!-- executeTestcase -->
        <test-method is-config="true" signature="Reports(org.testng.ITestResult)[pri:0, instance:driver.Driver@3568f9d2]" started-at="2023-02-07T22:02:07 IST" name="Reports" finished-at="2023-02-07T22:02:07 IST" duration-ms="0" status="PASS">
          <params>
            <param index="0">
              <value>
                <![CDATA[[TestResult name=executeTestcase status=SUCCESS method=Driver.executeTestcase(org.testng.ITestContext)[pri:0, instance:driver.Driver@3568f9d2] output={null}]]]>
              </value>
            </param>
          </params>
          <reporter-output>
          </reporter-output>
        </test-method> <!-- Reports -->
        <test-method is-config="true" signature="Reports(org.testng.ITestResult)[pri:0, instance:driver.Driver@3568f9d2]" started-at="2023-02-07T22:02:07 IST" name="Reports" finished-at="2023-02-07T22:02:07 IST" duration-ms="0" status="PASS">
          <params>
            <param index="0">
              <value>
                <![CDATA[[TestResult name=executeTestcase status=SUCCESS method=Driver.executeTestcase(org.testng.ITestContext)[pri:0, instance:driver.Driver@3568f9d2] output={null}]]]>
              </value>
            </param>
          </params>
          <reporter-output>
          </reporter-output>
        </test-method> <!-- Reports -->
        <test-method signature="executeTestcase(org.testng.ITestContext)[pri:0, instance:driver.Driver@3568f9d2]" started-at="2023-02-07T22:02:07 IST" name="executeTestcase" finished-at="2023-02-07T22:02:07 IST" duration-ms="1" status="PASS">
          <params>
            <param index="0">
              <value>
                <![CDATA[org.testng.TestRunner@7894f09b]]>
              </value>
            </param>
          </params>
          <reporter-output>
          </reporter-output>
        </test-method> <!-- executeTestcase -->
        <test-method is-config="true" signature="Reports(org.testng.ITestResult)[pri:0, instance:driver.Driver@3568f9d2]" started-at="2023-02-07T22:02:07 IST" name="Reports" finished-at="2023-02-07T22:02:07 IST" duration-ms="0" status="PASS">
          <params>
            <param index="0">
              <value>
                <![CDATA[[TestResult name=executeTestcase status=SUCCESS method=Driver.executeTestcase(org.testng.ITestContext)[pri:0, instance:driver.Driver@3568f9d2] output={null}]]]>
              </value>
            </param>
          </params>
          <reporter-output>
          </reporter-output>
        </test-method> <!-- Reports -->
        <test-method signature="executeTestcase(org.testng.ITestContext)[pri:0, instance:driver.Driver@3568f9d2]" started-at="2023-02-07T22:02:07 IST" name="executeTestcase" finished-at="2023-02-07T22:02:07 IST" duration-ms="1" status="PASS">
          <params>
            <param index="0">
              <value>
                <![CDATA[org.testng.TestRunner@7894f09b]]>
              </value>
            </param>
          </params>
          <reporter-output>
          </reporter-output>
        </test-method> <!-- executeTestcase -->
        <test-method is-config="true" signature="Reports(org.testng.ITestResult)[pri:0, instance:driver.Driver@3568f9d2]" started-at="2023-02-07T22:02:07 IST" name="Reports" finished-at="2023-02-07T22:02:07 IST" duration-ms="0" status="PASS">
          <params>
            <param index="0">
              <value>
                <![CDATA[[TestResult name=executeTestcase status=SUCCESS method=Driver.executeTestcase(org.testng.ITestContext)[pri:0, instance:driver.Driver@3568f9d2] output={null}]]]>
              </value>
            </param>
          </params>
          <reporter-output>
          </reporter-output>
        </test-method> <!-- Reports -->
        <test-method signature="executeTestcase(org.testng.ITestContext)[pri:0, instance:driver.Driver@3568f9d2]" started-at="2023-02-07T22:02:07 IST" name="executeTestcase" finished-at="2023-02-07T22:02:07 IST" duration-ms="2" status="PASS">
          <params>
            <param index="0">
              <value>
                <![CDATA[org.testng.TestRunner@7894f09b]]>
              </value>
            </param>
          </params>
          <reporter-output>
          </reporter-output>
        </test-method> <!-- executeTestcase -->
        <test-method is-config="true" signature="Reports(org.testng.ITestResult)[pri:0, instance:driver.Driver@3568f9d2]" started-at="2023-02-07T22:02:07 IST" name="Reports" finished-at="2023-02-07T22:02:07 IST" duration-ms="0" status="PASS">
          <params>
            <param index="0">
              <value>
                <![CDATA[[TestResult name=executeTestcase status=SUCCESS method=Driver.executeTestcase(org.testng.ITestContext)[pri:0, instance:driver.Driver@3568f9d2] output={null}]]]>
              </value>
            </param>
          </params>
          <reporter-output>
          </reporter-output>
        </test-method> <!-- Reports -->
        <test-method signature="executeTestcase(org.testng.ITestContext)[pri:0, instance:driver.Driver@3568f9d2]" started-at="2023-02-07T22:02:07 IST" name="executeTestcase" finished-at="2023-02-07T22:02:07 IST" duration-ms="2" status="PASS">
          <params>
            <param index="0">
              <value>
                <![CDATA[org.testng.TestRunner@7894f09b]]>
              </value>
            </param>
          </params>
          <reporter-output>
          </reporter-output>
        </test-method> <!-- executeTestcase -->
        <test-method is-config="true" signature="Reports(org.testng.ITestResult)[pri:0, instance:driver.Driver@3568f9d2]" started-at="2023-02-07T22:02:07 IST" name="Reports" finished-at="2023-02-07T22:02:07 IST" duration-ms="0" status="PASS">
          <params>
            <param index="0">
              <value>
                <![CDATA[[TestResult name=executeTestcase status=SUCCESS method=Driver.executeTestcase(org.testng.ITestContext)[pri:0, instance:driver.Driver@3568f9d2] output={null}]]]>
              </value>
            </param>
          </params>
          <reporter-output>
          </reporter-output>
        </test-method> <!-- Reports -->
        <test-method signature="executeTestcase(org.testng.ITestContext)[pri:0, instance:driver.Driver@3568f9d2]" started-at="2023-02-07T22:02:07 IST" name="executeTestcase" finished-at="2023-02-07T22:02:07 IST" duration-ms="2" status="PASS">
          <params>
            <param index="0">
              <value>
                <![CDATA[org.testng.TestRunner@7894f09b]]>
              </value>
            </param>
          </params>
          <reporter-output>
          </reporter-output>
        </test-method> <!-- executeTestcase -->
        <test-method is-config="true" signature="Reports(org.testng.ITestResult)[pri:0, instance:driver.Driver@3568f9d2]" started-at="2023-02-07T22:02:07 IST" name="Reports" finished-at="2023-02-07T22:02:07 IST" duration-ms="0" status="PASS">
          <params>
            <param index="0">
              <value>
                <![CDATA[[TestResult name=executeTestcase status=SUCCESS method=Driver.executeTestcase(org.testng.ITestContext)[pri:0, instance:driver.Driver@3568f9d2] output={null}]]]>
              </value>
            </param>
          </params>
          <reporter-output>
          </reporter-output>
        </test-method> <!-- Reports -->
        <test-method signature="executeTestcase(org.testng.ITestContext)[pri:0, instance:driver.Driver@3568f9d2]" started-at="2023-02-07T22:02:07 IST" name="executeTestcase" finished-at="2023-02-07T22:02:07 IST" duration-ms="2" status="PASS">
          <params>
            <param index="0">
              <value>
                <![CDATA[org.testng.TestRunner@7894f09b]]>
              </value>
            </param>
          </params>
          <reporter-output>
          </reporter-output>
        </test-method> <!-- executeTestcase -->
        <test-method is-config="true" signature="Reports(org.testng.ITestResult)[pri:0, instance:driver.Driver@3568f9d2]" started-at="2023-02-07T22:02:07 IST" name="Reports" finished-at="2023-02-07T22:02:07 IST" duration-ms="1" status="PASS">
          <params>
            <param index="0">
              <value>
                <![CDATA[[TestResult name=executeTestcase status=SUCCESS method=Driver.executeTestcase(org.testng.ITestContext)[pri:0, instance:driver.Driver@3568f9d2] output={null}]]]>
              </value>
            </param>
          </params>
          <reporter-output>
          </reporter-output>
        </test-method> <!-- Reports -->
        <test-method signature="executeTestcase(org.testng.ITestContext)[pri:0, instance:driver.Driver@3568f9d2]" started-at="2023-02-07T22:02:07 IST" name="executeTestcase" finished-at="2023-02-07T22:02:07 IST" duration-ms="1" status="PASS">
          <params>
            <param index="0">
              <value>
                <![CDATA[org.testng.TestRunner@7894f09b]]>
              </value>
            </param>
          </params>
          <reporter-output>
          </reporter-output>
        </test-method> <!-- executeTestcase -->
        <test-method is-config="true" signature="Reports(org.testng.ITestResult)[pri:0, instance:driver.Driver@3568f9d2]" started-at="2023-02-07T22:02:07 IST" name="Reports" finished-at="2023-02-07T22:02:07 IST" duration-ms="1" status="PASS">
          <params>
            <param index="0">
              <value>
                <![CDATA[[TestResult name=executeTestcase status=SUCCESS method=Driver.executeTestcase(org.testng.ITestContext)[pri:0, instance:driver.Driver@3568f9d2] output={null}]]]>
              </value>
            </param>
          </params>
          <reporter-output>
          </reporter-output>
        </test-method> <!-- Reports -->
        <test-method signature="executeTestcase(org.testng.ITestContext)[pri:0, instance:driver.Driver@3568f9d2]" started-at="2023-02-07T22:02:07 IST" name="executeTestcase" finished-at="2023-02-07T22:02:07 IST" duration-ms="2" status="PASS">
          <params>
            <param index="0">
              <value>
                <![CDATA[org.testng.TestRunner@7894f09b]]>
              </value>
            </param>
          </params>
          <reporter-output>
          </reporter-output>
        </test-method> <!-- executeTestcase -->
        <test-method is-config="true" signature="Reports(org.testng.ITestResult)[pri:0, instance:driver.Driver@3568f9d2]" started-at="2023-02-07T22:02:07 IST" name="Reports" finished-at="2023-02-07T22:02:07 IST" duration-ms="0" status="PASS">
          <params>
            <param index="0">
              <value>
                <![CDATA[[TestResult name=executeTestcase status=SUCCESS method=Driver.executeTestcase(org.testng.ITestContext)[pri:0, instance:driver.Driver@3568f9d2] output={null}]]]>
              </value>
            </param>
          </params>
          <reporter-output>
          </reporter-output>
        </test-method> <!-- Reports -->
        <test-method signature="executeTestcase(org.testng.ITestContext)[pri:0, instance:driver.Driver@3568f9d2]" started-at="2023-02-07T22:02:07 IST" name="executeTestcase" finished-at="2023-02-07T22:02:07 IST" duration-ms="2" status="PASS">
          <params>
            <param index="0">
              <value>
                <![CDATA[org.testng.TestRunner@7894f09b]]>
              </value>
            </param>
          </params>
          <reporter-output>
          </reporter-output>
        </test-method> <!-- executeTestcase -->
        <test-method is-config="true" signature="Reports(org.testng.ITestResult)[pri:0, instance:driver.Driver@3568f9d2]" started-at="2023-02-07T22:02:07 IST" name="Reports" finished-at="2023-02-07T22:02:07 IST" duration-ms="1" status="PASS">
          <params>
            <param index="0">
              <value>
                <![CDATA[[TestResult name=executeTestcase status=SUCCESS method=Driver.executeTestcase(org.testng.ITestContext)[pri:0, instance:driver.Driver@3568f9d2] output={null}]]]>
              </value>
            </param>
          </params>
          <reporter-output>
          </reporter-output>
        </test-method> <!-- Reports -->
        <test-method signature="executeTestcase(org.testng.ITestContext)[pri:0, instance:driver.Driver@3568f9d2]" started-at="2023-02-07T22:02:07 IST" name="executeTestcase" finished-at="2023-02-07T22:02:07 IST" duration-ms="2" status="PASS">
          <params>
            <param index="0">
              <value>
                <![CDATA[org.testng.TestRunner@7894f09b]]>
              </value>
            </param>
          </params>
          <reporter-output>
          </reporter-output>
        </test-method> <!-- executeTestcase -->
        <test-method is-config="true" signature="Reports(org.testng.ITestResult)[pri:0, instance:driver.Driver@3568f9d2]" started-at="2023-02-07T22:02:07 IST" name="Reports" finished-at="2023-02-07T22:02:07 IST" duration-ms="0" status="PASS">
          <params>
            <param index="0">
              <value>
                <![CDATA[[TestResult name=executeTestcase status=SUCCESS method=Driver.executeTestcase(org.testng.ITestContext)[pri:0, instance:driver.Driver@3568f9d2] output={null}]]]>
              </value>
            </param>
          </params>
          <reporter-output>
          </reporter-output>
        </test-method> <!-- Reports -->
        <test-method signature="executeTestcase(org.testng.ITestContext)[pri:0, instance:driver.Driver@3568f9d2]" started-at="2023-02-07T22:02:07 IST" name="executeTestcase" finished-at="2023-02-07T22:02:07 IST" duration-ms="2" status="PASS">
          <params>
            <param index="0">
              <value>
                <![CDATA[org.testng.TestRunner@7894f09b]]>
              </value>
            </param>
          </params>
          <reporter-output>
          </reporter-output>
        </test-method> <!-- executeTestcase -->
        <test-method is-config="true" signature="Reports(org.testng.ITestResult)[pri:0, instance:driver.Driver@3568f9d2]" started-at="2023-02-07T22:02:07 IST" name="Reports" finished-at="2023-02-07T22:02:07 IST" duration-ms="0" status="PASS">
          <params>
            <param index="0">
              <value>
                <![CDATA[[TestResult name=executeTestcase status=SUCCESS method=Driver.executeTestcase(org.testng.ITestContext)[pri:0, instance:driver.Driver@3568f9d2] output={null}]]]>
              </value>
            </param>
          </params>
          <reporter-output>
          </reporter-output>
        </test-method> <!-- Reports -->
        <test-method signature="executeTestcase(org.testng.ITestContext)[pri:0, instance:driver.Driver@3568f9d2]" started-at="2023-02-07T22:02:07 IST" name="executeTestcase" finished-at="2023-02-07T22:02:07 IST" duration-ms="1" status="PASS">
          <params>
            <param index="0">
              <value>
                <![CDATA[org.testng.TestRunner@7894f09b]]>
              </value>
            </param>
          </params>
          <reporter-output>
          </reporter-output>
        </test-method> <!-- executeTestcase -->
        <test-method is-config="true" signature="Reports(org.testng.ITestResult)[pri:0, instance:driver.Driver@3568f9d2]" started-at="2023-02-07T22:02:07 IST" name="Reports" finished-at="2023-02-07T22:02:07 IST" duration-ms="1" status="PASS">
          <params>
            <param index="0">
              <value>
                <![CDATA[[TestResult name=executeTestcase status=SUCCESS method=Driver.executeTestcase(org.testng.ITestContext)[pri:0, instance:driver.Driver@3568f9d2] output={null}]]]>
              </value>
            </param>
          </params>
          <reporter-output>
          </reporter-output>
        </test-method> <!-- Reports -->
        <test-method signature="executeTestcase(org.testng.ITestContext)[pri:0, instance:driver.Driver@3568f9d2]" started-at="2023-02-07T22:02:07 IST" name="executeTestcase" finished-at="2023-02-07T22:02:07 IST" duration-ms="2" status="PASS">
          <params>
            <param index="0">
              <value>
                <![CDATA[org.testng.TestRunner@7894f09b]]>
              </value>
            </param>
          </params>
          <reporter-output>
          </reporter-output>
        </test-method> <!-- executeTestcase -->
        <test-method is-config="true" signature="Reports(org.testng.ITestResult)[pri:0, instance:driver.Driver@3568f9d2]" started-at="2023-02-07T22:02:07 IST" name="Reports" finished-at="2023-02-07T22:02:07 IST" duration-ms="0" status="PASS">
          <params>
            <param index="0">
              <value>
                <![CDATA[[TestResult name=executeTestcase status=SUCCESS method=Driver.executeTestcase(org.testng.ITestContext)[pri:0, instance:driver.Driver@3568f9d2] output={null}]]]>
              </value>
            </param>
          </params>
          <reporter-output>
          </reporter-output>
        </test-method> <!-- Reports -->
        <test-method signature="executeTestcase(org.testng.ITestContext)[pri:0, instance:driver.Driver@3568f9d2]" started-at="2023-02-07T22:02:07 IST" name="executeTestcase" finished-at="2023-02-07T22:02:07 IST" duration-ms="1" status="PASS">
          <params>
            <param index="0">
              <value>
                <![CDATA[org.testng.TestRunner@7894f09b]]>
              </value>
            </param>
          </params>
          <reporter-output>
          </reporter-output>
        </test-method> <!-- executeTestcase -->
        <test-method is-config="true" signature="Reports(org.testng.ITestResult)[pri:0, instance:driver.Driver@3568f9d2]" started-at="2023-02-07T22:02:07 IST" name="Reports" finished-at="2023-02-07T22:02:07 IST" duration-ms="1" status="PASS">
          <params>
            <param index="0">
              <value>
                <![CDATA[[TestResult name=executeTestcase status=SUCCESS method=Driver.executeTestcase(org.testng.ITestContext)[pri:0, instance:driver.Driver@3568f9d2] output={null}]]]>
              </value>
            </param>
          </params>
          <reporter-output>
          </reporter-output>
        </test-method> <!-- Reports -->
        <test-method signature="executeTestcase(org.testng.ITestContext)[pri:0, instance:driver.Driver@3568f9d2]" started-at="2023-02-07T22:02:07 IST" name="executeTestcase" finished-at="2023-02-07T22:02:07 IST" duration-ms="2" status="PASS">
          <params>
            <param index="0">
              <value>
                <![CDATA[org.testng.TestRunner@7894f09b]]>
              </value>
            </param>
          </params>
          <reporter-output>
          </reporter-output>
        </test-method> <!-- executeTestcase -->
        <test-method signature="executeTestcase(org.testng.ITestContext)[pri:0, instance:driver.Driver@3568f9d2]" started-at="2023-02-07T22:02:07 IST" name="executeTestcase" finished-at="2023-02-07T22:02:07 IST" duration-ms="2" status="PASS">
          <params>
            <param index="0">
              <value>
                <![CDATA[org.testng.TestRunner@7894f09b]]>
              </value>
            </param>
          </params>
          <reporter-output>
          </reporter-output>
        </test-method> <!-- executeTestcase -->
        <test-method is-config="true" signature="Reports(org.testng.ITestResult)[pri:0, instance:driver.Driver@3568f9d2]" started-at="2023-02-07T22:02:07 IST" name="Reports" finished-at="2023-02-07T22:02:07 IST" duration-ms="0" status="PASS">
          <params>
            <param index="0">
              <value>
                <![CDATA[[TestResult name=executeTestcase status=SUCCESS method=Driver.executeTestcase(org.testng.ITestContext)[pri:0, instance:driver.Driver@3568f9d2] output={null}]]]>
              </value>
            </param>
          </params>
          <reporter-output>
          </reporter-output>
        </test-method> <!-- Reports -->
        <test-method is-config="true" signature="Reports(org.testng.ITestResult)[pri:0, instance:driver.Driver@3568f9d2]" started-at="2023-02-07T22:02:07 IST" name="Reports" finished-at="2023-02-07T22:02:07 IST" duration-ms="0" status="PASS">
          <params>
            <param index="0">
              <value>
                <![CDATA[[TestResult name=executeTestcase status=SUCCESS method=Driver.executeTestcase(org.testng.ITestContext)[pri:0, instance:driver.Driver@3568f9d2] output={null}]]]>
              </value>
            </param>
          </params>
          <reporter-output>
          </reporter-output>
        </test-method> <!-- Reports -->
        <test-method signature="executeTestcase(org.testng.ITestContext)[pri:0, instance:driver.Driver@3568f9d2]" started-at="2023-02-07T22:02:07 IST" name="executeTestcase" finished-at="2023-02-07T22:02:07 IST" duration-ms="2" status="PASS">
          <params>
            <param index="0">
              <value>
                <![CDATA[org.testng.TestRunner@7894f09b]]>
              </value>
            </param>
          </params>
          <reporter-output>
          </reporter-output>
        </test-method> <!-- executeTestcase -->
        <test-method is-config="true" signature="Reports(org.testng.ITestResult)[pri:0, instance:driver.Driver@3568f9d2]" started-at="2023-02-07T22:02:07 IST" name="Reports" finished-at="2023-02-07T22:02:07 IST" duration-ms="1" status="PASS">
          <params>
            <param index="0">
              <value>
                <![CDATA[[TestResult name=executeTestcase status=SUCCESS method=Driver.executeTestcase(org.testng.ITestContext)[pri:0, instance:driver.Driver@3568f9d2] output={null}]]]>
              </value>
            </param>
          </params>
          <reporter-output>
          </reporter-output>
        </test-method> <!-- Reports -->
        <test-method signature="executeTestcase(org.testng.ITestContext)[pri:0, instance:driver.Driver@3568f9d2]" started-at="2023-02-07T22:02:07 IST" name="executeTestcase" finished-at="2023-02-07T22:02:07 IST" duration-ms="2" status="PASS">
          <params>
            <param index="0">
              <value>
                <![CDATA[org.testng.TestRunner@7894f09b]]>
              </value>
            </param>
          </params>
          <reporter-output>
          </reporter-output>
        </test-method> <!-- executeTestcase -->
        <test-method signature="executeTestcase(org.testng.ITestContext)[pri:0, instance:driver.Driver@3568f9d2]" started-at="2023-02-07T22:02:07 IST" name="executeTestcase" finished-at="2023-02-07T22:02:07 IST" duration-ms="2" status="PASS">
          <params>
            <param index="0">
              <value>
                <![CDATA[org.testng.TestRunner@7894f09b]]>
              </value>
            </param>
          </params>
          <reporter-output>
          </reporter-output>
        </test-method> <!-- executeTestcase -->
        <test-method is-config="true" signature="Reports(org.testng.ITestResult)[pri:0, instance:driver.Driver@3568f9d2]" started-at="2023-02-07T22:02:07 IST" name="Reports" finished-at="2023-02-07T22:02:07 IST" duration-ms="0" status="PASS">
          <params>
            <param index="0">
              <value>
                <![CDATA[[TestResult name=executeTestcase status=SUCCESS method=Driver.executeTestcase(org.testng.ITestContext)[pri:0, instance:driver.Driver@3568f9d2] output={null}]]]>
              </value>
            </param>
          </params>
          <reporter-output>
          </reporter-output>
        </test-method> <!-- Reports -->
        <test-method is-config="true" signature="Reports(org.testng.ITestResult)[pri:0, instance:driver.Driver@3568f9d2]" started-at="2023-02-07T22:02:07 IST" name="Reports" finished-at="2023-02-07T22:02:07 IST" duration-ms="0" status="PASS">
          <params>
            <param index="0">
              <value>
                <![CDATA[[TestResult name=executeTestcase status=SUCCESS method=Driver.executeTestcase(org.testng.ITestContext)[pri:0, instance:driver.Driver@3568f9d2] output={null}]]]>
              </value>
            </param>
          </params>
          <reporter-output>
          </reporter-output>
        </test-method> <!-- Reports -->
        <test-method signature="executeTestcase(org.testng.ITestContext)[pri:0, instance:driver.Driver@3568f9d2]" started-at="2023-02-07T22:02:07 IST" name="executeTestcase" finished-at="2023-02-07T22:02:07 IST" duration-ms="1" status="PASS">
          <params>
            <param index="0">
              <value>
                <![CDATA[org.testng.TestRunner@7894f09b]]>
              </value>
            </param>
          </params>
          <reporter-output>
          </reporter-output>
        </test-method> <!-- executeTestcase -->
        <test-method is-config="true" signature="Reports(org.testng.ITestResult)[pri:0, instance:driver.Driver@3568f9d2]" started-at="2023-02-07T22:02:07 IST" name="Reports" finished-at="2023-02-07T22:02:07 IST" duration-ms="0" status="PASS">
          <params>
            <param index="0">
              <value>
                <![CDATA[[TestResult name=executeTestcase status=SUCCESS method=Driver.executeTestcase(org.testng.ITestContext)[pri:0, instance:driver.Driver@3568f9d2] output={null}]]]>
              </value>
            </param>
          </params>
          <reporter-output>
          </reporter-output>
        </test-method> <!-- Reports -->
        <test-method signature="executeTestcase(org.testng.ITestContext)[pri:0, instance:driver.Driver@3568f9d2]" started-at="2023-02-07T22:02:07 IST" name="executeTestcase" finished-at="2023-02-07T22:02:07 IST" duration-ms="1" status="PASS">
          <params>
            <param index="0">
              <value>
                <![CDATA[org.testng.TestRunner@7894f09b]]>
              </value>
            </param>
          </params>
          <reporter-output>
          </reporter-output>
        </test-method> <!-- executeTestcase -->
        <test-method is-config="true" signature="Reports(org.testng.ITestResult)[pri:0, instance:driver.Driver@3568f9d2]" started-at="2023-02-07T22:02:07 IST" name="Reports" finished-at="2023-02-07T22:02:07 IST" duration-ms="0" status="PASS">
          <params>
            <param index="0">
              <value>
                <![CDATA[[TestResult name=executeTestcase status=SUCCESS method=Driver.executeTestcase(org.testng.ITestContext)[pri:0, instance:driver.Driver@3568f9d2] output={null}]]]>
              </value>
            </param>
          </params>
          <reporter-output>
          </reporter-output>
        </test-method> <!-- Reports -->
        <test-method signature="executeTestcase(org.testng.ITestContext)[pri:0, instance:driver.Driver@3568f9d2]" started-at="2023-02-07T22:02:07 IST" name="executeTestcase" finished-at="2023-02-07T22:02:07 IST" duration-ms="2" status="PASS">
          <params>
            <param index="0">
              <value>
                <![CDATA[org.testng.TestRunner@7894f09b]]>
              </value>
            </param>
          </params>
          <reporter-output>
          </reporter-output>
        </test-method> <!-- executeTestcase -->
        <test-method is-config="true" signature="Reports(org.testng.ITestResult)[pri:0, instance:driver.Driver@3568f9d2]" started-at="2023-02-07T22:02:07 IST" name="Reports" finished-at="2023-02-07T22:02:07 IST" duration-ms="0" status="PASS">
          <params>
            <param index="0">
              <value>
                <![CDATA[[TestResult name=executeTestcase status=SUCCESS method=Driver.executeTestcase(org.testng.ITestContext)[pri:0, instance:driver.Driver@3568f9d2] output={null}]]]>
              </value>
            </param>
          </params>
          <reporter-output>
          </reporter-output>
        </test-method> <!-- Reports -->
        <test-method signature="executeTestcase(org.testng.ITestContext)[pri:0, instance:driver.Driver@3568f9d2]" started-at="2023-02-07T22:02:07 IST" name="executeTestcase" finished-at="2023-02-07T22:02:07 IST" duration-ms="2" status="PASS">
          <params>
            <param index="0">
              <value>
                <![CDATA[org.testng.TestRunner@7894f09b]]>
              </value>
            </param>
          </params>
          <reporter-output>
          </reporter-output>
        </test-method> <!-- executeTestcase -->
        <test-method is-config="true" signature="Reports(org.testng.ITestResult)[pri:0, instance:driver.Driver@3568f9d2]" started-at="2023-02-07T22:02:07 IST" name="Reports" finished-at="2023-02-07T22:02:07 IST" duration-ms="1" status="PASS">
          <params>
            <param index="0">
              <value>
                <![CDATA[[TestResult name=executeTestcase status=SUCCESS method=Driver.executeTestcase(org.testng.ITestContext)[pri:0, instance:driver.Driver@3568f9d2] output={null}]]]>
              </value>
            </param>
          </params>
          <reporter-output>
          </reporter-output>
        </test-method> <!-- Reports -->
        <test-method signature="executeTestcase(org.testng.ITestContext)[pri:0, instance:driver.Driver@3568f9d2]" started-at="2023-02-07T22:02:07 IST" name="executeTestcase" finished-at="2023-02-07T22:02:07 IST" duration-ms="1" status="PASS">
          <params>
            <param index="0">
              <value>
                <![CDATA[org.testng.TestRunner@7894f09b]]>
              </value>
            </param>
          </params>
          <reporter-output>
          </reporter-output>
        </test-method> <!-- executeTestcase -->
        <test-method signature="executeTestcase(org.testng.ITestContext)[pri:0, instance:driver.Driver@3568f9d2]" started-at="2023-02-07T22:02:07 IST" name="executeTestcase" finished-at="2023-02-07T22:02:07 IST" duration-ms="2" status="PASS">
          <params>
            <param index="0">
              <value>
                <![CDATA[org.testng.TestRunner@7894f09b]]>
              </value>
            </param>
          </params>
          <reporter-output>
          </reporter-output>
        </test-method> <!-- executeTestcase -->
        <test-method is-config="true" signature="Reports(org.testng.ITestResult)[pri:0, instance:driver.Driver@3568f9d2]" started-at="2023-02-07T22:02:07 IST" name="Reports" finished-at="2023-02-07T22:02:07 IST" duration-ms="0" status="PASS">
          <params>
            <param index="0">
              <value>
                <![CDATA[[TestResult name=executeTestcase status=SUCCESS method=Driver.executeTestcase(org.testng.ITestContext)[pri:0, instance:driver.Driver@3568f9d2] output={null}]]]>
              </value>
            </param>
          </params>
          <reporter-output>
          </reporter-output>
        </test-method> <!-- Reports -->
        <test-method is-config="true" signature="Reports(org.testng.ITestResult)[pri:0, instance:driver.Driver@3568f9d2]" started-at="2023-02-07T22:02:07 IST" name="Reports" finished-at="2023-02-07T22:02:07 IST" duration-ms="1" status="PASS">
          <params>
            <param index="0">
              <value>
                <![CDATA[[TestResult name=executeTestcase status=SUCCESS method=Driver.executeTestcase(org.testng.ITestContext)[pri:0, instance:driver.Driver@3568f9d2] output={null}]]]>
              </value>
            </param>
          </params>
          <reporter-output>
          </reporter-output>
        </test-method> <!-- Reports -->
        <test-method signature="executeTestcase(org.testng.ITestContext)[pri:0, instance:driver.Driver@3568f9d2]" started-at="2023-02-07T22:02:07 IST" name="executeTestcase" finished-at="2023-02-07T22:02:07 IST" duration-ms="2" status="PASS">
          <params>
            <param index="0">
              <value>
                <![CDATA[org.testng.TestRunner@7894f09b]]>
              </value>
            </param>
          </params>
          <reporter-output>
          </reporter-output>
        </test-method> <!-- executeTestcase -->
        <test-method is-config="true" signature="Reports(org.testng.ITestResult)[pri:0, instance:driver.Driver@3568f9d2]" started-at="2023-02-07T22:02:07 IST" name="Reports" finished-at="2023-02-07T22:02:07 IST" duration-ms="0" status="PASS">
          <params>
            <param index="0">
              <value>
                <![CDATA[[TestResult name=executeTestcase status=SUCCESS method=Driver.executeTestcase(org.testng.ITestContext)[pri:0, instance:driver.Driver@3568f9d2] output={null}]]]>
              </value>
            </param>
          </params>
          <reporter-output>
          </reporter-output>
        </test-method> <!-- Reports -->
        <test-method signature="executeTestcase(org.testng.ITestContext)[pri:0, instance:driver.Driver@3568f9d2]" started-at="2023-02-07T22:02:07 IST" name="executeTestcase" finished-at="2023-02-07T22:02:07 IST" duration-ms="1" status="PASS">
          <params>
            <param index="0">
              <value>
                <![CDATA[org.testng.TestRunner@7894f09b]]>
              </value>
            </param>
          </params>
          <reporter-output>
          </reporter-output>
        </test-method> <!-- executeTestcase -->
        <test-method is-config="true" signature="Reports(org.testng.ITestResult)[pri:0, instance:driver.Driver@3568f9d2]" started-at="2023-02-07T22:02:07 IST" name="Reports" finished-at="2023-02-07T22:02:07 IST" duration-ms="1" status="PASS">
          <params>
            <param index="0">
              <value>
                <![CDATA[[TestResult name=executeTestcase status=SUCCESS method=Driver.executeTestcase(org.testng.ITestContext)[pri:0, instance:driver.Driver@3568f9d2] output={null}]]]>
              </value>
            </param>
          </params>
          <reporter-output>
          </reporter-output>
        </test-method> <!-- Reports -->
        <test-method signature="executeTestcase(org.testng.ITestContext)[pri:0, instance:driver.Driver@3568f9d2]" started-at="2023-02-07T22:02:07 IST" name="executeTestcase" finished-at="2023-02-07T22:02:07 IST" duration-ms="2" status="PASS">
          <params>
            <param index="0">
              <value>
                <![CDATA[org.testng.TestRunner@7894f09b]]>
              </value>
            </param>
          </params>
          <reporter-output>
          </reporter-output>
        </test-method> <!-- executeTestcase -->
        <test-method is-config="true" signature="Reports(org.testng.ITestResult)[pri:0, instance:driver.Driver@3568f9d2]" started-at="2023-02-07T22:02:07 IST" name="Reports" finished-at="2023-02-07T22:02:07 IST" duration-ms="0" status="PASS">
          <params>
            <param index="0">
              <value>
                <![CDATA[[TestResult name=executeTestcase status=SUCCESS method=Driver.executeTestcase(org.testng.ITestContext)[pri:0, instance:driver.Driver@3568f9d2] output={null}]]]>
              </value>
            </param>
          </params>
          <reporter-output>
          </reporter-output>
        </test-method> <!-- Reports -->
        <test-method signature="executeTestcase(org.testng.ITestContext)[pri:0, instance:driver.Driver@3568f9d2]" started-at="2023-02-07T22:02:07 IST" name="executeTestcase" finished-at="2023-02-07T22:02:07 IST" duration-ms="1" status="PASS">
          <params>
            <param index="0">
              <value>
                <![CDATA[org.testng.TestRunner@7894f09b]]>
              </value>
            </param>
          </params>
          <reporter-output>
          </reporter-output>
        </test-method> <!-- executeTestcase -->
        <test-method is-config="true" signature="Reports(org.testng.ITestResult)[pri:0, instance:driver.Driver@3568f9d2]" started-at="2023-02-07T22:02:07 IST" name="Reports" finished-at="2023-02-07T22:02:07 IST" duration-ms="1" status="PASS">
          <params>
            <param index="0">
              <value>
                <![CDATA[[TestResult name=executeTestcase status=SUCCESS method=Driver.executeTestcase(org.testng.ITestContext)[pri:0, instance:driver.Driver@3568f9d2] output={null}]]]>
              </value>
            </param>
          </params>
          <reporter-output>
          </reporter-output>
        </test-method> <!-- Reports -->
        <test-method signature="executeTestcase(org.testng.ITestContext)[pri:0, instance:driver.Driver@3568f9d2]" started-at="2023-02-07T22:02:07 IST" name="executeTestcase" finished-at="2023-02-07T22:02:07 IST" duration-ms="1" status="PASS">
          <params>
            <param index="0">
              <value>
                <![CDATA[org.testng.TestRunner@7894f09b]]>
              </value>
            </param>
          </params>
          <reporter-output>
          </reporter-output>
        </test-method> <!-- executeTestcase -->
        <test-method signature="executeTestcase(org.testng.ITestContext)[pri:0, instance:driver.Driver@3568f9d2]" started-at="2023-02-07T22:02:07 IST" name="executeTestcase" finished-at="2023-02-07T22:02:07 IST" duration-ms="1" status="PASS">
          <params>
            <param index="0">
              <value>
                <![CDATA[org.testng.TestRunner@7894f09b]]>
              </value>
            </param>
          </params>
          <reporter-output>
          </reporter-output>
        </test-method> <!-- executeTestcase -->
        <test-method is-config="true" signature="Reports(org.testng.ITestResult)[pri:0, instance:driver.Driver@3568f9d2]" started-at="2023-02-07T22:02:07 IST" name="Reports" finished-at="2023-02-07T22:02:07 IST" duration-ms="0" status="PASS">
          <params>
            <param index="0">
              <value>
                <![CDATA[[TestResult name=executeTestcase status=SUCCESS method=Driver.executeTestcase(org.testng.ITestContext)[pri:0, instance:driver.Driver@3568f9d2] output={null}]]]>
              </value>
            </param>
          </params>
          <reporter-output>
          </reporter-output>
        </test-method> <!-- Reports -->
        <test-method signature="executeTestcase(org.testng.ITestContext)[pri:0, instance:driver.Driver@3568f9d2]" started-at="2023-02-07T22:02:07 IST" name="executeTestcase" finished-at="2023-02-07T22:02:07 IST" duration-ms="1" status="PASS">
          <params>
            <param index="0">
              <value>
                <![CDATA[org.testng.TestRunner@7894f09b]]>
              </value>
            </param>
          </params>
          <reporter-output>
          </reporter-output>
        </test-method> <!-- executeTestcase -->
        <test-method is-config="true" signature="Reports(org.testng.ITestResult)[pri:0, instance:driver.Driver@3568f9d2]" started-at="2023-02-07T22:02:07 IST" name="Reports" finished-at="2023-02-07T22:02:07 IST" duration-ms="0" status="PASS">
          <params>
            <param index="0">
              <value>
                <![CDATA[[TestResult name=executeTestcase status=SUCCESS method=Driver.executeTestcase(org.testng.ITestContext)[pri:0, instance:driver.Driver@3568f9d2] output={null}]]]>
              </value>
            </param>
          </params>
          <reporter-output>
          </reporter-output>
        </test-method> <!-- Reports -->
        <test-method is-config="true" signature="Reports(org.testng.ITestResult)[pri:0, instance:driver.Driver@3568f9d2]" started-at="2023-02-07T22:02:07 IST" name="Reports" finished-at="2023-02-07T22:02:07 IST" duration-ms="0" status="PASS">
          <params>
            <param index="0">
              <value>
                <![CDATA[[TestResult name=executeTestcase status=SUCCESS method=Driver.executeTestcase(org.testng.ITestContext)[pri:0, instance:driver.Driver@3568f9d2] output={null}]]]>
              </value>
            </param>
          </params>
          <reporter-output>
          </reporter-output>
        </test-method> <!-- Reports -->
        <test-method signature="executeTestcase(org.testng.ITestContext)[pri:0, instance:driver.Driver@3568f9d2]" started-at="2023-02-07T22:02:07 IST" name="executeTestcase" finished-at="2023-02-07T22:02:07 IST" duration-ms="1" status="PASS">
          <params>
            <param index="0">
              <value>
                <![CDATA[org.testng.TestRunner@7894f09b]]>
              </value>
            </param>
          </params>
          <reporter-output>
          </reporter-output>
        </test-method> <!-- executeTestcase -->
        <test-method is-config="true" signature="Reports(org.testng.ITestResult)[pri:0, instance:driver.Driver@3568f9d2]" started-at="2023-02-07T22:02:07 IST" name="Reports" finished-at="2023-02-07T22:02:07 IST" duration-ms="0" status="PASS">
          <params>
            <param index="0">
              <value>
                <![CDATA[[TestResult name=executeTestcase status=SUCCESS method=Driver.executeTestcase(org.testng.ITestContext)[pri:0, instance:driver.Driver@3568f9d2] output={null}]]]>
              </value>
            </param>
          </params>
          <reporter-output>
          </reporter-output>
        </test-method> <!-- Reports -->
        <test-method signature="executeTestcase(org.testng.ITestContext)[pri:0, instance:driver.Driver@3568f9d2]" started-at="2023-02-07T22:02:07 IST" name="executeTestcase" finished-at="2023-02-07T22:02:07 IST" duration-ms="1" status="PASS">
          <params>
            <param index="0">
              <value>
                <![CDATA[org.testng.TestRunner@7894f09b]]>
              </value>
            </param>
          </params>
          <reporter-output>
          </reporter-output>
        </test-method> <!-- executeTestcase -->
        <test-method is-config="true" signature="Reports(org.testng.ITestResult)[pri:0, instance:driver.Driver@3568f9d2]" started-at="2023-02-07T22:02:07 IST" name="Reports" finished-at="2023-02-07T22:02:07 IST" duration-ms="0" status="PASS">
          <params>
            <param index="0">
              <value>
                <![CDATA[[TestResult name=executeTestcase status=SUCCESS method=Driver.executeTestcase(org.testng.ITestContext)[pri:0, instance:driver.Driver@3568f9d2] output={null}]]]>
              </value>
            </param>
          </params>
          <reporter-output>
          </reporter-output>
        </test-method> <!-- Reports -->
        <test-method signature="executeTestcase(org.testng.ITestContext)[pri:0, instance:driver.Driver@3568f9d2]" started-at="2023-02-07T22:02:07 IST" name="executeTestcase" finished-at="2023-02-07T22:02:07 IST" duration-ms="1" status="PASS">
          <params>
            <param index="0">
              <value>
                <![CDATA[org.testng.TestRunner@7894f09b]]>
              </value>
            </param>
          </params>
          <reporter-output>
          </reporter-output>
        </test-method> <!-- executeTestcase -->
        <test-method is-config="true" signature="Reports(org.testng.ITestResult)[pri:0, instance:driver.Driver@3568f9d2]" started-at="2023-02-07T22:02:07 IST" name="Reports" finished-at="2023-02-07T22:02:07 IST" duration-ms="0" status="PASS">
          <params>
            <param index="0">
              <value>
                <![CDATA[[TestResult name=executeTestcase status=SUCCESS method=Driver.executeTestcase(org.testng.ITestContext)[pri:0, instance:driver.Driver@3568f9d2] output={null}]]]>
              </value>
            </param>
          </params>
          <reporter-output>
          </reporter-output>
        </test-method> <!-- Reports -->
        <test-method signature="executeTestcase(org.testng.ITestContext)[pri:0, instance:driver.Driver@3568f9d2]" started-at="2023-02-07T22:02:07 IST" name="executeTestcase" finished-at="2023-02-07T22:02:07 IST" duration-ms="1" status="PASS">
          <params>
            <param index="0">
              <value>
                <![CDATA[org.testng.TestRunner@7894f09b]]>
              </value>
            </param>
          </params>
          <reporter-output>
          </reporter-output>
        </test-method> <!-- executeTestcase -->
        <test-method is-config="true" signature="Reports(org.testng.ITestResult)[pri:0, instance:driver.Driver@3568f9d2]" started-at="2023-02-07T22:02:07 IST" name="Reports" finished-at="2023-02-07T22:02:07 IST" duration-ms="0" status="PASS">
          <params>
            <param index="0">
              <value>
                <![CDATA[[TestResult name=executeTestcase status=SUCCESS method=Driver.executeTestcase(org.testng.ITestContext)[pri:0, instance:driver.Driver@3568f9d2] output={null}]]]>
              </value>
            </param>
          </params>
          <reporter-output>
          </reporter-output>
        </test-method> <!-- Reports -->
        <test-method signature="executeTestcase(org.testng.ITestContext)[pri:0, instance:driver.Driver@3568f9d2]" started-at="2023-02-07T22:02:07 IST" name="executeTestcase" finished-at="2023-02-07T22:02:07 IST" duration-ms="2" status="PASS">
          <params>
            <param index="0">
              <value>
                <![CDATA[org.testng.TestRunner@7894f09b]]>
              </value>
            </param>
          </params>
          <reporter-output>
          </reporter-output>
        </test-method> <!-- executeTestcase -->
        <test-method is-config="true" signature="Reports(org.testng.ITestResult)[pri:0, instance:driver.Driver@3568f9d2]" started-at="2023-02-07T22:02:07 IST" name="Reports" finished-at="2023-02-07T22:02:07 IST" duration-ms="1" status="PASS">
          <params>
            <param index="0">
              <value>
                <![CDATA[[TestResult name=executeTestcase status=SUCCESS method=Driver.executeTestcase(org.testng.ITestContext)[pri:0, instance:driver.Driver@3568f9d2] output={null}]]]>
              </value>
            </param>
          </params>
          <reporter-output>
          </reporter-output>
        </test-method> <!-- Reports -->
        <test-method signature="executeTestcase(org.testng.ITestContext)[pri:0, instance:driver.Driver@3568f9d2]" started-at="2023-02-07T22:02:07 IST" name="executeTestcase" finished-at="2023-02-07T22:02:07 IST" duration-ms="1" status="PASS">
          <params>
            <param index="0">
              <value>
                <![CDATA[org.testng.TestRunner@7894f09b]]>
              </value>
            </param>
          </params>
          <reporter-output>
          </reporter-output>
        </test-method> <!-- executeTestcase -->
        <test-method signature="executeTestcase(org.testng.ITestContext)[pri:0, instance:driver.Driver@3568f9d2]" started-at="2023-02-07T22:02:07 IST" name="executeTestcase" finished-at="2023-02-07T22:02:07 IST" duration-ms="3" status="PASS">
          <params>
            <param index="0">
              <value>
                <![CDATA[org.testng.TestRunner@7894f09b]]>
              </value>
            </param>
          </params>
          <reporter-output>
          </reporter-output>
        </test-method> <!-- executeTestcase -->
        <test-method is-config="true" signature="Reports(org.testng.ITestResult)[pri:0, instance:driver.Driver@3568f9d2]" started-at="2023-02-07T22:02:07 IST" name="Reports" finished-at="2023-02-07T22:02:07 IST" duration-ms="0" status="PASS">
          <params>
            <param index="0">
              <value>
                <![CDATA[[TestResult name=executeTestcase status=SUCCESS method=Driver.executeTestcase(org.testng.ITestContext)[pri:0, instance:driver.Driver@3568f9d2] output={null}]]]>
              </value>
            </param>
          </params>
          <reporter-output>
          </reporter-output>
        </test-method> <!-- Reports -->
        <test-method is-config="true" signature="Reports(org.testng.ITestResult)[pri:0, instance:driver.Driver@3568f9d2]" started-at="2023-02-07T22:02:07 IST" name="Reports" finished-at="2023-02-07T22:02:07 IST" duration-ms="0" status="PASS">
          <params>
            <param index="0">
              <value>
                <![CDATA[[TestResult name=executeTestcase status=SUCCESS method=Driver.executeTestcase(org.testng.ITestContext)[pri:0, instance:driver.Driver@3568f9d2] output={null}]]]>
              </value>
            </param>
          </params>
          <reporter-output>
          </reporter-output>
        </test-method> <!-- Reports -->
        <test-method signature="executeTestcase(org.testng.ITestContext)[pri:0, instance:driver.Driver@3568f9d2]" started-at="2023-02-07T22:02:07 IST" name="executeTestcase" finished-at="2023-02-07T22:02:07 IST" duration-ms="2" status="PASS">
          <params>
            <param index="0">
              <value>
                <![CDATA[org.testng.TestRunner@7894f09b]]>
              </value>
            </param>
          </params>
          <reporter-output>
          </reporter-output>
        </test-method> <!-- executeTestcase -->
        <test-method is-config="true" signature="Reports(org.testng.ITestResult)[pri:0, instance:driver.Driver@3568f9d2]" started-at="2023-02-07T22:02:07 IST" name="Reports" finished-at="2023-02-07T22:02:07 IST" duration-ms="0" status="PASS">
          <params>
            <param index="0">
              <value>
                <![CDATA[[TestResult name=executeTestcase status=SUCCESS method=Driver.executeTestcase(org.testng.ITestContext)[pri:0, instance:driver.Driver@3568f9d2] output={null}]]]>
              </value>
            </param>
          </params>
          <reporter-output>
          </reporter-output>
        </test-method> <!-- Reports -->
        <test-method signature="executeTestcase(org.testng.ITestContext)[pri:0, instance:driver.Driver@3568f9d2]" started-at="2023-02-07T22:02:07 IST" name="executeTestcase" finished-at="2023-02-07T22:02:07 IST" duration-ms="1" status="PASS">
          <params>
            <param index="0">
              <value>
                <![CDATA[org.testng.TestRunner@7894f09b]]>
              </value>
            </param>
          </params>
          <reporter-output>
          </reporter-output>
        </test-method> <!-- executeTestcase -->
        <test-method is-config="true" signature="Reports(org.testng.ITestResult)[pri:0, instance:driver.Driver@3568f9d2]" started-at="2023-02-07T22:02:07 IST" name="Reports" finished-at="2023-02-07T22:02:07 IST" duration-ms="1" status="PASS">
          <params>
            <param index="0">
              <value>
                <![CDATA[[TestResult name=executeTestcase status=SUCCESS method=Driver.executeTestcase(org.testng.ITestContext)[pri:0, instance:driver.Driver@3568f9d2] output={null}]]]>
              </value>
            </param>
          </params>
          <reporter-output>
          </reporter-output>
        </test-method> <!-- Reports -->
        <test-method signature="executeTestcase(org.testng.ITestContext)[pri:0, instance:driver.Driver@3568f9d2]" started-at="2023-02-07T22:02:07 IST" name="executeTestcase" finished-at="2023-02-07T22:02:07 IST" duration-ms="1" status="PASS">
          <params>
            <param index="0">
              <value>
                <![CDATA[org.testng.TestRunner@7894f09b]]>
              </value>
            </param>
          </params>
          <reporter-output>
          </reporter-output>
        </test-method> <!-- executeTestcase -->
        <test-method signature="executeTestcase(org.testng.ITestContext)[pri:0, instance:driver.Driver@3568f9d2]" started-at="2023-02-07T22:02:07 IST" name="executeTestcase" finished-at="2023-02-07T22:02:07 IST" duration-ms="2" status="PASS">
          <params>
            <param index="0">
              <value>
                <![CDATA[org.testng.TestRunner@7894f09b]]>
              </value>
            </param>
          </params>
          <reporter-output>
          </reporter-output>
        </test-method> <!-- executeTestcase -->
        <test-method is-config="true" signature="Reports(org.testng.ITestResult)[pri:0, instance:driver.Driver@3568f9d2]" started-at="2023-02-07T22:02:07 IST" name="Reports" finished-at="2023-02-07T22:02:07 IST" duration-ms="0" status="PASS">
          <params>
            <param index="0">
              <value>
                <![CDATA[[TestResult name=executeTestcase status=SUCCESS method=Driver.executeTestcase(org.testng.ITestContext)[pri:0, instance:driver.Driver@3568f9d2] output={null}]]]>
              </value>
            </param>
          </params>
          <reporter-output>
          </reporter-output>
        </test-method> <!-- Reports -->
        <test-method is-config="true" signature="Reports(org.testng.ITestResult)[pri:0, instance:driver.Driver@3568f9d2]" started-at="2023-02-07T22:02:07 IST" name="Reports" finished-at="2023-02-07T22:02:07 IST" duration-ms="0" status="PASS">
          <params>
            <param index="0">
              <value>
                <![CDATA[[TestResult name=executeTestcase status=SUCCESS method=Driver.executeTestcase(org.testng.ITestContext)[pri:0, instance:driver.Driver@3568f9d2] output={null}]]]>
              </value>
            </param>
          </params>
          <reporter-output>
          </reporter-output>
        </test-method> <!-- Reports -->
        <test-method signature="executeTestcase(org.testng.ITestContext)[pri:0, instance:driver.Driver@3568f9d2]" started-at="2023-02-07T22:02:07 IST" name="executeTestcase" finished-at="2023-02-07T22:02:07 IST" duration-ms="1" status="PASS">
          <params>
            <param index="0">
              <value>
                <![CDATA[org.testng.TestRunner@7894f09b]]>
              </value>
            </param>
          </params>
          <reporter-output>
          </reporter-output>
        </test-method> <!-- executeTestcase -->
        <test-method is-config="true" signature="Reports(org.testng.ITestResult)[pri:0, instance:driver.Driver@3568f9d2]" started-at="2023-02-07T22:02:07 IST" name="Reports" finished-at="2023-02-07T22:02:07 IST" duration-ms="0" status="PASS">
          <params>
            <param index="0">
              <value>
                <![CDATA[[TestResult name=executeTestcase status=SUCCESS method=Driver.executeTestcase(org.testng.ITestContext)[pri:0, instance:driver.Driver@3568f9d2] output={null}]]]>
              </value>
            </param>
          </params>
          <reporter-output>
          </reporter-output>
        </test-method> <!-- Reports -->
        <test-method signature="executeTestcase(org.testng.ITestContext)[pri:0, instance:driver.Driver@3568f9d2]" started-at="2023-02-07T22:02:07 IST" name="executeTestcase" finished-at="2023-02-07T22:02:07 IST" duration-ms="2" status="PASS">
          <params>
            <param index="0">
              <value>
                <![CDATA[org.testng.TestRunner@7894f09b]]>
              </value>
            </param>
          </params>
          <reporter-output>
          </reporter-output>
        </test-method> <!-- executeTestcase -->
        <test-method is-config="true" signature="Reports(org.testng.ITestResult)[pri:0, instance:driver.Driver@3568f9d2]" started-at="2023-02-07T22:02:07 IST" name="Reports" finished-at="2023-02-07T22:02:07 IST" duration-ms="0" status="PASS">
          <params>
            <param index="0">
              <value>
                <![CDATA[[TestResult name=executeTestcase status=SUCCESS method=Driver.executeTestcase(org.testng.ITestContext)[pri:0, instance:driver.Driver@3568f9d2] output={null}]]]>
              </value>
            </param>
          </params>
          <reporter-output>
          </reporter-output>
        </test-method> <!-- Reports -->
        <test-method signature="executeTestcase(org.testng.ITestContext)[pri:0, instance:driver.Driver@3568f9d2]" started-at="2023-02-07T22:02:07 IST" name="executeTestcase" finished-at="2023-02-07T22:02:07 IST" duration-ms="2" status="PASS">
          <params>
            <param index="0">
              <value>
                <![CDATA[org.testng.TestRunner@7894f09b]]>
              </value>
            </param>
          </params>
          <reporter-output>
          </reporter-output>
        </test-method> <!-- executeTestcase -->
        <test-method is-config="true" signature="Reports(org.testng.ITestResult)[pri:0, instance:driver.Driver@3568f9d2]" started-at="2023-02-07T22:02:07 IST" name="Reports" finished-at="2023-02-07T22:02:07 IST" duration-ms="0" status="PASS">
          <params>
            <param index="0">
              <value>
                <![CDATA[[TestResult name=executeTestcase status=SUCCESS method=Driver.executeTestcase(org.testng.ITestContext)[pri:0, instance:driver.Driver@3568f9d2] output={null}]]]>
              </value>
            </param>
          </params>
          <reporter-output>
          </reporter-output>
        </test-method> <!-- Reports -->
        <test-method signature="executeTestcase(org.testng.ITestContext)[pri:0, instance:driver.Driver@3568f9d2]" started-at="2023-02-07T22:02:07 IST" name="executeTestcase" finished-at="2023-02-07T22:02:07 IST" duration-ms="1" status="PASS">
          <params>
            <param index="0">
              <value>
                <![CDATA[org.testng.TestRunner@7894f09b]]>
              </value>
            </param>
          </params>
          <reporter-output>
          </reporter-output>
        </test-method> <!-- executeTestcase -->
        <test-method is-config="true" signature="Reports(org.testng.ITestResult)[pri:0, instance:driver.Driver@3568f9d2]" started-at="2023-02-07T22:02:07 IST" name="Reports" finished-at="2023-02-07T22:02:07 IST" duration-ms="0" status="PASS">
          <params>
            <param index="0">
              <value>
                <![CDATA[[TestResult name=executeTestcase status=SUCCESS method=Driver.executeTestcase(org.testng.ITestContext)[pri:0, instance:driver.Driver@3568f9d2] output={null}]]]>
              </value>
            </param>
          </params>
          <reporter-output>
          </reporter-output>
        </test-method> <!-- Reports -->
        <test-method signature="executeTestcase(org.testng.ITestContext)[pri:0, instance:driver.Driver@3568f9d2]" started-at="2023-02-07T22:02:07 IST" name="executeTestcase" finished-at="2023-02-07T22:02:07 IST" duration-ms="1" status="PASS">
          <params>
            <param index="0">
              <value>
                <![CDATA[org.testng.TestRunner@7894f09b]]>
              </value>
            </param>
          </params>
          <reporter-output>
          </reporter-output>
        </test-method> <!-- executeTestcase -->
        <test-method signature="executeTestcase(org.testng.ITestContext)[pri:0, instance:driver.Driver@3568f9d2]" started-at="2023-02-07T22:02:07 IST" name="executeTestcase" finished-at="2023-02-07T22:02:07 IST" duration-ms="1" status="PASS">
          <params>
            <param index="0">
              <value>
                <![CDATA[org.testng.TestRunner@7894f09b]]>
              </value>
            </param>
          </params>
          <reporter-output>
          </reporter-output>
        </test-method> <!-- executeTestcase -->
        <test-method is-config="true" signature="Reports(org.testng.ITestResult)[pri:0, instance:driver.Driver@3568f9d2]" started-at="2023-02-07T22:02:07 IST" name="Reports" finished-at="2023-02-07T22:02:07 IST" duration-ms="0" status="PASS">
          <params>
            <param index="0">
              <value>
                <![CDATA[[TestResult name=executeTestcase status=SUCCESS method=Driver.executeTestcase(org.testng.ITestContext)[pri:0, instance:driver.Driver@3568f9d2] output={null}]]]>
              </value>
            </param>
          </params>
          <reporter-output>
          </reporter-output>
        </test-method> <!-- Reports -->
        <test-method is-config="true" signature="Reports(org.testng.ITestResult)[pri:0, instance:driver.Driver@3568f9d2]" started-at="2023-02-07T22:02:07 IST" name="Reports" finished-at="2023-02-07T22:02:07 IST" duration-ms="1" status="PASS">
          <params>
            <param index="0">
              <value>
                <![CDATA[[TestResult name=executeTestcase status=SUCCESS method=Driver.executeTestcase(org.testng.ITestContext)[pri:0, instance:driver.Driver@3568f9d2] output={null}]]]>
              </value>
            </param>
          </params>
          <reporter-output>
          </reporter-output>
        </test-method> <!-- Reports -->
        <test-method signature="executeTestcase(org.testng.ITestContext)[pri:0, instance:driver.Driver@3568f9d2]" started-at="2023-02-07T22:02:07 IST" name="executeTestcase" finished-at="2023-02-07T22:02:07 IST" duration-ms="1" status="PASS">
          <params>
            <param index="0">
              <value>
                <![CDATA[org.testng.TestRunner@7894f09b]]>
              </value>
            </param>
          </params>
          <reporter-output>
          </reporter-output>
        </test-method> <!-- executeTestcase -->
        <test-method is-config="true" signature="Reports(org.testng.ITestResult)[pri:0, instance:driver.Driver@3568f9d2]" started-at="2023-02-07T22:02:07 IST" name="Reports" finished-at="2023-02-07T22:02:07 IST" duration-ms="0" status="PASS">
          <params>
            <param index="0">
              <value>
                <![CDATA[[TestResult name=executeTestcase status=SUCCESS method=Driver.executeTestcase(org.testng.ITestContext)[pri:0, instance:driver.Driver@3568f9d2] output={null}]]]>
              </value>
            </param>
          </params>
          <reporter-output>
          </reporter-output>
        </test-method> <!-- Reports -->
        <test-method signature="executeTestcase(org.testng.ITestContext)[pri:0, instance:driver.Driver@3568f9d2]" started-at="2023-02-07T22:02:07 IST" name="executeTestcase" finished-at="2023-02-07T22:02:07 IST" duration-ms="0" status="PASS">
          <params>
            <param index="0">
              <value>
                <![CDATA[org.testng.TestRunner@7894f09b]]>
              </value>
            </param>
          </params>
          <reporter-output>
          </reporter-output>
        </test-method> <!-- executeTestcase -->
        <test-method is-config="true" signature="Reports(org.testng.ITestResult)[pri:0, instance:driver.Driver@3568f9d2]" started-at="2023-02-07T22:02:07 IST" name="Reports" finished-at="2023-02-07T22:02:07 IST" duration-ms="0" status="PASS">
          <params>
            <param index="0">
              <value>
                <![CDATA[[TestResult name=executeTestcase status=SUCCESS method=Driver.executeTestcase(org.testng.ITestContext)[pri:0, instance:driver.Driver@3568f9d2] output={null}]]]>
              </value>
            </param>
          </params>
          <reporter-output>
          </reporter-output>
        </test-method> <!-- Reports -->
        <test-method signature="executeTestcase(org.testng.ITestContext)[pri:0, instance:driver.Driver@3568f9d2]" started-at="2023-02-07T22:02:07 IST" name="executeTestcase" finished-at="2023-02-07T22:02:07 IST" duration-ms="1" status="PASS">
          <params>
            <param index="0">
              <value>
                <![CDATA[org.testng.TestRunner@7894f09b]]>
              </value>
            </param>
          </params>
          <reporter-output>
          </reporter-output>
        </test-method> <!-- executeTestcase -->
        <test-method is-config="true" signature="Reports(org.testng.ITestResult)[pri:0, instance:driver.Driver@3568f9d2]" started-at="2023-02-07T22:02:07 IST" name="Reports" finished-at="2023-02-07T22:02:08 IST" duration-ms="1" status="PASS">
          <params>
            <param index="0">
              <value>
                <![CDATA[[TestResult name=executeTestcase status=SUCCESS method=Driver.executeTestcase(org.testng.ITestContext)[pri:0, instance:driver.Driver@3568f9d2] output={null}]]]>
              </value>
            </param>
          </params>
          <reporter-output>
          </reporter-output>
        </test-method> <!-- Reports -->
        <test-method signature="executeTestcase(org.testng.ITestContext)[pri:0, instance:driver.Driver@3568f9d2]" started-at="2023-02-07T22:02:08 IST" name="executeTestcase" finished-at="2023-02-07T22:02:08 IST" duration-ms="1" status="PASS">
          <params>
            <param index="0">
              <value>
                <![CDATA[org.testng.TestRunner@7894f09b]]>
              </value>
            </param>
          </params>
          <reporter-output>
          </reporter-output>
        </test-method> <!-- executeTestcase -->
        <test-method is-config="true" signature="Reports(org.testng.ITestResult)[pri:0, instance:driver.Driver@3568f9d2]" started-at="2023-02-07T22:02:08 IST" name="Reports" finished-at="2023-02-07T22:02:08 IST" duration-ms="1" status="PASS">
          <params>
            <param index="0">
              <value>
                <![CDATA[[TestResult name=executeTestcase status=SUCCESS method=Driver.executeTestcase(org.testng.ITestContext)[pri:0, instance:driver.Driver@3568f9d2] output={null}]]]>
              </value>
            </param>
          </params>
          <reporter-output>
          </reporter-output>
        </test-method> <!-- Reports -->
        <test-method signature="executeTestcase(org.testng.ITestContext)[pri:0, instance:driver.Driver@3568f9d2]" started-at="2023-02-07T22:02:08 IST" name="executeTestcase" finished-at="2023-02-07T22:02:08 IST" duration-ms="1" status="PASS">
          <params>
            <param index="0">
              <value>
                <![CDATA[org.testng.TestRunner@7894f09b]]>
              </value>
            </param>
          </params>
          <reporter-output>
          </reporter-output>
        </test-method> <!-- executeTestcase -->
        <test-method is-config="true" signature="Reports(org.testng.ITestResult)[pri:0, instance:driver.Driver@3568f9d2]" started-at="2023-02-07T22:02:08 IST" name="Reports" finished-at="2023-02-07T22:02:08 IST" duration-ms="0" status="PASS">
[...]
              </value>
            </param>
          </params>
          <reporter-output>
          </reporter-output>
        </test-method> <!-- Reports -->
        <test-method signature="executeTestcase(org.testng.ITestContext)[pri:0, instance:driver.Driver@3568f9d2]" started-at="2023-02-07T22:24:07 IST" name="executeTestcase" finished-at="2023-02-07T22:24:07 IST" duration-ms="0" status="PASS">
          <params>
            <param index="0">
              <value>
                <![CDATA[org.testng.TestRunner@7894f09b]]>
              </value>
            </param>
          </params>
          <reporter-output>
          </reporter-output>
        </test-method> <!-- executeTestcase -->
        <test-method is-config="true" signature="Reports(org.testng.ITestResult)[pri:0, instance:driver.Driver@3568f9d2]" started-at="2023-02-07T22:24:07 IST" name="Reports" finished-at="2023-02-07T22:24:07 IST" duration-ms="0" status="PASS">
          <params>
            <param index="0">
              <value>
                <![CDATA[[TestResult name=executeTestcase status=SUCCESS method=Driver.executeTestcase(org.testng.ITestContext)[pri:0, instance:driver.Driver@3568f9d2] output={null}]]]>
              </value>
            </param>
          </params>
          <reporter-output>
          </reporter-output>
        </test-method> <!-- Reports -->
        <test-method signature="executeTestcase(org.testng.ITestContext)[pri:0, instance:driver.Driver@3568f9d2]" started-at="2023-02-07T22:24:07 IST" name="executeTestcase" finished-at="2023-02-07T22:24:07 IST" duration-ms="15" status="PASS">
          <params>
            <param index="0">
              <value>
                <![CDATA[org.testng.TestRunner@7894f09b]]>
              </value>
            </param>
          </params>
          <reporter-output>
          </reporter-output>
        </test-method> <!-- executeTestcase -->
        <test-method signature="executeTestcase(org.testng.ITestContext)[pri:0, instance:driver.Driver@3568f9d2]" started-at="2023-02-07T22:24:07 IST" name="executeTestcase" finished-at="2023-02-07T22:24:07 IST" duration-ms="0" status="PASS">
          <params>
            <param index="0">
              <value>
                <![CDATA[org.testng.TestRunner@7894f09b]]>
              </value>
            </param>
          </params>
          <reporter-output>
          </reporter-output>
        </test-method> <!-- executeTestcase -->
        <test-method signature="executeTestcase(org.testng.ITestContext)[pri:0, instance:driver.Driver@3568f9d2]" started-at="2023-02-07T22:24:07 IST" name="executeTestcase" finished-at="2023-02-07T22:24:07 IST" duration-ms="0" status="PASS">
          <params>
            <param index="0">
              <value>
                <![CDATA[org.testng.TestRunner@7894f09b]]>
              </value>
            </param>
          </params>
          <reporter-output>
          </reporter-output>
        </test-method> <!-- executeTestcase -->
        <test-method signature="executeTestcase(org.testng.ITestContext)[pri:0, instance:driver.Driver@3568f9d2]" started-at="2023-02-07T22:24:07 IST" name="executeTestcase" finished-at="2023-02-07T22:24:07 IST" duration-ms="0" status="PASS">
          <params>
            <param index="0">
              <value>
                <![CDATA[org.testng.TestRunner@7894f09b]]>
              </value>
            </param>
          </params>
          <reporter-output>
          </reporter-output>
        </test-method> <!-- executeTestcase -->
        <test-method is-config="true" signature="Reports(org.testng.ITestResult)[pri:0, instance:driver.Driver@3568f9d2]" started-at="2023-02-07T22:24:07 IST" name="Reports" finished-at="2023-02-07T22:24:07 IST" duration-ms="0" status="PASS">
          <params>
            <param index="0">
              <value>
                <![CDATA[[TestResult name=executeTestcase status=SUCCESS method=Driver.executeTestcase(org.testng.ITestContext)[pri:0, instance:driver.Driver@3568f9d2] output={null}]]]>
              </value>
            </param>
          </params>
          <reporter-output>
          </reporter-output>
        </test-method> <!-- Reports -->
        <test-method is-config="true" signature="Reports(org.testng.ITestResult)[pri:0, instance:driver.Driver@3568f9d2]" started-at="2023-02-07T22:24:07 IST" name="Reports" finished-at="2023-02-07T22:24:07 IST" duration-ms="0" status="PASS">
          <params>
            <param index="0">
              <value>
                <![CDATA[[TestResult name=executeTestcase status=SUCCESS method=Driver.executeTestcase(org.testng.ITestContext)[pri:0, instance:driver.Driver@3568f9d2] output={null}]]]>
              </value>
            </param>
          </params>
          <reporter-output>
          </reporter-output>
        </test-method> <!-- Reports -->
        <test-method signature="executeTestcase(org.testng.ITestContext)[pri:0, instance:driver.Driver@3568f9d2]" started-at="2023-02-07T22:24:07 IST" name="executeTestcase" finished-at="2023-02-07T22:24:07 IST" duration-ms="0" status="PASS">
          <params>
            <param index="0">
              <value>
                <![CDATA[org.testng.TestRunner@7894f09b]]>
              </value>
            </param>
          </params>
          <reporter-output>
          </reporter-output>
        </test-method> <!-- executeTestcase -->
        <test-method signature="executeTestcase(org.testng.ITestContext)[pri:0, instance:driver.Driver@3568f9d2]" started-at="2023-02-07T22:24:07 IST" name="executeTestcase" finished-at="2023-02-07T22:24:07 IST" duration-ms="0" status="PASS">
          <params>
            <param index="0">
              <value>
                <![CDATA[org.testng.TestRunner@7894f09b]]>
              </value>
            </param>
          </params>
          <reporter-output>
          </reporter-output>
        </test-method> <!-- executeTestcase -->
        <test-method signature="executeTestcase(org.testng.ITestContext)[pri:0, instance:driver.Driver@3568f9d2]" started-at="2023-02-07T22:24:07 IST" name="executeTestcase" finished-at="2023-02-07T22:24:07 IST" duration-ms="0" status="PASS">
          <params>
            <param index="0">
              <value>
                <![CDATA[org.testng.TestRunner@7894f09b]]>
              </value>
            </param>
          </params>
          <reporter-output>
          </reporter-output>
        </test-method> <!-- executeTestcase -->
        <test-method signature="executeTestcase(org.testng.ITestContext)[pri:0, instance:driver.Driver@3568f9d2]" started-at="2023-02-07T22:24:07 IST" name="executeTestcase" finished-at="2023-02-07T22:24:07 IST" duration-ms="0" status="PASS">
          <params>
            <param index="0">
              <value>
                <![CDATA[org.testng.TestRunner@7894f09b]]>
              </value>
            </param>
          </params>
          <reporter-output>
          </reporter-output>
        </test-method> <!-- executeTestcase -->
        <test-method signature="executeTestcase(org.testng.ITestContext)[pri:0, instance:driver.Driver@3568f9d2]" started-at="2023-02-07T22:24:07 IST" name="executeTestcase" finished-at="2023-02-07T22:24:07 IST" duration-ms="0" status="PASS">
          <params>
            <param index="0">
              <value>
                <![CDATA[org.testng.TestRunner@7894f09b]]>
              </value>
            </param>
          </params>
          <reporter-output>
          </reporter-output>
        </test-method> <!-- executeTestcase -->
        <test-method is-config="true" signature="Reports(org.testng.ITestResult)[pri:0, instance:driver.Driver@3568f9d2]" started-at="2023-02-07T22:24:07 IST" name="Reports" finished-at="2023-02-07T22:24:07 IST" duration-ms="0" status="PASS">
          <params>
            <param index="0">
              <value>
                <![CDATA[[TestResult name=executeTestcase status=SUCCESS method=Driver.executeTestcase(org.testng.ITestContext)[pri:0, instance:driver.Driver@3568f9d2] output={null}]]]>
              </value>
            </param>
          </params>
          <reporter-output>
          </reporter-output>
        </test-method> <!-- Reports -->
        <test-method is-config="true" signature="Reports(org.testng.ITestResult)[pri:0, instance:driver.Driver@3568f9d2]" started-at="2023-02-07T22:24:07 IST" name="Reports" finished-at="2023-02-07T22:24:07 IST" duration-ms="0" status="PASS">
          <params>
            <param index="0">
              <value>
                <![CDATA[[TestResult name=executeTestcase status=SUCCESS method=Driver.executeTestcase(org.testng.ITestContext)[pri:0, instance:driver.Driver@3568f9d2] output={null}]]]>
              </value>
            </param>
          </params>
          <reporter-output>
          </reporter-output>
        </test-method> <!-- Reports -->
        <test-method is-config="true" signature="Reports(org.testng.ITestResult)[pri:0, instance:driver.Driver@3568f9d2]" started-at="2023-02-07T22:24:07 IST" name="Reports" finished-at="2023-02-07T22:24:07 IST" duration-ms="0" status="PASS">
          <params>
            <param index="0">
              <value>
                <![CDATA[[TestResult name=executeTestcase status=SUCCESS method=Driver.executeTestcase(org.testng.ITestContext)[pri:0, instance:driver.Driver@3568f9d2] output={null}]]]>
              </value>
            </param>
          </params>
          <reporter-output>
          </reporter-output>
        </test-method> <!-- Reports -->
        <test-method signature="executeTestcase(org.testng.ITestContext)[pri:0, instance:driver.Driver@3568f9d2]" started-at="2023-02-07T22:24:07 IST" name="executeTestcase" finished-at="2023-02-07T22:24:07 IST" duration-ms="0" status="PASS">
          <params>
            <param index="0">
              <value>
                <![CDATA[org.testng.TestRunner@7894f09b]]>
              </value>
            </param>
          </params>
          <reporter-output>
          </reporter-output>
        </test-method> <!-- executeTestcase -->
        <test-method is-config="true" signature="Reports(org.testng.ITestResult)[pri:0, instance:driver.Driver@3568f9d2]" started-at="2023-02-07T22:24:07 IST" name="Reports" finished-at="2023-02-07T22:24:07 IST" duration-ms="0" status="PASS">
          <params>
            <param index="0">
              <value>
                <![CDATA[[TestResult name=executeTestcase status=SUCCESS method=Driver.executeTestcase(org.testng.ITestContext)[pri:0, instance:driver.Driver@3568f9d2] output={null}]]]>
              </value>
            </param>
          </params>
          <reporter-output>
          </reporter-output>
        </test-method> <!-- Reports -->
        <test-method is-config="true" signature="Reports(org.testng.ITestResult)[pri:0, instance:driver.Driver@3568f9d2]" started-at="2023-02-07T22:24:07 IST" name="Reports" finished-at="2023-02-07T22:24:07 IST" duration-ms="0" status="PASS">
          <params>
            <param index="0">
              <value>
                <![CDATA[[TestResult name=executeTestcase status=SUCCESS method=Driver.executeTestcase(org.testng.ITestContext)[pri:0, instance:driver.Driver@3568f9d2] output={null}]]]>
              </value>
            </param>
          </params>
          <reporter-output>
          </reporter-output>
        </test-method> <!-- Reports -->
        <test-method is-config="true" signature="Reports(org.testng.ITestResult)[pri:0, instance:driver.Driver@3568f9d2]" started-at="2023-02-07T22:24:07 IST" name="Reports" finished-at="2023-02-07T22:24:07 IST" duration-ms="0" status="PASS">
          <params>
            <param index="0">
              <value>
                <![CDATA[[TestResult name=executeTestcase status=SUCCESS method=Driver.executeTestcase(org.testng.ITestContext)[pri:0, instance:driver.Driver@3568f9d2] output={null}]]]>
              </value>
            </param>
          </params>
          <reporter-output>
          </reporter-output>
        </test-method> <!-- Reports -->
        <test-method is-config="true" signature="Reports(org.testng.ITestResult)[pri:0, instance:driver.Driver@3568f9d2]" started-at="2023-02-07T22:24:07 IST" name="Reports" finished-at="2023-02-07T22:24:07 IST" duration-ms="0" status="PASS">
          <params>
            <param index="0">
              <value>
                <![CDATA[[TestResult name=executeTestcase status=SUCCESS method=Driver.executeTestcase(org.testng.ITestContext)[pri:0, instance:driver.Driver@3568f9d2] output={null}]]]>
              </value>
            </param>
          </params>
          <reporter-output>
          </reporter-output>
        </test-method> <!-- Reports -->
        <test-method signature="executeTestcase(org.testng.ITestContext)[pri:0, instance:driver.Driver@3568f9d2]" started-at="2023-02-07T22:24:07 IST" name="executeTestcase" finished-at="2023-02-07T22:24:07 IST" duration-ms="0" status="PASS">
          <params>
            <param index="0">
              <value>
                <![CDATA[org.testng.TestRunner@7894f09b]]>
              </value>
            </param>
          </params>
          <reporter-output>
          </reporter-output>
        </test-method> <!-- executeTestcase -->
        <test-method is-config="true" signature="Reports(org.testng.ITestResult)[pri:0, instance:driver.Driver@3568f9d2]" started-at="2023-02-07T22:24:07 IST" name="Reports" finished-at="2023-02-07T22:24:07 IST" duration-ms="0" status="PASS">
          <params>
            <param index="0">
              <value>
                <![CDATA[[TestResult name=executeTestcase status=SUCCESS method=Driver.executeTestcase(org.testng.ITestContext)[pri:0, instance:driver.Driver@3568f9d2] output={null}]]]>
              </value>
            </param>
          </params>
          <reporter-output>
          </reporter-output>
        </test-method> <!-- Reports -->
        <test-method is-config="true" signature="Reports(org.testng.ITestResult)[pri:0, instance:driver.Driver@3568f9d2]" started-at="2023-02-07T22:24:07 IST" name="Reports" finished-at="2023-02-07T22:24:07 IST" duration-ms="0" status="PASS">
          <params>
            <param index="0">
              <value>
                <![CDATA[[TestResult name=executeTestcase status=SUCCESS method=Driver.executeTestcase(org.testng.ITestContext)[pri:0, instance:driver.Driver@3568f9d2] output={null}]]]>
              </value>
            </param>
          </params>
          <reporter-output>
          </reporter-output>
        </test-method> <!-- Reports -->
        <test-method signature="executeTestcase(org.testng.ITestContext)[pri:0, instance:driver.Driver@3568f9d2]" started-at="2023-02-07T22:24:07 IST" name="executeTestcase" finished-at="2023-02-07T22:24:07 IST" duration-ms="0" status="PASS">
          <params>
            <param index="0">
              <value>
                <![CDATA[org.testng.TestRunner@7894f09b]]>
              </value>
            </param>
          </params>
          <reporter-output>
          </reporter-output>
        </test-method> <!-- executeTestcase -->
        <test-method signature="executeTestcase(org.testng.ITestContext)[pri:0, instance:driver.Driver@3568f9d2]" started-at="2023-02-07T22:24:07 IST" name="executeTestcase" finished-at="2023-02-07T22:24:07 IST" duration-ms="0" status="PASS">
          <params>
            <param index="0">
              <value>
                <![CDATA[org.testng.TestRunner@7894f09b]]>
              </value>
            </param>
          </params>
          <reporter-output>
          </reporter-output>
        </test-method> <!-- executeTestcase -->
        <test-method signature="executeTestcase(org.testng.ITestContext)[pri:0, instance:driver.Driver@3568f9d2]" started-at="2023-02-07T22:24:07 IST" name="executeTestcase" finished-at="2023-02-07T22:24:07 IST" duration-ms="0" status="PASS">
          <params>
            <param index="0">
              <value>
                <![CDATA[org.testng.TestRunner@7894f09b]]>
              </value>
            </param>
          </params>
          <reporter-output>
          </reporter-output>
        </test-method> <!-- executeTestcase -->
        <test-method signature="executeTestcase(org.testng.ITestContext)[pri:0, instance:driver.Driver@3568f9d2]" started-at="2023-02-07T22:24:07 IST" name="executeTestcase" finished-at="2023-02-07T22:24:07 IST" duration-ms="0" status="PASS">
          <params>
            <param index="0">
              <value>
                <![CDATA[org.testng.TestRunner@7894f09b]]>
              </value>
            </param>
          </params>
          <reporter-output>
          </reporter-output>
        </test-method> <!-- executeTestcase -->
        <test-method is-config="true" signature="Reports(org.testng.ITestResult)[pri:0, instance:driver.Driver@3568f9d2]" started-at="2023-02-07T22:24:07 IST" name="Reports" finished-at="2023-02-07T22:24:07 IST" duration-ms="0" status="PASS">
          <params>
            <param index="0">
              <value>
                <![CDATA[[TestResult name=executeTestcase status=SUCCESS method=Driver.executeTestcase(org.testng.ITestContext)[pri:0, instance:driver.Driver@3568f9d2] output={null}]]]>
              </value>
            </param>
          </params>
          <reporter-output>
          </reporter-output>
        </test-method> <!-- Reports -->
        <test-method is-config="true" signature="Reports(org.testng.ITestResult)[pri:0, instance:driver.Driver@3568f9d2]" started-at="2023-02-07T22:24:07 IST" name="Reports" finished-at="2023-02-07T22:24:07 IST" duration-ms="0" status="PASS">
          <params>
            <param index="0">
              <value>
                <![CDATA[[TestResult name=executeTestcase status=SUCCESS method=Driver.executeTestcase(org.testng.ITestContext)[pri:0, instance:driver.Driver@3568f9d2] output={null}]]]>
              </value>
            </param>
          </params>
          <reporter-output>
          </reporter-output>
        </test-method> <!-- Reports -->
        <test-method signature="executeTestcase(org.testng.ITestContext)[pri:0, instance:driver.Driver@3568f9d2]" started-at="2023-02-07T22:24:07 IST" name="executeTestcase" finished-at="2023-02-07T22:24:07 IST" duration-ms="0" status="PASS">
          <params>
            <param index="0">
              <value>
                <![CDATA[org.testng.TestRunner@7894f09b]]>
              </value>
            </param>
          </params>
          <reporter-output>
          </reporter-output>
        </test-method> <!-- executeTestcase -->
        <test-method signature="executeTestcase(org.testng.ITestContext)[pri:0, instance:driver.Driver@3568f9d2]" started-at="2023-02-07T22:24:07 IST" name="executeTestcase" finished-at="2023-02-07T22:24:07 IST" duration-ms="0" status="PASS">
          <params>
            <param index="0">
              <value>
                <![CDATA[org.testng.TestRunner@7894f09b]]>
              </value>
            </param>
          </params>
          <reporter-output>
          </reporter-output>
        </test-method> <!-- executeTestcase -->
        <test-method is-config="true" signature="tearDown()[pri:0, instance:driver.Driver@3568f9d2]" started-at="2023-02-07T22:24:07 IST" name="tearDown" finished-at="2023-02-07T22:24:07 IST" duration-ms="368" status="PASS">
          <reporter-output>
          </reporter-output>
        </test-method> <!-- tearDown -->
      </class> <!-- driver.Driver -->
    </test> <!-- Results -->
  </suite> <!-- Suite -->
</testng-results>
