<?xml version="1.0" encoding="UTF-8"?>
<testng-results ignored="0" total="314" passed="313" failed="1" skipped="0">
  <reporter-output>
  </reporter-output>
  <suite started-at="2022-09-29T14:23:27 IST" name="Suite" finished-at="2022-09-29T14:40:56 IST" duration-ms="1048130">
    <groups>
    </groups>
    <test started-at="2022-09-29T14:23:27 IST" name="Results" finished-at="2022-09-29T14:40:56 IST" duration-ms="1048130">
      <class name="driver.Driver">
        <test-method is-config="true" signature="setUp()[pri:0, instance:driver.Driver@64c63c79]" started-at="2022-09-29T14:23:27 IST" name="setUp" finished-at="2022-09-29T14:23:27 IST" duration-ms="932" status="PASS">
          <reporter-output>
          </reporter-output>
        </test-method> <!-- setUp -->
        <test-method signature="executeTestcase(org.testng.ITestContext)[pri:0, instance:driver.Driver@64c63c79]" started-at="2022-09-29T14:23:28 IST" name="executeTestcase" finished-at="2022-09-29T14:23:28 IST" duration-ms="15" status="PASS">
          <params>
            <param index="0">
              <value>
                <![CDATA[org.testng.TestRunner@7c209437]]>
              </value>
            </param>
          </params>
          <reporter-output>
          </reporter-output>
        </test-method> <!-- executeTestcase -->
        <test-method is-config="true" signature="Reports(org.testng.ITestResult)[pri:0, instance:driver.Driver@64c63c79]" started-at="2022-09-29T14:23:28 IST" name="Reports" finished-at="2022-09-29T14:23:28 IST" duration-ms="1" status="PASS">
          <params>
            <param index="0">
              <value>
                <![CDATA[[TestResult name=executeTestcase status=SUCCESS method=Driver.executeTestcase(org.testng.ITestContext)[pri:0, instance:driver.Driver@64c63c79] output={null}]]]>
              </value>
            </param>
          </params>
          <reporter-output>
          </reporter-output>
        </test-method> <!-- Reports -->
        <test-method signature="executeTestcase(org.testng.ITestContext)[pri:0, instance:driver.Driver@64c63c79]" started-at="2022-09-29T14:23:28 IST" name="executeTestcase" finished-at="2022-09-29T14:23:28 IST" duration-ms="2" status="PASS">
          <params>
            <param index="0">
              <value>
                <![CDATA[org.testng.TestRunner@7c209437]]>
              </value>
            </param>
          </params>
          <reporter-output>
          </reporter-output>
        </test-method> <!-- executeTestcase -->
        <test-method signature="executeTestcase(org.testng.ITestContext)[pri:0, instance:driver.Driver@64c63c79]" started-at="2022-09-29T14:23:28 IST" name="executeTestcase" finished-at="2022-09-29T14:40:53 IST" duration-ms="1045876" status="FAIL">
          <params>
            <param index="0">
              <value>
                <![CDATA[org.testng.TestRunner@7c209437]]>
              </value>
            </param>
          </params>
          <exception class="java.lang.reflect.InvocationTargetException">
            <full-stacktrace>
              <![CDATA[java.lang.reflect.InvocationTargetException
at java.base/jdk.internal.reflect.DirectMethodHandleAccessor.invoke(DirectMethodHandleAccessor.java:119)
at java.base/java.lang.reflect.Method.invoke(Method.java:577)
at driver.Driver.executeTestcase(Driver.java:145)
at java.base/jdk.internal.reflect.DirectMethodHandleAccessor.invoke(DirectMethodHandleAccessor.java:104)
at java.base/java.lang.reflect.Method.invoke(Method.java:577)
at org.testng.internal.MethodInvocationHelper.invokeMethod(MethodInvocationHelper.java:133)
at org.testng.internal.TestInvoker.invokeMethod(TestInvoker.java:598)
at org.testng.internal.TestInvoker.invokeTestMethod(TestInvoker.java:173)
at org.testng.internal.MethodRunner.runInSequence(MethodRunner.java:46)
at org.testng.internal.TestInvoker$MethodInvocationAgent.invoke(TestInvoker.java:824)
at org.testng.internal.TestInvoker.invokeTestMethods(TestInvoker.java:146)
at org.testng.internal.TestMethodWorker.invokeTestMethods(TestMethodWorker.java:146)
at org.testng.internal.TestMethodWorker.run(TestMethodWorker.java:128)
at java.base/java.util.ArrayList.forEach(ArrayList.java:1511)
at org.testng.TestRunner.privateRun(TestRunner.java:794)
at org.testng.TestRunner.run(TestRunner.java:596)
at org.testng.SuiteRunner.runTest(SuiteRunner.java:377)
at org.testng.SuiteRunner.runSequentially(SuiteRunner.java:371)
at org.testng.SuiteRunner.privateRun(SuiteRunner.java:332)
at org.testng.SuiteRunner.run(SuiteRunner.java:276)
at org.testng.SuiteRunnerWorker.runSuite(SuiteRunnerWorker.java:53)
at org.testng.SuiteRunnerWorker.run(SuiteRunnerWorker.java:96)
at org.testng.TestNG.runSuitesSequentially(TestNG.java:1212)
at org.testng.TestNG.runSuitesLocally(TestNG.java:1134)
at org.testng.TestNG.runSuites(TestNG.java:1063)
at org.testng.TestNG.run(TestNG.java:1031)
at org.testng.remote.AbstractRemoteTestNG.run(AbstractRemoteTestNG.java:115)
at org.testng.remote.RemoteTestNG.initAndRun(RemoteTestNG.java:251)
at org.testng.remote.RemoteTestNG.main(RemoteTestNG.java:77)
Caused by: org.openqa.selenium.NoSuchElementException: no such element: Unable to locate element: {"method":"xpath","selector":"//*[@title='ADDITIONAL CRITERIA']"}
  (Session info: chrome=106.0.5249.62)
For documentation on this error, please visit: https://www.seleniumhq.org/exceptions/no_such_element.html
Build info: version: '4.0.0-alpha-1', revision: 'd1d3728cae', time: '2019-04-24T13:42:21'
System info: host: 'Z3P6PUGAVS0039', ip: '10.99.36.55', os.name: 'Windows 10', os.arch: 'amd64', os.version: '10.0', java.version: '18.0.2.1'
Driver info: org.openqa.selenium.chrome.ChromeDriver
Capabilities {acceptInsecureCerts: false, browserName: chrome, browserVersion: 106.0.5249.62, chrome: {chromedriverVersion: 106.0.5249.61 (511755355844..., userDataDir: E:\vkamalak\AppData\Local\T...}, goog:chromeOptions: {debuggerAddress: localhost:48539}, javascriptEnabled: true, networkConnectionEnabled: false, pageLoadStrategy: normal, platform: WINDOWS, platformName: WINDOWS, proxy: Proxy(), setWindowRect: true, strictFileInteractability: false, timeouts: {implicit: 0, pageLoad: 300000, script: 30000}, unhandledPromptBehavior: dismiss and notify, webauthn:extension:credBlob: true, webauthn:extension:largeBlob: true, webauthn:virtualAuthenticators: true}
Session ID: 6a72506166334971b334156c6b4756eb
*** Element info: {Using=xpath, value=//*[@title='ADDITIONAL CRITERIA']}
at java.base/jdk.internal.reflect.DirectConstructorHandleAccessor.newInstance(DirectConstructorHandleAccessor.java:67)
at java.base/java.lang.reflect.Constructor.newInstanceWithCaller(Constructor.java:499)
at java.base/java.lang.reflect.Constructor.newInstance(Constructor.java:483)
at org.openqa.selenium.remote.codec.w3c.W3CHttpResponseCodec.createException(W3CHttpResponseCodec.java:190)
at org.openqa.selenium.remote.codec.w3c.W3CHttpResponseCodec.decode(W3CHttpResponseCodec.java:124)
at org.openqa.selenium.remote.codec.w3c.W3CHttpResponseCodec.decode(W3CHttpResponseCodec.java:51)
at org.openqa.selenium.remote.HttpCommandExecutor.execute(HttpCommandExecutor.java:161)
at org.openqa.selenium.remote.service.DriverCommandExecutor.execute(DriverCommandExecutor.java:83)
at org.openqa.selenium.remote.RemoteWebDriver.execute(RemoteWebDriver.java:577)
at org.openqa.selenium.remote.RemoteWebDriver.findElement(RemoteWebDriver.java:328)
at org.openqa.selenium.remote.RemoteWebDriver.findElementByXPath(RemoteWebDriver.java:446)
at org.openqa.selenium.By$ByXPath.findElement(By.java:353)
at org.openqa.selenium.remote.RemoteWebDriver.findElement(RemoteWebDriver.java:320)
at java.base/jdk.internal.reflect.DirectMethodHandleAccessor.invoke(DirectMethodHandleAccessor.java:104)
at java.base/java.lang.reflect.Method.invoke(Method.java:577)
at org.openqa.selenium.support.events.EventFiringWebDriver.lambda$new$1(EventFiringWebDriver.java:106)
at jdk.proxy2/jdk.proxy2.$Proxy11.findElement(Unknown Source)
at org.openqa.selenium.support.events.EventFiringWebDriver.findElement(EventFiringWebDriver.java:195)
at pages.MemberFormPage.clickMembershipSaveAndCloseMEF(MemberFormPage.java:3324)
at testcases.Member.TestCase_7139.createMemberTP(TestCase_7139.java:141)
at java.base/jdk.internal.reflect.DirectMethodHandleAccessor.invoke(DirectMethodHandleAccessor.java:104)
... 28 more
]]>
            </full-stacktrace>
          </exception> <!-- java.lang.reflect.InvocationTargetException -->
          <reporter-output>
          </reporter-output>
        </test-method> <!-- executeTestcase -->
        <test-method is-config="true" signature="Reports(org.testng.ITestResult)[pri:0, instance:driver.Driver@64c63c79]" started-at="2022-09-29T14:23:28 IST" name="Reports" finished-at="2022-09-29T14:23:28 IST" duration-ms="0" status="PASS">
          <params>
            <param index="0">
              <value>
                <![CDATA[[TestResult name=executeTestcase status=SUCCESS method=Driver.executeTestcase(org.testng.ITestContext)[pri:0, instance:driver.Driver@64c63c79] output={null}]]]>
              </value>
            </param>
          </params>
          <reporter-output>
          </reporter-output>
        </test-method> <!-- Reports -->
        <test-method is-config="true" signature="Reports(org.testng.ITestResult)[pri:0, instance:driver.Driver@64c63c79]" started-at="2022-09-29T14:40:53 IST" name="Reports" finished-at="2022-09-29T14:40:55 IST" duration-ms="1537" status="PASS">
          <params>
            <param index="0">
              <value>
                <![CDATA[[TestResult name=executeTestcase status=FAILURE method=Driver.executeTestcase(org.testng.ITestContext)[pri:0, instance:driver.Driver@64c63c79] output={null}]]]>
              </value>
            </param>
          </params>
          <reporter-output>
          </reporter-output>
        </test-method> <!-- Reports -->
        <test-method signature="executeTestcase(org.testng.ITestContext)[pri:0, instance:driver.Driver@64c63c79]" started-at="2022-09-29T14:40:55 IST" name="executeTestcase" finished-at="2022-09-29T14:40:55 IST" duration-ms="6" status="PASS">
          <params>
            <param index="0">
              <value>
                <![CDATA[org.testng.TestRunner@7c209437]]>
              </value>
            </param>
          </params>
          <reporter-output>
          </reporter-output>
        </test-method> <!-- executeTestcase -->
        <test-method is-config="true" signature="Reports(org.testng.ITestResult)[pri:0, instance:driver.Driver@64c63c79]" started-at="2022-09-29T14:40:55 IST" name="Reports" finished-at="2022-09-29T14:40:55 IST" duration-ms="0" status="PASS">
          <params>
            <param index="0">
              <value>
                <![CDATA[[TestResult name=executeTestcase status=SUCCESS method=Driver.executeTestcase(org.testng.ITestContext)[pri:0, instance:driver.Driver@64c63c79] output={null}]]]>
              </value>
            </param>
          </params>
          <reporter-output>
          </reporter-output>
        </test-method> <!-- Reports -->
        <test-method signature="executeTestcase(org.testng.ITestContext)[pri:0, instance:driver.Driver@64c63c79]" started-at="2022-09-29T14:40:55 IST" name="executeTestcase" finished-at="2022-09-29T14:40:55 IST" duration-ms="2" status="PASS">
          <params>
            <param index="0">
              <value>
                <![CDATA[org.testng.TestRunner@7c209437]]>
              </value>
            </param>
          </params>
          <reporter-output>
          </reporter-output>
        </test-method> <!-- executeTestcase -->
        <test-method signature="executeTestcase(org.testng.ITestContext)[pri:0, instance:driver.Driver@64c63c79]" started-at="2022-09-29T14:40:55 IST" name="executeTestcase" finished-at="2022-09-29T14:40:55 IST" duration-ms="1" status="PASS">
          <params>
            <param index="0">
              <value>
                <![CDATA[org.testng.TestRunner@7c209437]]>
              </value>
            </param>
          </params>
          <reporter-output>
          </reporter-output>
        </test-method> <!-- executeTestcase -->
        <test-method is-config="true" signature="Reports(org.testng.ITestResult)[pri:0, instance:driver.Driver@64c63c79]" started-at="2022-09-29T14:40:55 IST" name="Reports" finished-at="2022-09-29T14:40:55 IST" duration-ms="0" status="PASS">
          <params>
            <param index="0">
              <value>
                <![CDATA[[TestResult name=executeTestcase status=SUCCESS method=Driver.executeTestcase(org.testng.ITestContext)[pri:0, instance:driver.Driver@64c63c79] output={null}]]]>
              </value>
            </param>
          </params>
          <reporter-output>
          </reporter-output>
        </test-method> <!-- Reports -->
        <test-method is-config="true" signature="Reports(org.testng.ITestResult)[pri:0, instance:driver.Driver@64c63c79]" started-at="2022-09-29T14:40:55 IST" name="Reports" finished-at="2022-09-29T14:40:55 IST" duration-ms="0" status="PASS">
          <params>
            <param index="0">
              <value>
                <![CDATA[[TestResult name=executeTestcase status=SUCCESS method=Driver.executeTestcase(org.testng.ITestContext)[pri:0, instance:driver.Driver@64c63c79] output={null}]]]>
              </value>
            </param>
          </params>
          <reporter-output>
          </reporter-output>
        </test-method> <!-- Reports -->
        <test-method signature="executeTestcase(org.testng.ITestContext)[pri:0, instance:driver.Driver@64c63c79]" started-at="2022-09-29T14:40:55 IST" name="executeTestcase" finished-at="2022-09-29T14:40:55 IST" duration-ms="1" status="PASS">
          <params>
            <param index="0">
              <value>
                <![CDATA[org.testng.TestRunner@7c209437]]>
              </value>
            </param>
          </params>
          <reporter-output>
          </reporter-output>
        </test-method> <!-- executeTestcase -->
        <test-method is-config="true" signature="Reports(org.testng.ITestResult)[pri:0, instance:driver.Driver@64c63c79]" started-at="2022-09-29T14:40:55 IST" name="Reports" finished-at="2022-09-29T14:40:55 IST" duration-ms="0" status="PASS">
          <params>
            <param index="0">
              <value>
                <![CDATA[[TestResult name=executeTestcase status=SUCCESS method=Driver.executeTestcase(org.testng.ITestContext)[pri:0, instance:driver.Driver@64c63c79] output={null}]]]>
              </value>
            </param>
          </params>
          <reporter-output>
          </reporter-output>
        </test-method> <!-- Reports -->
        <test-method signature="executeTestcase(org.testng.ITestContext)[pri:0, instance:driver.Driver@64c63c79]" started-at="2022-09-29T14:40:55 IST" name="executeTestcase" finished-at="2022-09-29T14:40:55 IST" duration-ms="1" status="PASS">
          <params>
            <param index="0">
              <value>
                <![CDATA[org.testng.TestRunner@7c209437]]>
              </value>
            </param>
          </params>
          <reporter-output>
          </reporter-output>
        </test-method> <!-- executeTestcase -->
        <test-method is-config="true" signature="Reports(org.testng.ITestResult)[pri:0, instance:driver.Driver@64c63c79]" started-at="2022-09-29T14:40:55 IST" name="Reports" finished-at="2022-09-29T14:40:55 IST" duration-ms="1" status="PASS">
          <params>
            <param index="0">
              <value>
                <![CDATA[[TestResult name=executeTestcase status=SUCCESS method=Driver.executeTestcase(org.testng.ITestContext)[pri:0, instance:driver.Driver@64c63c79] output={null}]]]>
              </value>
            </param>
          </params>
          <reporter-output>
          </reporter-output>
        </test-method> <!-- Reports -->
        <test-method signature="executeTestcase(org.testng.ITestContext)[pri:0, instance:driver.Driver@64c63c79]" started-at="2022-09-29T14:40:55 IST" name="executeTestcase" finished-at="2022-09-29T14:40:55 IST" duration-ms="1" status="PASS">
          <params>
            <param index="0">
              <value>
                <![CDATA[org.testng.TestRunner@7c209437]]>
              </value>
            </param>
          </params>
          <reporter-output>
          </reporter-output>
        </test-method> <!-- executeTestcase -->
        <test-method is-config="true" signature="Reports(org.testng.ITestResult)[pri:0, instance:driver.Driver@64c63c79]" started-at="2022-09-29T14:40:55 IST" name="Reports" finished-at="2022-09-29T14:40:55 IST" duration-ms="0" status="PASS">
          <params>
            <param index="0">
              <value>
                <![CDATA[[TestResult name=executeTestcase status=SUCCESS method=Driver.executeTestcase(org.testng.ITestContext)[pri:0, instance:driver.Driver@64c63c79] output={null}]]]>
              </value>
            </param>
          </params>
          <reporter-output>
          </reporter-output>
        </test-method> <!-- Reports -->
        <test-method signature="executeTestcase(org.testng.ITestContext)[pri:0, instance:driver.Driver@64c63c79]" started-at="2022-09-29T14:40:55 IST" name="executeTestcase" finished-at="2022-09-29T14:40:55 IST" duration-ms="1" status="PASS">
          <params>
            <param index="0">
              <value>
                <![CDATA[org.testng.TestRunner@7c209437]]>
              </value>
            </param>
          </params>
          <reporter-output>
          </reporter-output>
        </test-method> <!-- executeTestcase -->
        <test-method is-config="true" signature="Reports(org.testng.ITestResult)[pri:0, instance:driver.Driver@64c63c79]" started-at="2022-09-29T14:40:55 IST" name="Reports" finished-at="2022-09-29T14:40:55 IST" duration-ms="1" status="PASS">
          <params>
            <param index="0">
              <value>
                <![CDATA[[TestResult name=executeTestcase status=SUCCESS method=Driver.executeTestcase(org.testng.ITestContext)[pri:0, instance:driver.Driver@64c63c79] output={null}]]]>
              </value>
            </param>
          </params>
          <reporter-output>
          </reporter-output>
        </test-method> <!-- Reports -->
        <test-method signature="executeTestcase(org.testng.ITestContext)[pri:0, instance:driver.Driver@64c63c79]" started-at="2022-09-29T14:40:55 IST" name="executeTestcase" finished-at="2022-09-29T14:40:55 IST" duration-ms="1" status="PASS">
          <params>
            <param index="0">
              <value>
                <![CDATA[org.testng.TestRunner@7c209437]]>
              </value>
            </param>
          </params>
          <reporter-output>
          </reporter-output>
        </test-method> <!-- executeTestcase -->
        <test-method is-config="true" signature="Reports(org.testng.ITestResult)[pri:0, instance:driver.Driver@64c63c79]" started-at="2022-09-29T14:40:55 IST" name="Reports" finished-at="2022-09-29T14:40:55 IST" duration-ms="0" status="PASS">
          <params>
            <param index="0">
              <value>
                <![CDATA[[TestResult name=executeTestcase status=SUCCESS method=Driver.executeTestcase(org.testng.ITestContext)[pri:0, instance:driver.Driver@64c63c79] output={null}]]]>
              </value>
            </param>
          </params>
          <reporter-output>
          </reporter-output>
        </test-method> <!-- Reports -->
        <test-method signature="executeTestcase(org.testng.ITestContext)[pri:0, instance:driver.Driver@64c63c79]" started-at="2022-09-29T14:40:55 IST" name="executeTestcase" finished-at="2022-09-29T14:40:55 IST" duration-ms="2" status="PASS">
          <params>
            <param index="0">
              <value>
                <![CDATA[org.testng.TestRunner@7c209437]]>
              </value>
            </param>
          </params>
          <reporter-output>
          </reporter-output>
        </test-method> <!-- executeTestcase -->
        <test-method is-config="true" signature="Reports(org.testng.ITestResult)[pri:0, instance:driver.Driver@64c63c79]" started-at="2022-09-29T14:40:55 IST" name="Reports" finished-at="2022-09-29T14:40:55 IST" duration-ms="0" status="PASS">
          <params>
            <param index="0">
              <value>
                <![CDATA[[TestResult name=executeTestcase status=SUCCESS method=Driver.executeTestcase(org.testng.ITestContext)[pri:0, instance:driver.Driver@64c63c79] output={null}]]]>
              </value>
            </param>
          </params>
          <reporter-output>
          </reporter-output>
        </test-method> <!-- Reports -->
        <test-method signature="executeTestcase(org.testng.ITestContext)[pri:0, instance:driver.Driver@64c63c79]" started-at="2022-09-29T14:40:55 IST" name="executeTestcase" finished-at="2022-09-29T14:40:55 IST" duration-ms="1" status="PASS">
          <params>
            <param index="0">
              <value>
                <![CDATA[org.testng.TestRunner@7c209437]]>
              </value>
            </param>
          </params>
          <reporter-output>
          </reporter-output>
        </test-method> <!-- executeTestcase -->
        <test-method signature="executeTestcase(org.testng.ITestContext)[pri:0, instance:driver.Driver@64c63c79]" started-at="2022-09-29T14:40:55 IST" name="executeTestcase" finished-at="2022-09-29T14:40:55 IST" duration-ms="2" status="PASS">
          <params>
            <param index="0">
              <value>
                <![CDATA[org.testng.TestRunner@7c209437]]>
              </value>
            </param>
          </params>
          <reporter-output>
          </reporter-output>
        </test-method> <!-- executeTestcase -->
        <test-method is-config="true" signature="Reports(org.testng.ITestResult)[pri:0, instance:driver.Driver@64c63c79]" started-at="2022-09-29T14:40:55 IST" name="Reports" finished-at="2022-09-29T14:40:55 IST" duration-ms="0" status="PASS">
          <params>
            <param index="0">
              <value>
                <![CDATA[[TestResult name=executeTestcase status=SUCCESS method=Driver.executeTestcase(org.testng.ITestContext)[pri:0, instance:driver.Driver@64c63c79] output={null}]]]>
              </value>
            </param>
          </params>
          <reporter-output>
          </reporter-output>
        </test-method> <!-- Reports -->
        <test-method is-config="true" signature="Reports(org.testng.ITestResult)[pri:0, instance:driver.Driver@64c63c79]" started-at="2022-09-29T14:40:55 IST" name="Reports" finished-at="2022-09-29T14:40:55 IST" duration-ms="0" status="PASS">
          <params>
            <param index="0">
              <value>
                <![CDATA[[TestResult name=executeTestcase status=SUCCESS method=Driver.executeTestcase(org.testng.ITestContext)[pri:0, instance:driver.Driver@64c63c79] output={null}]]]>
              </value>
            </param>
          </params>
          <reporter-output>
          </reporter-output>
        </test-method> <!-- Reports -->
        <test-method signature="executeTestcase(org.testng.ITestContext)[pri:0, instance:driver.Driver@64c63c79]" started-at="2022-09-29T14:40:55 IST" name="executeTestcase" finished-at="2022-09-29T14:40:55 IST" duration-ms="1" status="PASS">
          <params>
            <param index="0">
              <value>
                <![CDATA[org.testng.TestRunner@7c209437]]>
              </value>
            </param>
          </params>
          <reporter-output>
          </reporter-output>
        </test-method> <!-- executeTestcase -->
        <test-method is-config="true" signature="Reports(org.testng.ITestResult)[pri:0, instance:driver.Driver@64c63c79]" started-at="2022-09-29T14:40:55 IST" name="Reports" finished-at="2022-09-29T14:40:55 IST" duration-ms="0" status="PASS">
          <params>
            <param index="0">
              <value>
                <![CDATA[[TestResult name=executeTestcase status=SUCCESS method=Driver.executeTestcase(org.testng.ITestContext)[pri:0, instance:driver.Driver@64c63c79] output={null}]]]>
              </value>
            </param>
          </params>
          <reporter-output>
          </reporter-output>
        </test-method> <!-- Reports -->
        <test-method signature="executeTestcase(org.testng.ITestContext)[pri:0, instance:driver.Driver@64c63c79]" started-at="2022-09-29T14:40:55 IST" name="executeTestcase" finished-at="2022-09-29T14:40:55 IST" duration-ms="2" status="PASS">
          <params>
            <param index="0">
              <value>
                <![CDATA[org.testng.TestRunner@7c209437]]>
              </value>
            </param>
          </params>
          <reporter-output>
          </reporter-output>
        </test-method> <!-- executeTestcase -->
        <test-method signature="executeTestcase(org.testng.ITestContext)[pri:0, instance:driver.Driver@64c63c79]" started-at="2022-09-29T14:40:55 IST" name="executeTestcase" finished-at="2022-09-29T14:40:55 IST" duration-ms="2" status="PASS">
          <params>
            <param index="0">
              <value>
                <![CDATA[org.testng.TestRunner@7c209437]]>
              </value>
            </param>
          </params>
          <reporter-output>
          </reporter-output>
        </test-method> <!-- executeTestcase -->
        <test-method is-config="true" signature="Reports(org.testng.ITestResult)[pri:0, instance:driver.Driver@64c63c79]" started-at="2022-09-29T14:40:55 IST" name="Reports" finished-at="2022-09-29T14:40:55 IST" duration-ms="0" status="PASS">
          <params>
            <param index="0">
              <value>
                <![CDATA[[TestResult name=executeTestcase status=SUCCESS method=Driver.executeTestcase(org.testng.ITestContext)[pri:0, instance:driver.Driver@64c63c79] output={null}]]]>
              </value>
            </param>
          </params>
          <reporter-output>
          </reporter-output>
        </test-method> <!-- Reports -->
        <test-method is-config="true" signature="Reports(org.testng.ITestResult)[pri:0, instance:driver.Driver@64c63c79]" started-at="2022-09-29T14:40:55 IST" name="Reports" finished-at="2022-09-29T14:40:55 IST" duration-ms="1" status="PASS">
          <params>
            <param index="0">
              <value>
                <![CDATA[[TestResult name=executeTestcase status=SUCCESS method=Driver.executeTestcase(org.testng.ITestContext)[pri:0, instance:driver.Driver@64c63c79] output={null}]]]>
              </value>
            </param>
          </params>
          <reporter-output>
          </reporter-output>
        </test-method> <!-- Reports -->
        <test-method signature="executeTestcase(org.testng.ITestContext)[pri:0, instance:driver.Driver@64c63c79]" started-at="2022-09-29T14:40:55 IST" name="executeTestcase" finished-at="2022-09-29T14:40:55 IST" duration-ms="1" status="PASS">
          <params>
            <param index="0">
              <value>
                <![CDATA[org.testng.TestRunner@7c209437]]>
              </value>
            </param>
          </params>
          <reporter-output>
          </reporter-output>
        </test-method> <!-- executeTestcase -->
        <test-method signature="executeTestcase(org.testng.ITestContext)[pri:0, instance:driver.Driver@64c63c79]" started-at="2022-09-29T14:40:55 IST" name="executeTestcase" finished-at="2022-09-29T14:40:55 IST" duration-ms="1" status="PASS">
          <params>
            <param index="0">
              <value>
                <![CDATA[org.testng.TestRunner@7c209437]]>
              </value>
            </param>
          </params>
          <reporter-output>
          </reporter-output>
        </test-method> <!-- executeTestcase -->
        <test-method is-config="true" signature="Reports(org.testng.ITestResult)[pri:0, instance:driver.Driver@64c63c79]" started-at="2022-09-29T14:40:55 IST" name="Reports" finished-at="2022-09-29T14:40:55 IST" duration-ms="0" status="PASS">
          <params>
            <param index="0">
              <value>
                <![CDATA[[TestResult name=executeTestcase status=SUCCESS method=Driver.executeTestcase(org.testng.ITestContext)[pri:0, instance:driver.Driver@64c63c79] output={null}]]]>
              </value>
            </param>
          </params>
          <reporter-output>
          </reporter-output>
        </test-method> <!-- Reports -->
        <test-method signature="executeTestcase(org.testng.ITestContext)[pri:0, instance:driver.Driver@64c63c79]" started-at="2022-09-29T14:40:55 IST" name="executeTestcase" finished-at="2022-09-29T14:40:55 IST" duration-ms="1" status="PASS">
          <params>
            <param index="0">
              <value>
                <![CDATA[org.testng.TestRunner@7c209437]]>
              </value>
            </param>
          </params>
          <reporter-output>
          </reporter-output>
        </test-method> <!-- executeTestcase -->
        <test-method is-config="true" signature="Reports(org.testng.ITestResult)[pri:0, instance:driver.Driver@64c63c79]" started-at="2022-09-29T14:40:55 IST" name="Reports" finished-at="2022-09-29T14:40:55 IST" duration-ms="0" status="PASS">
          <params>
            <param index="0">
              <value>
                <![CDATA[[TestResult name=executeTestcase status=SUCCESS method=Driver.executeTestcase(org.testng.ITestContext)[pri:0, instance:driver.Driver@64c63c79] output={null}]]]>
              </value>
            </param>
          </params>
          <reporter-output>
          </reporter-output>
        </test-method> <!-- Reports -->
        <test-method is-config="true" signature="Reports(org.testng.ITestResult)[pri:0, instance:driver.Driver@64c63c79]" started-at="2022-09-29T14:40:55 IST" name="Reports" finished-at="2022-09-29T14:40:55 IST" duration-ms="0" status="PASS">
          <params>
            <param index="0">
              <value>
                <![CDATA[[TestResult name=executeTestcase status=SUCCESS method=Driver.executeTestcase(org.testng.ITestContext)[pri:0, instance:driver.Driver@64c63c79] output={null}]]]>
              </value>
            </param>
          </params>
          <reporter-output>
          </reporter-output>
        </test-method> <!-- Reports -->
        <test-method signature="executeTestcase(org.testng.ITestContext)[pri:0, instance:driver.Driver@64c63c79]" started-at="2022-09-29T14:40:55 IST" name="executeTestcase" finished-at="2022-09-29T14:40:55 IST" duration-ms="1" status="PASS">
          <params>
            <param index="0">
              <value>
                <![CDATA[org.testng.TestRunner@7c209437]]>
              </value>
            </param>
          </params>
          <reporter-output>
          </reporter-output>
        </test-method> <!-- executeTestcase -->
        <test-method signature="executeTestcase(org.testng.ITestContext)[pri:0, instance:driver.Driver@64c63c79]" started-at="2022-09-29T14:40:55 IST" name="executeTestcase" finished-at="2022-09-29T14:40:55 IST" duration-ms="2" status="PASS">
          <params>
            <param index="0">
              <value>
                <![CDATA[org.testng.TestRunner@7c209437]]>
              </value>
            </param>
          </params>
          <reporter-output>
          </reporter-output>
        </test-method> <!-- executeTestcase -->
        <test-method is-config="true" signature="Reports(org.testng.ITestResult)[pri:0, instance:driver.Driver@64c63c79]" started-at="2022-09-29T14:40:55 IST" name="Reports" finished-at="2022-09-29T14:40:55 IST" duration-ms="0" status="PASS">
          <params>
            <param index="0">
              <value>
                <![CDATA[[TestResult name=executeTestcase status=SUCCESS method=Driver.executeTestcase(org.testng.ITestContext)[pri:0, instance:driver.Driver@64c63c79] output={null}]]]>
              </value>
            </param>
          </params>
          <reporter-output>
          </reporter-output>
        </test-method> <!-- Reports -->
        <test-method is-config="true" signature="Reports(org.testng.ITestResult)[pri:0, instance:driver.Driver@64c63c79]" started-at="2022-09-29T14:40:55 IST" name="Reports" finished-at="2022-09-29T14:40:55 IST" duration-ms="1" status="PASS">
          <params>
            <param index="0">
              <value>
                <![CDATA[[TestResult name=executeTestcase status=SUCCESS method=Driver.executeTestcase(org.testng.ITestContext)[pri:0, instance:driver.Driver@64c63c79] output={null}]]]>
              </value>
            </param>
          </params>
          <reporter-output>
          </reporter-output>
        </test-method> <!-- Reports -->
        <test-method signature="executeTestcase(org.testng.ITestContext)[pri:0, instance:driver.Driver@64c63c79]" started-at="2022-09-29T14:40:55 IST" name="executeTestcase" finished-at="2022-09-29T14:40:55 IST" duration-ms="1" status="PASS">
          <params>
            <param index="0">
              <value>
                <![CDATA[org.testng.TestRunner@7c209437]]>
              </value>
            </param>
          </params>
          <reporter-output>
          </reporter-output>
        </test-method> <!-- executeTestcase -->
        <test-method signature="executeTestcase(org.testng.ITestContext)[pri:0, instance:driver.Driver@64c63c79]" started-at="2022-09-29T14:40:55 IST" name="executeTestcase" finished-at="2022-09-29T14:40:55 IST" duration-ms="2" status="PASS">
          <params>
            <param index="0">
              <value>
                <![CDATA[org.testng.TestRunner@7c209437]]>
              </value>
            </param>
          </params>
          <reporter-output>
          </reporter-output>
        </test-method> <!-- executeTestcase -->
        <test-method is-config="true" signature="Reports(org.testng.ITestResult)[pri:0, instance:driver.Driver@64c63c79]" started-at="2022-09-29T14:40:55 IST" name="Reports" finished-at="2022-09-29T14:40:55 IST" duration-ms="0" status="PASS">
          <params>
            <param index="0">
              <value>
                <![CDATA[[TestResult name=executeTestcase status=SUCCESS method=Driver.executeTestcase(org.testng.ITestContext)[pri:0, instance:driver.Driver@64c63c79] output={null}]]]>
              </value>
            </param>
          </params>
          <reporter-output>
          </reporter-output>
        </test-method> <!-- Reports -->
        <test-method is-config="true" signature="Reports(org.testng.ITestResult)[pri:0, instance:driver.Driver@64c63c79]" started-at="2022-09-29T14:40:55 IST" name="Reports" finished-at="2022-09-29T14:40:55 IST" duration-ms="1" status="PASS">
          <params>
            <param index="0">
              <value>
                <![CDATA[[TestResult name=executeTestcase status=SUCCESS method=Driver.executeTestcase(org.testng.ITestContext)[pri:0, instance:driver.Driver@64c63c79] output={null}]]]>
              </value>
            </param>
          </params>
          <reporter-output>
          </reporter-output>
        </test-method> <!-- Reports -->
        <test-method signature="executeTestcase(org.testng.ITestContext)[pri:0, instance:driver.Driver@64c63c79]" started-at="2022-09-29T14:40:55 IST" name="executeTestcase" finished-at="2022-09-29T14:40:55 IST" duration-ms="1" status="PASS">
          <params>
            <param index="0">
              <value>
                <![CDATA[org.testng.TestRunner@7c209437]]>
              </value>
            </param>
          </params>
          <reporter-output>
          </reporter-output>
        </test-method> <!-- executeTestcase -->
        <test-method signature="executeTestcase(org.testng.ITestContext)[pri:0, instance:driver.Driver@64c63c79]" started-at="2022-09-29T14:40:55 IST" name="executeTestcase" finished-at="2022-09-29T14:40:55 IST" duration-ms="1" status="PASS">
          <params>
            <param index="0">
              <value>
                <![CDATA[org.testng.TestRunner@7c209437]]>
              </value>
            </param>
          </params>
          <reporter-output>
          </reporter-output>
        </test-method> <!-- executeTestcase -->
        <test-method is-config="true" signature="Reports(org.testng.ITestResult)[pri:0, instance:driver.Driver@64c63c79]" started-at="2022-09-29T14:40:55 IST" name="Reports" finished-at="2022-09-29T14:40:55 IST" duration-ms="0" status="PASS">
          <params>
            <param index="0">
              <value>
                <![CDATA[[TestResult name=executeTestcase status=SUCCESS method=Driver.executeTestcase(org.testng.ITestContext)[pri:0, instance:driver.Driver@64c63c79] output={null}]]]>
              </value>
            </param>
          </params>
          <reporter-output>
          </reporter-output>
        </test-method> <!-- Reports -->
        <test-method signature="executeTestcase(org.testng.ITestContext)[pri:0, instance:driver.Driver@64c63c79]" started-at="2022-09-29T14:40:55 IST" name="executeTestcase" finished-at="2022-09-29T14:40:55 IST" duration-ms="1" status="PASS">
          <params>
            <param index="0">
              <value>
                <![CDATA[org.testng.TestRunner@7c209437]]>
              </value>
            </param>
          </params>
          <reporter-output>
          </reporter-output>
        </test-method> <!-- executeTestcase -->
        <test-method is-config="true" signature="Reports(org.testng.ITestResult)[pri:0, instance:driver.Driver@64c63c79]" started-at="2022-09-29T14:40:55 IST" name="Reports" finished-at="2022-09-29T14:40:55 IST" duration-ms="0" status="PASS">
          <params>
            <param index="0">
              <value>
                <![CDATA[[TestResult name=executeTestcase status=SUCCESS method=Driver.executeTestcase(org.testng.ITestContext)[pri:0, instance:driver.Driver@64c63c79] output={null}]]]>
              </value>
            </param>
          </params>
          <reporter-output>
          </reporter-output>
        </test-method> <!-- Reports -->
        <test-method is-config="true" signature="Reports(org.testng.ITestResult)[pri:0, instance:driver.Driver@64c63c79]" started-at="2022-09-29T14:40:55 IST" name="Reports" finished-at="2022-09-29T14:40:55 IST" duration-ms="1" status="PASS">
          <params>
            <param index="0">
              <value>
                <![CDATA[[TestResult name=executeTestcase status=SUCCESS method=Driver.executeTestcase(org.testng.ITestContext)[pri:0, instance:driver.Driver@64c63c79] output={null}]]]>
              </value>
            </param>
          </params>
          <reporter-output>
          </reporter-output>
        </test-method> <!-- Reports -->
        <test-method signature="executeTestcase(org.testng.ITestContext)[pri:0, instance:driver.Driver@64c63c79]" started-at="2022-09-29T14:40:55 IST" name="executeTestcase" finished-at="2022-09-29T14:40:55 IST" duration-ms="1" status="PASS">
          <params>
            <param index="0">
              <value>
                <![CDATA[org.testng.TestRunner@7c209437]]>
              </value>
            </param>
          </params>
          <reporter-output>
          </reporter-output>
        </test-method> <!-- executeTestcase -->
        <test-method is-config="true" signature="Reports(org.testng.ITestResult)[pri:0, instance:driver.Driver@64c63c79]" started-at="2022-09-29T14:40:55 IST" name="Reports" finished-at="2022-09-29T14:40:55 IST" duration-ms="0" status="PASS">
          <params>
            <param index="0">
              <value>
                <![CDATA[[TestResult name=executeTestcase status=SUCCESS method=Driver.executeTestcase(org.testng.ITestContext)[pri:0, instance:driver.Driver@64c63c79] output={null}]]]>
              </value>
            </param>
          </params>
          <reporter-output>
          </reporter-output>
        </test-method> <!-- Reports -->
        <test-method signature="executeTestcase(org.testng.ITestContext)[pri:0, instance:driver.Driver@64c63c79]" started-at="2022-09-29T14:40:55 IST" name="executeTestcase" finished-at="2022-09-29T14:40:55 IST" duration-ms="1" status="PASS">
          <params>
            <param index="0">
              <value>
                <![CDATA[org.testng.TestRunner@7c209437]]>
              </value>
            </param>
          </params>
          <reporter-output>
          </reporter-output>
        </test-method> <!-- executeTestcase -->
        <test-method is-config="true" signature="Reports(org.testng.ITestResult)[pri:0, instance:driver.Driver@64c63c79]" started-at="2022-09-29T14:40:55 IST" name="Reports" finished-at="2022-09-29T14:40:55 IST" duration-ms="1" status="PASS">
          <params>
            <param index="0">
              <value>
                <![CDATA[[TestResult name=executeTestcase status=SUCCESS method=Driver.executeTestcase(org.testng.ITestContext)[pri:0, instance:driver.Driver@64c63c79] output={null}]]]>
              </value>
            </param>
          </params>
          <reporter-output>
          </reporter-output>
        </test-method> <!-- Reports -->
        <test-method signature="executeTestcase(org.testng.ITestContext)[pri:0, instance:driver.Driver@64c63c79]" started-at="2022-09-29T14:40:55 IST" name="executeTestcase" finished-at="2022-09-29T14:40:55 IST" duration-ms="1" status="PASS">
          <params>
            <param index="0">
              <value>
                <![CDATA[org.testng.TestRunner@7c209437]]>
              </value>
            </param>
          </params>
          <reporter-output>
          </reporter-output>
        </test-method> <!-- executeTestcase -->
        <test-method is-config="true" signature="Reports(org.testng.ITestResult)[pri:0, instance:driver.Driver@64c63c79]" started-at="2022-09-29T14:40:55 IST" name="Reports" finished-at="2022-09-29T14:40:55 IST" duration-ms="0" status="PASS">
          <params>
            <param index="0">
              <value>
                <![CDATA[[TestResult name=executeTestcase status=SUCCESS method=Driver.executeTestcase(org.testng.ITestContext)[pri:0, instance:driver.Driver@64c63c79] output={null}]]]>
              </value>
            </param>
          </params>
          <reporter-output>
          </reporter-output>
        </test-method> <!-- Reports -->
        <test-method signature="executeTestcase(org.testng.ITestContext)[pri:0, instance:driver.Driver@64c63c79]" started-at="2022-09-29T14:40:55 IST" name="executeTestcase" finished-at="2022-09-29T14:40:55 IST" duration-ms="1" status="PASS">
          <params>
            <param index="0">
              <value>
                <![CDATA[org.testng.TestRunner@7c209437]]>
              </value>
            </param>
          </params>
          <reporter-output>
          </reporter-output>
        </test-method> <!-- executeTestcase -->
        <test-method signature="executeTestcase(org.testng.ITestContext)[pri:0, instance:driver.Driver@64c63c79]" started-at="2022-09-29T14:40:55 IST" name="executeTestcase" finished-at="2022-09-29T14:40:55 IST" duration-ms="1" status="PASS">
          <params>
            <param index="0">
              <value>
                <![CDATA[org.testng.TestRunner@7c209437]]>
              </value>
            </param>
          </params>
          <reporter-output>
          </reporter-output>
        </test-method> <!-- executeTestcase -->
        <test-method is-config="true" signature="Reports(org.testng.ITestResult)[pri:0, instance:driver.Driver@64c63c79]" started-at="2022-09-29T14:40:55 IST" name="Reports" finished-at="2022-09-29T14:40:55 IST" duration-ms="0" status="PASS">
          <params>
            <param index="0">
              <value>
                <![CDATA[[TestResult name=executeTestcase status=SUCCESS method=Driver.executeTestcase(org.testng.ITestContext)[pri:0, instance:driver.Driver@64c63c79] output={null}]]]>
              </value>
            </param>
          </params>
          <reporter-output>
          </reporter-output>
        </test-method> <!-- Reports -->
        <test-method is-config="true" signature="Reports(org.testng.ITestResult)[pri:0, instance:driver.Driver@64c63c79]" started-at="2022-09-29T14:40:55 IST" name="Reports" finished-at="2022-09-29T14:40:55 IST" duration-ms="0" status="PASS">
          <params>
            <param index="0">
              <value>
                <![CDATA[[TestResult name=executeTestcase status=SUCCESS method=Driver.executeTestcase(org.testng.ITestContext)[pri:0, instance:driver.Driver@64c63c79] output={null}]]]>
              </value>
            </param>
          </params>
          <reporter-output>
          </reporter-output>
        </test-method> <!-- Reports -->
        <test-method signature="executeTestcase(org.testng.ITestContext)[pri:0, instance:driver.Driver@64c63c79]" started-at="2022-09-29T14:40:55 IST" name="executeTestcase" finished-at="2022-09-29T14:40:55 IST" duration-ms="2" status="PASS">
          <params>
            <param index="0">
              <value>
                <![CDATA[org.testng.TestRunner@7c209437]]>
              </value>
            </param>
          </params>
          <reporter-output>
          </reporter-output>
        </test-method> <!-- executeTestcase -->
        <test-method is-config="true" signature="Reports(org.testng.ITestResult)[pri:0, instance:driver.Driver@64c63c79]" started-at="2022-09-29T14:40:55 IST" name="Reports" finished-at="2022-09-29T14:40:55 IST" duration-ms="1" status="PASS">
          <params>
            <param index="0">
              <value>
                <![CDATA[[TestResult name=executeTestcase status=SUCCESS method=Driver.executeTestcase(org.testng.ITestContext)[pri:0, instance:driver.Driver@64c63c79] output={null}]]]>
              </value>
            </param>
          </params>
          <reporter-output>
          </reporter-output>
        </test-method> <!-- Reports -->
        <test-method signature="executeTestcase(org.testng.ITestContext)[pri:0, instance:driver.Driver@64c63c79]" started-at="2022-09-29T14:40:55 IST" name="executeTestcase" finished-at="2022-09-29T14:40:55 IST" duration-ms="1" status="PASS">
          <params>
            <param index="0">
              <value>
                <![CDATA[org.testng.TestRunner@7c209437]]>
              </value>
            </param>
          </params>
          <reporter-output>
          </reporter-output>
        </test-method> <!-- executeTestcase -->
        <test-method is-config="true" signature="Reports(org.testng.ITestResult)[pri:0, instance:driver.Driver@64c63c79]" started-at="2022-09-29T14:40:55 IST" name="Reports" finished-at="2022-09-29T14:40:55 IST" duration-ms="0" status="PASS">
          <params>
            <param index="0">
              <value>
                <![CDATA[[TestResult name=executeTestcase status=SUCCESS method=Driver.executeTestcase(org.testng.ITestContext)[pri:0, instance:driver.Driver@64c63c79] output={null}]]]>
              </value>
            </param>
          </params>
          <reporter-output>
          </reporter-output>
        </test-method> <!-- Reports -->
        <test-method signature="executeTestcase(org.testng.ITestContext)[pri:0, instance:driver.Driver@64c63c79]" started-at="2022-09-29T14:40:55 IST" name="executeTestcase" finished-at="2022-09-29T14:40:55 IST" duration-ms="1" status="PASS">
          <params>
            <param index="0">
              <value>
                <![CDATA[org.testng.TestRunner@7c209437]]>
              </value>
            </param>
          </params>
          <reporter-output>
          </reporter-output>
        </test-method> <!-- executeTestcase -->
        <test-method signature="executeTestcase(org.testng.ITestContext)[pri:0, instance:driver.Driver@64c63c79]" started-at="2022-09-29T14:40:55 IST" name="executeTestcase" finished-at="2022-09-29T14:40:55 IST" duration-ms="1" status="PASS">
          <params>
            <param index="0">
              <value>
                <![CDATA[org.testng.TestRunner@7c209437]]>
              </value>
            </param>
          </params>
          <reporter-output>
          </reporter-output>
        </test-method> <!-- executeTestcase -->
        <test-method is-config="true" signature="Reports(org.testng.ITestResult)[pri:0, instance:driver.Driver@64c63c79]" started-at="2022-09-29T14:40:55 IST" name="Reports" finished-at="2022-09-29T14:40:55 IST" duration-ms="0" status="PASS">
          <params>
            <param index="0">
              <value>
                <![CDATA[[TestResult name=executeTestcase status=SUCCESS method=Driver.executeTestcase(org.testng.ITestContext)[pri:0, instance:driver.Driver@64c63c79] output={null}]]]>
              </value>
            </param>
          </params>
          <reporter-output>
          </reporter-output>
        </test-method> <!-- Reports -->
        <test-method is-config="true" signature="Reports(org.testng.ITestResult)[pri:0, instance:driver.Driver@64c63c79]" started-at="2022-09-29T14:40:55 IST" name="Reports" finished-at="2022-09-29T14:40:55 IST" duration-ms="1" status="PASS">
          <params>
            <param index="0">
              <value>
                <![CDATA[[TestResult name=executeTestcase status=SUCCESS method=Driver.executeTestcase(org.testng.ITestContext)[pri:0, instance:driver.Driver@64c63c79] output={null}]]]>
              </value>
            </param>
          </params>
          <reporter-output>
          </reporter-output>
        </test-method> <!-- Reports -->
        <test-method signature="executeTestcase(org.testng.ITestContext)[pri:0, instance:driver.Driver@64c63c79]" started-at="2022-09-29T14:40:55 IST" name="executeTestcase" finished-at="2022-09-29T14:40:55 IST" duration-ms="1" status="PASS">
          <params>
            <param index="0">
              <value>
                <![CDATA[org.testng.TestRunner@7c209437]]>
              </value>
            </param>
          </params>
          <reporter-output>
          </reporter-output>
        </test-method> <!-- executeTestcase -->
        <test-method is-config="true" signature="Reports(org.testng.ITestResult)[pri:0, instance:driver.Driver@64c63c79]" started-at="2022-09-29T14:40:55 IST" name="Reports" finished-at="2022-09-29T14:40:55 IST" duration-ms="1" status="PASS">
          <params>
            <param index="0">
              <value>
                <![CDATA[[TestResult name=executeTestcase status=SUCCESS method=Driver.executeTestcase(org.testng.ITestContext)[pri:0, instance:driver.Driver@64c63c79] output={null}]]]>
              </value>
            </param>
          </params>
          <reporter-output>
          </reporter-output>
        </test-method> <!-- Reports -->
        <test-method signature="executeTestcase(org.testng.ITestContext)[pri:0, instance:driver.Driver@64c63c79]" started-at="2022-09-29T14:40:55 IST" name="executeTestcase" finished-at="2022-09-29T14:40:55 IST" duration-ms="1" status="PASS">
          <params>
            <param index="0">
              <value>
                <![CDATA[org.testng.TestRunner@7c209437]]>
              </value>
            </param>
          </params>
          <reporter-output>
          </reporter-output>
        </test-method> <!-- executeTestcase -->
        <test-method is-config="true" signature="Reports(org.testng.ITestResult)[pri:0, instance:driver.Driver@64c63c79]" started-at="2022-09-29T14:40:55 IST" name="Reports" finished-at="2022-09-29T14:40:55 IST" duration-ms="0" status="PASS">
          <params>
            <param index="0">
              <value>
                <![CDATA[[TestResult name=executeTestcase status=SUCCESS method=Driver.executeTestcase(org.testng.ITestContext)[pri:0, instance:driver.Driver@64c63c79] output={null}]]]>
              </value>
            </param>
          </params>
          <reporter-output>
          </reporter-output>
        </test-method> <!-- Reports -->
        <test-method signature="executeTestcase(org.testng.ITestContext)[pri:0, instance:driver.Driver@64c63c79]" started-at="2022-09-29T14:40:55 IST" name="executeTestcase" finished-at="2022-09-29T14:40:55 IST" duration-ms="1" status="PASS">
          <params>
            <param index="0">
              <value>
                <![CDATA[org.testng.TestRunner@7c209437]]>
              </value>
            </param>
          </params>
          <reporter-output>
          </reporter-output>
        </test-method> <!-- executeTestcase -->
        <test-method is-config="true" signature="Reports(org.testng.ITestResult)[pri:0, instance:driver.Driver@64c63c79]" started-at="2022-09-29T14:40:55 IST" name="Reports" finished-at="2022-09-29T14:40:55 IST" duration-ms="0" status="PASS">
          <params>
            <param index="0">
              <value>
                <![CDATA[[TestResult name=executeTestcase status=SUCCESS method=Driver.executeTestcase(org.testng.ITestContext)[pri:0, instance:driver.Driver@64c63c79] output={null}]]]>
              </value>
            </param>
          </params>
          <reporter-output>
          </reporter-output>
        </test-method> <!-- Reports -->
        <test-method signature="executeTestcase(org.testng.ITestContext)[pri:0, instance:driver.Driver@64c63c79]" started-at="2022-09-29T14:40:55 IST" name="executeTestcase" finished-at="2022-09-29T14:40:55 IST" duration-ms="0" status="PASS">
          <params>
            <param index="0">
              <value>
                <![CDATA[org.testng.TestRunner@7c209437]]>
              </value>
            </param>
          </params>
          <reporter-output>
          </reporter-output>
        </test-method> <!-- executeTestcase -->
        <test-method signature="executeTestcase(org.testng.ITestContext)[pri:0, instance:driver.Driver@64c63c79]" started-at="2022-09-29T14:40:55 IST" name="executeTestcase" finished-at="2022-09-29T14:40:55 IST" duration-ms="1" status="PASS">
          <params>
            <param index="0">
              <value>
                <![CDATA[org.testng.TestRunner@7c209437]]>
              </value>
            </param>
          </params>
          <reporter-output>
          </reporter-output>
        </test-method> <!-- executeTestcase -->
        <test-method is-config="true" signature="Reports(org.testng.ITestResult)[pri:0, instance:driver.Driver@64c63c79]" started-at="2022-09-29T14:40:55 IST" name="Reports" finished-at="2022-09-29T14:40:55 IST" duration-ms="0" status="PASS">
          <params>
            <param index="0">
              <value>
                <![CDATA[[TestResult name=executeTestcase status=SUCCESS method=Driver.executeTestcase(org.testng.ITestContext)[pri:0, instance:driver.Driver@64c63c79] output={null}]]]>
              </value>
            </param>
          </params>
          <reporter-output>
          </reporter-output>
        </test-method> <!-- Reports -->
        <test-method signature="executeTestcase(org.testng.ITestContext)[pri:0, instance:driver.Driver@64c63c79]" started-at="2022-09-29T14:40:55 IST" name="executeTestcase" finished-at="2022-09-29T14:40:55 IST" duration-ms="1" status="PASS">
          <params>
            <param index="0">
              <value>
                <![CDATA[org.testng.TestRunner@7c209437]]>
              </value>
            </param>
          </params>
          <reporter-output>
          </reporter-output>
        </test-method> <!-- executeTestcase -->
        <test-method is-config="true" signature="Reports(org.testng.ITestResult)[pri:0, instance:driver.Driver@64c63c79]" started-at="2022-09-29T14:40:55 IST" name="Reports" finished-at="2022-09-29T14:40:55 IST" duration-ms="0" status="PASS">
          <params>
            <param index="0">
              <value>
                <![CDATA[[TestResult name=executeTestcase status=SUCCESS method=Driver.executeTestcase(org.testng.ITestContext)[pri:0, instance:driver.Driver@64c63c79] output={null}]]]>
              </value>
            </param>
          </params>
          <reporter-output>
          </reporter-output>
        </test-method> <!-- Reports -->
        <test-method is-config="true" signature="Reports(org.testng.ITestResult)[pri:0, instance:driver.Driver@64c63c79]" started-at="2022-09-29T14:40:55 IST" name="Reports" finished-at="2022-09-29T14:40:55 IST" duration-ms="0" status="PASS">
          <params>
            <param index="0">
              <value>
                <![CDATA[[TestResult name=executeTestcase status=SUCCESS method=Driver.executeTestcase(org.testng.ITestContext)[pri:0, instance:driver.Driver@64c63c79] output={null}]]]>
              </value>
            </param>
          </params>
          <reporter-output>
          </reporter-output>
        </test-method> <!-- Reports -->
        <test-method signature="executeTestcase(org.testng.ITestContext)[pri:0, instance:driver.Driver@64c63c79]" started-at="2022-09-29T14:40:55 IST" name="executeTestcase" finished-at="2022-09-29T14:40:55 IST" duration-ms="1" status="PASS">
          <params>
            <param index="0">
              <value>
                <![CDATA[org.testng.TestRunner@7c209437]]>
              </value>
            </param>
          </params>
          <reporter-output>
          </reporter-output>
        </test-method> <!-- executeTestcase -->
        <test-method is-config="true" signature="Reports(org.testng.ITestResult)[pri:0, instance:driver.Driver@64c63c79]" started-at="2022-09-29T14:40:55 IST" name="Reports" finished-at="2022-09-29T14:40:55 IST" duration-ms="0" status="PASS">
          <params>
            <param index="0">
              <value>
                <![CDATA[[TestResult name=executeTestcase status=SUCCESS method=Driver.executeTestcase(org.testng.ITestContext)[pri:0, instance:driver.Driver@64c63c79] output={null}]]]>
              </value>
            </param>
          </params>
          <reporter-output>
          </reporter-output>
        </test-method> <!-- Reports -->
        <test-method signature="executeTestcase(org.testng.ITestContext)[pri:0, instance:driver.Driver@64c63c79]" started-at="2022-09-29T14:40:55 IST" name="executeTestcase" finished-at="2022-09-29T14:40:55 IST" duration-ms="1" status="PASS">
          <params>
            <param index="0">
              <value>
                <![CDATA[org.testng.TestRunner@7c209437]]>
              </value>
            </param>
          </params>
          <reporter-output>
          </reporter-output>
        </test-method> <!-- executeTestcase -->
        <test-method signature="executeTestcase(org.testng.ITestContext)[pri:0, instance:driver.Driver@64c63c79]" started-at="2022-09-29T14:40:55 IST" name="executeTestcase" finished-at="2022-09-29T14:40:55 IST" duration-ms="1" status="PASS">
          <params>
            <param index="0">
              <value>
                <![CDATA[org.testng.TestRunner@7c209437]]>
              </value>
            </param>
          </params>
          <reporter-output>
          </reporter-output>
        </test-method> <!-- executeTestcase -->
        <test-method is-config="true" signature="Reports(org.testng.ITestResult)[pri:0, instance:driver.Driver@64c63c79]" started-at="2022-09-29T14:40:55 IST" name="Reports" finished-at="2022-09-29T14:40:55 IST" duration-ms="0" status="PASS">
          <params>
            <param index="0">
              <value>
                <![CDATA[[TestResult name=executeTestcase status=SUCCESS method=Driver.executeTestcase(org.testng.ITestContext)[pri:0, instance:driver.Driver@64c63c79] output={null}]]]>
              </value>
            </param>
          </params>
          <reporter-output>
          </reporter-output>
        </test-method> <!-- Reports -->
        <test-method is-config="true" signature="Reports(org.testng.ITestResult)[pri:0, instance:driver.Driver@64c63c79]" started-at="2022-09-29T14:40:55 IST" name="Reports" finished-at="2022-09-29T14:40:55 IST" duration-ms="0" status="PASS">
          <params>
            <param index="0">
              <value>
                <![CDATA[[TestResult name=executeTestcase status=SUCCESS method=Driver.executeTestcase(org.testng.ITestContext)[pri:0, instance:driver.Driver@64c63c79] output={null}]]]>
              </value>
            </param>
          </params>
          <reporter-output>
          </reporter-output>
        </test-method> <!-- Reports -->
        <test-method signature="executeTestcase(org.testng.ITestContext)[pri:0, instance:driver.Driver@64c63c79]" started-at="2022-09-29T14:40:55 IST" name="executeTestcase" finished-at="2022-09-29T14:40:55 IST" duration-ms="1" status="PASS">
          <params>
            <param index="0">
              <value>
                <![CDATA[org.testng.TestRunner@7c209437]]>
              </value>
            </param>
          </params>
          <reporter-output>
          </reporter-output>
        </test-method> <!-- executeTestcase -->
        <test-method is-config="true" signature="Reports(org.testng.ITestResult)[pri:0, instance:driver.Driver@64c63c79]" started-at="2022-09-29T14:40:55 IST" name="Reports" finished-at="2022-09-29T14:40:55 IST" duration-ms="0" status="PASS">
          <params>
            <param index="0">
              <value>
                <![CDATA[[TestResult name=executeTestcase status=SUCCESS method=Driver.executeTestcase(org.testng.ITestContext)[pri:0, instance:driver.Driver@64c63c79] output={null}]]]>
              </value>
            </param>
          </params>
          <reporter-output>
          </reporter-output>
        </test-method> <!-- Reports -->
        <test-method signature="executeTestcase(org.testng.ITestContext)[pri:0, instance:driver.Driver@64c63c79]" started-at="2022-09-29T14:40:55 IST" name="executeTestcase" finished-at="2022-09-29T14:40:55 IST" duration-ms="1" status="PASS">
          <params>
            <param index="0">
              <value>
                <![CDATA[org.testng.TestRunner@7c209437]]>
              </value>
            </param>
          </params>
          <reporter-output>
          </reporter-output>
        </test-method> <!-- executeTestcase -->
        <test-method is-config="true" signature="Reports(org.testng.ITestResult)[pri:0, instance:driver.Driver@64c63c79]" started-at="2022-09-29T14:40:55 IST" name="Reports" finished-at="2022-09-29T14:40:55 IST" duration-ms="0" status="PASS">
          <params>
            <param index="0">
              <value>
                <![CDATA[[TestResult name=executeTestcase status=SUCCESS method=Driver.executeTestcase(org.testng.ITestContext)[pri:0, instance:driver.Driver@64c63c79] output={null}]]]>
              </value>
            </param>
          </params>
          <reporter-output>
          </reporter-output>
        </test-method> <!-- Reports -->
        <test-method signature="executeTestcase(org.testng.ITestContext)[pri:0, instance:driver.Driver@64c63c79]" started-at="2022-09-29T14:40:55 IST" name="executeTestcase" finished-at="2022-09-29T14:40:55 IST" duration-ms="1" status="PASS">
          <params>
            <param index="0">
              <value>
                <![CDATA[org.testng.TestRunner@7c209437]]>
              </value>
            </param>
          </params>
          <reporter-output>
          </reporter-output>
        </test-method> <!-- executeTestcase -->
        <test-method is-config="true" signature="Reports(org.testng.ITestResult)[pri:0, instance:driver.Driver@64c63c79]" started-at="2022-09-29T14:40:55 IST" name="Reports" finished-at="2022-09-29T14:40:55 IST" duration-ms="0" status="PASS">
          <params>
            <param index="0">
              <value>
                <![CDATA[[TestResult name=executeTestcase status=SUCCESS method=Driver.executeTestcase(org.testng.ITestContext)[pri:0, instance:driver.Driver@64c63c79] output={null}]]]>
              </value>
            </param>
          </params>
          <reporter-output>
          </reporter-output>
        </test-method> <!-- Reports -->
        <test-method signature="executeTestcase(org.testng.ITestContext)[pri:0, instance:driver.Driver@64c63c79]" started-at="2022-09-29T14:40:55 IST" name="executeTestcase" finished-at="2022-09-29T14:40:55 IST" duration-ms="3" status="PASS">
          <params>
            <param index="0">
              <value>
                <![CDATA[org.testng.TestRunner@7c209437]]>
              </value>
            </param>
          </params>
          <reporter-output>
          </reporter-output>
        </test-method> <!-- executeTestcase -->
        <test-method is-config="true" signature="Reports(org.testng.ITestResult)[pri:0, instance:driver.Driver@64c63c79]" started-at="2022-09-29T14:40:55 IST" name="Reports" finished-at="2022-09-29T14:40:55 IST" duration-ms="0" status="PASS">
          <params>
            <param index="0">
              <value>
                <![CDATA[[TestResult name=executeTestcase status=SUCCESS method=Driver.executeTestcase(org.testng.ITestContext)[pri:0, instance:driver.Driver@64c63c79] output={null}]]]>
              </value>
            </param>
          </params>
          <reporter-output>
          </reporter-output>
        </test-method> <!-- Reports -->
        <test-method signature="executeTestcase(org.testng.ITestContext)[pri:0, instance:driver.Driver@64c63c79]" started-at="2022-09-29T14:40:55 IST" name="executeTestcase" finished-at="2022-09-29T14:40:55 IST" duration-ms="1" status="PASS">
          <params>
            <param index="0">
              <value>
                <![CDATA[org.testng.TestRunner@7c209437]]>
              </value>
            </param>
          </params>
          <reporter-output>
          </reporter-output>
        </test-method> <!-- executeTestcase -->
        <test-method is-config="true" signature="Reports(org.testng.ITestResult)[pri:0, instance:driver.Driver@64c63c79]" started-at="2022-09-29T14:40:55 IST" name="Reports" finished-at="2022-09-29T14:40:55 IST" duration-ms="0" status="PASS">
          <params>
            <param index="0">
              <value>
                <![CDATA[[TestResult name=executeTestcase status=SUCCESS method=Driver.executeTestcase(org.testng.ITestContext)[pri:0, instance:driver.Driver@64c63c79] output={null}]]]>
              </value>
            </param>
          </params>
          <reporter-output>
          </reporter-output>
        </test-method> <!-- Reports -->
        <test-method signature="executeTestcase(org.testng.ITestContext)[pri:0, instance:driver.Driver@64c63c79]" started-at="2022-09-29T14:40:55 IST" name="executeTestcase" finished-at="2022-09-29T14:40:55 IST" duration-ms="1" status="PASS">
          <params>
            <param index="0">
              <value>
                <![CDATA[org.testng.TestRunner@7c209437]]>
              </value>
            </param>
          </params>
          <reporter-output>
          </reporter-output>
        </test-method> <!-- executeTestcase -->
        <test-method signature="executeTestcase(org.testng.ITestContext)[pri:0, instance:driver.Driver@64c63c79]" started-at="2022-09-29T14:40:55 IST" name="executeTestcase" finished-at="2022-09-29T14:40:55 IST" duration-ms="1" status="PASS">
          <params>
            <param index="0">
              <value>
                <![CDATA[org.testng.TestRunner@7c209437]]>
              </value>
            </param>
          </params>
          <reporter-output>
          </reporter-output>
        </test-method> <!-- executeTestcase -->
        <test-method is-config="true" signature="Reports(org.testng.ITestResult)[pri:0, instance:driver.Driver@64c63c79]" started-at="2022-09-29T14:40:55 IST" name="Reports" finished-at="2022-09-29T14:40:55 IST" duration-ms="0" status="PASS">
          <params>
            <param index="0">
              <value>
                <![CDATA[[TestResult name=executeTestcase status=SUCCESS method=Driver.executeTestcase(org.testng.ITestContext)[pri:0, instance:driver.Driver@64c63c79] output={null}]]]>
              </value>
            </param>
          </params>
          <reporter-output>
          </reporter-output>
        </test-method> <!-- Reports -->
        <test-method is-config="true" signature="Reports(org.testng.ITestResult)[pri:0, instance:driver.Driver@64c63c79]" started-at="2022-09-29T14:40:55 IST" name="Reports" finished-at="2022-09-29T14:40:55 IST" duration-ms="0" status="PASS">
          <params>
            <param index="0">
              <value>
                <![CDATA[[TestResult name=executeTestcase status=SUCCESS method=Driver.executeTestcase(org.testng.ITestContext)[pri:0, instance:driver.Driver@64c63c79] output={null}]]]>
              </value>
            </param>
          </params>
          <reporter-output>
          </reporter-output>
        </test-method> <!-- Reports -->
        <test-method signature="executeTestcase(org.testng.ITestContext)[pri:0, instance:driver.Driver@64c63c79]" started-at="2022-09-29T14:40:55 IST" name="executeTestcase" finished-at="2022-09-29T14:40:55 IST" duration-ms="1" status="PASS">
          <params>
            <param index="0">
              <value>
                <![CDATA[org.testng.TestRunner@7c209437]]>
              </value>
            </param>
          </params>
          <reporter-output>
          </reporter-output>
        </test-method> <!-- executeTestcase -->
        <test-method is-config="true" signature="Reports(org.testng.ITestResult)[pri:0, instance:driver.Driver@64c63c79]" started-at="2022-09-29T14:40:55 IST" name="Reports" finished-at="2022-09-29T14:40:55 IST" duration-ms="0" status="PASS">
          <params>
            <param index="0">
              <value>
                <![CDATA[[TestResult name=executeTestcase status=SUCCESS method=Driver.executeTestcase(org.testng.ITestContext)[pri:0, instance:driver.Driver@64c63c79] output={null}]]]>
              </value>
            </param>
          </params>
          <reporter-output>
          </reporter-output>
        </test-method> <!-- Reports -->
        <test-method signature="executeTestcase(org.testng.ITestContext)[pri:0, instance:driver.Driver@64c63c79]" started-at="2022-09-29T14:40:55 IST" name="executeTestcase" finished-at="2022-09-29T14:40:55 IST" duration-ms="1" status="PASS">
          <params>
            <param index="0">
              <value>
                <![CDATA[org.testng.TestRunner@7c209437]]>
              </value>
            </param>
          </params>
          <reporter-output>
          </reporter-output>
        </test-method> <!-- executeTestcase -->
        <test-method is-config="true" signature="Reports(org.testng.ITestResult)[pri:0, instance:driver.Driver@64c63c79]" started-at="2022-09-29T14:40:55 IST" name="Reports" finished-at="2022-09-29T14:40:55 IST" duration-ms="0" status="PASS">
          <params>
            <param index="0">
              <value>
                <![CDATA[[TestResult name=executeTestcase status=SUCCESS method=Driver.executeTestcase(org.testng.ITestContext)[pri:0, instance:driver.Driver@64c63c79] output={null}]]]>
              </value>
            </param>
          </params>
          <reporter-output>
          </reporter-output>
        </test-method> <!-- Reports -->
        <test-method signature="executeTestcase(org.testng.ITestContext)[pri:0, instance:driver.Driver@64c63c79]" started-at="2022-09-29T14:40:55 IST" name="executeTestcase" finished-at="2022-09-29T14:40:55 IST" duration-ms="1" status="PASS">
          <params>
            <param index="0">
              <value>
                <![CDATA[org.testng.TestRunner@7c209437]]>
              </value>
            </param>
          </params>
          <reporter-output>
          </reporter-output>
        </test-method> <!-- executeTestcase -->
        <test-method is-config="true" signature="Reports(org.testng.ITestResult)[pri:0, instance:driver.Driver@64c63c79]" started-at="2022-09-29T14:40:55 IST" name="Reports" finished-at="2022-09-29T14:40:55 IST" duration-ms="1" status="PASS">
          <params>
            <param index="0">
              <value>
                <![CDATA[[TestResult name=executeTestcase status=SUCCESS method=Driver.executeTestcase(org.testng.ITestContext)[pri:0, instance:driver.Driver@64c63c79] output={null}]]]>
              </value>
            </param>
          </params>
          <reporter-output>
          </reporter-output>
        </test-method> <!-- Reports -->
        <test-method signature="executeTestcase(org.testng.ITestContext)[pri:0, instance:driver.Driver@64c63c79]" started-at="2022-09-29T14:40:55 IST" name="executeTestcase" finished-at="2022-09-29T14:40:55 IST" duration-ms="1" status="PASS">
          <params>
            <param index="0">
              <value>
                <![CDATA[org.testng.TestRunner@7c209437]]>
              </value>
            </param>
          </params>
          <reporter-output>
          </reporter-output>
        </test-method> <!-- executeTestcase -->
        <test-method signature="executeTestcase(org.testng.ITestContext)[pri:0, instance:driver.Driver@64c63c79]" started-at="2022-09-29T14:40:55 IST" name="executeTestcase" finished-at="2022-09-29T14:40:55 IST" duration-ms="1" status="PASS">
          <params>
            <param index="0">
              <value>
                <![CDATA[org.testng.TestRunner@7c209437]]>
              </value>
            </param>
          </params>
          <reporter-output>
          </reporter-output>
        </test-method> <!-- executeTestcase -->
        <test-method is-config="true" signature="Reports(org.testng.ITestResult)[pri:0, instance:driver.Driver@64c63c79]" started-at="2022-09-29T14:40:55 IST" name="Reports" finished-at="2022-09-29T14:40:55 IST" duration-ms="0" status="PASS">
          <params>
            <param index="0">
              <value>
                <![CDATA[[TestResult name=executeTestcase status=SUCCESS method=Driver.executeTestcase(org.testng.ITestContext)[pri:0, instance:driver.Driver@64c63c79] output={null}]]]>
              </value>
            </param>
          </params>
          <reporter-output>
          </reporter-output>
        </test-method> <!-- Reports -->
        <test-method signature="executeTestcase(org.testng.ITestContext)[pri:0, instance:driver.Driver@64c63c79]" started-at="2022-09-29T14:40:55 IST" name="executeTestcase" finished-at="2022-09-29T14:40:55 IST" duration-ms="1" status="PASS">
          <params>
            <param index="0">
              <value>
                <![CDATA[org.testng.TestRunner@7c209437]]>
              </value>
            </param>
          </params>
          <reporter-output>
          </reporter-output>
        </test-method> <!-- executeTestcase -->
        <test-method is-config="true" signature="Reports(org.testng.ITestResult)[pri:0, instance:driver.Driver@64c63c79]" started-at="2022-09-29T14:40:55 IST" name="Reports" finished-at="2022-09-29T14:40:55 IST" duration-ms="0" status="PASS">
          <params>
            <param index="0">
              <value>
                <![CDATA[[TestResult name=executeTestcase status=SUCCESS method=Driver.executeTestcase(org.testng.ITestContext)[pri:0, instance:driver.Driver@64c63c79] output={null}]]]>
              </value>
            </param>
          </params>
          <reporter-output>
          </reporter-output>
        </test-method> <!-- Reports -->
        <test-method is-config="true" signature="Reports(org.testng.ITestResult)[pri:0, instance:driver.Driver@64c63c79]" started-at="2022-09-29T14:40:55 IST" name="Reports" finished-at="2022-09-29T14:40:55 IST" duration-ms="0" status="PASS">
          <params>
            <param index="0">
              <value>
                <![CDATA[[TestResult name=executeTestcase status=SUCCESS method=Driver.executeTestcase(org.testng.ITestContext)[pri:0, instance:driver.Driver@64c63c79] output={null}]]]>
              </value>
            </param>
          </params>
          <reporter-output>
          </reporter-output>
        </test-method> <!-- Reports -->
        <test-method signature="executeTestcase(org.testng.ITestContext)[pri:0, instance:driver.Driver@64c63c79]" started-at="2022-09-29T14:40:55 IST" name="executeTestcase" finished-at="2022-09-29T14:40:55 IST" duration-ms="1" status="PASS">
          <params>
            <param index="0">
              <value>
                <![CDATA[org.testng.TestRunner@7c209437]]>
              </value>
            </param>
          </params>
          <reporter-output>
          </reporter-output>
        </test-method> <!-- executeTestcase -->
        <test-method signature="executeTestcase(org.testng.ITestContext)[pri:0, instance:driver.Driver@64c63c79]" started-at="2022-09-29T14:40:55 IST" name="executeTestcase" finished-at="2022-09-29T14:40:55 IST" duration-ms="1" status="PASS">
          <params>
            <param index="0">
              <value>
                <![CDATA[org.testng.TestRunner@7c209437]]>
              </value>
            </param>
          </params>
          <reporter-output>
          </reporter-output>
        </test-method> <!-- executeTestcase -->
        <test-method is-config="true" signature="Reports(org.testng.ITestResult)[pri:0, instance:driver.Driver@64c63c79]" started-at="2022-09-29T14:40:55 IST" name="Reports" finished-at="2022-09-29T14:40:55 IST" duration-ms="0" status="PASS">
          <params>
            <param index="0">
              <value>
                <![CDATA[[TestResult name=executeTestcase status=SUCCESS method=Driver.executeTestcase(org.testng.ITestContext)[pri:0, instance:driver.Driver@64c63c79] output={null}]]]>
              </value>
            </param>
          </params>
          <reporter-output>
          </reporter-output>
        </test-method> <!-- Reports -->
        <test-method is-config="true" signature="Reports(org.testng.ITestResult)[pri:0, instance:driver.Driver@64c63c79]" started-at="2022-09-29T14:40:55 IST" name="Reports" finished-at="2022-09-29T14:40:55 IST" duration-ms="0" status="PASS">
          <params>
            <param index="0">
              <value>
                <![CDATA[[TestResult name=executeTestcase status=SUCCESS method=Driver.executeTestcase(org.testng.ITestContext)[pri:0, instance:driver.Driver@64c63c79] output={null}]]]>
              </value>
            </param>
          </params>
          <reporter-output>
          </reporter-output>
        </test-method> <!-- Reports -->
[...]
          <params>
            <param index="0">
              <value>
                <![CDATA[[TestResult name=executeTestcase status=SUCCESS method=Driver.executeTestcase(org.testng.ITestContext)[pri:0, instance:driver.Driver@64c63c79] output={null}]]]>
              </value>
            </param>
          </params>
          <reporter-output>
          </reporter-output>
        </test-method> <!-- Reports -->
        <test-method is-config="true" signature="Reports(org.testng.ITestResult)[pri:0, instance:driver.Driver@64c63c79]" started-at="2022-09-29T14:40:56 IST" name="Reports" finished-at="2022-09-29T14:40:56 IST" duration-ms="0" status="PASS">
          <params>
            <param index="0">
              <value>
                <![CDATA[[TestResult name=executeTestcase status=SUCCESS method=Driver.executeTestcase(org.testng.ITestContext)[pri:0, instance:driver.Driver@64c63c79] output={null}]]]>
              </value>
            </param>
          </params>
          <reporter-output>
          </reporter-output>
        </test-method> <!-- Reports -->
        <test-method signature="executeTestcase(org.testng.ITestContext)[pri:0, instance:driver.Driver@64c63c79]" started-at="2022-09-29T14:40:56 IST" name="executeTestcase" finished-at="2022-09-29T14:40:56 IST" duration-ms="0" status="PASS">
          <params>
            <param index="0">
              <value>
                <![CDATA[org.testng.TestRunner@7c209437]]>
              </value>
            </param>
          </params>
          <reporter-output>
          </reporter-output>
        </test-method> <!-- executeTestcase -->
        <test-method is-config="true" signature="Reports(org.testng.ITestResult)[pri:0, instance:driver.Driver@64c63c79]" started-at="2022-09-29T14:40:56 IST" name="Reports" finished-at="2022-09-29T14:40:56 IST" duration-ms="0" status="PASS">
          <params>
            <param index="0">
              <value>
                <![CDATA[[TestResult name=executeTestcase status=SUCCESS method=Driver.executeTestcase(org.testng.ITestContext)[pri:0, instance:driver.Driver@64c63c79] output={null}]]]>
              </value>
            </param>
          </params>
          <reporter-output>
          </reporter-output>
        </test-method> <!-- Reports -->
        <test-method signature="executeTestcase(org.testng.ITestContext)[pri:0, instance:driver.Driver@64c63c79]" started-at="2022-09-29T14:40:56 IST" name="executeTestcase" finished-at="2022-09-29T14:40:56 IST" duration-ms="1" status="PASS">
          <params>
            <param index="0">
              <value>
                <![CDATA[org.testng.TestRunner@7c209437]]>
              </value>
            </param>
          </params>
          <reporter-output>
          </reporter-output>
        </test-method> <!-- executeTestcase -->
        <test-method signature="executeTestcase(org.testng.ITestContext)[pri:0, instance:driver.Driver@64c63c79]" started-at="2022-09-29T14:40:56 IST" name="executeTestcase" finished-at="2022-09-29T14:40:56 IST" duration-ms="1" status="PASS">
          <params>
            <param index="0">
              <value>
                <![CDATA[org.testng.TestRunner@7c209437]]>
              </value>
            </param>
          </params>
          <reporter-output>
          </reporter-output>
        </test-method> <!-- executeTestcase -->
        <test-method is-config="true" signature="Reports(org.testng.ITestResult)[pri:0, instance:driver.Driver@64c63c79]" started-at="2022-09-29T14:40:56 IST" name="Reports" finished-at="2022-09-29T14:40:56 IST" duration-ms="0" status="PASS">
          <params>
            <param index="0">
              <value>
                <![CDATA[[TestResult name=executeTestcase status=SUCCESS method=Driver.executeTestcase(org.testng.ITestContext)[pri:0, instance:driver.Driver@64c63c79] output={null}]]]>
              </value>
            </param>
          </params>
          <reporter-output>
          </reporter-output>
        </test-method> <!-- Reports -->
        <test-method is-config="true" signature="Reports(org.testng.ITestResult)[pri:0, instance:driver.Driver@64c63c79]" started-at="2022-09-29T14:40:56 IST" name="Reports" finished-at="2022-09-29T14:40:56 IST" duration-ms="0" status="PASS">
          <params>
            <param index="0">
              <value>
                <![CDATA[[TestResult name=executeTestcase status=SUCCESS method=Driver.executeTestcase(org.testng.ITestContext)[pri:0, instance:driver.Driver@64c63c79] output={null}]]]>
              </value>
            </param>
          </params>
          <reporter-output>
          </reporter-output>
        </test-method> <!-- Reports -->
        <test-method signature="executeTestcase(org.testng.ITestContext)[pri:0, instance:driver.Driver@64c63c79]" started-at="2022-09-29T14:40:56 IST" name="executeTestcase" finished-at="2022-09-29T14:40:56 IST" duration-ms="1" status="PASS">
          <params>
            <param index="0">
              <value>
                <![CDATA[org.testng.TestRunner@7c209437]]>
              </value>
            </param>
          </params>
          <reporter-output>
          </reporter-output>
        </test-method> <!-- executeTestcase -->
        <test-method is-config="true" signature="Reports(org.testng.ITestResult)[pri:0, instance:driver.Driver@64c63c79]" started-at="2022-09-29T14:40:56 IST" name="Reports" finished-at="2022-09-29T14:40:56 IST" duration-ms="0" status="PASS">
          <params>
            <param index="0">
              <value>
                <![CDATA[[TestResult name=executeTestcase status=SUCCESS method=Driver.executeTestcase(org.testng.ITestContext)[pri:0, instance:driver.Driver@64c63c79] output={null}]]]>
              </value>
            </param>
          </params>
          <reporter-output>
          </reporter-output>
        </test-method> <!-- Reports -->
        <test-method signature="executeTestcase(org.testng.ITestContext)[pri:0, instance:driver.Driver@64c63c79]" started-at="2022-09-29T14:40:56 IST" name="executeTestcase" finished-at="2022-09-29T14:40:56 IST" duration-ms="0" status="PASS">
          <params>
            <param index="0">
              <value>
                <![CDATA[org.testng.TestRunner@7c209437]]>
              </value>
            </param>
          </params>
          <reporter-output>
          </reporter-output>
        </test-method> <!-- executeTestcase -->
        <test-method is-config="true" signature="Reports(org.testng.ITestResult)[pri:0, instance:driver.Driver@64c63c79]" started-at="2022-09-29T14:40:56 IST" name="Reports" finished-at="2022-09-29T14:40:56 IST" duration-ms="0" status="PASS">
          <params>
            <param index="0">
              <value>
                <![CDATA[[TestResult name=executeTestcase status=SUCCESS method=Driver.executeTestcase(org.testng.ITestContext)[pri:0, instance:driver.Driver@64c63c79] output={null}]]]>
              </value>
            </param>
          </params>
          <reporter-output>
          </reporter-output>
        </test-method> <!-- Reports -->
        <test-method signature="executeTestcase(org.testng.ITestContext)[pri:0, instance:driver.Driver@64c63c79]" started-at="2022-09-29T14:40:56 IST" name="executeTestcase" finished-at="2022-09-29T14:40:56 IST" duration-ms="1" status="PASS">
          <params>
            <param index="0">
              <value>
                <![CDATA[org.testng.TestRunner@7c209437]]>
              </value>
            </param>
          </params>
          <reporter-output>
          </reporter-output>
        </test-method> <!-- executeTestcase -->
        <test-method signature="executeTestcase(org.testng.ITestContext)[pri:0, instance:driver.Driver@64c63c79]" started-at="2022-09-29T14:40:56 IST" name="executeTestcase" finished-at="2022-09-29T14:40:56 IST" duration-ms="1" status="PASS">
          <params>
            <param index="0">
              <value>
                <![CDATA[org.testng.TestRunner@7c209437]]>
              </value>
            </param>
          </params>
          <reporter-output>
          </reporter-output>
        </test-method> <!-- executeTestcase -->
        <test-method is-config="true" signature="Reports(org.testng.ITestResult)[pri:0, instance:driver.Driver@64c63c79]" started-at="2022-09-29T14:40:56 IST" name="Reports" finished-at="2022-09-29T14:40:56 IST" duration-ms="0" status="PASS">
          <params>
            <param index="0">
              <value>
                <![CDATA[[TestResult name=executeTestcase status=SUCCESS method=Driver.executeTestcase(org.testng.ITestContext)[pri:0, instance:driver.Driver@64c63c79] output={null}]]]>
              </value>
            </param>
          </params>
          <reporter-output>
          </reporter-output>
        </test-method> <!-- Reports -->
        <test-method is-config="true" signature="Reports(org.testng.ITestResult)[pri:0, instance:driver.Driver@64c63c79]" started-at="2022-09-29T14:40:56 IST" name="Reports" finished-at="2022-09-29T14:40:56 IST" duration-ms="0" status="PASS">
          <params>
            <param index="0">
              <value>
                <![CDATA[[TestResult name=executeTestcase status=SUCCESS method=Driver.executeTestcase(org.testng.ITestContext)[pri:0, instance:driver.Driver@64c63c79] output={null}]]]>
              </value>
            </param>
          </params>
          <reporter-output>
          </reporter-output>
        </test-method> <!-- Reports -->
        <test-method signature="executeTestcase(org.testng.ITestContext)[pri:0, instance:driver.Driver@64c63c79]" started-at="2022-09-29T14:40:56 IST" name="executeTestcase" finished-at="2022-09-29T14:40:56 IST" duration-ms="1" status="PASS">
          <params>
            <param index="0">
              <value>
                <![CDATA[org.testng.TestRunner@7c209437]]>
              </value>
            </param>
          </params>
          <reporter-output>
          </reporter-output>
        </test-method> <!-- executeTestcase -->
        <test-method is-config="true" signature="Reports(org.testng.ITestResult)[pri:0, instance:driver.Driver@64c63c79]" started-at="2022-09-29T14:40:56 IST" name="Reports" finished-at="2022-09-29T14:40:56 IST" duration-ms="0" status="PASS">
          <params>
            <param index="0">
              <value>
                <![CDATA[[TestResult name=executeTestcase status=SUCCESS method=Driver.executeTestcase(org.testng.ITestContext)[pri:0, instance:driver.Driver@64c63c79] output={null}]]]>
              </value>
            </param>
          </params>
          <reporter-output>
          </reporter-output>
        </test-method> <!-- Reports -->
        <test-method signature="executeTestcase(org.testng.ITestContext)[pri:0, instance:driver.Driver@64c63c79]" started-at="2022-09-29T14:40:56 IST" name="executeTestcase" finished-at="2022-09-29T14:40:56 IST" duration-ms="1" status="PASS">
          <params>
            <param index="0">
              <value>
                <![CDATA[org.testng.TestRunner@7c209437]]>
              </value>
            </param>
          </params>
          <reporter-output>
          </reporter-output>
        </test-method> <!-- executeTestcase -->
        <test-method signature="executeTestcase(org.testng.ITestContext)[pri:0, instance:driver.Driver@64c63c79]" started-at="2022-09-29T14:40:56 IST" name="executeTestcase" finished-at="2022-09-29T14:40:56 IST" duration-ms="1" status="PASS">
          <params>
            <param index="0">
              <value>
                <![CDATA[org.testng.TestRunner@7c209437]]>
              </value>
            </param>
          </params>
          <reporter-output>
          </reporter-output>
        </test-method> <!-- executeTestcase -->
        <test-method is-config="true" signature="Reports(org.testng.ITestResult)[pri:0, instance:driver.Driver@64c63c79]" started-at="2022-09-29T14:40:56 IST" name="Reports" finished-at="2022-09-29T14:40:56 IST" duration-ms="0" status="PASS">
          <params>
            <param index="0">
              <value>
                <![CDATA[[TestResult name=executeTestcase status=SUCCESS method=Driver.executeTestcase(org.testng.ITestContext)[pri:0, instance:driver.Driver@64c63c79] output={null}]]]>
              </value>
            </param>
          </params>
          <reporter-output>
          </reporter-output>
        </test-method> <!-- Reports -->
        <test-method signature="executeTestcase(org.testng.ITestContext)[pri:0, instance:driver.Driver@64c63c79]" started-at="2022-09-29T14:40:56 IST" name="executeTestcase" finished-at="2022-09-29T14:40:56 IST" duration-ms="1" status="PASS">
          <params>
            <param index="0">
              <value>
                <![CDATA[org.testng.TestRunner@7c209437]]>
              </value>
            </param>
          </params>
          <reporter-output>
          </reporter-output>
        </test-method> <!-- executeTestcase -->
        <test-method is-config="true" signature="Reports(org.testng.ITestResult)[pri:0, instance:driver.Driver@64c63c79]" started-at="2022-09-29T14:40:56 IST" name="Reports" finished-at="2022-09-29T14:40:56 IST" duration-ms="0" status="PASS">
          <params>
            <param index="0">
              <value>
                <![CDATA[[TestResult name=executeTestcase status=SUCCESS method=Driver.executeTestcase(org.testng.ITestContext)[pri:0, instance:driver.Driver@64c63c79] output={null}]]]>
              </value>
            </param>
          </params>
          <reporter-output>
          </reporter-output>
        </test-method> <!-- Reports -->
        <test-method signature="executeTestcase(org.testng.ITestContext)[pri:0, instance:driver.Driver@64c63c79]" started-at="2022-09-29T14:40:56 IST" name="executeTestcase" finished-at="2022-09-29T14:40:56 IST" duration-ms="1" status="PASS">
          <params>
            <param index="0">
              <value>
                <![CDATA[org.testng.TestRunner@7c209437]]>
              </value>
            </param>
          </params>
          <reporter-output>
          </reporter-output>
        </test-method> <!-- executeTestcase -->
        <test-method is-config="true" signature="Reports(org.testng.ITestResult)[pri:0, instance:driver.Driver@64c63c79]" started-at="2022-09-29T14:40:56 IST" name="Reports" finished-at="2022-09-29T14:40:56 IST" duration-ms="0" status="PASS">
          <params>
            <param index="0">
              <value>
                <![CDATA[[TestResult name=executeTestcase status=SUCCESS method=Driver.executeTestcase(org.testng.ITestContext)[pri:0, instance:driver.Driver@64c63c79] output={null}]]]>
              </value>
            </param>
          </params>
          <reporter-output>
          </reporter-output>
        </test-method> <!-- Reports -->
        <test-method is-config="true" signature="Reports(org.testng.ITestResult)[pri:0, instance:driver.Driver@64c63c79]" started-at="2022-09-29T14:40:56 IST" name="Reports" finished-at="2022-09-29T14:40:56 IST" duration-ms="0" status="PASS">
          <params>
            <param index="0">
              <value>
                <![CDATA[[TestResult name=executeTestcase status=SUCCESS method=Driver.executeTestcase(org.testng.ITestContext)[pri:0, instance:driver.Driver@64c63c79] output={null}]]]>
              </value>
            </param>
          </params>
          <reporter-output>
          </reporter-output>
        </test-method> <!-- Reports -->
        <test-method signature="executeTestcase(org.testng.ITestContext)[pri:0, instance:driver.Driver@64c63c79]" started-at="2022-09-29T14:40:56 IST" name="executeTestcase" finished-at="2022-09-29T14:40:56 IST" duration-ms="1" status="PASS">
          <params>
            <param index="0">
              <value>
                <![CDATA[org.testng.TestRunner@7c209437]]>
              </value>
            </param>
          </params>
          <reporter-output>
          </reporter-output>
        </test-method> <!-- executeTestcase -->
        <test-method is-config="true" signature="Reports(org.testng.ITestResult)[pri:0, instance:driver.Driver@64c63c79]" started-at="2022-09-29T14:40:56 IST" name="Reports" finished-at="2022-09-29T14:40:56 IST" duration-ms="0" status="PASS">
          <params>
            <param index="0">
              <value>
                <![CDATA[[TestResult name=executeTestcase status=SUCCESS method=Driver.executeTestcase(org.testng.ITestContext)[pri:0, instance:driver.Driver@64c63c79] output={null}]]]>
              </value>
            </param>
          </params>
          <reporter-output>
          </reporter-output>
        </test-method> <!-- Reports -->
        <test-method signature="executeTestcase(org.testng.ITestContext)[pri:0, instance:driver.Driver@64c63c79]" started-at="2022-09-29T14:40:56 IST" name="executeTestcase" finished-at="2022-09-29T14:40:56 IST" duration-ms="0" status="PASS">
          <params>
            <param index="0">
              <value>
                <![CDATA[org.testng.TestRunner@7c209437]]>
              </value>
            </param>
          </params>
          <reporter-output>
          </reporter-output>
        </test-method> <!-- executeTestcase -->
        <test-method signature="executeTestcase(org.testng.ITestContext)[pri:0, instance:driver.Driver@64c63c79]" started-at="2022-09-29T14:40:56 IST" name="executeTestcase" finished-at="2022-09-29T14:40:56 IST" duration-ms="1" status="PASS">
          <params>
            <param index="0">
              <value>
                <![CDATA[org.testng.TestRunner@7c209437]]>
              </value>
            </param>
          </params>
          <reporter-output>
          </reporter-output>
        </test-method> <!-- executeTestcase -->
        <test-method is-config="true" signature="Reports(org.testng.ITestResult)[pri:0, instance:driver.Driver@64c63c79]" started-at="2022-09-29T14:40:56 IST" name="Reports" finished-at="2022-09-29T14:40:56 IST" duration-ms="0" status="PASS">
          <params>
            <param index="0">
              <value>
                <![CDATA[[TestResult name=executeTestcase status=SUCCESS method=Driver.executeTestcase(org.testng.ITestContext)[pri:0, instance:driver.Driver@64c63c79] output={null}]]]>
              </value>
            </param>
          </params>
          <reporter-output>
          </reporter-output>
        </test-method> <!-- Reports -->
        <test-method is-config="true" signature="Reports(org.testng.ITestResult)[pri:0, instance:driver.Driver@64c63c79]" started-at="2022-09-29T14:40:56 IST" name="Reports" finished-at="2022-09-29T14:40:56 IST" duration-ms="0" status="PASS">
          <params>
            <param index="0">
              <value>
                <![CDATA[[TestResult name=executeTestcase status=SUCCESS method=Driver.executeTestcase(org.testng.ITestContext)[pri:0, instance:driver.Driver@64c63c79] output={null}]]]>
              </value>
            </param>
          </params>
          <reporter-output>
          </reporter-output>
        </test-method> <!-- Reports -->
        <test-method is-config="true" signature="tearDown()[pri:0, instance:driver.Driver@64c63c79]" started-at="2022-09-29T14:40:56 IST" name="tearDown" finished-at="2022-09-29T14:40:56 IST" duration-ms="585" status="PASS">
          <reporter-output>
          </reporter-output>
        </test-method> <!-- tearDown -->
      </class> <!-- driver.Driver -->
    </test> <!-- Results -->
  </suite> <!-- Suite -->
</testng-results>
